[2024-02-02T15:50:33.072+0000] {processor.py:161} INFO - Started process (PID=92) to work on /home/airflow/.local/lib/python3.8/site-packages/airflow/example_dags/example_python_operator.py
[2024-02-02T15:50:33.072+0000] {processor.py:830} INFO - Processing file /home/airflow/.local/lib/python3.8/site-packages/airflow/example_dags/example_python_operator.py for tasks to queue
[2024-02-02T15:50:33.073+0000] {logging_mixin.py:188} INFO - [2024-02-02T15:50:33.073+0000] {dagbag.py:538} INFO - Filling up the DagBag from /home/airflow/.local/lib/python3.8/site-packages/airflow/example_dags/example_python_operator.py
[2024-02-02T15:50:33.079+0000] {processor.py:840} INFO - DAG(s) 'example_python_operator' retrieved from /home/airflow/.local/lib/python3.8/site-packages/airflow/example_dags/example_python_operator.py
[2024-02-02T15:50:33.151+0000] {logging_mixin.py:188} INFO - [2024-02-02T15:50:33.151+0000] {dag.py:3036} INFO - Sync 1 DAGs
[2024-02-02T15:50:33.159+0000] {logging_mixin.py:188} INFO - [2024-02-02T15:50:33.159+0000] {dag.py:3823} INFO - Setting next_dagrun for example_python_operator to None, run_after=None
[2024-02-02T15:50:33.177+0000] {processor.py:183} INFO - Processing /home/airflow/.local/lib/python3.8/site-packages/airflow/example_dags/example_python_operator.py took 0.106 seconds
[2024-02-02T15:53:33.278+0000] {processor.py:161} INFO - Started process (PID=80) to work on /home/airflow/.local/lib/python3.8/site-packages/airflow/example_dags/example_python_operator.py
[2024-02-02T15:53:33.279+0000] {processor.py:830} INFO - Processing file /home/airflow/.local/lib/python3.8/site-packages/airflow/example_dags/example_python_operator.py for tasks to queue
[2024-02-02T15:53:33.280+0000] {logging_mixin.py:188} INFO - [2024-02-02T15:53:33.279+0000] {dagbag.py:538} INFO - Filling up the DagBag from /home/airflow/.local/lib/python3.8/site-packages/airflow/example_dags/example_python_operator.py
[2024-02-02T15:53:33.285+0000] {processor.py:840} INFO - DAG(s) 'example_python_operator' retrieved from /home/airflow/.local/lib/python3.8/site-packages/airflow/example_dags/example_python_operator.py
[2024-02-02T15:53:33.352+0000] {logging_mixin.py:188} INFO - [2024-02-02T15:53:33.351+0000] {dag.py:3036} INFO - Sync 1 DAGs
[2024-02-02T15:53:33.360+0000] {logging_mixin.py:188} INFO - [2024-02-02T15:53:33.360+0000] {dag.py:3823} INFO - Setting next_dagrun for example_python_operator to None, run_after=None
[2024-02-02T15:53:33.373+0000] {processor.py:183} INFO - Processing /home/airflow/.local/lib/python3.8/site-packages/airflow/example_dags/example_python_operator.py took 0.097 seconds
[2024-02-02T15:54:03.441+0000] {processor.py:161} INFO - Started process (PID=137) to work on /home/airflow/.local/lib/python3.8/site-packages/airflow/example_dags/example_python_operator.py
[2024-02-02T15:54:03.442+0000] {processor.py:830} INFO - Processing file /home/airflow/.local/lib/python3.8/site-packages/airflow/example_dags/example_python_operator.py for tasks to queue
[2024-02-02T15:54:03.443+0000] {logging_mixin.py:188} INFO - [2024-02-02T15:54:03.443+0000] {dagbag.py:538} INFO - Filling up the DagBag from /home/airflow/.local/lib/python3.8/site-packages/airflow/example_dags/example_python_operator.py
[2024-02-02T15:54:03.449+0000] {processor.py:840} INFO - DAG(s) 'example_python_operator' retrieved from /home/airflow/.local/lib/python3.8/site-packages/airflow/example_dags/example_python_operator.py
[2024-02-02T15:54:03.473+0000] {logging_mixin.py:188} INFO - [2024-02-02T15:54:03.473+0000] {dag.py:3036} INFO - Sync 1 DAGs
[2024-02-02T15:54:03.485+0000] {logging_mixin.py:188} INFO - [2024-02-02T15:54:03.485+0000] {dag.py:3823} INFO - Setting next_dagrun for example_python_operator to None, run_after=None
[2024-02-02T15:54:03.500+0000] {processor.py:183} INFO - Processing /home/airflow/.local/lib/python3.8/site-packages/airflow/example_dags/example_python_operator.py took 0.062 seconds
[2024-02-02T15:54:34.357+0000] {processor.py:161} INFO - Started process (PID=200) to work on /home/airflow/.local/lib/python3.8/site-packages/airflow/example_dags/example_python_operator.py
[2024-02-02T15:54:34.357+0000] {processor.py:830} INFO - Processing file /home/airflow/.local/lib/python3.8/site-packages/airflow/example_dags/example_python_operator.py for tasks to queue
[2024-02-02T15:54:34.358+0000] {logging_mixin.py:188} INFO - [2024-02-02T15:54:34.358+0000] {dagbag.py:538} INFO - Filling up the DagBag from /home/airflow/.local/lib/python3.8/site-packages/airflow/example_dags/example_python_operator.py
[2024-02-02T15:54:34.364+0000] {processor.py:840} INFO - DAG(s) 'example_python_operator' retrieved from /home/airflow/.local/lib/python3.8/site-packages/airflow/example_dags/example_python_operator.py
[2024-02-02T15:54:34.387+0000] {logging_mixin.py:188} INFO - [2024-02-02T15:54:34.386+0000] {dag.py:3036} INFO - Sync 1 DAGs
[2024-02-02T15:54:34.395+0000] {logging_mixin.py:188} INFO - [2024-02-02T15:54:34.395+0000] {dag.py:3823} INFO - Setting next_dagrun for example_python_operator to None, run_after=None
[2024-02-02T15:54:34.412+0000] {processor.py:183} INFO - Processing /home/airflow/.local/lib/python3.8/site-packages/airflow/example_dags/example_python_operator.py took 0.057 seconds
[2024-02-02T15:55:04.872+0000] {processor.py:161} INFO - Started process (PID=259) to work on /home/airflow/.local/lib/python3.8/site-packages/airflow/example_dags/example_python_operator.py
[2024-02-02T15:55:04.872+0000] {processor.py:830} INFO - Processing file /home/airflow/.local/lib/python3.8/site-packages/airflow/example_dags/example_python_operator.py for tasks to queue
[2024-02-02T15:55:04.873+0000] {logging_mixin.py:188} INFO - [2024-02-02T15:55:04.873+0000] {dagbag.py:538} INFO - Filling up the DagBag from /home/airflow/.local/lib/python3.8/site-packages/airflow/example_dags/example_python_operator.py
[2024-02-02T15:55:04.878+0000] {processor.py:840} INFO - DAG(s) 'example_python_operator' retrieved from /home/airflow/.local/lib/python3.8/site-packages/airflow/example_dags/example_python_operator.py
[2024-02-02T15:55:04.902+0000] {logging_mixin.py:188} INFO - [2024-02-02T15:55:04.902+0000] {dag.py:3036} INFO - Sync 1 DAGs
[2024-02-02T15:55:04.912+0000] {logging_mixin.py:188} INFO - [2024-02-02T15:55:04.912+0000] {dag.py:3823} INFO - Setting next_dagrun for example_python_operator to None, run_after=None
[2024-02-02T15:55:04.930+0000] {processor.py:183} INFO - Processing /home/airflow/.local/lib/python3.8/site-packages/airflow/example_dags/example_python_operator.py took 0.060 seconds
[2024-02-02T15:55:35.275+0000] {processor.py:161} INFO - Started process (PID=318) to work on /home/airflow/.local/lib/python3.8/site-packages/airflow/example_dags/example_python_operator.py
[2024-02-02T15:55:35.276+0000] {processor.py:830} INFO - Processing file /home/airflow/.local/lib/python3.8/site-packages/airflow/example_dags/example_python_operator.py for tasks to queue
[2024-02-02T15:55:35.277+0000] {logging_mixin.py:188} INFO - [2024-02-02T15:55:35.277+0000] {dagbag.py:538} INFO - Filling up the DagBag from /home/airflow/.local/lib/python3.8/site-packages/airflow/example_dags/example_python_operator.py
[2024-02-02T15:55:35.282+0000] {processor.py:840} INFO - DAG(s) 'example_python_operator' retrieved from /home/airflow/.local/lib/python3.8/site-packages/airflow/example_dags/example_python_operator.py
[2024-02-02T15:55:35.307+0000] {logging_mixin.py:188} INFO - [2024-02-02T15:55:35.307+0000] {dag.py:3036} INFO - Sync 1 DAGs
[2024-02-02T15:55:35.317+0000] {logging_mixin.py:188} INFO - [2024-02-02T15:55:35.316+0000] {dag.py:3823} INFO - Setting next_dagrun for example_python_operator to None, run_after=None
[2024-02-02T15:55:35.339+0000] {processor.py:183} INFO - Processing /home/airflow/.local/lib/python3.8/site-packages/airflow/example_dags/example_python_operator.py took 0.066 seconds
[2024-02-02T15:57:01.965+0000] {processor.py:161} INFO - Started process (PID=80) to work on /home/airflow/.local/lib/python3.8/site-packages/airflow/example_dags/example_python_operator.py
[2024-02-02T15:57:01.965+0000] {processor.py:830} INFO - Processing file /home/airflow/.local/lib/python3.8/site-packages/airflow/example_dags/example_python_operator.py for tasks to queue
[2024-02-02T15:57:01.966+0000] {logging_mixin.py:188} INFO - [2024-02-02T15:57:01.966+0000] {dagbag.py:538} INFO - Filling up the DagBag from /home/airflow/.local/lib/python3.8/site-packages/airflow/example_dags/example_python_operator.py
[2024-02-02T15:57:01.972+0000] {processor.py:840} INFO - DAG(s) 'example_python_operator' retrieved from /home/airflow/.local/lib/python3.8/site-packages/airflow/example_dags/example_python_operator.py
[2024-02-02T15:57:01.989+0000] {logging_mixin.py:188} INFO - [2024-02-02T15:57:01.989+0000] {dag.py:3036} INFO - Sync 1 DAGs
[2024-02-02T15:57:01.998+0000] {logging_mixin.py:188} INFO - [2024-02-02T15:57:01.998+0000] {dag.py:3823} INFO - Setting next_dagrun for example_python_operator to None, run_after=None
[2024-02-02T15:57:02.012+0000] {processor.py:183} INFO - Processing /home/airflow/.local/lib/python3.8/site-packages/airflow/example_dags/example_python_operator.py took 0.048 seconds
[2024-02-02T15:57:32.263+0000] {processor.py:161} INFO - Started process (PID=141) to work on /home/airflow/.local/lib/python3.8/site-packages/airflow/example_dags/example_python_operator.py
[2024-02-02T15:57:32.264+0000] {processor.py:830} INFO - Processing file /home/airflow/.local/lib/python3.8/site-packages/airflow/example_dags/example_python_operator.py for tasks to queue
[2024-02-02T15:57:32.265+0000] {logging_mixin.py:188} INFO - [2024-02-02T15:57:32.265+0000] {dagbag.py:538} INFO - Filling up the DagBag from /home/airflow/.local/lib/python3.8/site-packages/airflow/example_dags/example_python_operator.py
[2024-02-02T15:57:32.270+0000] {processor.py:840} INFO - DAG(s) 'example_python_operator' retrieved from /home/airflow/.local/lib/python3.8/site-packages/airflow/example_dags/example_python_operator.py
[2024-02-02T15:57:32.343+0000] {logging_mixin.py:188} INFO - [2024-02-02T15:57:32.343+0000] {dag.py:3036} INFO - Sync 1 DAGs
[2024-02-02T15:57:32.351+0000] {logging_mixin.py:188} INFO - [2024-02-02T15:57:32.351+0000] {dag.py:3823} INFO - Setting next_dagrun for example_python_operator to None, run_after=None
[2024-02-02T15:57:32.366+0000] {processor.py:183} INFO - Processing /home/airflow/.local/lib/python3.8/site-packages/airflow/example_dags/example_python_operator.py took 0.105 seconds
[2024-02-02T15:58:02.582+0000] {processor.py:161} INFO - Started process (PID=204) to work on /home/airflow/.local/lib/python3.8/site-packages/airflow/example_dags/example_python_operator.py
[2024-02-02T15:58:02.583+0000] {processor.py:830} INFO - Processing file /home/airflow/.local/lib/python3.8/site-packages/airflow/example_dags/example_python_operator.py for tasks to queue
[2024-02-02T15:58:02.584+0000] {logging_mixin.py:188} INFO - [2024-02-02T15:58:02.583+0000] {dagbag.py:538} INFO - Filling up the DagBag from /home/airflow/.local/lib/python3.8/site-packages/airflow/example_dags/example_python_operator.py
[2024-02-02T15:58:02.589+0000] {processor.py:840} INFO - DAG(s) 'example_python_operator' retrieved from /home/airflow/.local/lib/python3.8/site-packages/airflow/example_dags/example_python_operator.py
[2024-02-02T15:58:02.612+0000] {logging_mixin.py:188} INFO - [2024-02-02T15:58:02.611+0000] {dag.py:3036} INFO - Sync 1 DAGs
[2024-02-02T15:58:02.620+0000] {logging_mixin.py:188} INFO - [2024-02-02T15:58:02.620+0000] {dag.py:3823} INFO - Setting next_dagrun for example_python_operator to None, run_after=None
[2024-02-02T15:58:02.632+0000] {processor.py:183} INFO - Processing /home/airflow/.local/lib/python3.8/site-packages/airflow/example_dags/example_python_operator.py took 0.051 seconds
[2024-02-02T15:58:32.913+0000] {processor.py:161} INFO - Started process (PID=263) to work on /home/airflow/.local/lib/python3.8/site-packages/airflow/example_dags/example_python_operator.py
[2024-02-02T15:58:32.913+0000] {processor.py:830} INFO - Processing file /home/airflow/.local/lib/python3.8/site-packages/airflow/example_dags/example_python_operator.py for tasks to queue
[2024-02-02T15:58:32.914+0000] {logging_mixin.py:188} INFO - [2024-02-02T15:58:32.914+0000] {dagbag.py:538} INFO - Filling up the DagBag from /home/airflow/.local/lib/python3.8/site-packages/airflow/example_dags/example_python_operator.py
[2024-02-02T15:58:32.920+0000] {processor.py:840} INFO - DAG(s) 'example_python_operator' retrieved from /home/airflow/.local/lib/python3.8/site-packages/airflow/example_dags/example_python_operator.py
[2024-02-02T15:58:32.943+0000] {logging_mixin.py:188} INFO - [2024-02-02T15:58:32.942+0000] {dag.py:3036} INFO - Sync 1 DAGs
[2024-02-02T15:58:32.951+0000] {logging_mixin.py:188} INFO - [2024-02-02T15:58:32.950+0000] {dag.py:3823} INFO - Setting next_dagrun for example_python_operator to None, run_after=None
[2024-02-02T15:58:32.962+0000] {processor.py:183} INFO - Processing /home/airflow/.local/lib/python3.8/site-packages/airflow/example_dags/example_python_operator.py took 0.051 seconds
[2024-02-02T15:59:03.139+0000] {processor.py:161} INFO - Started process (PID=322) to work on /home/airflow/.local/lib/python3.8/site-packages/airflow/example_dags/example_python_operator.py
[2024-02-02T15:59:03.139+0000] {processor.py:830} INFO - Processing file /home/airflow/.local/lib/python3.8/site-packages/airflow/example_dags/example_python_operator.py for tasks to queue
[2024-02-02T15:59:03.140+0000] {logging_mixin.py:188} INFO - [2024-02-02T15:59:03.140+0000] {dagbag.py:538} INFO - Filling up the DagBag from /home/airflow/.local/lib/python3.8/site-packages/airflow/example_dags/example_python_operator.py
[2024-02-02T15:59:03.145+0000] {processor.py:840} INFO - DAG(s) 'example_python_operator' retrieved from /home/airflow/.local/lib/python3.8/site-packages/airflow/example_dags/example_python_operator.py
[2024-02-02T15:59:03.168+0000] {logging_mixin.py:188} INFO - [2024-02-02T15:59:03.168+0000] {dag.py:3036} INFO - Sync 1 DAGs
[2024-02-02T15:59:03.177+0000] {logging_mixin.py:188} INFO - [2024-02-02T15:59:03.177+0000] {dag.py:3823} INFO - Setting next_dagrun for example_python_operator to None, run_after=None
[2024-02-02T15:59:03.190+0000] {processor.py:183} INFO - Processing /home/airflow/.local/lib/python3.8/site-packages/airflow/example_dags/example_python_operator.py took 0.053 seconds
[2024-02-02T15:59:33.367+0000] {processor.py:161} INFO - Started process (PID=381) to work on /home/airflow/.local/lib/python3.8/site-packages/airflow/example_dags/example_python_operator.py
[2024-02-02T15:59:33.367+0000] {processor.py:830} INFO - Processing file /home/airflow/.local/lib/python3.8/site-packages/airflow/example_dags/example_python_operator.py for tasks to queue
[2024-02-02T15:59:33.368+0000] {logging_mixin.py:188} INFO - [2024-02-02T15:59:33.368+0000] {dagbag.py:538} INFO - Filling up the DagBag from /home/airflow/.local/lib/python3.8/site-packages/airflow/example_dags/example_python_operator.py
[2024-02-02T15:59:33.373+0000] {processor.py:840} INFO - DAG(s) 'example_python_operator' retrieved from /home/airflow/.local/lib/python3.8/site-packages/airflow/example_dags/example_python_operator.py
[2024-02-02T15:59:33.396+0000] {logging_mixin.py:188} INFO - [2024-02-02T15:59:33.395+0000] {dag.py:3036} INFO - Sync 1 DAGs
[2024-02-02T15:59:33.404+0000] {logging_mixin.py:188} INFO - [2024-02-02T15:59:33.404+0000] {dag.py:3823} INFO - Setting next_dagrun for example_python_operator to None, run_after=None
[2024-02-02T15:59:33.416+0000] {processor.py:183} INFO - Processing /home/airflow/.local/lib/python3.8/site-packages/airflow/example_dags/example_python_operator.py took 0.050 seconds
[2024-02-02T16:00:03.590+0000] {processor.py:161} INFO - Started process (PID=440) to work on /home/airflow/.local/lib/python3.8/site-packages/airflow/example_dags/example_python_operator.py
[2024-02-02T16:00:03.590+0000] {processor.py:830} INFO - Processing file /home/airflow/.local/lib/python3.8/site-packages/airflow/example_dags/example_python_operator.py for tasks to queue
[2024-02-02T16:00:03.591+0000] {logging_mixin.py:188} INFO - [2024-02-02T16:00:03.591+0000] {dagbag.py:538} INFO - Filling up the DagBag from /home/airflow/.local/lib/python3.8/site-packages/airflow/example_dags/example_python_operator.py
[2024-02-02T16:00:03.597+0000] {processor.py:840} INFO - DAG(s) 'example_python_operator' retrieved from /home/airflow/.local/lib/python3.8/site-packages/airflow/example_dags/example_python_operator.py
[2024-02-02T16:00:03.619+0000] {logging_mixin.py:188} INFO - [2024-02-02T16:00:03.619+0000] {dag.py:3036} INFO - Sync 1 DAGs
[2024-02-02T16:00:03.628+0000] {logging_mixin.py:188} INFO - [2024-02-02T16:00:03.628+0000] {dag.py:3823} INFO - Setting next_dagrun for example_python_operator to None, run_after=None
[2024-02-02T16:00:03.640+0000] {processor.py:183} INFO - Processing /home/airflow/.local/lib/python3.8/site-packages/airflow/example_dags/example_python_operator.py took 0.052 seconds
[2024-02-02T16:00:33.762+0000] {processor.py:161} INFO - Started process (PID=499) to work on /home/airflow/.local/lib/python3.8/site-packages/airflow/example_dags/example_python_operator.py
[2024-02-02T16:00:33.762+0000] {processor.py:830} INFO - Processing file /home/airflow/.local/lib/python3.8/site-packages/airflow/example_dags/example_python_operator.py for tasks to queue
[2024-02-02T16:00:33.763+0000] {logging_mixin.py:188} INFO - [2024-02-02T16:00:33.763+0000] {dagbag.py:538} INFO - Filling up the DagBag from /home/airflow/.local/lib/python3.8/site-packages/airflow/example_dags/example_python_operator.py
[2024-02-02T16:00:33.768+0000] {processor.py:840} INFO - DAG(s) 'example_python_operator' retrieved from /home/airflow/.local/lib/python3.8/site-packages/airflow/example_dags/example_python_operator.py
[2024-02-02T16:00:33.792+0000] {logging_mixin.py:188} INFO - [2024-02-02T16:00:33.792+0000] {dag.py:3036} INFO - Sync 1 DAGs
[2024-02-02T16:00:33.800+0000] {logging_mixin.py:188} INFO - [2024-02-02T16:00:33.800+0000] {dag.py:3823} INFO - Setting next_dagrun for example_python_operator to None, run_after=None
[2024-02-02T16:00:33.814+0000] {processor.py:183} INFO - Processing /home/airflow/.local/lib/python3.8/site-packages/airflow/example_dags/example_python_operator.py took 0.054 seconds
[2024-02-02T16:01:03.913+0000] {processor.py:161} INFO - Started process (PID=556) to work on /home/airflow/.local/lib/python3.8/site-packages/airflow/example_dags/example_python_operator.py
[2024-02-02T16:01:03.913+0000] {processor.py:830} INFO - Processing file /home/airflow/.local/lib/python3.8/site-packages/airflow/example_dags/example_python_operator.py for tasks to queue
[2024-02-02T16:01:03.914+0000] {logging_mixin.py:188} INFO - [2024-02-02T16:01:03.914+0000] {dagbag.py:538} INFO - Filling up the DagBag from /home/airflow/.local/lib/python3.8/site-packages/airflow/example_dags/example_python_operator.py
[2024-02-02T16:01:03.919+0000] {processor.py:840} INFO - DAG(s) 'example_python_operator' retrieved from /home/airflow/.local/lib/python3.8/site-packages/airflow/example_dags/example_python_operator.py
[2024-02-02T16:01:03.942+0000] {logging_mixin.py:188} INFO - [2024-02-02T16:01:03.942+0000] {dag.py:3036} INFO - Sync 1 DAGs
[2024-02-02T16:01:03.951+0000] {logging_mixin.py:188} INFO - [2024-02-02T16:01:03.951+0000] {dag.py:3823} INFO - Setting next_dagrun for example_python_operator to None, run_after=None
[2024-02-02T16:01:03.963+0000] {processor.py:183} INFO - Processing /home/airflow/.local/lib/python3.8/site-packages/airflow/example_dags/example_python_operator.py took 0.052 seconds
[2024-02-02T16:01:34.281+0000] {processor.py:161} INFO - Started process (PID=615) to work on /home/airflow/.local/lib/python3.8/site-packages/airflow/example_dags/example_python_operator.py
[2024-02-02T16:01:34.282+0000] {processor.py:830} INFO - Processing file /home/airflow/.local/lib/python3.8/site-packages/airflow/example_dags/example_python_operator.py for tasks to queue
[2024-02-02T16:01:34.283+0000] {logging_mixin.py:188} INFO - [2024-02-02T16:01:34.282+0000] {dagbag.py:538} INFO - Filling up the DagBag from /home/airflow/.local/lib/python3.8/site-packages/airflow/example_dags/example_python_operator.py
[2024-02-02T16:01:34.287+0000] {processor.py:840} INFO - DAG(s) 'example_python_operator' retrieved from /home/airflow/.local/lib/python3.8/site-packages/airflow/example_dags/example_python_operator.py
[2024-02-02T16:01:34.311+0000] {logging_mixin.py:188} INFO - [2024-02-02T16:01:34.311+0000] {dag.py:3036} INFO - Sync 1 DAGs
[2024-02-02T16:01:34.319+0000] {logging_mixin.py:188} INFO - [2024-02-02T16:01:34.319+0000] {dag.py:3823} INFO - Setting next_dagrun for example_python_operator to None, run_after=None
[2024-02-02T16:01:34.332+0000] {processor.py:183} INFO - Processing /home/airflow/.local/lib/python3.8/site-packages/airflow/example_dags/example_python_operator.py took 0.052 seconds
[2024-02-02T16:02:04.649+0000] {processor.py:161} INFO - Started process (PID=676) to work on /home/airflow/.local/lib/python3.8/site-packages/airflow/example_dags/example_python_operator.py
[2024-02-02T16:02:04.649+0000] {processor.py:830} INFO - Processing file /home/airflow/.local/lib/python3.8/site-packages/airflow/example_dags/example_python_operator.py for tasks to queue
[2024-02-02T16:02:04.650+0000] {logging_mixin.py:188} INFO - [2024-02-02T16:02:04.650+0000] {dagbag.py:538} INFO - Filling up the DagBag from /home/airflow/.local/lib/python3.8/site-packages/airflow/example_dags/example_python_operator.py
[2024-02-02T16:02:04.655+0000] {processor.py:840} INFO - DAG(s) 'example_python_operator' retrieved from /home/airflow/.local/lib/python3.8/site-packages/airflow/example_dags/example_python_operator.py
[2024-02-02T16:02:04.678+0000] {logging_mixin.py:188} INFO - [2024-02-02T16:02:04.678+0000] {dag.py:3036} INFO - Sync 1 DAGs
[2024-02-02T16:02:04.686+0000] {logging_mixin.py:188} INFO - [2024-02-02T16:02:04.686+0000] {dag.py:3823} INFO - Setting next_dagrun for example_python_operator to None, run_after=None
[2024-02-02T16:02:04.699+0000] {processor.py:183} INFO - Processing /home/airflow/.local/lib/python3.8/site-packages/airflow/example_dags/example_python_operator.py took 0.052 seconds
[2024-02-02T16:02:35.410+0000] {processor.py:161} INFO - Started process (PID=735) to work on /home/airflow/.local/lib/python3.8/site-packages/airflow/example_dags/example_python_operator.py
[2024-02-02T16:02:35.411+0000] {processor.py:830} INFO - Processing file /home/airflow/.local/lib/python3.8/site-packages/airflow/example_dags/example_python_operator.py for tasks to queue
[2024-02-02T16:02:35.412+0000] {logging_mixin.py:188} INFO - [2024-02-02T16:02:35.412+0000] {dagbag.py:538} INFO - Filling up the DagBag from /home/airflow/.local/lib/python3.8/site-packages/airflow/example_dags/example_python_operator.py
[2024-02-02T16:02:35.417+0000] {processor.py:840} INFO - DAG(s) 'example_python_operator' retrieved from /home/airflow/.local/lib/python3.8/site-packages/airflow/example_dags/example_python_operator.py
[2024-02-02T16:02:35.439+0000] {logging_mixin.py:188} INFO - [2024-02-02T16:02:35.439+0000] {dag.py:3036} INFO - Sync 1 DAGs
[2024-02-02T16:02:35.447+0000] {logging_mixin.py:188} INFO - [2024-02-02T16:02:35.447+0000] {dag.py:3823} INFO - Setting next_dagrun for example_python_operator to None, run_after=None
[2024-02-02T16:02:35.462+0000] {processor.py:183} INFO - Processing /home/airflow/.local/lib/python3.8/site-packages/airflow/example_dags/example_python_operator.py took 0.053 seconds
[2024-02-02T16:03:05.488+0000] {processor.py:161} INFO - Started process (PID=792) to work on /home/airflow/.local/lib/python3.8/site-packages/airflow/example_dags/example_python_operator.py
[2024-02-02T16:03:05.488+0000] {processor.py:830} INFO - Processing file /home/airflow/.local/lib/python3.8/site-packages/airflow/example_dags/example_python_operator.py for tasks to queue
[2024-02-02T16:03:05.489+0000] {logging_mixin.py:188} INFO - [2024-02-02T16:03:05.489+0000] {dagbag.py:538} INFO - Filling up the DagBag from /home/airflow/.local/lib/python3.8/site-packages/airflow/example_dags/example_python_operator.py
[2024-02-02T16:03:05.494+0000] {processor.py:840} INFO - DAG(s) 'example_python_operator' retrieved from /home/airflow/.local/lib/python3.8/site-packages/airflow/example_dags/example_python_operator.py
[2024-02-02T16:03:05.517+0000] {logging_mixin.py:188} INFO - [2024-02-02T16:03:05.517+0000] {dag.py:3036} INFO - Sync 1 DAGs
[2024-02-02T16:03:05.526+0000] {logging_mixin.py:188} INFO - [2024-02-02T16:03:05.526+0000] {dag.py:3823} INFO - Setting next_dagrun for example_python_operator to None, run_after=None
[2024-02-02T16:03:05.539+0000] {processor.py:183} INFO - Processing /home/airflow/.local/lib/python3.8/site-packages/airflow/example_dags/example_python_operator.py took 0.053 seconds
[2024-02-02T16:03:34.965+0000] {processor.py:161} INFO - Started process (PID=80) to work on /home/airflow/.local/lib/python3.8/site-packages/airflow/example_dags/example_python_operator.py
[2024-02-02T16:03:34.965+0000] {processor.py:830} INFO - Processing file /home/airflow/.local/lib/python3.8/site-packages/airflow/example_dags/example_python_operator.py for tasks to queue
[2024-02-02T16:03:34.966+0000] {logging_mixin.py:188} INFO - [2024-02-02T16:03:34.966+0000] {dagbag.py:538} INFO - Filling up the DagBag from /home/airflow/.local/lib/python3.8/site-packages/airflow/example_dags/example_python_operator.py
[2024-02-02T16:03:34.971+0000] {processor.py:840} INFO - DAG(s) 'example_python_operator' retrieved from /home/airflow/.local/lib/python3.8/site-packages/airflow/example_dags/example_python_operator.py
[2024-02-02T16:03:35.039+0000] {logging_mixin.py:188} INFO - [2024-02-02T16:03:35.039+0000] {dag.py:3036} INFO - Sync 1 DAGs
[2024-02-02T16:03:35.047+0000] {logging_mixin.py:188} INFO - [2024-02-02T16:03:35.047+0000] {dag.py:3823} INFO - Setting next_dagrun for example_python_operator to None, run_after=None
[2024-02-02T16:03:35.060+0000] {processor.py:183} INFO - Processing /home/airflow/.local/lib/python3.8/site-packages/airflow/example_dags/example_python_operator.py took 0.097 seconds
[2024-02-02T16:04:05.570+0000] {processor.py:161} INFO - Started process (PID=137) to work on /home/airflow/.local/lib/python3.8/site-packages/airflow/example_dags/example_python_operator.py
[2024-02-02T16:04:05.570+0000] {processor.py:830} INFO - Processing file /home/airflow/.local/lib/python3.8/site-packages/airflow/example_dags/example_python_operator.py for tasks to queue
[2024-02-02T16:04:05.571+0000] {logging_mixin.py:188} INFO - [2024-02-02T16:04:05.571+0000] {dagbag.py:538} INFO - Filling up the DagBag from /home/airflow/.local/lib/python3.8/site-packages/airflow/example_dags/example_python_operator.py
[2024-02-02T16:04:05.577+0000] {processor.py:840} INFO - DAG(s) 'example_python_operator' retrieved from /home/airflow/.local/lib/python3.8/site-packages/airflow/example_dags/example_python_operator.py
[2024-02-02T16:04:05.599+0000] {logging_mixin.py:188} INFO - [2024-02-02T16:04:05.599+0000] {dag.py:3036} INFO - Sync 1 DAGs
[2024-02-02T16:04:05.608+0000] {logging_mixin.py:188} INFO - [2024-02-02T16:04:05.608+0000] {dag.py:3823} INFO - Setting next_dagrun for example_python_operator to None, run_after=None
[2024-02-02T16:04:05.620+0000] {processor.py:183} INFO - Processing /home/airflow/.local/lib/python3.8/site-packages/airflow/example_dags/example_python_operator.py took 0.052 seconds
[2024-02-02T16:04:35.902+0000] {processor.py:161} INFO - Started process (PID=196) to work on /home/airflow/.local/lib/python3.8/site-packages/airflow/example_dags/example_python_operator.py
[2024-02-02T16:04:35.903+0000] {processor.py:830} INFO - Processing file /home/airflow/.local/lib/python3.8/site-packages/airflow/example_dags/example_python_operator.py for tasks to queue
[2024-02-02T16:04:35.903+0000] {logging_mixin.py:188} INFO - [2024-02-02T16:04:35.903+0000] {dagbag.py:538} INFO - Filling up the DagBag from /home/airflow/.local/lib/python3.8/site-packages/airflow/example_dags/example_python_operator.py
[2024-02-02T16:04:35.910+0000] {processor.py:840} INFO - DAG(s) 'example_python_operator' retrieved from /home/airflow/.local/lib/python3.8/site-packages/airflow/example_dags/example_python_operator.py
[2024-02-02T16:04:35.935+0000] {logging_mixin.py:188} INFO - [2024-02-02T16:04:35.935+0000] {dag.py:3036} INFO - Sync 1 DAGs
[2024-02-02T16:04:35.943+0000] {logging_mixin.py:188} INFO - [2024-02-02T16:04:35.943+0000] {dag.py:3823} INFO - Setting next_dagrun for example_python_operator to None, run_after=None
[2024-02-02T16:04:35.956+0000] {processor.py:183} INFO - Processing /home/airflow/.local/lib/python3.8/site-packages/airflow/example_dags/example_python_operator.py took 0.056 seconds
[2024-02-02T16:05:01.095+0000] {processor.py:161} INFO - Started process (PID=80) to work on /home/airflow/.local/lib/python3.8/site-packages/airflow/example_dags/example_python_operator.py
[2024-02-02T16:05:01.095+0000] {processor.py:830} INFO - Processing file /home/airflow/.local/lib/python3.8/site-packages/airflow/example_dags/example_python_operator.py for tasks to queue
[2024-02-02T16:05:01.096+0000] {logging_mixin.py:188} INFO - [2024-02-02T16:05:01.096+0000] {dagbag.py:538} INFO - Filling up the DagBag from /home/airflow/.local/lib/python3.8/site-packages/airflow/example_dags/example_python_operator.py
[2024-02-02T16:05:01.102+0000] {processor.py:840} INFO - DAG(s) 'example_python_operator' retrieved from /home/airflow/.local/lib/python3.8/site-packages/airflow/example_dags/example_python_operator.py
[2024-02-02T16:05:01.169+0000] {logging_mixin.py:188} INFO - [2024-02-02T16:05:01.169+0000] {dag.py:3036} INFO - Sync 1 DAGs
[2024-02-02T16:05:01.178+0000] {logging_mixin.py:188} INFO - [2024-02-02T16:05:01.178+0000] {dag.py:3823} INFO - Setting next_dagrun for example_python_operator to None, run_after=None
[2024-02-02T16:05:01.191+0000] {processor.py:183} INFO - Processing /home/airflow/.local/lib/python3.8/site-packages/airflow/example_dags/example_python_operator.py took 0.098 seconds
[2024-02-02T16:05:31.833+0000] {processor.py:161} INFO - Started process (PID=137) to work on /home/airflow/.local/lib/python3.8/site-packages/airflow/example_dags/example_python_operator.py
[2024-02-02T16:05:31.833+0000] {processor.py:830} INFO - Processing file /home/airflow/.local/lib/python3.8/site-packages/airflow/example_dags/example_python_operator.py for tasks to queue
[2024-02-02T16:05:31.834+0000] {logging_mixin.py:188} INFO - [2024-02-02T16:05:31.834+0000] {dagbag.py:538} INFO - Filling up the DagBag from /home/airflow/.local/lib/python3.8/site-packages/airflow/example_dags/example_python_operator.py
[2024-02-02T16:05:31.840+0000] {processor.py:840} INFO - DAG(s) 'example_python_operator' retrieved from /home/airflow/.local/lib/python3.8/site-packages/airflow/example_dags/example_python_operator.py
[2024-02-02T16:05:31.866+0000] {logging_mixin.py:188} INFO - [2024-02-02T16:05:31.865+0000] {dag.py:3036} INFO - Sync 1 DAGs
[2024-02-02T16:05:31.875+0000] {logging_mixin.py:188} INFO - [2024-02-02T16:05:31.874+0000] {dag.py:3823} INFO - Setting next_dagrun for example_python_operator to None, run_after=None
[2024-02-02T16:05:31.889+0000] {processor.py:183} INFO - Processing /home/airflow/.local/lib/python3.8/site-packages/airflow/example_dags/example_python_operator.py took 0.057 seconds
[2024-02-02T16:06:02.106+0000] {processor.py:161} INFO - Started process (PID=196) to work on /home/airflow/.local/lib/python3.8/site-packages/airflow/example_dags/example_python_operator.py
[2024-02-02T16:06:02.106+0000] {processor.py:830} INFO - Processing file /home/airflow/.local/lib/python3.8/site-packages/airflow/example_dags/example_python_operator.py for tasks to queue
[2024-02-02T16:06:02.107+0000] {logging_mixin.py:188} INFO - [2024-02-02T16:06:02.107+0000] {dagbag.py:538} INFO - Filling up the DagBag from /home/airflow/.local/lib/python3.8/site-packages/airflow/example_dags/example_python_operator.py
[2024-02-02T16:06:02.112+0000] {processor.py:840} INFO - DAG(s) 'example_python_operator' retrieved from /home/airflow/.local/lib/python3.8/site-packages/airflow/example_dags/example_python_operator.py
[2024-02-02T16:06:02.135+0000] {logging_mixin.py:188} INFO - [2024-02-02T16:06:02.135+0000] {dag.py:3036} INFO - Sync 1 DAGs
[2024-02-02T16:06:02.143+0000] {logging_mixin.py:188} INFO - [2024-02-02T16:06:02.143+0000] {dag.py:3823} INFO - Setting next_dagrun for example_python_operator to None, run_after=None
[2024-02-02T16:06:02.155+0000] {processor.py:183} INFO - Processing /home/airflow/.local/lib/python3.8/site-packages/airflow/example_dags/example_python_operator.py took 0.051 seconds
[2024-02-02T16:06:32.214+0000] {processor.py:161} INFO - Started process (PID=255) to work on /home/airflow/.local/lib/python3.8/site-packages/airflow/example_dags/example_python_operator.py
[2024-02-02T16:06:32.215+0000] {processor.py:830} INFO - Processing file /home/airflow/.local/lib/python3.8/site-packages/airflow/example_dags/example_python_operator.py for tasks to queue
[2024-02-02T16:06:32.216+0000] {logging_mixin.py:188} INFO - [2024-02-02T16:06:32.216+0000] {dagbag.py:538} INFO - Filling up the DagBag from /home/airflow/.local/lib/python3.8/site-packages/airflow/example_dags/example_python_operator.py
[2024-02-02T16:06:32.221+0000] {processor.py:840} INFO - DAG(s) 'example_python_operator' retrieved from /home/airflow/.local/lib/python3.8/site-packages/airflow/example_dags/example_python_operator.py
[2024-02-02T16:06:32.243+0000] {logging_mixin.py:188} INFO - [2024-02-02T16:06:32.243+0000] {dag.py:3036} INFO - Sync 1 DAGs
[2024-02-02T16:06:32.251+0000] {logging_mixin.py:188} INFO - [2024-02-02T16:06:32.251+0000] {dag.py:3823} INFO - Setting next_dagrun for example_python_operator to None, run_after=None
[2024-02-02T16:06:32.263+0000] {processor.py:183} INFO - Processing /home/airflow/.local/lib/python3.8/site-packages/airflow/example_dags/example_python_operator.py took 0.050 seconds
[2024-02-02T16:07:05.813+0000] {processor.py:161} INFO - Started process (PID=80) to work on /home/airflow/.local/lib/python3.8/site-packages/airflow/example_dags/example_python_operator.py
[2024-02-02T16:07:05.814+0000] {processor.py:830} INFO - Processing file /home/airflow/.local/lib/python3.8/site-packages/airflow/example_dags/example_python_operator.py for tasks to queue
[2024-02-02T16:07:05.815+0000] {logging_mixin.py:188} INFO - [2024-02-02T16:07:05.815+0000] {dagbag.py:538} INFO - Filling up the DagBag from /home/airflow/.local/lib/python3.8/site-packages/airflow/example_dags/example_python_operator.py
[2024-02-02T16:07:05.821+0000] {processor.py:840} INFO - DAG(s) 'example_python_operator' retrieved from /home/airflow/.local/lib/python3.8/site-packages/airflow/example_dags/example_python_operator.py
[2024-02-02T16:07:05.889+0000] {logging_mixin.py:188} INFO - [2024-02-02T16:07:05.889+0000] {dag.py:3036} INFO - Sync 1 DAGs
[2024-02-02T16:07:05.898+0000] {logging_mixin.py:188} INFO - [2024-02-02T16:07:05.897+0000] {dag.py:3823} INFO - Setting next_dagrun for example_python_operator to None, run_after=None
[2024-02-02T16:07:05.910+0000] {processor.py:183} INFO - Processing /home/airflow/.local/lib/python3.8/site-packages/airflow/example_dags/example_python_operator.py took 0.099 seconds
[2024-02-02T16:07:36.465+0000] {processor.py:161} INFO - Started process (PID=137) to work on /home/airflow/.local/lib/python3.8/site-packages/airflow/example_dags/example_python_operator.py
[2024-02-02T16:07:36.466+0000] {processor.py:830} INFO - Processing file /home/airflow/.local/lib/python3.8/site-packages/airflow/example_dags/example_python_operator.py for tasks to queue
[2024-02-02T16:07:36.467+0000] {logging_mixin.py:188} INFO - [2024-02-02T16:07:36.467+0000] {dagbag.py:538} INFO - Filling up the DagBag from /home/airflow/.local/lib/python3.8/site-packages/airflow/example_dags/example_python_operator.py
[2024-02-02T16:07:36.472+0000] {processor.py:840} INFO - DAG(s) 'example_python_operator' retrieved from /home/airflow/.local/lib/python3.8/site-packages/airflow/example_dags/example_python_operator.py
[2024-02-02T16:07:36.494+0000] {logging_mixin.py:188} INFO - [2024-02-02T16:07:36.494+0000] {dag.py:3036} INFO - Sync 1 DAGs
[2024-02-02T16:07:36.503+0000] {logging_mixin.py:188} INFO - [2024-02-02T16:07:36.503+0000] {dag.py:3823} INFO - Setting next_dagrun for example_python_operator to None, run_after=None
[2024-02-02T16:07:36.516+0000] {processor.py:183} INFO - Processing /home/airflow/.local/lib/python3.8/site-packages/airflow/example_dags/example_python_operator.py took 0.052 seconds
[2024-02-02T16:08:06.667+0000] {processor.py:161} INFO - Started process (PID=196) to work on /home/airflow/.local/lib/python3.8/site-packages/airflow/example_dags/example_python_operator.py
[2024-02-02T16:08:06.668+0000] {processor.py:830} INFO - Processing file /home/airflow/.local/lib/python3.8/site-packages/airflow/example_dags/example_python_operator.py for tasks to queue
[2024-02-02T16:08:06.668+0000] {logging_mixin.py:188} INFO - [2024-02-02T16:08:06.668+0000] {dagbag.py:538} INFO - Filling up the DagBag from /home/airflow/.local/lib/python3.8/site-packages/airflow/example_dags/example_python_operator.py
[2024-02-02T16:08:06.673+0000] {processor.py:840} INFO - DAG(s) 'example_python_operator' retrieved from /home/airflow/.local/lib/python3.8/site-packages/airflow/example_dags/example_python_operator.py
[2024-02-02T16:08:06.696+0000] {logging_mixin.py:188} INFO - [2024-02-02T16:08:06.695+0000] {dag.py:3036} INFO - Sync 1 DAGs
[2024-02-02T16:08:06.703+0000] {logging_mixin.py:188} INFO - [2024-02-02T16:08:06.703+0000] {dag.py:3823} INFO - Setting next_dagrun for example_python_operator to None, run_after=None
[2024-02-02T16:08:06.718+0000] {processor.py:183} INFO - Processing /home/airflow/.local/lib/python3.8/site-packages/airflow/example_dags/example_python_operator.py took 0.053 seconds
[2024-02-02T16:08:36.877+0000] {processor.py:161} INFO - Started process (PID=255) to work on /home/airflow/.local/lib/python3.8/site-packages/airflow/example_dags/example_python_operator.py
[2024-02-02T16:08:36.878+0000] {processor.py:830} INFO - Processing file /home/airflow/.local/lib/python3.8/site-packages/airflow/example_dags/example_python_operator.py for tasks to queue
[2024-02-02T16:08:36.878+0000] {logging_mixin.py:188} INFO - [2024-02-02T16:08:36.878+0000] {dagbag.py:538} INFO - Filling up the DagBag from /home/airflow/.local/lib/python3.8/site-packages/airflow/example_dags/example_python_operator.py
[2024-02-02T16:08:36.884+0000] {processor.py:840} INFO - DAG(s) 'example_python_operator' retrieved from /home/airflow/.local/lib/python3.8/site-packages/airflow/example_dags/example_python_operator.py
[2024-02-02T16:08:36.907+0000] {logging_mixin.py:188} INFO - [2024-02-02T16:08:36.906+0000] {dag.py:3036} INFO - Sync 1 DAGs
[2024-02-02T16:08:36.915+0000] {logging_mixin.py:188} INFO - [2024-02-02T16:08:36.914+0000] {dag.py:3823} INFO - Setting next_dagrun for example_python_operator to None, run_after=None
[2024-02-02T16:08:36.927+0000] {processor.py:183} INFO - Processing /home/airflow/.local/lib/python3.8/site-packages/airflow/example_dags/example_python_operator.py took 0.051 seconds
[2024-02-02T16:09:21.937+0000] {processor.py:161} INFO - Started process (PID=80) to work on /home/airflow/.local/lib/python3.8/site-packages/airflow/example_dags/example_python_operator.py
[2024-02-02T16:09:21.937+0000] {processor.py:830} INFO - Processing file /home/airflow/.local/lib/python3.8/site-packages/airflow/example_dags/example_python_operator.py for tasks to queue
[2024-02-02T16:09:21.938+0000] {logging_mixin.py:188} INFO - [2024-02-02T16:09:21.938+0000] {dagbag.py:538} INFO - Filling up the DagBag from /home/airflow/.local/lib/python3.8/site-packages/airflow/example_dags/example_python_operator.py
[2024-02-02T16:09:21.944+0000] {processor.py:840} INFO - DAG(s) 'example_python_operator' retrieved from /home/airflow/.local/lib/python3.8/site-packages/airflow/example_dags/example_python_operator.py
[2024-02-02T16:09:22.012+0000] {logging_mixin.py:188} INFO - [2024-02-02T16:09:22.012+0000] {dag.py:3036} INFO - Sync 1 DAGs
[2024-02-02T16:09:22.021+0000] {logging_mixin.py:188} INFO - [2024-02-02T16:09:22.021+0000] {dag.py:3823} INFO - Setting next_dagrun for example_python_operator to None, run_after=None
[2024-02-02T16:09:22.035+0000] {processor.py:183} INFO - Processing /home/airflow/.local/lib/python3.8/site-packages/airflow/example_dags/example_python_operator.py took 0.099 seconds
[2024-02-02T16:09:52.604+0000] {processor.py:161} INFO - Started process (PID=137) to work on /home/airflow/.local/lib/python3.8/site-packages/airflow/example_dags/example_python_operator.py
[2024-02-02T16:09:52.605+0000] {processor.py:830} INFO - Processing file /home/airflow/.local/lib/python3.8/site-packages/airflow/example_dags/example_python_operator.py for tasks to queue
[2024-02-02T16:09:52.606+0000] {logging_mixin.py:188} INFO - [2024-02-02T16:09:52.606+0000] {dagbag.py:538} INFO - Filling up the DagBag from /home/airflow/.local/lib/python3.8/site-packages/airflow/example_dags/example_python_operator.py
[2024-02-02T16:09:52.612+0000] {processor.py:840} INFO - DAG(s) 'example_python_operator' retrieved from /home/airflow/.local/lib/python3.8/site-packages/airflow/example_dags/example_python_operator.py
[2024-02-02T16:09:52.636+0000] {logging_mixin.py:188} INFO - [2024-02-02T16:09:52.636+0000] {dag.py:3036} INFO - Sync 1 DAGs
[2024-02-02T16:09:52.644+0000] {logging_mixin.py:188} INFO - [2024-02-02T16:09:52.644+0000] {dag.py:3823} INFO - Setting next_dagrun for example_python_operator to None, run_after=None
[2024-02-02T16:09:52.656+0000] {processor.py:183} INFO - Processing /home/airflow/.local/lib/python3.8/site-packages/airflow/example_dags/example_python_operator.py took 0.054 seconds
[2024-02-02T16:10:22.742+0000] {processor.py:161} INFO - Started process (PID=196) to work on /home/airflow/.local/lib/python3.8/site-packages/airflow/example_dags/example_python_operator.py
[2024-02-02T16:10:22.742+0000] {processor.py:830} INFO - Processing file /home/airflow/.local/lib/python3.8/site-packages/airflow/example_dags/example_python_operator.py for tasks to queue
[2024-02-02T16:10:22.743+0000] {logging_mixin.py:188} INFO - [2024-02-02T16:10:22.743+0000] {dagbag.py:538} INFO - Filling up the DagBag from /home/airflow/.local/lib/python3.8/site-packages/airflow/example_dags/example_python_operator.py
[2024-02-02T16:10:22.748+0000] {processor.py:840} INFO - DAG(s) 'example_python_operator' retrieved from /home/airflow/.local/lib/python3.8/site-packages/airflow/example_dags/example_python_operator.py
[2024-02-02T16:10:22.771+0000] {logging_mixin.py:188} INFO - [2024-02-02T16:10:22.770+0000] {dag.py:3036} INFO - Sync 1 DAGs
[2024-02-02T16:10:22.779+0000] {logging_mixin.py:188} INFO - [2024-02-02T16:10:22.778+0000] {dag.py:3823} INFO - Setting next_dagrun for example_python_operator to None, run_after=None
[2024-02-02T16:10:22.791+0000] {processor.py:183} INFO - Processing /home/airflow/.local/lib/python3.8/site-packages/airflow/example_dags/example_python_operator.py took 0.051 seconds
[2024-02-02T16:10:52.896+0000] {processor.py:161} INFO - Started process (PID=255) to work on /home/airflow/.local/lib/python3.8/site-packages/airflow/example_dags/example_python_operator.py
[2024-02-02T16:10:52.897+0000] {processor.py:830} INFO - Processing file /home/airflow/.local/lib/python3.8/site-packages/airflow/example_dags/example_python_operator.py for tasks to queue
[2024-02-02T16:10:52.898+0000] {logging_mixin.py:188} INFO - [2024-02-02T16:10:52.898+0000] {dagbag.py:538} INFO - Filling up the DagBag from /home/airflow/.local/lib/python3.8/site-packages/airflow/example_dags/example_python_operator.py
[2024-02-02T16:10:52.903+0000] {processor.py:840} INFO - DAG(s) 'example_python_operator' retrieved from /home/airflow/.local/lib/python3.8/site-packages/airflow/example_dags/example_python_operator.py
[2024-02-02T16:10:52.925+0000] {logging_mixin.py:188} INFO - [2024-02-02T16:10:52.925+0000] {dag.py:3036} INFO - Sync 1 DAGs
[2024-02-02T16:10:52.933+0000] {logging_mixin.py:188} INFO - [2024-02-02T16:10:52.933+0000] {dag.py:3823} INFO - Setting next_dagrun for example_python_operator to None, run_after=None
[2024-02-02T16:10:52.945+0000] {processor.py:183} INFO - Processing /home/airflow/.local/lib/python3.8/site-packages/airflow/example_dags/example_python_operator.py took 0.050 seconds
[2024-02-02T16:11:59.844+0000] {processor.py:161} INFO - Started process (PID=80) to work on /home/airflow/.local/lib/python3.8/site-packages/airflow/example_dags/example_python_operator.py
[2024-02-02T16:11:59.845+0000] {processor.py:830} INFO - Processing file /home/airflow/.local/lib/python3.8/site-packages/airflow/example_dags/example_python_operator.py for tasks to queue
[2024-02-02T16:11:59.846+0000] {logging_mixin.py:188} INFO - [2024-02-02T16:11:59.846+0000] {dagbag.py:538} INFO - Filling up the DagBag from /home/airflow/.local/lib/python3.8/site-packages/airflow/example_dags/example_python_operator.py
[2024-02-02T16:11:59.851+0000] {processor.py:840} INFO - DAG(s) 'example_python_operator' retrieved from /home/airflow/.local/lib/python3.8/site-packages/airflow/example_dags/example_python_operator.py
[2024-02-02T16:11:59.920+0000] {logging_mixin.py:188} INFO - [2024-02-02T16:11:59.919+0000] {dag.py:3036} INFO - Sync 1 DAGs
[2024-02-02T16:11:59.928+0000] {logging_mixin.py:188} INFO - [2024-02-02T16:11:59.928+0000] {dag.py:3823} INFO - Setting next_dagrun for example_python_operator to None, run_after=None
[2024-02-02T16:11:59.941+0000] {processor.py:183} INFO - Processing /home/airflow/.local/lib/python3.8/site-packages/airflow/example_dags/example_python_operator.py took 0.098 seconds
[2024-02-02T16:12:30.537+0000] {processor.py:161} INFO - Started process (PID=137) to work on /home/airflow/.local/lib/python3.8/site-packages/airflow/example_dags/example_python_operator.py
[2024-02-02T16:12:30.537+0000] {processor.py:830} INFO - Processing file /home/airflow/.local/lib/python3.8/site-packages/airflow/example_dags/example_python_operator.py for tasks to queue
[2024-02-02T16:12:30.538+0000] {logging_mixin.py:188} INFO - [2024-02-02T16:12:30.538+0000] {dagbag.py:538} INFO - Filling up the DagBag from /home/airflow/.local/lib/python3.8/site-packages/airflow/example_dags/example_python_operator.py
[2024-02-02T16:12:30.544+0000] {processor.py:840} INFO - DAG(s) 'example_python_operator' retrieved from /home/airflow/.local/lib/python3.8/site-packages/airflow/example_dags/example_python_operator.py
[2024-02-02T16:12:30.569+0000] {logging_mixin.py:188} INFO - [2024-02-02T16:12:30.569+0000] {dag.py:3036} INFO - Sync 1 DAGs
[2024-02-02T16:12:30.577+0000] {logging_mixin.py:188} INFO - [2024-02-02T16:12:30.577+0000] {dag.py:3823} INFO - Setting next_dagrun for example_python_operator to None, run_after=None
[2024-02-02T16:12:30.591+0000] {processor.py:183} INFO - Processing /home/airflow/.local/lib/python3.8/site-packages/airflow/example_dags/example_python_operator.py took 0.056 seconds
[2024-02-02T16:13:00.702+0000] {processor.py:161} INFO - Started process (PID=196) to work on /home/airflow/.local/lib/python3.8/site-packages/airflow/example_dags/example_python_operator.py
[2024-02-02T16:13:00.703+0000] {processor.py:830} INFO - Processing file /home/airflow/.local/lib/python3.8/site-packages/airflow/example_dags/example_python_operator.py for tasks to queue
[2024-02-02T16:13:00.703+0000] {logging_mixin.py:188} INFO - [2024-02-02T16:13:00.703+0000] {dagbag.py:538} INFO - Filling up the DagBag from /home/airflow/.local/lib/python3.8/site-packages/airflow/example_dags/example_python_operator.py
[2024-02-02T16:13:00.708+0000] {processor.py:840} INFO - DAG(s) 'example_python_operator' retrieved from /home/airflow/.local/lib/python3.8/site-packages/airflow/example_dags/example_python_operator.py
[2024-02-02T16:13:00.730+0000] {logging_mixin.py:188} INFO - [2024-02-02T16:13:00.730+0000] {dag.py:3036} INFO - Sync 1 DAGs
[2024-02-02T16:13:00.739+0000] {logging_mixin.py:188} INFO - [2024-02-02T16:13:00.739+0000] {dag.py:3823} INFO - Setting next_dagrun for example_python_operator to None, run_after=None
[2024-02-02T16:13:00.751+0000] {processor.py:183} INFO - Processing /home/airflow/.local/lib/python3.8/site-packages/airflow/example_dags/example_python_operator.py took 0.051 seconds
[2024-02-02T16:14:08.483+0000] {processor.py:161} INFO - Started process (PID=80) to work on /home/airflow/.local/lib/python3.8/site-packages/airflow/example_dags/example_python_operator.py
[2024-02-02T16:14:08.483+0000] {processor.py:830} INFO - Processing file /home/airflow/.local/lib/python3.8/site-packages/airflow/example_dags/example_python_operator.py for tasks to queue
[2024-02-02T16:14:08.484+0000] {logging_mixin.py:188} INFO - [2024-02-02T16:14:08.484+0000] {dagbag.py:538} INFO - Filling up the DagBag from /home/airflow/.local/lib/python3.8/site-packages/airflow/example_dags/example_python_operator.py
[2024-02-02T16:14:08.489+0000] {processor.py:840} INFO - DAG(s) 'example_python_operator' retrieved from /home/airflow/.local/lib/python3.8/site-packages/airflow/example_dags/example_python_operator.py
[2024-02-02T16:14:08.557+0000] {logging_mixin.py:188} INFO - [2024-02-02T16:14:08.557+0000] {dag.py:3036} INFO - Sync 1 DAGs
[2024-02-02T16:14:08.565+0000] {logging_mixin.py:188} INFO - [2024-02-02T16:14:08.565+0000] {dag.py:3823} INFO - Setting next_dagrun for example_python_operator to None, run_after=None
[2024-02-02T16:14:08.580+0000] {processor.py:183} INFO - Processing /home/airflow/.local/lib/python3.8/site-packages/airflow/example_dags/example_python_operator.py took 0.098 seconds
[2024-02-02T16:14:39.131+0000] {processor.py:161} INFO - Started process (PID=137) to work on /home/airflow/.local/lib/python3.8/site-packages/airflow/example_dags/example_python_operator.py
[2024-02-02T16:14:39.132+0000] {processor.py:830} INFO - Processing file /home/airflow/.local/lib/python3.8/site-packages/airflow/example_dags/example_python_operator.py for tasks to queue
[2024-02-02T16:14:39.133+0000] {logging_mixin.py:188} INFO - [2024-02-02T16:14:39.133+0000] {dagbag.py:538} INFO - Filling up the DagBag from /home/airflow/.local/lib/python3.8/site-packages/airflow/example_dags/example_python_operator.py
[2024-02-02T16:14:39.138+0000] {processor.py:840} INFO - DAG(s) 'example_python_operator' retrieved from /home/airflow/.local/lib/python3.8/site-packages/airflow/example_dags/example_python_operator.py
[2024-02-02T16:14:39.164+0000] {logging_mixin.py:188} INFO - [2024-02-02T16:14:39.164+0000] {dag.py:3036} INFO - Sync 1 DAGs
[2024-02-02T16:14:39.173+0000] {logging_mixin.py:188} INFO - [2024-02-02T16:14:39.172+0000] {dag.py:3823} INFO - Setting next_dagrun for example_python_operator to None, run_after=None
[2024-02-02T16:14:39.184+0000] {processor.py:183} INFO - Processing /home/airflow/.local/lib/python3.8/site-packages/airflow/example_dags/example_python_operator.py took 0.055 seconds
[2024-02-02T16:15:09.349+0000] {processor.py:161} INFO - Started process (PID=196) to work on /home/airflow/.local/lib/python3.8/site-packages/airflow/example_dags/example_python_operator.py
[2024-02-02T16:15:09.349+0000] {processor.py:830} INFO - Processing file /home/airflow/.local/lib/python3.8/site-packages/airflow/example_dags/example_python_operator.py for tasks to queue
[2024-02-02T16:15:09.350+0000] {logging_mixin.py:188} INFO - [2024-02-02T16:15:09.350+0000] {dagbag.py:538} INFO - Filling up the DagBag from /home/airflow/.local/lib/python3.8/site-packages/airflow/example_dags/example_python_operator.py
[2024-02-02T16:15:09.356+0000] {processor.py:840} INFO - DAG(s) 'example_python_operator' retrieved from /home/airflow/.local/lib/python3.8/site-packages/airflow/example_dags/example_python_operator.py
[2024-02-02T16:15:09.378+0000] {logging_mixin.py:188} INFO - [2024-02-02T16:15:09.378+0000] {dag.py:3036} INFO - Sync 1 DAGs
[2024-02-02T16:15:09.386+0000] {logging_mixin.py:188} INFO - [2024-02-02T16:15:09.386+0000] {dag.py:3823} INFO - Setting next_dagrun for example_python_operator to None, run_after=None
[2024-02-02T16:15:09.398+0000] {processor.py:183} INFO - Processing /home/airflow/.local/lib/python3.8/site-packages/airflow/example_dags/example_python_operator.py took 0.050 seconds
[2024-02-02T16:15:39.641+0000] {processor.py:161} INFO - Started process (PID=255) to work on /home/airflow/.local/lib/python3.8/site-packages/airflow/example_dags/example_python_operator.py
[2024-02-02T16:15:39.642+0000] {processor.py:830} INFO - Processing file /home/airflow/.local/lib/python3.8/site-packages/airflow/example_dags/example_python_operator.py for tasks to queue
[2024-02-02T16:15:39.643+0000] {logging_mixin.py:188} INFO - [2024-02-02T16:15:39.643+0000] {dagbag.py:538} INFO - Filling up the DagBag from /home/airflow/.local/lib/python3.8/site-packages/airflow/example_dags/example_python_operator.py
[2024-02-02T16:15:39.648+0000] {processor.py:840} INFO - DAG(s) 'example_python_operator' retrieved from /home/airflow/.local/lib/python3.8/site-packages/airflow/example_dags/example_python_operator.py
[2024-02-02T16:15:39.671+0000] {logging_mixin.py:188} INFO - [2024-02-02T16:15:39.671+0000] {dag.py:3036} INFO - Sync 1 DAGs
[2024-02-02T16:15:39.679+0000] {logging_mixin.py:188} INFO - [2024-02-02T16:15:39.679+0000] {dag.py:3823} INFO - Setting next_dagrun for example_python_operator to None, run_after=None
[2024-02-02T16:15:39.691+0000] {processor.py:183} INFO - Processing /home/airflow/.local/lib/python3.8/site-packages/airflow/example_dags/example_python_operator.py took 0.051 seconds
[2024-02-02T16:16:09.773+0000] {processor.py:161} INFO - Started process (PID=314) to work on /home/airflow/.local/lib/python3.8/site-packages/airflow/example_dags/example_python_operator.py
[2024-02-02T16:16:09.774+0000] {processor.py:830} INFO - Processing file /home/airflow/.local/lib/python3.8/site-packages/airflow/example_dags/example_python_operator.py for tasks to queue
[2024-02-02T16:16:09.775+0000] {logging_mixin.py:188} INFO - [2024-02-02T16:16:09.774+0000] {dagbag.py:538} INFO - Filling up the DagBag from /home/airflow/.local/lib/python3.8/site-packages/airflow/example_dags/example_python_operator.py
[2024-02-02T16:16:09.780+0000] {processor.py:840} INFO - DAG(s) 'example_python_operator' retrieved from /home/airflow/.local/lib/python3.8/site-packages/airflow/example_dags/example_python_operator.py
[2024-02-02T16:16:09.803+0000] {logging_mixin.py:188} INFO - [2024-02-02T16:16:09.803+0000] {dag.py:3036} INFO - Sync 1 DAGs
[2024-02-02T16:16:09.812+0000] {logging_mixin.py:188} INFO - [2024-02-02T16:16:09.812+0000] {dag.py:3823} INFO - Setting next_dagrun for example_python_operator to None, run_after=None
[2024-02-02T16:16:09.825+0000] {processor.py:183} INFO - Processing /home/airflow/.local/lib/python3.8/site-packages/airflow/example_dags/example_python_operator.py took 0.053 seconds
[2024-02-02T16:16:47.708+0000] {processor.py:161} INFO - Started process (PID=80) to work on /home/airflow/.local/lib/python3.8/site-packages/airflow/example_dags/example_python_operator.py
[2024-02-02T16:16:47.708+0000] {processor.py:830} INFO - Processing file /home/airflow/.local/lib/python3.8/site-packages/airflow/example_dags/example_python_operator.py for tasks to queue
[2024-02-02T16:16:47.709+0000] {logging_mixin.py:188} INFO - [2024-02-02T16:16:47.709+0000] {dagbag.py:538} INFO - Filling up the DagBag from /home/airflow/.local/lib/python3.8/site-packages/airflow/example_dags/example_python_operator.py
[2024-02-02T16:16:47.715+0000] {processor.py:840} INFO - DAG(s) 'example_python_operator' retrieved from /home/airflow/.local/lib/python3.8/site-packages/airflow/example_dags/example_python_operator.py
[2024-02-02T16:16:47.781+0000] {logging_mixin.py:188} INFO - [2024-02-02T16:16:47.781+0000] {dag.py:3036} INFO - Sync 1 DAGs
[2024-02-02T16:16:47.790+0000] {logging_mixin.py:188} INFO - [2024-02-02T16:16:47.790+0000] {dag.py:3823} INFO - Setting next_dagrun for example_python_operator to None, run_after=None
[2024-02-02T16:16:47.803+0000] {processor.py:183} INFO - Processing /home/airflow/.local/lib/python3.8/site-packages/airflow/example_dags/example_python_operator.py took 0.096 seconds
[2024-02-02T16:17:18.340+0000] {processor.py:161} INFO - Started process (PID=141) to work on /home/airflow/.local/lib/python3.8/site-packages/airflow/example_dags/example_python_operator.py
[2024-02-02T16:17:18.341+0000] {processor.py:830} INFO - Processing file /home/airflow/.local/lib/python3.8/site-packages/airflow/example_dags/example_python_operator.py for tasks to queue
[2024-02-02T16:17:18.342+0000] {logging_mixin.py:188} INFO - [2024-02-02T16:17:18.342+0000] {dagbag.py:538} INFO - Filling up the DagBag from /home/airflow/.local/lib/python3.8/site-packages/airflow/example_dags/example_python_operator.py
[2024-02-02T16:17:18.347+0000] {processor.py:840} INFO - DAG(s) 'example_python_operator' retrieved from /home/airflow/.local/lib/python3.8/site-packages/airflow/example_dags/example_python_operator.py
[2024-02-02T16:17:18.369+0000] {logging_mixin.py:188} INFO - [2024-02-02T16:17:18.369+0000] {dag.py:3036} INFO - Sync 1 DAGs
[2024-02-02T16:17:18.378+0000] {logging_mixin.py:188} INFO - [2024-02-02T16:17:18.377+0000] {dag.py:3823} INFO - Setting next_dagrun for example_python_operator to None, run_after=None
[2024-02-02T16:17:18.389+0000] {processor.py:183} INFO - Processing /home/airflow/.local/lib/python3.8/site-packages/airflow/example_dags/example_python_operator.py took 0.051 seconds
[2024-02-02T16:17:48.723+0000] {processor.py:161} INFO - Started process (PID=204) to work on /home/airflow/.local/lib/python3.8/site-packages/airflow/example_dags/example_python_operator.py
[2024-02-02T16:17:48.724+0000] {processor.py:830} INFO - Processing file /home/airflow/.local/lib/python3.8/site-packages/airflow/example_dags/example_python_operator.py for tasks to queue
[2024-02-02T16:17:48.725+0000] {logging_mixin.py:188} INFO - [2024-02-02T16:17:48.724+0000] {dagbag.py:538} INFO - Filling up the DagBag from /home/airflow/.local/lib/python3.8/site-packages/airflow/example_dags/example_python_operator.py
[2024-02-02T16:17:48.729+0000] {processor.py:840} INFO - DAG(s) 'example_python_operator' retrieved from /home/airflow/.local/lib/python3.8/site-packages/airflow/example_dags/example_python_operator.py
[2024-02-02T16:17:48.752+0000] {logging_mixin.py:188} INFO - [2024-02-02T16:17:48.751+0000] {dag.py:3036} INFO - Sync 1 DAGs
[2024-02-02T16:17:48.759+0000] {logging_mixin.py:188} INFO - [2024-02-02T16:17:48.759+0000] {dag.py:3823} INFO - Setting next_dagrun for example_python_operator to None, run_after=None
[2024-02-02T16:17:48.771+0000] {processor.py:183} INFO - Processing /home/airflow/.local/lib/python3.8/site-packages/airflow/example_dags/example_python_operator.py took 0.049 seconds
[2024-02-02T16:18:19.142+0000] {processor.py:161} INFO - Started process (PID=80) to work on /home/airflow/.local/lib/python3.8/site-packages/airflow/example_dags/example_python_operator.py
[2024-02-02T16:18:19.142+0000] {processor.py:830} INFO - Processing file /home/airflow/.local/lib/python3.8/site-packages/airflow/example_dags/example_python_operator.py for tasks to queue
[2024-02-02T16:18:19.143+0000] {logging_mixin.py:188} INFO - [2024-02-02T16:18:19.143+0000] {dagbag.py:538} INFO - Filling up the DagBag from /home/airflow/.local/lib/python3.8/site-packages/airflow/example_dags/example_python_operator.py
[2024-02-02T16:18:19.149+0000] {processor.py:840} INFO - DAG(s) 'example_python_operator' retrieved from /home/airflow/.local/lib/python3.8/site-packages/airflow/example_dags/example_python_operator.py
[2024-02-02T16:18:19.222+0000] {logging_mixin.py:188} INFO - [2024-02-02T16:18:19.222+0000] {dag.py:3036} INFO - Sync 1 DAGs
[2024-02-02T16:18:19.230+0000] {logging_mixin.py:188} INFO - [2024-02-02T16:18:19.230+0000] {dag.py:3823} INFO - Setting next_dagrun for example_python_operator to None, run_after=None
[2024-02-02T16:18:19.245+0000] {processor.py:183} INFO - Processing /home/airflow/.local/lib/python3.8/site-packages/airflow/example_dags/example_python_operator.py took 0.105 seconds
[2024-02-02T16:18:49.781+0000] {processor.py:161} INFO - Started process (PID=137) to work on /home/airflow/.local/lib/python3.8/site-packages/airflow/example_dags/example_python_operator.py
[2024-02-02T16:18:49.782+0000] {processor.py:830} INFO - Processing file /home/airflow/.local/lib/python3.8/site-packages/airflow/example_dags/example_python_operator.py for tasks to queue
[2024-02-02T16:18:49.783+0000] {logging_mixin.py:188} INFO - [2024-02-02T16:18:49.783+0000] {dagbag.py:538} INFO - Filling up the DagBag from /home/airflow/.local/lib/python3.8/site-packages/airflow/example_dags/example_python_operator.py
[2024-02-02T16:18:49.788+0000] {processor.py:840} INFO - DAG(s) 'example_python_operator' retrieved from /home/airflow/.local/lib/python3.8/site-packages/airflow/example_dags/example_python_operator.py
[2024-02-02T16:18:49.810+0000] {logging_mixin.py:188} INFO - [2024-02-02T16:18:49.810+0000] {dag.py:3036} INFO - Sync 1 DAGs
[2024-02-02T16:18:49.818+0000] {logging_mixin.py:188} INFO - [2024-02-02T16:18:49.818+0000] {dag.py:3823} INFO - Setting next_dagrun for example_python_operator to None, run_after=None
[2024-02-02T16:18:49.830+0000] {processor.py:183} INFO - Processing /home/airflow/.local/lib/python3.8/site-packages/airflow/example_dags/example_python_operator.py took 0.050 seconds
[2024-02-02T16:19:13.146+0000] {processor.py:161} INFO - Started process (PID=80) to work on /home/airflow/.local/lib/python3.8/site-packages/airflow/example_dags/example_python_operator.py
[2024-02-02T16:19:13.146+0000] {processor.py:830} INFO - Processing file /home/airflow/.local/lib/python3.8/site-packages/airflow/example_dags/example_python_operator.py for tasks to queue
[2024-02-02T16:19:13.147+0000] {logging_mixin.py:188} INFO - [2024-02-02T16:19:13.147+0000] {dagbag.py:538} INFO - Filling up the DagBag from /home/airflow/.local/lib/python3.8/site-packages/airflow/example_dags/example_python_operator.py
[2024-02-02T16:19:13.153+0000] {processor.py:840} INFO - DAG(s) 'example_python_operator' retrieved from /home/airflow/.local/lib/python3.8/site-packages/airflow/example_dags/example_python_operator.py
[2024-02-02T16:19:13.219+0000] {logging_mixin.py:188} INFO - [2024-02-02T16:19:13.219+0000] {dag.py:3036} INFO - Sync 1 DAGs
[2024-02-02T16:19:13.227+0000] {logging_mixin.py:188} INFO - [2024-02-02T16:19:13.226+0000] {dag.py:3823} INFO - Setting next_dagrun for example_python_operator to None, run_after=None
[2024-02-02T16:19:13.239+0000] {processor.py:183} INFO - Processing /home/airflow/.local/lib/python3.8/site-packages/airflow/example_dags/example_python_operator.py took 0.095 seconds
[2024-02-02T16:19:43.624+0000] {processor.py:161} INFO - Started process (PID=137) to work on /home/airflow/.local/lib/python3.8/site-packages/airflow/example_dags/example_python_operator.py
[2024-02-02T16:19:43.624+0000] {processor.py:830} INFO - Processing file /home/airflow/.local/lib/python3.8/site-packages/airflow/example_dags/example_python_operator.py for tasks to queue
[2024-02-02T16:19:43.625+0000] {logging_mixin.py:188} INFO - [2024-02-02T16:19:43.625+0000] {dagbag.py:538} INFO - Filling up the DagBag from /home/airflow/.local/lib/python3.8/site-packages/airflow/example_dags/example_python_operator.py
[2024-02-02T16:19:43.630+0000] {processor.py:840} INFO - DAG(s) 'example_python_operator' retrieved from /home/airflow/.local/lib/python3.8/site-packages/airflow/example_dags/example_python_operator.py
[2024-02-02T16:19:43.655+0000] {logging_mixin.py:188} INFO - [2024-02-02T16:19:43.655+0000] {dag.py:3036} INFO - Sync 1 DAGs
[2024-02-02T16:19:43.664+0000] {logging_mixin.py:188} INFO - [2024-02-02T16:19:43.664+0000] {dag.py:3823} INFO - Setting next_dagrun for example_python_operator to None, run_after=None
[2024-02-02T16:19:43.678+0000] {processor.py:183} INFO - Processing /home/airflow/.local/lib/python3.8/site-packages/airflow/example_dags/example_python_operator.py took 0.056 seconds
[2024-02-02T16:20:13.833+0000] {processor.py:161} INFO - Started process (PID=196) to work on /home/airflow/.local/lib/python3.8/site-packages/airflow/example_dags/example_python_operator.py
[2024-02-02T16:20:13.833+0000] {processor.py:830} INFO - Processing file /home/airflow/.local/lib/python3.8/site-packages/airflow/example_dags/example_python_operator.py for tasks to queue
[2024-02-02T16:20:13.834+0000] {logging_mixin.py:188} INFO - [2024-02-02T16:20:13.834+0000] {dagbag.py:538} INFO - Filling up the DagBag from /home/airflow/.local/lib/python3.8/site-packages/airflow/example_dags/example_python_operator.py
[2024-02-02T16:20:13.839+0000] {processor.py:840} INFO - DAG(s) 'example_python_operator' retrieved from /home/airflow/.local/lib/python3.8/site-packages/airflow/example_dags/example_python_operator.py
[2024-02-02T16:20:13.861+0000] {logging_mixin.py:188} INFO - [2024-02-02T16:20:13.861+0000] {dag.py:3036} INFO - Sync 1 DAGs
[2024-02-02T16:20:13.869+0000] {logging_mixin.py:188} INFO - [2024-02-02T16:20:13.869+0000] {dag.py:3823} INFO - Setting next_dagrun for example_python_operator to None, run_after=None
[2024-02-02T16:20:13.882+0000] {processor.py:183} INFO - Processing /home/airflow/.local/lib/python3.8/site-packages/airflow/example_dags/example_python_operator.py took 0.051 seconds
[2024-02-02T16:20:44.002+0000] {processor.py:161} INFO - Started process (PID=255) to work on /home/airflow/.local/lib/python3.8/site-packages/airflow/example_dags/example_python_operator.py
[2024-02-02T16:20:44.003+0000] {processor.py:830} INFO - Processing file /home/airflow/.local/lib/python3.8/site-packages/airflow/example_dags/example_python_operator.py for tasks to queue
[2024-02-02T16:20:44.004+0000] {logging_mixin.py:188} INFO - [2024-02-02T16:20:44.003+0000] {dagbag.py:538} INFO - Filling up the DagBag from /home/airflow/.local/lib/python3.8/site-packages/airflow/example_dags/example_python_operator.py
[2024-02-02T16:20:44.008+0000] {processor.py:840} INFO - DAG(s) 'example_python_operator' retrieved from /home/airflow/.local/lib/python3.8/site-packages/airflow/example_dags/example_python_operator.py
[2024-02-02T16:20:44.031+0000] {logging_mixin.py:188} INFO - [2024-02-02T16:20:44.031+0000] {dag.py:3036} INFO - Sync 1 DAGs
[2024-02-02T16:20:44.039+0000] {logging_mixin.py:188} INFO - [2024-02-02T16:20:44.039+0000] {dag.py:3823} INFO - Setting next_dagrun for example_python_operator to None, run_after=None
[2024-02-02T16:20:44.057+0000] {processor.py:183} INFO - Processing /home/airflow/.local/lib/python3.8/site-packages/airflow/example_dags/example_python_operator.py took 0.056 seconds
[2024-02-02T16:21:14.283+0000] {processor.py:161} INFO - Started process (PID=314) to work on /home/airflow/.local/lib/python3.8/site-packages/airflow/example_dags/example_python_operator.py
[2024-02-02T16:21:14.283+0000] {processor.py:830} INFO - Processing file /home/airflow/.local/lib/python3.8/site-packages/airflow/example_dags/example_python_operator.py for tasks to queue
[2024-02-02T16:21:14.284+0000] {logging_mixin.py:188} INFO - [2024-02-02T16:21:14.284+0000] {dagbag.py:538} INFO - Filling up the DagBag from /home/airflow/.local/lib/python3.8/site-packages/airflow/example_dags/example_python_operator.py
[2024-02-02T16:21:14.289+0000] {processor.py:840} INFO - DAG(s) 'example_python_operator' retrieved from /home/airflow/.local/lib/python3.8/site-packages/airflow/example_dags/example_python_operator.py
[2024-02-02T16:21:14.312+0000] {logging_mixin.py:188} INFO - [2024-02-02T16:21:14.312+0000] {dag.py:3036} INFO - Sync 1 DAGs
[2024-02-02T16:21:14.320+0000] {logging_mixin.py:188} INFO - [2024-02-02T16:21:14.320+0000] {dag.py:3823} INFO - Setting next_dagrun for example_python_operator to None, run_after=None
[2024-02-02T16:21:14.332+0000] {processor.py:183} INFO - Processing /home/airflow/.local/lib/python3.8/site-packages/airflow/example_dags/example_python_operator.py took 0.051 seconds
[2024-02-02T16:21:44.676+0000] {processor.py:161} INFO - Started process (PID=373) to work on /home/airflow/.local/lib/python3.8/site-packages/airflow/example_dags/example_python_operator.py
[2024-02-02T16:21:44.677+0000] {processor.py:830} INFO - Processing file /home/airflow/.local/lib/python3.8/site-packages/airflow/example_dags/example_python_operator.py for tasks to queue
[2024-02-02T16:21:44.677+0000] {logging_mixin.py:188} INFO - [2024-02-02T16:21:44.677+0000] {dagbag.py:538} INFO - Filling up the DagBag from /home/airflow/.local/lib/python3.8/site-packages/airflow/example_dags/example_python_operator.py
[2024-02-02T16:21:44.682+0000] {processor.py:840} INFO - DAG(s) 'example_python_operator' retrieved from /home/airflow/.local/lib/python3.8/site-packages/airflow/example_dags/example_python_operator.py
[2024-02-02T16:21:44.705+0000] {logging_mixin.py:188} INFO - [2024-02-02T16:21:44.705+0000] {dag.py:3036} INFO - Sync 1 DAGs
[2024-02-02T16:21:44.713+0000] {logging_mixin.py:188} INFO - [2024-02-02T16:21:44.713+0000] {dag.py:3823} INFO - Setting next_dagrun for example_python_operator to None, run_after=None
[2024-02-02T16:21:44.726+0000] {processor.py:183} INFO - Processing /home/airflow/.local/lib/python3.8/site-packages/airflow/example_dags/example_python_operator.py took 0.052 seconds
[2024-02-02T16:22:15.765+0000] {processor.py:161} INFO - Started process (PID=433) to work on /home/airflow/.local/lib/python3.8/site-packages/airflow/example_dags/example_python_operator.py
[2024-02-02T16:22:15.766+0000] {processor.py:830} INFO - Processing file /home/airflow/.local/lib/python3.8/site-packages/airflow/example_dags/example_python_operator.py for tasks to queue
[2024-02-02T16:22:15.766+0000] {logging_mixin.py:188} INFO - [2024-02-02T16:22:15.766+0000] {dagbag.py:538} INFO - Filling up the DagBag from /home/airflow/.local/lib/python3.8/site-packages/airflow/example_dags/example_python_operator.py
[2024-02-02T16:22:15.771+0000] {processor.py:840} INFO - DAG(s) 'example_python_operator' retrieved from /home/airflow/.local/lib/python3.8/site-packages/airflow/example_dags/example_python_operator.py
[2024-02-02T16:22:15.796+0000] {logging_mixin.py:188} INFO - [2024-02-02T16:22:15.796+0000] {dag.py:3036} INFO - Sync 1 DAGs
[2024-02-02T16:22:15.804+0000] {logging_mixin.py:188} INFO - [2024-02-02T16:22:15.804+0000] {dag.py:3823} INFO - Setting next_dagrun for example_python_operator to None, run_after=None
[2024-02-02T16:22:15.818+0000] {processor.py:183} INFO - Processing /home/airflow/.local/lib/python3.8/site-packages/airflow/example_dags/example_python_operator.py took 0.054 seconds
[2024-02-02T16:22:47.746+0000] {processor.py:161} INFO - Started process (PID=80) to work on /home/airflow/.local/lib/python3.8/site-packages/airflow/example_dags/example_python_operator.py
[2024-02-02T16:22:47.747+0000] {processor.py:830} INFO - Processing file /home/airflow/.local/lib/python3.8/site-packages/airflow/example_dags/example_python_operator.py for tasks to queue
[2024-02-02T16:22:47.748+0000] {logging_mixin.py:188} INFO - [2024-02-02T16:22:47.747+0000] {dagbag.py:538} INFO - Filling up the DagBag from /home/airflow/.local/lib/python3.8/site-packages/airflow/example_dags/example_python_operator.py
[2024-02-02T16:22:47.753+0000] {processor.py:840} INFO - DAG(s) 'example_python_operator' retrieved from /home/airflow/.local/lib/python3.8/site-packages/airflow/example_dags/example_python_operator.py
[2024-02-02T16:22:47.822+0000] {logging_mixin.py:188} INFO - [2024-02-02T16:22:47.822+0000] {dag.py:3036} INFO - Sync 1 DAGs
[2024-02-02T16:22:47.831+0000] {logging_mixin.py:188} INFO - [2024-02-02T16:22:47.831+0000] {dag.py:3823} INFO - Setting next_dagrun for example_python_operator to None, run_after=None
[2024-02-02T16:22:47.848+0000] {processor.py:183} INFO - Processing /home/airflow/.local/lib/python3.8/site-packages/airflow/example_dags/example_python_operator.py took 0.103 seconds
[2024-02-02T16:23:18.574+0000] {processor.py:161} INFO - Started process (PID=137) to work on /home/airflow/.local/lib/python3.8/site-packages/airflow/example_dags/example_python_operator.py
[2024-02-02T16:23:18.575+0000] {processor.py:830} INFO - Processing file /home/airflow/.local/lib/python3.8/site-packages/airflow/example_dags/example_python_operator.py for tasks to queue
[2024-02-02T16:23:18.576+0000] {logging_mixin.py:188} INFO - [2024-02-02T16:23:18.576+0000] {dagbag.py:538} INFO - Filling up the DagBag from /home/airflow/.local/lib/python3.8/site-packages/airflow/example_dags/example_python_operator.py
[2024-02-02T16:23:18.582+0000] {processor.py:840} INFO - DAG(s) 'example_python_operator' retrieved from /home/airflow/.local/lib/python3.8/site-packages/airflow/example_dags/example_python_operator.py
[2024-02-02T16:23:18.604+0000] {logging_mixin.py:188} INFO - [2024-02-02T16:23:18.604+0000] {dag.py:3036} INFO - Sync 1 DAGs
[2024-02-02T16:23:18.612+0000] {logging_mixin.py:188} INFO - [2024-02-02T16:23:18.612+0000] {dag.py:3823} INFO - Setting next_dagrun for example_python_operator to None, run_after=None
[2024-02-02T16:23:18.624+0000] {processor.py:183} INFO - Processing /home/airflow/.local/lib/python3.8/site-packages/airflow/example_dags/example_python_operator.py took 0.051 seconds
[2024-02-02T16:23:48.991+0000] {processor.py:161} INFO - Started process (PID=196) to work on /home/airflow/.local/lib/python3.8/site-packages/airflow/example_dags/example_python_operator.py
[2024-02-02T16:23:48.992+0000] {processor.py:830} INFO - Processing file /home/airflow/.local/lib/python3.8/site-packages/airflow/example_dags/example_python_operator.py for tasks to queue
[2024-02-02T16:23:48.993+0000] {logging_mixin.py:188} INFO - [2024-02-02T16:23:48.993+0000] {dagbag.py:538} INFO - Filling up the DagBag from /home/airflow/.local/lib/python3.8/site-packages/airflow/example_dags/example_python_operator.py
[2024-02-02T16:23:48.998+0000] {processor.py:840} INFO - DAG(s) 'example_python_operator' retrieved from /home/airflow/.local/lib/python3.8/site-packages/airflow/example_dags/example_python_operator.py
[2024-02-02T16:23:49.019+0000] {logging_mixin.py:188} INFO - [2024-02-02T16:23:49.019+0000] {dag.py:3036} INFO - Sync 1 DAGs
[2024-02-02T16:23:49.027+0000] {logging_mixin.py:188} INFO - [2024-02-02T16:23:49.027+0000] {dag.py:3823} INFO - Setting next_dagrun for example_python_operator to None, run_after=None
[2024-02-02T16:23:49.039+0000] {processor.py:183} INFO - Processing /home/airflow/.local/lib/python3.8/site-packages/airflow/example_dags/example_python_operator.py took 0.049 seconds
[2024-02-02T16:24:19.491+0000] {processor.py:161} INFO - Started process (PID=255) to work on /home/airflow/.local/lib/python3.8/site-packages/airflow/example_dags/example_python_operator.py
[2024-02-02T16:24:19.492+0000] {processor.py:830} INFO - Processing file /home/airflow/.local/lib/python3.8/site-packages/airflow/example_dags/example_python_operator.py for tasks to queue
[2024-02-02T16:24:19.492+0000] {logging_mixin.py:188} INFO - [2024-02-02T16:24:19.492+0000] {dagbag.py:538} INFO - Filling up the DagBag from /home/airflow/.local/lib/python3.8/site-packages/airflow/example_dags/example_python_operator.py
[2024-02-02T16:24:19.498+0000] {processor.py:840} INFO - DAG(s) 'example_python_operator' retrieved from /home/airflow/.local/lib/python3.8/site-packages/airflow/example_dags/example_python_operator.py
[2024-02-02T16:24:19.524+0000] {logging_mixin.py:188} INFO - [2024-02-02T16:24:19.524+0000] {dag.py:3036} INFO - Sync 1 DAGs
[2024-02-02T16:24:19.533+0000] {logging_mixin.py:188} INFO - [2024-02-02T16:24:19.533+0000] {dag.py:3823} INFO - Setting next_dagrun for example_python_operator to None, run_after=None
[2024-02-02T16:24:19.551+0000] {processor.py:183} INFO - Processing /home/airflow/.local/lib/python3.8/site-packages/airflow/example_dags/example_python_operator.py took 0.062 seconds
[2024-02-02T16:24:50.238+0000] {processor.py:161} INFO - Started process (PID=312) to work on /home/airflow/.local/lib/python3.8/site-packages/airflow/example_dags/example_python_operator.py
[2024-02-02T16:24:50.238+0000] {processor.py:830} INFO - Processing file /home/airflow/.local/lib/python3.8/site-packages/airflow/example_dags/example_python_operator.py for tasks to queue
[2024-02-02T16:24:50.239+0000] {logging_mixin.py:188} INFO - [2024-02-02T16:24:50.239+0000] {dagbag.py:538} INFO - Filling up the DagBag from /home/airflow/.local/lib/python3.8/site-packages/airflow/example_dags/example_python_operator.py
[2024-02-02T16:24:50.243+0000] {processor.py:840} INFO - DAG(s) 'example_python_operator' retrieved from /home/airflow/.local/lib/python3.8/site-packages/airflow/example_dags/example_python_operator.py
[2024-02-02T16:24:50.267+0000] {logging_mixin.py:188} INFO - [2024-02-02T16:24:50.267+0000] {dag.py:3036} INFO - Sync 1 DAGs
[2024-02-02T16:24:50.276+0000] {logging_mixin.py:188} INFO - [2024-02-02T16:24:50.276+0000] {dag.py:3823} INFO - Setting next_dagrun for example_python_operator to None, run_after=None
[2024-02-02T16:24:50.289+0000] {processor.py:183} INFO - Processing /home/airflow/.local/lib/python3.8/site-packages/airflow/example_dags/example_python_operator.py took 0.052 seconds
[2024-02-02T16:25:20.411+0000] {processor.py:161} INFO - Started process (PID=375) to work on /home/airflow/.local/lib/python3.8/site-packages/airflow/example_dags/example_python_operator.py
[2024-02-02T16:25:20.412+0000] {processor.py:830} INFO - Processing file /home/airflow/.local/lib/python3.8/site-packages/airflow/example_dags/example_python_operator.py for tasks to queue
[2024-02-02T16:25:20.413+0000] {logging_mixin.py:188} INFO - [2024-02-02T16:25:20.413+0000] {dagbag.py:538} INFO - Filling up the DagBag from /home/airflow/.local/lib/python3.8/site-packages/airflow/example_dags/example_python_operator.py
[2024-02-02T16:25:20.418+0000] {processor.py:840} INFO - DAG(s) 'example_python_operator' retrieved from /home/airflow/.local/lib/python3.8/site-packages/airflow/example_dags/example_python_operator.py
[2024-02-02T16:25:20.440+0000] {logging_mixin.py:188} INFO - [2024-02-02T16:25:20.439+0000] {dag.py:3036} INFO - Sync 1 DAGs
[2024-02-02T16:25:20.447+0000] {logging_mixin.py:188} INFO - [2024-02-02T16:25:20.447+0000] {dag.py:3823} INFO - Setting next_dagrun for example_python_operator to None, run_after=None
[2024-02-02T16:25:20.459+0000] {processor.py:183} INFO - Processing /home/airflow/.local/lib/python3.8/site-packages/airflow/example_dags/example_python_operator.py took 0.049 seconds
[2024-02-02T16:25:40.242+0000] {processor.py:161} INFO - Started process (PID=80) to work on /home/airflow/.local/lib/python3.8/site-packages/airflow/example_dags/example_python_operator.py
[2024-02-02T16:25:40.243+0000] {processor.py:830} INFO - Processing file /home/airflow/.local/lib/python3.8/site-packages/airflow/example_dags/example_python_operator.py for tasks to queue
[2024-02-02T16:25:40.243+0000] {logging_mixin.py:188} INFO - [2024-02-02T16:25:40.243+0000] {dagbag.py:538} INFO - Filling up the DagBag from /home/airflow/.local/lib/python3.8/site-packages/airflow/example_dags/example_python_operator.py
[2024-02-02T16:25:40.249+0000] {processor.py:840} INFO - DAG(s) 'example_python_operator' retrieved from /home/airflow/.local/lib/python3.8/site-packages/airflow/example_dags/example_python_operator.py
[2024-02-02T16:25:40.318+0000] {logging_mixin.py:188} INFO - [2024-02-02T16:25:40.318+0000] {dag.py:3036} INFO - Sync 1 DAGs
[2024-02-02T16:25:40.326+0000] {logging_mixin.py:188} INFO - [2024-02-02T16:25:40.326+0000] {dag.py:3823} INFO - Setting next_dagrun for example_python_operator to None, run_after=None
[2024-02-02T16:25:40.340+0000] {processor.py:183} INFO - Processing /home/airflow/.local/lib/python3.8/site-packages/airflow/example_dags/example_python_operator.py took 0.099 seconds
[2024-02-02T16:26:10.900+0000] {processor.py:161} INFO - Started process (PID=141) to work on /home/airflow/.local/lib/python3.8/site-packages/airflow/example_dags/example_python_operator.py
[2024-02-02T16:26:10.900+0000] {processor.py:830} INFO - Processing file /home/airflow/.local/lib/python3.8/site-packages/airflow/example_dags/example_python_operator.py for tasks to queue
[2024-02-02T16:26:10.901+0000] {logging_mixin.py:188} INFO - [2024-02-02T16:26:10.901+0000] {dagbag.py:538} INFO - Filling up the DagBag from /home/airflow/.local/lib/python3.8/site-packages/airflow/example_dags/example_python_operator.py
[2024-02-02T16:26:10.906+0000] {processor.py:840} INFO - DAG(s) 'example_python_operator' retrieved from /home/airflow/.local/lib/python3.8/site-packages/airflow/example_dags/example_python_operator.py
[2024-02-02T16:26:10.929+0000] {logging_mixin.py:188} INFO - [2024-02-02T16:26:10.928+0000] {dag.py:3036} INFO - Sync 1 DAGs
[2024-02-02T16:26:10.937+0000] {logging_mixin.py:188} INFO - [2024-02-02T16:26:10.937+0000] {dag.py:3823} INFO - Setting next_dagrun for example_python_operator to None, run_after=None
[2024-02-02T16:26:10.948+0000] {processor.py:183} INFO - Processing /home/airflow/.local/lib/python3.8/site-packages/airflow/example_dags/example_python_operator.py took 0.050 seconds
[2024-02-02T16:26:41.461+0000] {processor.py:161} INFO - Started process (PID=200) to work on /home/airflow/.local/lib/python3.8/site-packages/airflow/example_dags/example_python_operator.py
[2024-02-02T16:26:41.462+0000] {processor.py:830} INFO - Processing file /home/airflow/.local/lib/python3.8/site-packages/airflow/example_dags/example_python_operator.py for tasks to queue
[2024-02-02T16:26:41.463+0000] {logging_mixin.py:188} INFO - [2024-02-02T16:26:41.463+0000] {dagbag.py:538} INFO - Filling up the DagBag from /home/airflow/.local/lib/python3.8/site-packages/airflow/example_dags/example_python_operator.py
[2024-02-02T16:26:41.468+0000] {processor.py:840} INFO - DAG(s) 'example_python_operator' retrieved from /home/airflow/.local/lib/python3.8/site-packages/airflow/example_dags/example_python_operator.py
[2024-02-02T16:26:41.492+0000] {logging_mixin.py:188} INFO - [2024-02-02T16:26:41.492+0000] {dag.py:3036} INFO - Sync 1 DAGs
[2024-02-02T16:26:41.501+0000] {logging_mixin.py:188} INFO - [2024-02-02T16:26:41.501+0000] {dag.py:3823} INFO - Setting next_dagrun for example_python_operator to None, run_after=None
[2024-02-02T16:26:41.515+0000] {processor.py:183} INFO - Processing /home/airflow/.local/lib/python3.8/site-packages/airflow/example_dags/example_python_operator.py took 0.055 seconds
[2024-02-02T16:27:12.206+0000] {processor.py:161} INFO - Started process (PID=259) to work on /home/airflow/.local/lib/python3.8/site-packages/airflow/example_dags/example_python_operator.py
[2024-02-02T16:27:12.207+0000] {processor.py:830} INFO - Processing file /home/airflow/.local/lib/python3.8/site-packages/airflow/example_dags/example_python_operator.py for tasks to queue
[2024-02-02T16:27:12.208+0000] {logging_mixin.py:188} INFO - [2024-02-02T16:27:12.207+0000] {dagbag.py:538} INFO - Filling up the DagBag from /home/airflow/.local/lib/python3.8/site-packages/airflow/example_dags/example_python_operator.py
[2024-02-02T16:27:12.212+0000] {processor.py:840} INFO - DAG(s) 'example_python_operator' retrieved from /home/airflow/.local/lib/python3.8/site-packages/airflow/example_dags/example_python_operator.py
[2024-02-02T16:27:12.235+0000] {logging_mixin.py:188} INFO - [2024-02-02T16:27:12.235+0000] {dag.py:3036} INFO - Sync 1 DAGs
[2024-02-02T16:27:12.243+0000] {logging_mixin.py:188} INFO - [2024-02-02T16:27:12.243+0000] {dag.py:3823} INFO - Setting next_dagrun for example_python_operator to None, run_after=None
[2024-02-02T16:27:12.257+0000] {processor.py:183} INFO - Processing /home/airflow/.local/lib/python3.8/site-packages/airflow/example_dags/example_python_operator.py took 0.052 seconds
[2024-02-02T16:27:42.329+0000] {processor.py:161} INFO - Started process (PID=316) to work on /home/airflow/.local/lib/python3.8/site-packages/airflow/example_dags/example_python_operator.py
[2024-02-02T16:27:42.329+0000] {processor.py:830} INFO - Processing file /home/airflow/.local/lib/python3.8/site-packages/airflow/example_dags/example_python_operator.py for tasks to queue
[2024-02-02T16:27:42.330+0000] {logging_mixin.py:188} INFO - [2024-02-02T16:27:42.330+0000] {dagbag.py:538} INFO - Filling up the DagBag from /home/airflow/.local/lib/python3.8/site-packages/airflow/example_dags/example_python_operator.py
[2024-02-02T16:27:42.335+0000] {processor.py:840} INFO - DAG(s) 'example_python_operator' retrieved from /home/airflow/.local/lib/python3.8/site-packages/airflow/example_dags/example_python_operator.py
[2024-02-02T16:27:42.359+0000] {logging_mixin.py:188} INFO - [2024-02-02T16:27:42.359+0000] {dag.py:3036} INFO - Sync 1 DAGs
[2024-02-02T16:27:42.367+0000] {logging_mixin.py:188} INFO - [2024-02-02T16:27:42.366+0000] {dag.py:3823} INFO - Setting next_dagrun for example_python_operator to None, run_after=None
[2024-02-02T16:27:42.378+0000] {processor.py:183} INFO - Processing /home/airflow/.local/lib/python3.8/site-packages/airflow/example_dags/example_python_operator.py took 0.051 seconds
[2024-02-02T16:28:12.571+0000] {processor.py:161} INFO - Started process (PID=375) to work on /home/airflow/.local/lib/python3.8/site-packages/airflow/example_dags/example_python_operator.py
[2024-02-02T16:28:12.571+0000] {processor.py:830} INFO - Processing file /home/airflow/.local/lib/python3.8/site-packages/airflow/example_dags/example_python_operator.py for tasks to queue
[2024-02-02T16:28:12.572+0000] {logging_mixin.py:188} INFO - [2024-02-02T16:28:12.572+0000] {dagbag.py:538} INFO - Filling up the DagBag from /home/airflow/.local/lib/python3.8/site-packages/airflow/example_dags/example_python_operator.py
[2024-02-02T16:28:12.577+0000] {processor.py:840} INFO - DAG(s) 'example_python_operator' retrieved from /home/airflow/.local/lib/python3.8/site-packages/airflow/example_dags/example_python_operator.py
[2024-02-02T16:28:12.599+0000] {logging_mixin.py:188} INFO - [2024-02-02T16:28:12.599+0000] {dag.py:3036} INFO - Sync 1 DAGs
[2024-02-02T16:28:12.608+0000] {logging_mixin.py:188} INFO - [2024-02-02T16:28:12.607+0000] {dag.py:3823} INFO - Setting next_dagrun for example_python_operator to None, run_after=None
[2024-02-02T16:28:12.619+0000] {processor.py:183} INFO - Processing /home/airflow/.local/lib/python3.8/site-packages/airflow/example_dags/example_python_operator.py took 0.050 seconds
[2024-02-02T16:28:42.756+0000] {processor.py:161} INFO - Started process (PID=434) to work on /home/airflow/.local/lib/python3.8/site-packages/airflow/example_dags/example_python_operator.py
[2024-02-02T16:28:42.757+0000] {processor.py:830} INFO - Processing file /home/airflow/.local/lib/python3.8/site-packages/airflow/example_dags/example_python_operator.py for tasks to queue
[2024-02-02T16:28:42.757+0000] {logging_mixin.py:188} INFO - [2024-02-02T16:28:42.757+0000] {dagbag.py:538} INFO - Filling up the DagBag from /home/airflow/.local/lib/python3.8/site-packages/airflow/example_dags/example_python_operator.py
[2024-02-02T16:28:42.763+0000] {processor.py:840} INFO - DAG(s) 'example_python_operator' retrieved from /home/airflow/.local/lib/python3.8/site-packages/airflow/example_dags/example_python_operator.py
[2024-02-02T16:28:42.785+0000] {logging_mixin.py:188} INFO - [2024-02-02T16:28:42.784+0000] {dag.py:3036} INFO - Sync 1 DAGs
[2024-02-02T16:28:42.792+0000] {logging_mixin.py:188} INFO - [2024-02-02T16:28:42.792+0000] {dag.py:3823} INFO - Setting next_dagrun for example_python_operator to None, run_after=None
[2024-02-02T16:28:42.808+0000] {processor.py:183} INFO - Processing /home/airflow/.local/lib/python3.8/site-packages/airflow/example_dags/example_python_operator.py took 0.054 seconds
[2024-02-02T16:29:13.011+0000] {processor.py:161} INFO - Started process (PID=493) to work on /home/airflow/.local/lib/python3.8/site-packages/airflow/example_dags/example_python_operator.py
[2024-02-02T16:29:13.011+0000] {processor.py:830} INFO - Processing file /home/airflow/.local/lib/python3.8/site-packages/airflow/example_dags/example_python_operator.py for tasks to queue
[2024-02-02T16:29:13.012+0000] {logging_mixin.py:188} INFO - [2024-02-02T16:29:13.012+0000] {dagbag.py:538} INFO - Filling up the DagBag from /home/airflow/.local/lib/python3.8/site-packages/airflow/example_dags/example_python_operator.py
[2024-02-02T16:29:13.017+0000] {processor.py:840} INFO - DAG(s) 'example_python_operator' retrieved from /home/airflow/.local/lib/python3.8/site-packages/airflow/example_dags/example_python_operator.py
[2024-02-02T16:29:13.039+0000] {logging_mixin.py:188} INFO - [2024-02-02T16:29:13.039+0000] {dag.py:3036} INFO - Sync 1 DAGs
[2024-02-02T16:29:13.047+0000] {logging_mixin.py:188} INFO - [2024-02-02T16:29:13.047+0000] {dag.py:3823} INFO - Setting next_dagrun for example_python_operator to None, run_after=None
[2024-02-02T16:29:13.062+0000] {processor.py:183} INFO - Processing /home/airflow/.local/lib/python3.8/site-packages/airflow/example_dags/example_python_operator.py took 0.053 seconds
[2024-02-02T16:29:43.192+0000] {processor.py:161} INFO - Started process (PID=552) to work on /home/airflow/.local/lib/python3.8/site-packages/airflow/example_dags/example_python_operator.py
[2024-02-02T16:29:43.192+0000] {processor.py:830} INFO - Processing file /home/airflow/.local/lib/python3.8/site-packages/airflow/example_dags/example_python_operator.py for tasks to queue
[2024-02-02T16:29:43.193+0000] {logging_mixin.py:188} INFO - [2024-02-02T16:29:43.193+0000] {dagbag.py:538} INFO - Filling up the DagBag from /home/airflow/.local/lib/python3.8/site-packages/airflow/example_dags/example_python_operator.py
[2024-02-02T16:29:43.198+0000] {processor.py:840} INFO - DAG(s) 'example_python_operator' retrieved from /home/airflow/.local/lib/python3.8/site-packages/airflow/example_dags/example_python_operator.py
[2024-02-02T16:29:43.221+0000] {logging_mixin.py:188} INFO - [2024-02-02T16:29:43.221+0000] {dag.py:3036} INFO - Sync 1 DAGs
[2024-02-02T16:29:43.230+0000] {logging_mixin.py:188} INFO - [2024-02-02T16:29:43.229+0000] {dag.py:3823} INFO - Setting next_dagrun for example_python_operator to None, run_after=None
[2024-02-02T16:29:43.242+0000] {processor.py:183} INFO - Processing /home/airflow/.local/lib/python3.8/site-packages/airflow/example_dags/example_python_operator.py took 0.052 seconds
[2024-02-02T16:30:13.588+0000] {processor.py:161} INFO - Started process (PID=611) to work on /home/airflow/.local/lib/python3.8/site-packages/airflow/example_dags/example_python_operator.py
[2024-02-02T16:30:13.588+0000] {processor.py:830} INFO - Processing file /home/airflow/.local/lib/python3.8/site-packages/airflow/example_dags/example_python_operator.py for tasks to queue
[2024-02-02T16:30:13.589+0000] {logging_mixin.py:188} INFO - [2024-02-02T16:30:13.589+0000] {dagbag.py:538} INFO - Filling up the DagBag from /home/airflow/.local/lib/python3.8/site-packages/airflow/example_dags/example_python_operator.py
[2024-02-02T16:30:13.594+0000] {processor.py:840} INFO - DAG(s) 'example_python_operator' retrieved from /home/airflow/.local/lib/python3.8/site-packages/airflow/example_dags/example_python_operator.py
[2024-02-02T16:30:13.616+0000] {logging_mixin.py:188} INFO - [2024-02-02T16:30:13.615+0000] {dag.py:3036} INFO - Sync 1 DAGs
[2024-02-02T16:30:13.624+0000] {logging_mixin.py:188} INFO - [2024-02-02T16:30:13.624+0000] {dag.py:3823} INFO - Setting next_dagrun for example_python_operator to None, run_after=None
[2024-02-02T16:30:13.636+0000] {processor.py:183} INFO - Processing /home/airflow/.local/lib/python3.8/site-packages/airflow/example_dags/example_python_operator.py took 0.050 seconds
[2024-02-02T16:30:44.015+0000] {processor.py:161} INFO - Started process (PID=670) to work on /home/airflow/.local/lib/python3.8/site-packages/airflow/example_dags/example_python_operator.py
[2024-02-02T16:30:44.016+0000] {processor.py:830} INFO - Processing file /home/airflow/.local/lib/python3.8/site-packages/airflow/example_dags/example_python_operator.py for tasks to queue
[2024-02-02T16:30:44.017+0000] {logging_mixin.py:188} INFO - [2024-02-02T16:30:44.017+0000] {dagbag.py:538} INFO - Filling up the DagBag from /home/airflow/.local/lib/python3.8/site-packages/airflow/example_dags/example_python_operator.py
[2024-02-02T16:30:44.022+0000] {processor.py:840} INFO - DAG(s) 'example_python_operator' retrieved from /home/airflow/.local/lib/python3.8/site-packages/airflow/example_dags/example_python_operator.py
[2024-02-02T16:30:44.044+0000] {logging_mixin.py:188} INFO - [2024-02-02T16:30:44.044+0000] {dag.py:3036} INFO - Sync 1 DAGs
[2024-02-02T16:30:44.053+0000] {logging_mixin.py:188} INFO - [2024-02-02T16:30:44.053+0000] {dag.py:3823} INFO - Setting next_dagrun for example_python_operator to None, run_after=None
[2024-02-02T16:30:44.066+0000] {processor.py:183} INFO - Processing /home/airflow/.local/lib/python3.8/site-packages/airflow/example_dags/example_python_operator.py took 0.052 seconds
[2024-02-02T16:31:14.350+0000] {processor.py:161} INFO - Started process (PID=729) to work on /home/airflow/.local/lib/python3.8/site-packages/airflow/example_dags/example_python_operator.py
[2024-02-02T16:31:14.351+0000] {processor.py:830} INFO - Processing file /home/airflow/.local/lib/python3.8/site-packages/airflow/example_dags/example_python_operator.py for tasks to queue
[2024-02-02T16:31:14.351+0000] {logging_mixin.py:188} INFO - [2024-02-02T16:31:14.351+0000] {dagbag.py:538} INFO - Filling up the DagBag from /home/airflow/.local/lib/python3.8/site-packages/airflow/example_dags/example_python_operator.py
[2024-02-02T16:31:14.356+0000] {processor.py:840} INFO - DAG(s) 'example_python_operator' retrieved from /home/airflow/.local/lib/python3.8/site-packages/airflow/example_dags/example_python_operator.py
[2024-02-02T16:31:14.380+0000] {logging_mixin.py:188} INFO - [2024-02-02T16:31:14.380+0000] {dag.py:3036} INFO - Sync 1 DAGs
[2024-02-02T16:31:14.388+0000] {logging_mixin.py:188} INFO - [2024-02-02T16:31:14.388+0000] {dag.py:3823} INFO - Setting next_dagrun for example_python_operator to None, run_after=None
[2024-02-02T16:31:14.402+0000] {processor.py:183} INFO - Processing /home/airflow/.local/lib/python3.8/site-packages/airflow/example_dags/example_python_operator.py took 0.054 seconds
[2024-02-02T16:31:44.795+0000] {processor.py:161} INFO - Started process (PID=788) to work on /home/airflow/.local/lib/python3.8/site-packages/airflow/example_dags/example_python_operator.py
[2024-02-02T16:31:44.796+0000] {processor.py:830} INFO - Processing file /home/airflow/.local/lib/python3.8/site-packages/airflow/example_dags/example_python_operator.py for tasks to queue
[2024-02-02T16:31:44.796+0000] {logging_mixin.py:188} INFO - [2024-02-02T16:31:44.796+0000] {dagbag.py:538} INFO - Filling up the DagBag from /home/airflow/.local/lib/python3.8/site-packages/airflow/example_dags/example_python_operator.py
[2024-02-02T16:31:44.801+0000] {processor.py:840} INFO - DAG(s) 'example_python_operator' retrieved from /home/airflow/.local/lib/python3.8/site-packages/airflow/example_dags/example_python_operator.py
[2024-02-02T16:31:44.825+0000] {logging_mixin.py:188} INFO - [2024-02-02T16:31:44.824+0000] {dag.py:3036} INFO - Sync 1 DAGs
[2024-02-02T16:31:44.833+0000] {logging_mixin.py:188} INFO - [2024-02-02T16:31:44.833+0000] {dag.py:3823} INFO - Setting next_dagrun for example_python_operator to None, run_after=None
[2024-02-02T16:31:44.845+0000] {processor.py:183} INFO - Processing /home/airflow/.local/lib/python3.8/site-packages/airflow/example_dags/example_python_operator.py took 0.051 seconds
[2024-02-02T16:32:15.136+0000] {processor.py:161} INFO - Started process (PID=847) to work on /home/airflow/.local/lib/python3.8/site-packages/airflow/example_dags/example_python_operator.py
[2024-02-02T16:32:15.137+0000] {processor.py:830} INFO - Processing file /home/airflow/.local/lib/python3.8/site-packages/airflow/example_dags/example_python_operator.py for tasks to queue
[2024-02-02T16:32:15.138+0000] {logging_mixin.py:188} INFO - [2024-02-02T16:32:15.138+0000] {dagbag.py:538} INFO - Filling up the DagBag from /home/airflow/.local/lib/python3.8/site-packages/airflow/example_dags/example_python_operator.py
[2024-02-02T16:32:15.143+0000] {processor.py:840} INFO - DAG(s) 'example_python_operator' retrieved from /home/airflow/.local/lib/python3.8/site-packages/airflow/example_dags/example_python_operator.py
[2024-02-02T16:32:15.167+0000] {logging_mixin.py:188} INFO - [2024-02-02T16:32:15.166+0000] {dag.py:3036} INFO - Sync 1 DAGs
[2024-02-02T16:32:15.175+0000] {logging_mixin.py:188} INFO - [2024-02-02T16:32:15.175+0000] {dag.py:3823} INFO - Setting next_dagrun for example_python_operator to None, run_after=None
[2024-02-02T16:32:15.193+0000] {processor.py:183} INFO - Processing /home/airflow/.local/lib/python3.8/site-packages/airflow/example_dags/example_python_operator.py took 0.058 seconds
[2024-02-02T16:32:45.565+0000] {processor.py:161} INFO - Started process (PID=906) to work on /home/airflow/.local/lib/python3.8/site-packages/airflow/example_dags/example_python_operator.py
[2024-02-02T16:32:45.566+0000] {processor.py:830} INFO - Processing file /home/airflow/.local/lib/python3.8/site-packages/airflow/example_dags/example_python_operator.py for tasks to queue
[2024-02-02T16:32:45.566+0000] {logging_mixin.py:188} INFO - [2024-02-02T16:32:45.566+0000] {dagbag.py:538} INFO - Filling up the DagBag from /home/airflow/.local/lib/python3.8/site-packages/airflow/example_dags/example_python_operator.py
[2024-02-02T16:32:45.571+0000] {processor.py:840} INFO - DAG(s) 'example_python_operator' retrieved from /home/airflow/.local/lib/python3.8/site-packages/airflow/example_dags/example_python_operator.py
[2024-02-02T16:32:45.594+0000] {logging_mixin.py:188} INFO - [2024-02-02T16:32:45.594+0000] {dag.py:3036} INFO - Sync 1 DAGs
[2024-02-02T16:32:45.602+0000] {logging_mixin.py:188} INFO - [2024-02-02T16:32:45.602+0000] {dag.py:3823} INFO - Setting next_dagrun for example_python_operator to None, run_after=None
[2024-02-02T16:32:45.614+0000] {processor.py:183} INFO - Processing /home/airflow/.local/lib/python3.8/site-packages/airflow/example_dags/example_python_operator.py took 0.050 seconds
[2024-02-02T16:33:15.955+0000] {processor.py:161} INFO - Started process (PID=965) to work on /home/airflow/.local/lib/python3.8/site-packages/airflow/example_dags/example_python_operator.py
[2024-02-02T16:33:15.955+0000] {processor.py:830} INFO - Processing file /home/airflow/.local/lib/python3.8/site-packages/airflow/example_dags/example_python_operator.py for tasks to queue
[2024-02-02T16:33:15.956+0000] {logging_mixin.py:188} INFO - [2024-02-02T16:33:15.956+0000] {dagbag.py:538} INFO - Filling up the DagBag from /home/airflow/.local/lib/python3.8/site-packages/airflow/example_dags/example_python_operator.py
[2024-02-02T16:33:15.961+0000] {processor.py:840} INFO - DAG(s) 'example_python_operator' retrieved from /home/airflow/.local/lib/python3.8/site-packages/airflow/example_dags/example_python_operator.py
[2024-02-02T16:33:15.982+0000] {logging_mixin.py:188} INFO - [2024-02-02T16:33:15.982+0000] {dag.py:3036} INFO - Sync 1 DAGs
[2024-02-02T16:33:15.990+0000] {logging_mixin.py:188} INFO - [2024-02-02T16:33:15.990+0000] {dag.py:3823} INFO - Setting next_dagrun for example_python_operator to None, run_after=None
[2024-02-02T16:33:16.002+0000] {processor.py:183} INFO - Processing /home/airflow/.local/lib/python3.8/site-packages/airflow/example_dags/example_python_operator.py took 0.049 seconds
