[2024-02-02T15:50:35.232+0000] {processor.py:161} INFO - Started process (PID=117) to work on /home/airflow/.local/lib/python3.8/site-packages/airflow/example_dags/example_latest_only.py
[2024-02-02T15:50:35.233+0000] {processor.py:830} INFO - Processing file /home/airflow/.local/lib/python3.8/site-packages/airflow/example_dags/example_latest_only.py for tasks to queue
[2024-02-02T15:50:35.234+0000] {logging_mixin.py:188} INFO - [2024-02-02T15:50:35.234+0000] {dagbag.py:538} INFO - Filling up the DagBag from /home/airflow/.local/lib/python3.8/site-packages/airflow/example_dags/example_latest_only.py
[2024-02-02T15:50:35.236+0000] {processor.py:840} INFO - DAG(s) 'latest_only' retrieved from /home/airflow/.local/lib/python3.8/site-packages/airflow/example_dags/example_latest_only.py
[2024-02-02T15:50:35.264+0000] {logging_mixin.py:188} INFO - [2024-02-02T15:50:35.264+0000] {dag.py:3036} INFO - Sync 1 DAGs
[2024-02-02T15:50:35.283+0000] {logging_mixin.py:188} INFO - [2024-02-02T15:50:35.283+0000] {dag.py:3823} INFO - Setting next_dagrun for latest_only to 2024-02-02 08:00:00+00:00, run_after=2024-02-02 12:00:00+00:00
[2024-02-02T15:50:35.299+0000] {processor.py:183} INFO - Processing /home/airflow/.local/lib/python3.8/site-packages/airflow/example_dags/example_latest_only.py took 0.068 seconds
[2024-02-02T15:53:34.879+0000] {processor.py:161} INFO - Started process (PID=105) to work on /home/airflow/.local/lib/python3.8/site-packages/airflow/example_dags/example_latest_only.py
[2024-02-02T15:53:34.879+0000] {processor.py:830} INFO - Processing file /home/airflow/.local/lib/python3.8/site-packages/airflow/example_dags/example_latest_only.py for tasks to queue
[2024-02-02T15:53:34.880+0000] {logging_mixin.py:188} INFO - [2024-02-02T15:53:34.880+0000] {dagbag.py:538} INFO - Filling up the DagBag from /home/airflow/.local/lib/python3.8/site-packages/airflow/example_dags/example_latest_only.py
[2024-02-02T15:53:34.883+0000] {processor.py:840} INFO - DAG(s) 'latest_only' retrieved from /home/airflow/.local/lib/python3.8/site-packages/airflow/example_dags/example_latest_only.py
[2024-02-02T15:53:34.906+0000] {logging_mixin.py:188} INFO - [2024-02-02T15:53:34.906+0000] {dag.py:3036} INFO - Sync 1 DAGs
[2024-02-02T15:53:34.924+0000] {logging_mixin.py:188} INFO - [2024-02-02T15:53:34.924+0000] {dag.py:3823} INFO - Setting next_dagrun for latest_only to 2024-02-02 08:00:00+00:00, run_after=2024-02-02 12:00:00+00:00
[2024-02-02T15:53:34.937+0000] {processor.py:183} INFO - Processing /home/airflow/.local/lib/python3.8/site-packages/airflow/example_dags/example_latest_only.py took 0.060 seconds
[2024-02-02T15:54:06.378+0000] {processor.py:161} INFO - Started process (PID=164) to work on /home/airflow/.local/lib/python3.8/site-packages/airflow/example_dags/example_latest_only.py
[2024-02-02T15:54:06.379+0000] {processor.py:830} INFO - Processing file /home/airflow/.local/lib/python3.8/site-packages/airflow/example_dags/example_latest_only.py for tasks to queue
[2024-02-02T15:54:06.380+0000] {logging_mixin.py:188} INFO - [2024-02-02T15:54:06.379+0000] {dagbag.py:538} INFO - Filling up the DagBag from /home/airflow/.local/lib/python3.8/site-packages/airflow/example_dags/example_latest_only.py
[2024-02-02T15:54:06.382+0000] {processor.py:840} INFO - DAG(s) 'latest_only' retrieved from /home/airflow/.local/lib/python3.8/site-packages/airflow/example_dags/example_latest_only.py
[2024-02-02T15:54:06.403+0000] {logging_mixin.py:188} INFO - [2024-02-02T15:54:06.403+0000] {dag.py:3036} INFO - Sync 1 DAGs
[2024-02-02T15:54:06.420+0000] {logging_mixin.py:188} INFO - [2024-02-02T15:54:06.420+0000] {dag.py:3823} INFO - Setting next_dagrun for latest_only to 2024-02-02 08:00:00+00:00, run_after=2024-02-02 12:00:00+00:00
[2024-02-02T15:54:06.433+0000] {processor.py:183} INFO - Processing /home/airflow/.local/lib/python3.8/site-packages/airflow/example_dags/example_latest_only.py took 0.057 seconds
[2024-02-02T15:54:36.501+0000] {processor.py:161} INFO - Started process (PID=225) to work on /home/airflow/.local/lib/python3.8/site-packages/airflow/example_dags/example_latest_only.py
[2024-02-02T15:54:36.501+0000] {processor.py:830} INFO - Processing file /home/airflow/.local/lib/python3.8/site-packages/airflow/example_dags/example_latest_only.py for tasks to queue
[2024-02-02T15:54:36.502+0000] {logging_mixin.py:188} INFO - [2024-02-02T15:54:36.502+0000] {dagbag.py:538} INFO - Filling up the DagBag from /home/airflow/.local/lib/python3.8/site-packages/airflow/example_dags/example_latest_only.py
[2024-02-02T15:54:36.505+0000] {processor.py:840} INFO - DAG(s) 'latest_only' retrieved from /home/airflow/.local/lib/python3.8/site-packages/airflow/example_dags/example_latest_only.py
[2024-02-02T15:54:36.528+0000] {logging_mixin.py:188} INFO - [2024-02-02T15:54:36.527+0000] {dag.py:3036} INFO - Sync 1 DAGs
[2024-02-02T15:54:36.543+0000] {logging_mixin.py:188} INFO - [2024-02-02T15:54:36.543+0000] {dag.py:3823} INFO - Setting next_dagrun for latest_only to 2024-02-02 08:00:00+00:00, run_after=2024-02-02 12:00:00+00:00
[2024-02-02T15:54:36.555+0000] {processor.py:183} INFO - Processing /home/airflow/.local/lib/python3.8/site-packages/airflow/example_dags/example_latest_only.py took 0.057 seconds
[2024-02-02T15:55:06.891+0000] {processor.py:161} INFO - Started process (PID=284) to work on /home/airflow/.local/lib/python3.8/site-packages/airflow/example_dags/example_latest_only.py
[2024-02-02T15:55:06.891+0000] {processor.py:830} INFO - Processing file /home/airflow/.local/lib/python3.8/site-packages/airflow/example_dags/example_latest_only.py for tasks to queue
[2024-02-02T15:55:06.892+0000] {logging_mixin.py:188} INFO - [2024-02-02T15:55:06.892+0000] {dagbag.py:538} INFO - Filling up the DagBag from /home/airflow/.local/lib/python3.8/site-packages/airflow/example_dags/example_latest_only.py
[2024-02-02T15:55:06.895+0000] {processor.py:840} INFO - DAG(s) 'latest_only' retrieved from /home/airflow/.local/lib/python3.8/site-packages/airflow/example_dags/example_latest_only.py
[2024-02-02T15:55:06.918+0000] {logging_mixin.py:188} INFO - [2024-02-02T15:55:06.918+0000] {dag.py:3036} INFO - Sync 1 DAGs
[2024-02-02T15:55:06.935+0000] {logging_mixin.py:188} INFO - [2024-02-02T15:55:06.935+0000] {dag.py:3823} INFO - Setting next_dagrun for latest_only to 2024-02-02 08:00:00+00:00, run_after=2024-02-02 12:00:00+00:00
[2024-02-02T15:55:06.949+0000] {processor.py:183} INFO - Processing /home/airflow/.local/lib/python3.8/site-packages/airflow/example_dags/example_latest_only.py took 0.061 seconds
[2024-02-02T15:55:37.338+0000] {processor.py:161} INFO - Started process (PID=343) to work on /home/airflow/.local/lib/python3.8/site-packages/airflow/example_dags/example_latest_only.py
[2024-02-02T15:55:37.339+0000] {processor.py:830} INFO - Processing file /home/airflow/.local/lib/python3.8/site-packages/airflow/example_dags/example_latest_only.py for tasks to queue
[2024-02-02T15:55:37.340+0000] {logging_mixin.py:188} INFO - [2024-02-02T15:55:37.340+0000] {dagbag.py:538} INFO - Filling up the DagBag from /home/airflow/.local/lib/python3.8/site-packages/airflow/example_dags/example_latest_only.py
[2024-02-02T15:55:37.342+0000] {processor.py:840} INFO - DAG(s) 'latest_only' retrieved from /home/airflow/.local/lib/python3.8/site-packages/airflow/example_dags/example_latest_only.py
[2024-02-02T15:55:37.364+0000] {logging_mixin.py:188} INFO - [2024-02-02T15:55:37.364+0000] {dag.py:3036} INFO - Sync 1 DAGs
[2024-02-02T15:55:37.379+0000] {logging_mixin.py:188} INFO - [2024-02-02T15:55:37.379+0000] {dag.py:3823} INFO - Setting next_dagrun for latest_only to 2024-02-02 08:00:00+00:00, run_after=2024-02-02 12:00:00+00:00
[2024-02-02T15:55:37.391+0000] {processor.py:183} INFO - Processing /home/airflow/.local/lib/python3.8/site-packages/airflow/example_dags/example_latest_only.py took 0.054 seconds
[2024-02-02T15:57:03.461+0000] {processor.py:161} INFO - Started process (PID=105) to work on /home/airflow/.local/lib/python3.8/site-packages/airflow/example_dags/example_latest_only.py
[2024-02-02T15:57:03.461+0000] {processor.py:830} INFO - Processing file /home/airflow/.local/lib/python3.8/site-packages/airflow/example_dags/example_latest_only.py for tasks to queue
[2024-02-02T15:57:03.463+0000] {logging_mixin.py:188} INFO - [2024-02-02T15:57:03.463+0000] {dagbag.py:538} INFO - Filling up the DagBag from /home/airflow/.local/lib/python3.8/site-packages/airflow/example_dags/example_latest_only.py
[2024-02-02T15:57:03.467+0000] {processor.py:840} INFO - DAG(s) 'latest_only' retrieved from /home/airflow/.local/lib/python3.8/site-packages/airflow/example_dags/example_latest_only.py
[2024-02-02T15:57:03.490+0000] {logging_mixin.py:188} INFO - [2024-02-02T15:57:03.489+0000] {dag.py:3036} INFO - Sync 1 DAGs
[2024-02-02T15:57:03.508+0000] {logging_mixin.py:188} INFO - [2024-02-02T15:57:03.508+0000] {dag.py:3823} INFO - Setting next_dagrun for latest_only to 2024-02-02 08:00:00+00:00, run_after=2024-02-02 12:00:00+00:00
[2024-02-02T15:57:03.526+0000] {processor.py:183} INFO - Processing /home/airflow/.local/lib/python3.8/site-packages/airflow/example_dags/example_latest_only.py took 0.067 seconds
[2024-02-02T15:57:35.104+0000] {processor.py:161} INFO - Started process (PID=168) to work on /home/airflow/.local/lib/python3.8/site-packages/airflow/example_dags/example_latest_only.py
[2024-02-02T15:57:35.105+0000] {processor.py:830} INFO - Processing file /home/airflow/.local/lib/python3.8/site-packages/airflow/example_dags/example_latest_only.py for tasks to queue
[2024-02-02T15:57:35.106+0000] {logging_mixin.py:188} INFO - [2024-02-02T15:57:35.105+0000] {dagbag.py:538} INFO - Filling up the DagBag from /home/airflow/.local/lib/python3.8/site-packages/airflow/example_dags/example_latest_only.py
[2024-02-02T15:57:35.108+0000] {processor.py:840} INFO - DAG(s) 'latest_only' retrieved from /home/airflow/.local/lib/python3.8/site-packages/airflow/example_dags/example_latest_only.py
[2024-02-02T15:57:35.177+0000] {logging_mixin.py:188} INFO - [2024-02-02T15:57:35.177+0000] {dag.py:3036} INFO - Sync 1 DAGs
[2024-02-02T15:57:35.193+0000] {logging_mixin.py:188} INFO - [2024-02-02T15:57:35.193+0000] {dag.py:3823} INFO - Setting next_dagrun for latest_only to 2024-02-02 08:00:00+00:00, run_after=2024-02-02 12:00:00+00:00
[2024-02-02T15:57:35.208+0000] {processor.py:183} INFO - Processing /home/airflow/.local/lib/python3.8/site-packages/airflow/example_dags/example_latest_only.py took 0.106 seconds
[2024-02-02T15:58:05.496+0000] {processor.py:161} INFO - Started process (PID=229) to work on /home/airflow/.local/lib/python3.8/site-packages/airflow/example_dags/example_latest_only.py
[2024-02-02T15:58:05.497+0000] {processor.py:830} INFO - Processing file /home/airflow/.local/lib/python3.8/site-packages/airflow/example_dags/example_latest_only.py for tasks to queue
[2024-02-02T15:58:05.498+0000] {logging_mixin.py:188} INFO - [2024-02-02T15:58:05.497+0000] {dagbag.py:538} INFO - Filling up the DagBag from /home/airflow/.local/lib/python3.8/site-packages/airflow/example_dags/example_latest_only.py
[2024-02-02T15:58:05.500+0000] {processor.py:840} INFO - DAG(s) 'latest_only' retrieved from /home/airflow/.local/lib/python3.8/site-packages/airflow/example_dags/example_latest_only.py
[2024-02-02T15:58:05.523+0000] {logging_mixin.py:188} INFO - [2024-02-02T15:58:05.523+0000] {dag.py:3036} INFO - Sync 1 DAGs
[2024-02-02T15:58:05.540+0000] {logging_mixin.py:188} INFO - [2024-02-02T15:58:05.540+0000] {dag.py:3823} INFO - Setting next_dagrun for latest_only to 2024-02-02 08:00:00+00:00, run_after=2024-02-02 12:00:00+00:00
[2024-02-02T15:58:05.554+0000] {processor.py:183} INFO - Processing /home/airflow/.local/lib/python3.8/site-packages/airflow/example_dags/example_latest_only.py took 0.060 seconds
[2024-02-02T15:58:35.784+0000] {processor.py:161} INFO - Started process (PID=288) to work on /home/airflow/.local/lib/python3.8/site-packages/airflow/example_dags/example_latest_only.py
[2024-02-02T15:58:35.784+0000] {processor.py:830} INFO - Processing file /home/airflow/.local/lib/python3.8/site-packages/airflow/example_dags/example_latest_only.py for tasks to queue
[2024-02-02T15:58:35.785+0000] {logging_mixin.py:188} INFO - [2024-02-02T15:58:35.785+0000] {dagbag.py:538} INFO - Filling up the DagBag from /home/airflow/.local/lib/python3.8/site-packages/airflow/example_dags/example_latest_only.py
[2024-02-02T15:58:35.788+0000] {processor.py:840} INFO - DAG(s) 'latest_only' retrieved from /home/airflow/.local/lib/python3.8/site-packages/airflow/example_dags/example_latest_only.py
[2024-02-02T15:58:35.809+0000] {logging_mixin.py:188} INFO - [2024-02-02T15:58:35.809+0000] {dag.py:3036} INFO - Sync 1 DAGs
[2024-02-02T15:58:35.824+0000] {logging_mixin.py:188} INFO - [2024-02-02T15:58:35.824+0000] {dag.py:3823} INFO - Setting next_dagrun for latest_only to 2024-02-02 08:00:00+00:00, run_after=2024-02-02 12:00:00+00:00
[2024-02-02T15:58:35.836+0000] {processor.py:183} INFO - Processing /home/airflow/.local/lib/python3.8/site-packages/airflow/example_dags/example_latest_only.py took 0.054 seconds
[2024-02-02T15:59:06.020+0000] {processor.py:161} INFO - Started process (PID=347) to work on /home/airflow/.local/lib/python3.8/site-packages/airflow/example_dags/example_latest_only.py
[2024-02-02T15:59:06.020+0000] {processor.py:830} INFO - Processing file /home/airflow/.local/lib/python3.8/site-packages/airflow/example_dags/example_latest_only.py for tasks to queue
[2024-02-02T15:59:06.021+0000] {logging_mixin.py:188} INFO - [2024-02-02T15:59:06.021+0000] {dagbag.py:538} INFO - Filling up the DagBag from /home/airflow/.local/lib/python3.8/site-packages/airflow/example_dags/example_latest_only.py
[2024-02-02T15:59:06.024+0000] {processor.py:840} INFO - DAG(s) 'latest_only' retrieved from /home/airflow/.local/lib/python3.8/site-packages/airflow/example_dags/example_latest_only.py
[2024-02-02T15:59:06.045+0000] {logging_mixin.py:188} INFO - [2024-02-02T15:59:06.045+0000] {dag.py:3036} INFO - Sync 1 DAGs
[2024-02-02T15:59:06.061+0000] {logging_mixin.py:188} INFO - [2024-02-02T15:59:06.061+0000] {dag.py:3823} INFO - Setting next_dagrun for latest_only to 2024-02-02 08:00:00+00:00, run_after=2024-02-02 12:00:00+00:00
[2024-02-02T15:59:06.074+0000] {processor.py:183} INFO - Processing /home/airflow/.local/lib/python3.8/site-packages/airflow/example_dags/example_latest_only.py took 0.056 seconds
[2024-02-02T15:59:36.255+0000] {processor.py:161} INFO - Started process (PID=406) to work on /home/airflow/.local/lib/python3.8/site-packages/airflow/example_dags/example_latest_only.py
[2024-02-02T15:59:36.256+0000] {processor.py:830} INFO - Processing file /home/airflow/.local/lib/python3.8/site-packages/airflow/example_dags/example_latest_only.py for tasks to queue
[2024-02-02T15:59:36.257+0000] {logging_mixin.py:188} INFO - [2024-02-02T15:59:36.257+0000] {dagbag.py:538} INFO - Filling up the DagBag from /home/airflow/.local/lib/python3.8/site-packages/airflow/example_dags/example_latest_only.py
[2024-02-02T15:59:36.259+0000] {processor.py:840} INFO - DAG(s) 'latest_only' retrieved from /home/airflow/.local/lib/python3.8/site-packages/airflow/example_dags/example_latest_only.py
[2024-02-02T15:59:36.282+0000] {logging_mixin.py:188} INFO - [2024-02-02T15:59:36.282+0000] {dag.py:3036} INFO - Sync 1 DAGs
[2024-02-02T15:59:36.298+0000] {logging_mixin.py:188} INFO - [2024-02-02T15:59:36.298+0000] {dag.py:3823} INFO - Setting next_dagrun for latest_only to 2024-02-02 08:00:00+00:00, run_after=2024-02-02 12:00:00+00:00
[2024-02-02T15:59:36.312+0000] {processor.py:183} INFO - Processing /home/airflow/.local/lib/python3.8/site-packages/airflow/example_dags/example_latest_only.py took 0.058 seconds
[2024-02-02T16:00:06.481+0000] {processor.py:161} INFO - Started process (PID=465) to work on /home/airflow/.local/lib/python3.8/site-packages/airflow/example_dags/example_latest_only.py
[2024-02-02T16:00:06.481+0000] {processor.py:830} INFO - Processing file /home/airflow/.local/lib/python3.8/site-packages/airflow/example_dags/example_latest_only.py for tasks to queue
[2024-02-02T16:00:06.482+0000] {logging_mixin.py:188} INFO - [2024-02-02T16:00:06.482+0000] {dagbag.py:538} INFO - Filling up the DagBag from /home/airflow/.local/lib/python3.8/site-packages/airflow/example_dags/example_latest_only.py
[2024-02-02T16:00:06.485+0000] {processor.py:840} INFO - DAG(s) 'latest_only' retrieved from /home/airflow/.local/lib/python3.8/site-packages/airflow/example_dags/example_latest_only.py
[2024-02-02T16:00:06.506+0000] {logging_mixin.py:188} INFO - [2024-02-02T16:00:06.506+0000] {dag.py:3036} INFO - Sync 1 DAGs
[2024-02-02T16:00:06.522+0000] {logging_mixin.py:188} INFO - [2024-02-02T16:00:06.522+0000] {dag.py:3823} INFO - Setting next_dagrun for latest_only to 2024-02-02 12:00:00+00:00, run_after=2024-02-02 16:00:00+00:00
[2024-02-02T16:00:06.534+0000] {processor.py:183} INFO - Processing /home/airflow/.local/lib/python3.8/site-packages/airflow/example_dags/example_latest_only.py took 0.055 seconds
[2024-02-02T16:00:36.761+0000] {processor.py:161} INFO - Started process (PID=524) to work on /home/airflow/.local/lib/python3.8/site-packages/airflow/example_dags/example_latest_only.py
[2024-02-02T16:00:36.761+0000] {processor.py:830} INFO - Processing file /home/airflow/.local/lib/python3.8/site-packages/airflow/example_dags/example_latest_only.py for tasks to queue
[2024-02-02T16:00:36.762+0000] {logging_mixin.py:188} INFO - [2024-02-02T16:00:36.762+0000] {dagbag.py:538} INFO - Filling up the DagBag from /home/airflow/.local/lib/python3.8/site-packages/airflow/example_dags/example_latest_only.py
[2024-02-02T16:00:36.764+0000] {processor.py:840} INFO - DAG(s) 'latest_only' retrieved from /home/airflow/.local/lib/python3.8/site-packages/airflow/example_dags/example_latest_only.py
[2024-02-02T16:00:36.785+0000] {logging_mixin.py:188} INFO - [2024-02-02T16:00:36.785+0000] {dag.py:3036} INFO - Sync 1 DAGs
[2024-02-02T16:00:36.800+0000] {logging_mixin.py:188} INFO - [2024-02-02T16:00:36.800+0000] {dag.py:3823} INFO - Setting next_dagrun for latest_only to 2024-02-02 12:00:00+00:00, run_after=2024-02-02 16:00:00+00:00
[2024-02-02T16:00:36.813+0000] {processor.py:183} INFO - Processing /home/airflow/.local/lib/python3.8/site-packages/airflow/example_dags/example_latest_only.py took 0.054 seconds
[2024-02-02T16:01:07.012+0000] {processor.py:161} INFO - Started process (PID=583) to work on /home/airflow/.local/lib/python3.8/site-packages/airflow/example_dags/example_latest_only.py
[2024-02-02T16:01:07.013+0000] {processor.py:830} INFO - Processing file /home/airflow/.local/lib/python3.8/site-packages/airflow/example_dags/example_latest_only.py for tasks to queue
[2024-02-02T16:01:07.014+0000] {logging_mixin.py:188} INFO - [2024-02-02T16:01:07.014+0000] {dagbag.py:538} INFO - Filling up the DagBag from /home/airflow/.local/lib/python3.8/site-packages/airflow/example_dags/example_latest_only.py
[2024-02-02T16:01:07.017+0000] {processor.py:840} INFO - DAG(s) 'latest_only' retrieved from /home/airflow/.local/lib/python3.8/site-packages/airflow/example_dags/example_latest_only.py
[2024-02-02T16:01:07.039+0000] {logging_mixin.py:188} INFO - [2024-02-02T16:01:07.039+0000] {dag.py:3036} INFO - Sync 1 DAGs
[2024-02-02T16:01:07.056+0000] {logging_mixin.py:188} INFO - [2024-02-02T16:01:07.056+0000] {dag.py:3823} INFO - Setting next_dagrun for latest_only to 2024-02-02 12:00:00+00:00, run_after=2024-02-02 16:00:00+00:00
[2024-02-02T16:01:07.070+0000] {processor.py:183} INFO - Processing /home/airflow/.local/lib/python3.8/site-packages/airflow/example_dags/example_latest_only.py took 0.059 seconds
[2024-02-02T16:01:37.351+0000] {processor.py:161} INFO - Started process (PID=642) to work on /home/airflow/.local/lib/python3.8/site-packages/airflow/example_dags/example_latest_only.py
[2024-02-02T16:01:37.352+0000] {processor.py:830} INFO - Processing file /home/airflow/.local/lib/python3.8/site-packages/airflow/example_dags/example_latest_only.py for tasks to queue
[2024-02-02T16:01:37.353+0000] {logging_mixin.py:188} INFO - [2024-02-02T16:01:37.353+0000] {dagbag.py:538} INFO - Filling up the DagBag from /home/airflow/.local/lib/python3.8/site-packages/airflow/example_dags/example_latest_only.py
[2024-02-02T16:01:37.356+0000] {processor.py:840} INFO - DAG(s) 'latest_only' retrieved from /home/airflow/.local/lib/python3.8/site-packages/airflow/example_dags/example_latest_only.py
[2024-02-02T16:01:37.378+0000] {logging_mixin.py:188} INFO - [2024-02-02T16:01:37.378+0000] {dag.py:3036} INFO - Sync 1 DAGs
[2024-02-02T16:01:37.394+0000] {logging_mixin.py:188} INFO - [2024-02-02T16:01:37.394+0000] {dag.py:3823} INFO - Setting next_dagrun for latest_only to 2024-02-02 12:00:00+00:00, run_after=2024-02-02 16:00:00+00:00
[2024-02-02T16:01:37.409+0000] {processor.py:183} INFO - Processing /home/airflow/.local/lib/python3.8/site-packages/airflow/example_dags/example_latest_only.py took 0.059 seconds
[2024-02-02T16:02:07.542+0000] {processor.py:161} INFO - Started process (PID=701) to work on /home/airflow/.local/lib/python3.8/site-packages/airflow/example_dags/example_latest_only.py
[2024-02-02T16:02:07.543+0000] {processor.py:830} INFO - Processing file /home/airflow/.local/lib/python3.8/site-packages/airflow/example_dags/example_latest_only.py for tasks to queue
[2024-02-02T16:02:07.544+0000] {logging_mixin.py:188} INFO - [2024-02-02T16:02:07.544+0000] {dagbag.py:538} INFO - Filling up the DagBag from /home/airflow/.local/lib/python3.8/site-packages/airflow/example_dags/example_latest_only.py
[2024-02-02T16:02:07.546+0000] {processor.py:840} INFO - DAG(s) 'latest_only' retrieved from /home/airflow/.local/lib/python3.8/site-packages/airflow/example_dags/example_latest_only.py
[2024-02-02T16:02:07.568+0000] {logging_mixin.py:188} INFO - [2024-02-02T16:02:07.567+0000] {dag.py:3036} INFO - Sync 1 DAGs
[2024-02-02T16:02:07.584+0000] {logging_mixin.py:188} INFO - [2024-02-02T16:02:07.584+0000] {dag.py:3823} INFO - Setting next_dagrun for latest_only to 2024-02-02 12:00:00+00:00, run_after=2024-02-02 16:00:00+00:00
[2024-02-02T16:02:07.596+0000] {processor.py:183} INFO - Processing /home/airflow/.local/lib/python3.8/site-packages/airflow/example_dags/example_latest_only.py took 0.055 seconds
[2024-02-02T16:02:38.142+0000] {processor.py:161} INFO - Started process (PID=760) to work on /home/airflow/.local/lib/python3.8/site-packages/airflow/example_dags/example_latest_only.py
[2024-02-02T16:02:38.143+0000] {processor.py:830} INFO - Processing file /home/airflow/.local/lib/python3.8/site-packages/airflow/example_dags/example_latest_only.py for tasks to queue
[2024-02-02T16:02:38.144+0000] {logging_mixin.py:188} INFO - [2024-02-02T16:02:38.144+0000] {dagbag.py:538} INFO - Filling up the DagBag from /home/airflow/.local/lib/python3.8/site-packages/airflow/example_dags/example_latest_only.py
[2024-02-02T16:02:38.146+0000] {processor.py:840} INFO - DAG(s) 'latest_only' retrieved from /home/airflow/.local/lib/python3.8/site-packages/airflow/example_dags/example_latest_only.py
[2024-02-02T16:02:38.168+0000] {logging_mixin.py:188} INFO - [2024-02-02T16:02:38.168+0000] {dag.py:3036} INFO - Sync 1 DAGs
[2024-02-02T16:02:38.182+0000] {logging_mixin.py:188} INFO - [2024-02-02T16:02:38.182+0000] {dag.py:3823} INFO - Setting next_dagrun for latest_only to 2024-02-02 12:00:00+00:00, run_after=2024-02-02 16:00:00+00:00
[2024-02-02T16:02:38.194+0000] {processor.py:183} INFO - Processing /home/airflow/.local/lib/python3.8/site-packages/airflow/example_dags/example_latest_only.py took 0.053 seconds
[2024-02-02T16:03:09.167+0000] {processor.py:161} INFO - Started process (PID=819) to work on /home/airflow/.local/lib/python3.8/site-packages/airflow/example_dags/example_latest_only.py
[2024-02-02T16:03:09.167+0000] {processor.py:830} INFO - Processing file /home/airflow/.local/lib/python3.8/site-packages/airflow/example_dags/example_latest_only.py for tasks to queue
[2024-02-02T16:03:09.168+0000] {logging_mixin.py:188} INFO - [2024-02-02T16:03:09.168+0000] {dagbag.py:538} INFO - Filling up the DagBag from /home/airflow/.local/lib/python3.8/site-packages/airflow/example_dags/example_latest_only.py
[2024-02-02T16:03:09.170+0000] {processor.py:840} INFO - DAG(s) 'latest_only' retrieved from /home/airflow/.local/lib/python3.8/site-packages/airflow/example_dags/example_latest_only.py
[2024-02-02T16:03:09.194+0000] {logging_mixin.py:188} INFO - [2024-02-02T16:03:09.193+0000] {dag.py:3036} INFO - Sync 1 DAGs
[2024-02-02T16:03:09.210+0000] {logging_mixin.py:188} INFO - [2024-02-02T16:03:09.210+0000] {dag.py:3823} INFO - Setting next_dagrun for latest_only to 2024-02-02 12:00:00+00:00, run_after=2024-02-02 16:00:00+00:00
[2024-02-02T16:03:09.224+0000] {processor.py:183} INFO - Processing /home/airflow/.local/lib/python3.8/site-packages/airflow/example_dags/example_latest_only.py took 0.060 seconds
[2024-02-02T16:03:36.405+0000] {processor.py:161} INFO - Started process (PID=105) to work on /home/airflow/.local/lib/python3.8/site-packages/airflow/example_dags/example_latest_only.py
[2024-02-02T16:03:36.405+0000] {processor.py:830} INFO - Processing file /home/airflow/.local/lib/python3.8/site-packages/airflow/example_dags/example_latest_only.py for tasks to queue
[2024-02-02T16:03:36.406+0000] {logging_mixin.py:188} INFO - [2024-02-02T16:03:36.406+0000] {dagbag.py:538} INFO - Filling up the DagBag from /home/airflow/.local/lib/python3.8/site-packages/airflow/example_dags/example_latest_only.py
[2024-02-02T16:03:36.408+0000] {processor.py:840} INFO - DAG(s) 'latest_only' retrieved from /home/airflow/.local/lib/python3.8/site-packages/airflow/example_dags/example_latest_only.py
[2024-02-02T16:03:36.432+0000] {logging_mixin.py:188} INFO - [2024-02-02T16:03:36.431+0000] {dag.py:3036} INFO - Sync 1 DAGs
[2024-02-02T16:03:36.448+0000] {logging_mixin.py:188} INFO - [2024-02-02T16:03:36.448+0000] {dag.py:3823} INFO - Setting next_dagrun for latest_only to 2024-02-02 12:00:00+00:00, run_after=2024-02-02 16:00:00+00:00
[2024-02-02T16:03:36.460+0000] {processor.py:183} INFO - Processing /home/airflow/.local/lib/python3.8/site-packages/airflow/example_dags/example_latest_only.py took 0.057 seconds
[2024-02-02T16:04:07.181+0000] {processor.py:161} INFO - Started process (PID=164) to work on /home/airflow/.local/lib/python3.8/site-packages/airflow/example_dags/example_latest_only.py
[2024-02-02T16:04:07.181+0000] {processor.py:830} INFO - Processing file /home/airflow/.local/lib/python3.8/site-packages/airflow/example_dags/example_latest_only.py for tasks to queue
[2024-02-02T16:04:07.182+0000] {logging_mixin.py:188} INFO - [2024-02-02T16:04:07.182+0000] {dagbag.py:538} INFO - Filling up the DagBag from /home/airflow/.local/lib/python3.8/site-packages/airflow/example_dags/example_latest_only.py
[2024-02-02T16:04:07.184+0000] {processor.py:840} INFO - DAG(s) 'latest_only' retrieved from /home/airflow/.local/lib/python3.8/site-packages/airflow/example_dags/example_latest_only.py
[2024-02-02T16:04:07.207+0000] {logging_mixin.py:188} INFO - [2024-02-02T16:04:07.206+0000] {dag.py:3036} INFO - Sync 1 DAGs
[2024-02-02T16:04:07.225+0000] {logging_mixin.py:188} INFO - [2024-02-02T16:04:07.225+0000] {dag.py:3823} INFO - Setting next_dagrun for latest_only to 2024-02-02 12:00:00+00:00, run_after=2024-02-02 16:00:00+00:00
[2024-02-02T16:04:07.240+0000] {processor.py:183} INFO - Processing /home/airflow/.local/lib/python3.8/site-packages/airflow/example_dags/example_latest_only.py took 0.061 seconds
[2024-02-02T16:04:37.315+0000] {processor.py:161} INFO - Started process (PID=221) to work on /home/airflow/.local/lib/python3.8/site-packages/airflow/example_dags/example_latest_only.py
[2024-02-02T16:04:37.315+0000] {processor.py:830} INFO - Processing file /home/airflow/.local/lib/python3.8/site-packages/airflow/example_dags/example_latest_only.py for tasks to queue
[2024-02-02T16:04:37.316+0000] {logging_mixin.py:188} INFO - [2024-02-02T16:04:37.316+0000] {dagbag.py:538} INFO - Filling up the DagBag from /home/airflow/.local/lib/python3.8/site-packages/airflow/example_dags/example_latest_only.py
[2024-02-02T16:04:37.319+0000] {processor.py:840} INFO - DAG(s) 'latest_only' retrieved from /home/airflow/.local/lib/python3.8/site-packages/airflow/example_dags/example_latest_only.py
[2024-02-02T16:04:37.342+0000] {logging_mixin.py:188} INFO - [2024-02-02T16:04:37.342+0000] {dag.py:3036} INFO - Sync 1 DAGs
[2024-02-02T16:04:37.361+0000] {logging_mixin.py:188} INFO - [2024-02-02T16:04:37.361+0000] {dag.py:3823} INFO - Setting next_dagrun for latest_only to 2024-02-02 12:00:00+00:00, run_after=2024-02-02 16:00:00+00:00
[2024-02-02T16:04:37.381+0000] {processor.py:183} INFO - Processing /home/airflow/.local/lib/python3.8/site-packages/airflow/example_dags/example_latest_only.py took 0.068 seconds
[2024-02-02T16:05:02.482+0000] {processor.py:161} INFO - Started process (PID=105) to work on /home/airflow/.local/lib/python3.8/site-packages/airflow/example_dags/example_latest_only.py
[2024-02-02T16:05:02.482+0000] {processor.py:830} INFO - Processing file /home/airflow/.local/lib/python3.8/site-packages/airflow/example_dags/example_latest_only.py for tasks to queue
[2024-02-02T16:05:02.483+0000] {logging_mixin.py:188} INFO - [2024-02-02T16:05:02.483+0000] {dagbag.py:538} INFO - Filling up the DagBag from /home/airflow/.local/lib/python3.8/site-packages/airflow/example_dags/example_latest_only.py
[2024-02-02T16:05:02.485+0000] {processor.py:840} INFO - DAG(s) 'latest_only' retrieved from /home/airflow/.local/lib/python3.8/site-packages/airflow/example_dags/example_latest_only.py
[2024-02-02T16:05:02.507+0000] {logging_mixin.py:188} INFO - [2024-02-02T16:05:02.507+0000] {dag.py:3036} INFO - Sync 1 DAGs
[2024-02-02T16:05:02.521+0000] {logging_mixin.py:188} INFO - [2024-02-02T16:05:02.521+0000] {dag.py:3823} INFO - Setting next_dagrun for latest_only to 2024-02-02 12:00:00+00:00, run_after=2024-02-02 16:00:00+00:00
[2024-02-02T16:05:02.537+0000] {processor.py:183} INFO - Processing /home/airflow/.local/lib/python3.8/site-packages/airflow/example_dags/example_latest_only.py took 0.057 seconds
[2024-02-02T16:05:33.699+0000] {processor.py:161} INFO - Started process (PID=164) to work on /home/airflow/.local/lib/python3.8/site-packages/airflow/example_dags/example_latest_only.py
[2024-02-02T16:05:33.700+0000] {processor.py:830} INFO - Processing file /home/airflow/.local/lib/python3.8/site-packages/airflow/example_dags/example_latest_only.py for tasks to queue
[2024-02-02T16:05:33.700+0000] {logging_mixin.py:188} INFO - [2024-02-02T16:05:33.700+0000] {dagbag.py:538} INFO - Filling up the DagBag from /home/airflow/.local/lib/python3.8/site-packages/airflow/example_dags/example_latest_only.py
[2024-02-02T16:05:33.703+0000] {processor.py:840} INFO - DAG(s) 'latest_only' retrieved from /home/airflow/.local/lib/python3.8/site-packages/airflow/example_dags/example_latest_only.py
[2024-02-02T16:05:33.724+0000] {logging_mixin.py:188} INFO - [2024-02-02T16:05:33.724+0000] {dag.py:3036} INFO - Sync 1 DAGs
[2024-02-02T16:05:33.739+0000] {logging_mixin.py:188} INFO - [2024-02-02T16:05:33.739+0000] {dag.py:3823} INFO - Setting next_dagrun for latest_only to 2024-02-02 12:00:00+00:00, run_after=2024-02-02 16:00:00+00:00
[2024-02-02T16:05:33.755+0000] {processor.py:183} INFO - Processing /home/airflow/.local/lib/python3.8/site-packages/airflow/example_dags/example_latest_only.py took 0.058 seconds
[2024-02-02T16:06:04.083+0000] {processor.py:161} INFO - Started process (PID=221) to work on /home/airflow/.local/lib/python3.8/site-packages/airflow/example_dags/example_latest_only.py
[2024-02-02T16:06:04.084+0000] {processor.py:830} INFO - Processing file /home/airflow/.local/lib/python3.8/site-packages/airflow/example_dags/example_latest_only.py for tasks to queue
[2024-02-02T16:06:04.085+0000] {logging_mixin.py:188} INFO - [2024-02-02T16:06:04.085+0000] {dagbag.py:538} INFO - Filling up the DagBag from /home/airflow/.local/lib/python3.8/site-packages/airflow/example_dags/example_latest_only.py
[2024-02-02T16:06:04.087+0000] {processor.py:840} INFO - DAG(s) 'latest_only' retrieved from /home/airflow/.local/lib/python3.8/site-packages/airflow/example_dags/example_latest_only.py
[2024-02-02T16:06:04.109+0000] {logging_mixin.py:188} INFO - [2024-02-02T16:06:04.109+0000] {dag.py:3036} INFO - Sync 1 DAGs
[2024-02-02T16:06:04.127+0000] {logging_mixin.py:188} INFO - [2024-02-02T16:06:04.126+0000] {dag.py:3823} INFO - Setting next_dagrun for latest_only to 2024-02-02 12:00:00+00:00, run_after=2024-02-02 16:00:00+00:00
[2024-02-02T16:06:04.141+0000] {processor.py:183} INFO - Processing /home/airflow/.local/lib/python3.8/site-packages/airflow/example_dags/example_latest_only.py took 0.059 seconds
[2024-02-02T16:06:34.253+0000] {processor.py:161} INFO - Started process (PID=280) to work on /home/airflow/.local/lib/python3.8/site-packages/airflow/example_dags/example_latest_only.py
[2024-02-02T16:06:34.253+0000] {processor.py:830} INFO - Processing file /home/airflow/.local/lib/python3.8/site-packages/airflow/example_dags/example_latest_only.py for tasks to queue
[2024-02-02T16:06:34.255+0000] {logging_mixin.py:188} INFO - [2024-02-02T16:06:34.255+0000] {dagbag.py:538} INFO - Filling up the DagBag from /home/airflow/.local/lib/python3.8/site-packages/airflow/example_dags/example_latest_only.py
[2024-02-02T16:06:34.259+0000] {processor.py:840} INFO - DAG(s) 'latest_only' retrieved from /home/airflow/.local/lib/python3.8/site-packages/airflow/example_dags/example_latest_only.py
[2024-02-02T16:06:34.293+0000] {logging_mixin.py:188} INFO - [2024-02-02T16:06:34.293+0000] {dag.py:3036} INFO - Sync 1 DAGs
[2024-02-02T16:06:34.317+0000] {logging_mixin.py:188} INFO - [2024-02-02T16:06:34.316+0000] {dag.py:3823} INFO - Setting next_dagrun for latest_only to 2024-02-02 12:00:00+00:00, run_after=2024-02-02 16:00:00+00:00
[2024-02-02T16:06:34.340+0000] {processor.py:183} INFO - Processing /home/airflow/.local/lib/python3.8/site-packages/airflow/example_dags/example_latest_only.py took 0.089 seconds
[2024-02-02T16:07:07.167+0000] {processor.py:161} INFO - Started process (PID=105) to work on /home/airflow/.local/lib/python3.8/site-packages/airflow/example_dags/example_latest_only.py
[2024-02-02T16:07:07.168+0000] {processor.py:830} INFO - Processing file /home/airflow/.local/lib/python3.8/site-packages/airflow/example_dags/example_latest_only.py for tasks to queue
[2024-02-02T16:07:07.170+0000] {logging_mixin.py:188} INFO - [2024-02-02T16:07:07.169+0000] {dagbag.py:538} INFO - Filling up the DagBag from /home/airflow/.local/lib/python3.8/site-packages/airflow/example_dags/example_latest_only.py
[2024-02-02T16:07:07.172+0000] {processor.py:840} INFO - DAG(s) 'latest_only' retrieved from /home/airflow/.local/lib/python3.8/site-packages/airflow/example_dags/example_latest_only.py
[2024-02-02T16:07:07.196+0000] {logging_mixin.py:188} INFO - [2024-02-02T16:07:07.196+0000] {dag.py:3036} INFO - Sync 1 DAGs
[2024-02-02T16:07:07.227+0000] {logging_mixin.py:188} INFO - [2024-02-02T16:07:07.227+0000] {dag.py:3823} INFO - Setting next_dagrun for latest_only to 2024-02-02 12:00:00+00:00, run_after=2024-02-02 16:00:00+00:00
[2024-02-02T16:07:07.244+0000] {processor.py:183} INFO - Processing /home/airflow/.local/lib/python3.8/site-packages/airflow/example_dags/example_latest_only.py took 0.078 seconds
[2024-02-02T16:07:38.275+0000] {processor.py:161} INFO - Started process (PID=164) to work on /home/airflow/.local/lib/python3.8/site-packages/airflow/example_dags/example_latest_only.py
[2024-02-02T16:07:38.276+0000] {processor.py:830} INFO - Processing file /home/airflow/.local/lib/python3.8/site-packages/airflow/example_dags/example_latest_only.py for tasks to queue
[2024-02-02T16:07:38.277+0000] {logging_mixin.py:188} INFO - [2024-02-02T16:07:38.277+0000] {dagbag.py:538} INFO - Filling up the DagBag from /home/airflow/.local/lib/python3.8/site-packages/airflow/example_dags/example_latest_only.py
[2024-02-02T16:07:38.280+0000] {processor.py:840} INFO - DAG(s) 'latest_only' retrieved from /home/airflow/.local/lib/python3.8/site-packages/airflow/example_dags/example_latest_only.py
[2024-02-02T16:07:38.303+0000] {logging_mixin.py:188} INFO - [2024-02-02T16:07:38.303+0000] {dag.py:3036} INFO - Sync 1 DAGs
[2024-02-02T16:07:38.321+0000] {logging_mixin.py:188} INFO - [2024-02-02T16:07:38.321+0000] {dag.py:3823} INFO - Setting next_dagrun for latest_only to 2024-02-02 12:00:00+00:00, run_after=2024-02-02 16:00:00+00:00
[2024-02-02T16:07:38.334+0000] {processor.py:183} INFO - Processing /home/airflow/.local/lib/python3.8/site-packages/airflow/example_dags/example_latest_only.py took 0.061 seconds
[2024-02-02T16:08:08.612+0000] {processor.py:161} INFO - Started process (PID=221) to work on /home/airflow/.local/lib/python3.8/site-packages/airflow/example_dags/example_latest_only.py
[2024-02-02T16:08:08.612+0000] {processor.py:830} INFO - Processing file /home/airflow/.local/lib/python3.8/site-packages/airflow/example_dags/example_latest_only.py for tasks to queue
[2024-02-02T16:08:08.613+0000] {logging_mixin.py:188} INFO - [2024-02-02T16:08:08.613+0000] {dagbag.py:538} INFO - Filling up the DagBag from /home/airflow/.local/lib/python3.8/site-packages/airflow/example_dags/example_latest_only.py
[2024-02-02T16:08:08.616+0000] {processor.py:840} INFO - DAG(s) 'latest_only' retrieved from /home/airflow/.local/lib/python3.8/site-packages/airflow/example_dags/example_latest_only.py
[2024-02-02T16:08:08.638+0000] {logging_mixin.py:188} INFO - [2024-02-02T16:08:08.638+0000] {dag.py:3036} INFO - Sync 1 DAGs
[2024-02-02T16:08:08.654+0000] {logging_mixin.py:188} INFO - [2024-02-02T16:08:08.654+0000] {dag.py:3823} INFO - Setting next_dagrun for latest_only to 2024-02-02 12:00:00+00:00, run_after=2024-02-02 16:00:00+00:00
[2024-02-02T16:08:08.666+0000] {processor.py:183} INFO - Processing /home/airflow/.local/lib/python3.8/site-packages/airflow/example_dags/example_latest_only.py took 0.056 seconds
[2024-02-02T16:08:38.830+0000] {processor.py:161} INFO - Started process (PID=280) to work on /home/airflow/.local/lib/python3.8/site-packages/airflow/example_dags/example_latest_only.py
[2024-02-02T16:08:38.831+0000] {processor.py:830} INFO - Processing file /home/airflow/.local/lib/python3.8/site-packages/airflow/example_dags/example_latest_only.py for tasks to queue
[2024-02-02T16:08:38.832+0000] {logging_mixin.py:188} INFO - [2024-02-02T16:08:38.831+0000] {dagbag.py:538} INFO - Filling up the DagBag from /home/airflow/.local/lib/python3.8/site-packages/airflow/example_dags/example_latest_only.py
[2024-02-02T16:08:38.835+0000] {processor.py:840} INFO - DAG(s) 'latest_only' retrieved from /home/airflow/.local/lib/python3.8/site-packages/airflow/example_dags/example_latest_only.py
[2024-02-02T16:08:38.859+0000] {logging_mixin.py:188} INFO - [2024-02-02T16:08:38.859+0000] {dag.py:3036} INFO - Sync 1 DAGs
[2024-02-02T16:08:38.877+0000] {logging_mixin.py:188} INFO - [2024-02-02T16:08:38.877+0000] {dag.py:3823} INFO - Setting next_dagrun for latest_only to 2024-02-02 12:00:00+00:00, run_after=2024-02-02 16:00:00+00:00
[2024-02-02T16:08:38.891+0000] {processor.py:183} INFO - Processing /home/airflow/.local/lib/python3.8/site-packages/airflow/example_dags/example_latest_only.py took 0.062 seconds
[2024-02-02T16:09:23.392+0000] {processor.py:161} INFO - Started process (PID=105) to work on /home/airflow/.local/lib/python3.8/site-packages/airflow/example_dags/example_latest_only.py
[2024-02-02T16:09:23.392+0000] {processor.py:830} INFO - Processing file /home/airflow/.local/lib/python3.8/site-packages/airflow/example_dags/example_latest_only.py for tasks to queue
[2024-02-02T16:09:23.393+0000] {logging_mixin.py:188} INFO - [2024-02-02T16:09:23.393+0000] {dagbag.py:538} INFO - Filling up the DagBag from /home/airflow/.local/lib/python3.8/site-packages/airflow/example_dags/example_latest_only.py
[2024-02-02T16:09:23.395+0000] {processor.py:840} INFO - DAG(s) 'latest_only' retrieved from /home/airflow/.local/lib/python3.8/site-packages/airflow/example_dags/example_latest_only.py
[2024-02-02T16:09:23.416+0000] {logging_mixin.py:188} INFO - [2024-02-02T16:09:23.416+0000] {dag.py:3036} INFO - Sync 1 DAGs
[2024-02-02T16:09:23.431+0000] {logging_mixin.py:188} INFO - [2024-02-02T16:09:23.430+0000] {dag.py:3823} INFO - Setting next_dagrun for latest_only to 2024-02-02 12:00:00+00:00, run_after=2024-02-02 16:00:00+00:00
[2024-02-02T16:09:23.446+0000] {processor.py:183} INFO - Processing /home/airflow/.local/lib/python3.8/site-packages/airflow/example_dags/example_latest_only.py took 0.056 seconds
[2024-02-02T16:09:54.263+0000] {processor.py:161} INFO - Started process (PID=164) to work on /home/airflow/.local/lib/python3.8/site-packages/airflow/example_dags/example_latest_only.py
[2024-02-02T16:09:54.263+0000] {processor.py:830} INFO - Processing file /home/airflow/.local/lib/python3.8/site-packages/airflow/example_dags/example_latest_only.py for tasks to queue
[2024-02-02T16:09:54.264+0000] {logging_mixin.py:188} INFO - [2024-02-02T16:09:54.264+0000] {dagbag.py:538} INFO - Filling up the DagBag from /home/airflow/.local/lib/python3.8/site-packages/airflow/example_dags/example_latest_only.py
[2024-02-02T16:09:54.267+0000] {processor.py:840} INFO - DAG(s) 'latest_only' retrieved from /home/airflow/.local/lib/python3.8/site-packages/airflow/example_dags/example_latest_only.py
[2024-02-02T16:09:54.289+0000] {logging_mixin.py:188} INFO - [2024-02-02T16:09:54.289+0000] {dag.py:3036} INFO - Sync 1 DAGs
[2024-02-02T16:09:54.305+0000] {logging_mixin.py:188} INFO - [2024-02-02T16:09:54.305+0000] {dag.py:3823} INFO - Setting next_dagrun for latest_only to 2024-02-02 12:00:00+00:00, run_after=2024-02-02 16:00:00+00:00
[2024-02-02T16:09:54.320+0000] {processor.py:183} INFO - Processing /home/airflow/.local/lib/python3.8/site-packages/airflow/example_dags/example_latest_only.py took 0.059 seconds
[2024-02-02T16:10:24.639+0000] {processor.py:161} INFO - Started process (PID=221) to work on /home/airflow/.local/lib/python3.8/site-packages/airflow/example_dags/example_latest_only.py
[2024-02-02T16:10:24.639+0000] {processor.py:830} INFO - Processing file /home/airflow/.local/lib/python3.8/site-packages/airflow/example_dags/example_latest_only.py for tasks to queue
[2024-02-02T16:10:24.640+0000] {logging_mixin.py:188} INFO - [2024-02-02T16:10:24.640+0000] {dagbag.py:538} INFO - Filling up the DagBag from /home/airflow/.local/lib/python3.8/site-packages/airflow/example_dags/example_latest_only.py
[2024-02-02T16:10:24.643+0000] {processor.py:840} INFO - DAG(s) 'latest_only' retrieved from /home/airflow/.local/lib/python3.8/site-packages/airflow/example_dags/example_latest_only.py
[2024-02-02T16:10:24.665+0000] {logging_mixin.py:188} INFO - [2024-02-02T16:10:24.665+0000] {dag.py:3036} INFO - Sync 1 DAGs
[2024-02-02T16:10:24.680+0000] {logging_mixin.py:188} INFO - [2024-02-02T16:10:24.680+0000] {dag.py:3823} INFO - Setting next_dagrun for latest_only to 2024-02-02 12:00:00+00:00, run_after=2024-02-02 16:00:00+00:00
[2024-02-02T16:10:24.692+0000] {processor.py:183} INFO - Processing /home/airflow/.local/lib/python3.8/site-packages/airflow/example_dags/example_latest_only.py took 0.055 seconds
[2024-02-02T16:10:54.852+0000] {processor.py:161} INFO - Started process (PID=280) to work on /home/airflow/.local/lib/python3.8/site-packages/airflow/example_dags/example_latest_only.py
[2024-02-02T16:10:54.852+0000] {processor.py:830} INFO - Processing file /home/airflow/.local/lib/python3.8/site-packages/airflow/example_dags/example_latest_only.py for tasks to queue
[2024-02-02T16:10:54.853+0000] {logging_mixin.py:188} INFO - [2024-02-02T16:10:54.853+0000] {dagbag.py:538} INFO - Filling up the DagBag from /home/airflow/.local/lib/python3.8/site-packages/airflow/example_dags/example_latest_only.py
[2024-02-02T16:10:54.855+0000] {processor.py:840} INFO - DAG(s) 'latest_only' retrieved from /home/airflow/.local/lib/python3.8/site-packages/airflow/example_dags/example_latest_only.py
[2024-02-02T16:10:54.876+0000] {logging_mixin.py:188} INFO - [2024-02-02T16:10:54.876+0000] {dag.py:3036} INFO - Sync 1 DAGs
[2024-02-02T16:10:54.891+0000] {logging_mixin.py:188} INFO - [2024-02-02T16:10:54.891+0000] {dag.py:3823} INFO - Setting next_dagrun for latest_only to 2024-02-02 12:00:00+00:00, run_after=2024-02-02 16:00:00+00:00
[2024-02-02T16:10:54.903+0000] {processor.py:183} INFO - Processing /home/airflow/.local/lib/python3.8/site-packages/airflow/example_dags/example_latest_only.py took 0.053 seconds
[2024-02-02T16:12:01.192+0000] {processor.py:161} INFO - Started process (PID=105) to work on /home/airflow/.local/lib/python3.8/site-packages/airflow/example_dags/example_latest_only.py
[2024-02-02T16:12:01.193+0000] {processor.py:830} INFO - Processing file /home/airflow/.local/lib/python3.8/site-packages/airflow/example_dags/example_latest_only.py for tasks to queue
[2024-02-02T16:12:01.194+0000] {logging_mixin.py:188} INFO - [2024-02-02T16:12:01.194+0000] {dagbag.py:538} INFO - Filling up the DagBag from /home/airflow/.local/lib/python3.8/site-packages/airflow/example_dags/example_latest_only.py
[2024-02-02T16:12:01.197+0000] {processor.py:840} INFO - DAG(s) 'latest_only' retrieved from /home/airflow/.local/lib/python3.8/site-packages/airflow/example_dags/example_latest_only.py
[2024-02-02T16:12:01.220+0000] {logging_mixin.py:188} INFO - [2024-02-02T16:12:01.220+0000] {dag.py:3036} INFO - Sync 1 DAGs
[2024-02-02T16:12:01.235+0000] {logging_mixin.py:188} INFO - [2024-02-02T16:12:01.235+0000] {dag.py:3823} INFO - Setting next_dagrun for latest_only to 2024-02-02 12:00:00+00:00, run_after=2024-02-02 16:00:00+00:00
[2024-02-02T16:12:01.249+0000] {processor.py:183} INFO - Processing /home/airflow/.local/lib/python3.8/site-packages/airflow/example_dags/example_latest_only.py took 0.059 seconds
[2024-02-02T16:12:32.272+0000] {processor.py:161} INFO - Started process (PID=164) to work on /home/airflow/.local/lib/python3.8/site-packages/airflow/example_dags/example_latest_only.py
[2024-02-02T16:12:32.272+0000] {processor.py:830} INFO - Processing file /home/airflow/.local/lib/python3.8/site-packages/airflow/example_dags/example_latest_only.py for tasks to queue
[2024-02-02T16:12:32.273+0000] {logging_mixin.py:188} INFO - [2024-02-02T16:12:32.273+0000] {dagbag.py:538} INFO - Filling up the DagBag from /home/airflow/.local/lib/python3.8/site-packages/airflow/example_dags/example_latest_only.py
[2024-02-02T16:12:32.275+0000] {processor.py:840} INFO - DAG(s) 'latest_only' retrieved from /home/airflow/.local/lib/python3.8/site-packages/airflow/example_dags/example_latest_only.py
[2024-02-02T16:12:32.296+0000] {logging_mixin.py:188} INFO - [2024-02-02T16:12:32.296+0000] {dag.py:3036} INFO - Sync 1 DAGs
[2024-02-02T16:12:32.311+0000] {logging_mixin.py:188} INFO - [2024-02-02T16:12:32.310+0000] {dag.py:3823} INFO - Setting next_dagrun for latest_only to 2024-02-02 12:00:00+00:00, run_after=2024-02-02 16:00:00+00:00
[2024-02-02T16:12:32.322+0000] {processor.py:183} INFO - Processing /home/airflow/.local/lib/python3.8/site-packages/airflow/example_dags/example_latest_only.py took 0.051 seconds
[2024-02-02T16:13:02.624+0000] {processor.py:161} INFO - Started process (PID=221) to work on /home/airflow/.local/lib/python3.8/site-packages/airflow/example_dags/example_latest_only.py
[2024-02-02T16:13:02.625+0000] {processor.py:830} INFO - Processing file /home/airflow/.local/lib/python3.8/site-packages/airflow/example_dags/example_latest_only.py for tasks to queue
[2024-02-02T16:13:02.626+0000] {logging_mixin.py:188} INFO - [2024-02-02T16:13:02.625+0000] {dagbag.py:538} INFO - Filling up the DagBag from /home/airflow/.local/lib/python3.8/site-packages/airflow/example_dags/example_latest_only.py
[2024-02-02T16:13:02.628+0000] {processor.py:840} INFO - DAG(s) 'latest_only' retrieved from /home/airflow/.local/lib/python3.8/site-packages/airflow/example_dags/example_latest_only.py
[2024-02-02T16:13:02.650+0000] {logging_mixin.py:188} INFO - [2024-02-02T16:13:02.649+0000] {dag.py:3036} INFO - Sync 1 DAGs
[2024-02-02T16:13:02.664+0000] {logging_mixin.py:188} INFO - [2024-02-02T16:13:02.664+0000] {dag.py:3823} INFO - Setting next_dagrun for latest_only to 2024-02-02 12:00:00+00:00, run_after=2024-02-02 16:00:00+00:00
[2024-02-02T16:13:02.676+0000] {processor.py:183} INFO - Processing /home/airflow/.local/lib/python3.8/site-packages/airflow/example_dags/example_latest_only.py took 0.053 seconds
[2024-02-02T16:14:10.017+0000] {processor.py:161} INFO - Started process (PID=105) to work on /home/airflow/.local/lib/python3.8/site-packages/airflow/example_dags/example_latest_only.py
[2024-02-02T16:14:10.018+0000] {processor.py:830} INFO - Processing file /home/airflow/.local/lib/python3.8/site-packages/airflow/example_dags/example_latest_only.py for tasks to queue
[2024-02-02T16:14:10.019+0000] {logging_mixin.py:188} INFO - [2024-02-02T16:14:10.019+0000] {dagbag.py:538} INFO - Filling up the DagBag from /home/airflow/.local/lib/python3.8/site-packages/airflow/example_dags/example_latest_only.py
[2024-02-02T16:14:10.021+0000] {processor.py:840} INFO - DAG(s) 'latest_only' retrieved from /home/airflow/.local/lib/python3.8/site-packages/airflow/example_dags/example_latest_only.py
[2024-02-02T16:14:10.044+0000] {logging_mixin.py:188} INFO - [2024-02-02T16:14:10.043+0000] {dag.py:3036} INFO - Sync 1 DAGs
[2024-02-02T16:14:10.060+0000] {logging_mixin.py:188} INFO - [2024-02-02T16:14:10.060+0000] {dag.py:3823} INFO - Setting next_dagrun for latest_only to 2024-02-02 12:00:00+00:00, run_after=2024-02-02 16:00:00+00:00
[2024-02-02T16:14:10.077+0000] {processor.py:183} INFO - Processing /home/airflow/.local/lib/python3.8/site-packages/airflow/example_dags/example_latest_only.py took 0.061 seconds
[2024-02-02T16:14:40.853+0000] {processor.py:161} INFO - Started process (PID=164) to work on /home/airflow/.local/lib/python3.8/site-packages/airflow/example_dags/example_latest_only.py
[2024-02-02T16:14:40.853+0000] {processor.py:830} INFO - Processing file /home/airflow/.local/lib/python3.8/site-packages/airflow/example_dags/example_latest_only.py for tasks to queue
[2024-02-02T16:14:40.854+0000] {logging_mixin.py:188} INFO - [2024-02-02T16:14:40.854+0000] {dagbag.py:538} INFO - Filling up the DagBag from /home/airflow/.local/lib/python3.8/site-packages/airflow/example_dags/example_latest_only.py
[2024-02-02T16:14:40.857+0000] {processor.py:840} INFO - DAG(s) 'latest_only' retrieved from /home/airflow/.local/lib/python3.8/site-packages/airflow/example_dags/example_latest_only.py
[2024-02-02T16:14:40.878+0000] {logging_mixin.py:188} INFO - [2024-02-02T16:14:40.878+0000] {dag.py:3036} INFO - Sync 1 DAGs
[2024-02-02T16:14:40.892+0000] {logging_mixin.py:188} INFO - [2024-02-02T16:14:40.892+0000] {dag.py:3823} INFO - Setting next_dagrun for latest_only to 2024-02-02 12:00:00+00:00, run_after=2024-02-02 16:00:00+00:00
[2024-02-02T16:14:40.904+0000] {processor.py:183} INFO - Processing /home/airflow/.local/lib/python3.8/site-packages/airflow/example_dags/example_latest_only.py took 0.053 seconds
[2024-02-02T16:15:11.295+0000] {processor.py:161} INFO - Started process (PID=221) to work on /home/airflow/.local/lib/python3.8/site-packages/airflow/example_dags/example_latest_only.py
[2024-02-02T16:15:11.295+0000] {processor.py:830} INFO - Processing file /home/airflow/.local/lib/python3.8/site-packages/airflow/example_dags/example_latest_only.py for tasks to queue
[2024-02-02T16:15:11.296+0000] {logging_mixin.py:188} INFO - [2024-02-02T16:15:11.296+0000] {dagbag.py:538} INFO - Filling up the DagBag from /home/airflow/.local/lib/python3.8/site-packages/airflow/example_dags/example_latest_only.py
[2024-02-02T16:15:11.299+0000] {processor.py:840} INFO - DAG(s) 'latest_only' retrieved from /home/airflow/.local/lib/python3.8/site-packages/airflow/example_dags/example_latest_only.py
[2024-02-02T16:15:11.321+0000] {logging_mixin.py:188} INFO - [2024-02-02T16:15:11.321+0000] {dag.py:3036} INFO - Sync 1 DAGs
[2024-02-02T16:15:11.337+0000] {logging_mixin.py:188} INFO - [2024-02-02T16:15:11.336+0000] {dag.py:3823} INFO - Setting next_dagrun for latest_only to 2024-02-02 12:00:00+00:00, run_after=2024-02-02 16:00:00+00:00
[2024-02-02T16:15:11.349+0000] {processor.py:183} INFO - Processing /home/airflow/.local/lib/python3.8/site-packages/airflow/example_dags/example_latest_only.py took 0.056 seconds
[2024-02-02T16:15:41.504+0000] {processor.py:161} INFO - Started process (PID=280) to work on /home/airflow/.local/lib/python3.8/site-packages/airflow/example_dags/example_latest_only.py
[2024-02-02T16:15:41.505+0000] {processor.py:830} INFO - Processing file /home/airflow/.local/lib/python3.8/site-packages/airflow/example_dags/example_latest_only.py for tasks to queue
[2024-02-02T16:15:41.506+0000] {logging_mixin.py:188} INFO - [2024-02-02T16:15:41.506+0000] {dagbag.py:538} INFO - Filling up the DagBag from /home/airflow/.local/lib/python3.8/site-packages/airflow/example_dags/example_latest_only.py
[2024-02-02T16:15:41.508+0000] {processor.py:840} INFO - DAG(s) 'latest_only' retrieved from /home/airflow/.local/lib/python3.8/site-packages/airflow/example_dags/example_latest_only.py
[2024-02-02T16:15:41.529+0000] {logging_mixin.py:188} INFO - [2024-02-02T16:15:41.529+0000] {dag.py:3036} INFO - Sync 1 DAGs
[2024-02-02T16:15:41.544+0000] {logging_mixin.py:188} INFO - [2024-02-02T16:15:41.544+0000] {dag.py:3823} INFO - Setting next_dagrun for latest_only to 2024-02-02 12:00:00+00:00, run_after=2024-02-02 16:00:00+00:00
[2024-02-02T16:15:41.556+0000] {processor.py:183} INFO - Processing /home/airflow/.local/lib/python3.8/site-packages/airflow/example_dags/example_latest_only.py took 0.052 seconds
[2024-02-02T16:16:11.673+0000] {processor.py:161} INFO - Started process (PID=339) to work on /home/airflow/.local/lib/python3.8/site-packages/airflow/example_dags/example_latest_only.py
[2024-02-02T16:16:11.674+0000] {processor.py:830} INFO - Processing file /home/airflow/.local/lib/python3.8/site-packages/airflow/example_dags/example_latest_only.py for tasks to queue
[2024-02-02T16:16:11.675+0000] {logging_mixin.py:188} INFO - [2024-02-02T16:16:11.674+0000] {dagbag.py:538} INFO - Filling up the DagBag from /home/airflow/.local/lib/python3.8/site-packages/airflow/example_dags/example_latest_only.py
[2024-02-02T16:16:11.677+0000] {processor.py:840} INFO - DAG(s) 'latest_only' retrieved from /home/airflow/.local/lib/python3.8/site-packages/airflow/example_dags/example_latest_only.py
[2024-02-02T16:16:11.699+0000] {logging_mixin.py:188} INFO - [2024-02-02T16:16:11.699+0000] {dag.py:3036} INFO - Sync 1 DAGs
[2024-02-02T16:16:11.714+0000] {logging_mixin.py:188} INFO - [2024-02-02T16:16:11.714+0000] {dag.py:3823} INFO - Setting next_dagrun for latest_only to 2024-02-02 12:00:00+00:00, run_after=2024-02-02 16:00:00+00:00
[2024-02-02T16:16:11.727+0000] {processor.py:183} INFO - Processing /home/airflow/.local/lib/python3.8/site-packages/airflow/example_dags/example_latest_only.py took 0.055 seconds
[2024-02-02T16:16:49.189+0000] {processor.py:161} INFO - Started process (PID=105) to work on /home/airflow/.local/lib/python3.8/site-packages/airflow/example_dags/example_latest_only.py
[2024-02-02T16:16:49.190+0000] {processor.py:830} INFO - Processing file /home/airflow/.local/lib/python3.8/site-packages/airflow/example_dags/example_latest_only.py for tasks to queue
[2024-02-02T16:16:49.191+0000] {logging_mixin.py:188} INFO - [2024-02-02T16:16:49.191+0000] {dagbag.py:538} INFO - Filling up the DagBag from /home/airflow/.local/lib/python3.8/site-packages/airflow/example_dags/example_latest_only.py
[2024-02-02T16:16:49.193+0000] {processor.py:840} INFO - DAG(s) 'latest_only' retrieved from /home/airflow/.local/lib/python3.8/site-packages/airflow/example_dags/example_latest_only.py
[2024-02-02T16:16:49.218+0000] {logging_mixin.py:188} INFO - [2024-02-02T16:16:49.218+0000] {dag.py:3036} INFO - Sync 1 DAGs
[2024-02-02T16:16:49.238+0000] {logging_mixin.py:188} INFO - [2024-02-02T16:16:49.237+0000] {dag.py:3823} INFO - Setting next_dagrun for latest_only to 2024-02-02 12:00:00+00:00, run_after=2024-02-02 16:00:00+00:00
[2024-02-02T16:16:49.253+0000] {processor.py:183} INFO - Processing /home/airflow/.local/lib/python3.8/site-packages/airflow/example_dags/example_latest_only.py took 0.066 seconds
[2024-02-02T16:17:20.011+0000] {processor.py:161} INFO - Started process (PID=168) to work on /home/airflow/.local/lib/python3.8/site-packages/airflow/example_dags/example_latest_only.py
[2024-02-02T16:17:20.012+0000] {processor.py:830} INFO - Processing file /home/airflow/.local/lib/python3.8/site-packages/airflow/example_dags/example_latest_only.py for tasks to queue
[2024-02-02T16:17:20.012+0000] {logging_mixin.py:188} INFO - [2024-02-02T16:17:20.012+0000] {dagbag.py:538} INFO - Filling up the DagBag from /home/airflow/.local/lib/python3.8/site-packages/airflow/example_dags/example_latest_only.py
[2024-02-02T16:17:20.015+0000] {processor.py:840} INFO - DAG(s) 'latest_only' retrieved from /home/airflow/.local/lib/python3.8/site-packages/airflow/example_dags/example_latest_only.py
[2024-02-02T16:17:20.035+0000] {logging_mixin.py:188} INFO - [2024-02-02T16:17:20.035+0000] {dag.py:3036} INFO - Sync 1 DAGs
[2024-02-02T16:17:20.050+0000] {logging_mixin.py:188} INFO - [2024-02-02T16:17:20.050+0000] {dag.py:3823} INFO - Setting next_dagrun for latest_only to 2024-02-02 12:00:00+00:00, run_after=2024-02-02 16:00:00+00:00
[2024-02-02T16:17:20.064+0000] {processor.py:183} INFO - Processing /home/airflow/.local/lib/python3.8/site-packages/airflow/example_dags/example_latest_only.py took 0.055 seconds
[2024-02-02T16:17:50.676+0000] {processor.py:161} INFO - Started process (PID=229) to work on /home/airflow/.local/lib/python3.8/site-packages/airflow/example_dags/example_latest_only.py
[2024-02-02T16:17:50.677+0000] {processor.py:830} INFO - Processing file /home/airflow/.local/lib/python3.8/site-packages/airflow/example_dags/example_latest_only.py for tasks to queue
[2024-02-02T16:17:50.677+0000] {logging_mixin.py:188} INFO - [2024-02-02T16:17:50.677+0000] {dagbag.py:538} INFO - Filling up the DagBag from /home/airflow/.local/lib/python3.8/site-packages/airflow/example_dags/example_latest_only.py
[2024-02-02T16:17:50.680+0000] {processor.py:840} INFO - DAG(s) 'latest_only' retrieved from /home/airflow/.local/lib/python3.8/site-packages/airflow/example_dags/example_latest_only.py
[2024-02-02T16:17:50.702+0000] {logging_mixin.py:188} INFO - [2024-02-02T16:17:50.702+0000] {dag.py:3036} INFO - Sync 1 DAGs
[2024-02-02T16:17:50.717+0000] {logging_mixin.py:188} INFO - [2024-02-02T16:17:50.717+0000] {dag.py:3823} INFO - Setting next_dagrun for latest_only to 2024-02-02 12:00:00+00:00, run_after=2024-02-02 16:00:00+00:00
[2024-02-02T16:17:50.729+0000] {processor.py:183} INFO - Processing /home/airflow/.local/lib/python3.8/site-packages/airflow/example_dags/example_latest_only.py took 0.055 seconds
[2024-02-02T16:18:21.326+0000] {processor.py:161} INFO - Started process (PID=105) to work on /home/airflow/.local/lib/python3.8/site-packages/airflow/example_dags/example_latest_only.py
[2024-02-02T16:18:21.326+0000] {processor.py:830} INFO - Processing file /home/airflow/.local/lib/python3.8/site-packages/airflow/example_dags/example_latest_only.py for tasks to queue
[2024-02-02T16:18:21.327+0000] {logging_mixin.py:188} INFO - [2024-02-02T16:18:21.327+0000] {dagbag.py:538} INFO - Filling up the DagBag from /home/airflow/.local/lib/python3.8/site-packages/airflow/example_dags/example_latest_only.py
[2024-02-02T16:18:21.329+0000] {processor.py:840} INFO - DAG(s) 'latest_only' retrieved from /home/airflow/.local/lib/python3.8/site-packages/airflow/example_dags/example_latest_only.py
[2024-02-02T16:18:21.351+0000] {logging_mixin.py:188} INFO - [2024-02-02T16:18:21.351+0000] {dag.py:3036} INFO - Sync 1 DAGs
[2024-02-02T16:18:21.366+0000] {logging_mixin.py:188} INFO - [2024-02-02T16:18:21.366+0000] {dag.py:3823} INFO - Setting next_dagrun for latest_only to 2024-02-02 12:00:00+00:00, run_after=2024-02-02 16:00:00+00:00
[2024-02-02T16:18:21.378+0000] {processor.py:183} INFO - Processing /home/airflow/.local/lib/python3.8/site-packages/airflow/example_dags/example_latest_only.py took 0.053 seconds
[2024-02-02T16:18:51.725+0000] {processor.py:161} INFO - Started process (PID=162) to work on /home/airflow/.local/lib/python3.8/site-packages/airflow/example_dags/example_latest_only.py
[2024-02-02T16:18:51.725+0000] {processor.py:830} INFO - Processing file /home/airflow/.local/lib/python3.8/site-packages/airflow/example_dags/example_latest_only.py for tasks to queue
[2024-02-02T16:18:51.726+0000] {logging_mixin.py:188} INFO - [2024-02-02T16:18:51.726+0000] {dagbag.py:538} INFO - Filling up the DagBag from /home/airflow/.local/lib/python3.8/site-packages/airflow/example_dags/example_latest_only.py
[2024-02-02T16:18:51.729+0000] {processor.py:840} INFO - DAG(s) 'latest_only' retrieved from /home/airflow/.local/lib/python3.8/site-packages/airflow/example_dags/example_latest_only.py
[2024-02-02T16:18:51.750+0000] {logging_mixin.py:188} INFO - [2024-02-02T16:18:51.750+0000] {dag.py:3036} INFO - Sync 1 DAGs
[2024-02-02T16:18:51.766+0000] {logging_mixin.py:188} INFO - [2024-02-02T16:18:51.765+0000] {dag.py:3823} INFO - Setting next_dagrun for latest_only to 2024-02-02 12:00:00+00:00, run_after=2024-02-02 16:00:00+00:00
[2024-02-02T16:18:51.777+0000] {processor.py:183} INFO - Processing /home/airflow/.local/lib/python3.8/site-packages/airflow/example_dags/example_latest_only.py took 0.054 seconds
[2024-02-02T16:19:14.431+0000] {processor.py:161} INFO - Started process (PID=105) to work on /home/airflow/.local/lib/python3.8/site-packages/airflow/example_dags/example_latest_only.py
[2024-02-02T16:19:14.432+0000] {processor.py:830} INFO - Processing file /home/airflow/.local/lib/python3.8/site-packages/airflow/example_dags/example_latest_only.py for tasks to queue
[2024-02-02T16:19:14.433+0000] {logging_mixin.py:188} INFO - [2024-02-02T16:19:14.433+0000] {dagbag.py:538} INFO - Filling up the DagBag from /home/airflow/.local/lib/python3.8/site-packages/airflow/example_dags/example_latest_only.py
[2024-02-02T16:19:14.435+0000] {processor.py:840} INFO - DAG(s) 'latest_only' retrieved from /home/airflow/.local/lib/python3.8/site-packages/airflow/example_dags/example_latest_only.py
[2024-02-02T16:19:14.456+0000] {logging_mixin.py:188} INFO - [2024-02-02T16:19:14.456+0000] {dag.py:3036} INFO - Sync 1 DAGs
[2024-02-02T16:19:14.472+0000] {logging_mixin.py:188} INFO - [2024-02-02T16:19:14.472+0000] {dag.py:3823} INFO - Setting next_dagrun for latest_only to 2024-02-02 12:00:00+00:00, run_after=2024-02-02 16:00:00+00:00
[2024-02-02T16:19:14.489+0000] {processor.py:183} INFO - Processing /home/airflow/.local/lib/python3.8/site-packages/airflow/example_dags/example_latest_only.py took 0.059 seconds
[2024-02-02T16:19:45.422+0000] {processor.py:161} INFO - Started process (PID=164) to work on /home/airflow/.local/lib/python3.8/site-packages/airflow/example_dags/example_latest_only.py
[2024-02-02T16:19:45.423+0000] {processor.py:830} INFO - Processing file /home/airflow/.local/lib/python3.8/site-packages/airflow/example_dags/example_latest_only.py for tasks to queue
[2024-02-02T16:19:45.424+0000] {logging_mixin.py:188} INFO - [2024-02-02T16:19:45.424+0000] {dagbag.py:538} INFO - Filling up the DagBag from /home/airflow/.local/lib/python3.8/site-packages/airflow/example_dags/example_latest_only.py
[2024-02-02T16:19:45.427+0000] {processor.py:840} INFO - DAG(s) 'latest_only' retrieved from /home/airflow/.local/lib/python3.8/site-packages/airflow/example_dags/example_latest_only.py
[2024-02-02T16:19:45.448+0000] {logging_mixin.py:188} INFO - [2024-02-02T16:19:45.448+0000] {dag.py:3036} INFO - Sync 1 DAGs
[2024-02-02T16:19:45.464+0000] {logging_mixin.py:188} INFO - [2024-02-02T16:19:45.464+0000] {dag.py:3823} INFO - Setting next_dagrun for latest_only to 2024-02-02 12:00:00+00:00, run_after=2024-02-02 16:00:00+00:00
[2024-02-02T16:19:45.478+0000] {processor.py:183} INFO - Processing /home/airflow/.local/lib/python3.8/site-packages/airflow/example_dags/example_latest_only.py took 0.057 seconds
[2024-02-02T16:20:16.210+0000] {processor.py:161} INFO - Started process (PID=221) to work on /home/airflow/.local/lib/python3.8/site-packages/airflow/example_dags/example_latest_only.py
[2024-02-02T16:20:16.211+0000] {processor.py:830} INFO - Processing file /home/airflow/.local/lib/python3.8/site-packages/airflow/example_dags/example_latest_only.py for tasks to queue
[2024-02-02T16:20:16.212+0000] {logging_mixin.py:188} INFO - [2024-02-02T16:20:16.212+0000] {dagbag.py:538} INFO - Filling up the DagBag from /home/airflow/.local/lib/python3.8/site-packages/airflow/example_dags/example_latest_only.py
[2024-02-02T16:20:16.214+0000] {processor.py:840} INFO - DAG(s) 'latest_only' retrieved from /home/airflow/.local/lib/python3.8/site-packages/airflow/example_dags/example_latest_only.py
[2024-02-02T16:20:16.236+0000] {logging_mixin.py:188} INFO - [2024-02-02T16:20:16.236+0000] {dag.py:3036} INFO - Sync 1 DAGs
[2024-02-02T16:20:16.251+0000] {logging_mixin.py:188} INFO - [2024-02-02T16:20:16.251+0000] {dag.py:3823} INFO - Setting next_dagrun for latest_only to 2024-02-02 12:00:00+00:00, run_after=2024-02-02 16:00:00+00:00
[2024-02-02T16:20:16.264+0000] {processor.py:183} INFO - Processing /home/airflow/.local/lib/python3.8/site-packages/airflow/example_dags/example_latest_only.py took 0.055 seconds
[2024-02-02T16:20:46.314+0000] {processor.py:161} INFO - Started process (PID=280) to work on /home/airflow/.local/lib/python3.8/site-packages/airflow/example_dags/example_latest_only.py
[2024-02-02T16:20:46.314+0000] {processor.py:830} INFO - Processing file /home/airflow/.local/lib/python3.8/site-packages/airflow/example_dags/example_latest_only.py for tasks to queue
[2024-02-02T16:20:46.315+0000] {logging_mixin.py:188} INFO - [2024-02-02T16:20:46.315+0000] {dagbag.py:538} INFO - Filling up the DagBag from /home/airflow/.local/lib/python3.8/site-packages/airflow/example_dags/example_latest_only.py
[2024-02-02T16:20:46.318+0000] {processor.py:840} INFO - DAG(s) 'latest_only' retrieved from /home/airflow/.local/lib/python3.8/site-packages/airflow/example_dags/example_latest_only.py
[2024-02-02T16:20:46.340+0000] {logging_mixin.py:188} INFO - [2024-02-02T16:20:46.339+0000] {dag.py:3036} INFO - Sync 1 DAGs
[2024-02-02T16:20:46.355+0000] {logging_mixin.py:188} INFO - [2024-02-02T16:20:46.355+0000] {dag.py:3823} INFO - Setting next_dagrun for latest_only to 2024-02-02 12:00:00+00:00, run_after=2024-02-02 16:00:00+00:00
[2024-02-02T16:20:46.367+0000] {processor.py:183} INFO - Processing /home/airflow/.local/lib/python3.8/site-packages/airflow/example_dags/example_latest_only.py took 0.054 seconds
[2024-02-02T16:21:16.489+0000] {processor.py:161} INFO - Started process (PID=339) to work on /home/airflow/.local/lib/python3.8/site-packages/airflow/example_dags/example_latest_only.py
[2024-02-02T16:21:16.489+0000] {processor.py:830} INFO - Processing file /home/airflow/.local/lib/python3.8/site-packages/airflow/example_dags/example_latest_only.py for tasks to queue
[2024-02-02T16:21:16.490+0000] {logging_mixin.py:188} INFO - [2024-02-02T16:21:16.490+0000] {dagbag.py:538} INFO - Filling up the DagBag from /home/airflow/.local/lib/python3.8/site-packages/airflow/example_dags/example_latest_only.py
[2024-02-02T16:21:16.492+0000] {processor.py:840} INFO - DAG(s) 'latest_only' retrieved from /home/airflow/.local/lib/python3.8/site-packages/airflow/example_dags/example_latest_only.py
[2024-02-02T16:21:16.514+0000] {logging_mixin.py:188} INFO - [2024-02-02T16:21:16.514+0000] {dag.py:3036} INFO - Sync 1 DAGs
[2024-02-02T16:21:16.528+0000] {logging_mixin.py:188} INFO - [2024-02-02T16:21:16.528+0000] {dag.py:3823} INFO - Setting next_dagrun for latest_only to 2024-02-02 12:00:00+00:00, run_after=2024-02-02 16:00:00+00:00
[2024-02-02T16:21:16.540+0000] {processor.py:183} INFO - Processing /home/airflow/.local/lib/python3.8/site-packages/airflow/example_dags/example_latest_only.py took 0.053 seconds
[2024-02-02T16:21:46.711+0000] {processor.py:161} INFO - Started process (PID=398) to work on /home/airflow/.local/lib/python3.8/site-packages/airflow/example_dags/example_latest_only.py
[2024-02-02T16:21:46.711+0000] {processor.py:830} INFO - Processing file /home/airflow/.local/lib/python3.8/site-packages/airflow/example_dags/example_latest_only.py for tasks to queue
[2024-02-02T16:21:46.712+0000] {logging_mixin.py:188} INFO - [2024-02-02T16:21:46.712+0000] {dagbag.py:538} INFO - Filling up the DagBag from /home/airflow/.local/lib/python3.8/site-packages/airflow/example_dags/example_latest_only.py
[2024-02-02T16:21:46.714+0000] {processor.py:840} INFO - DAG(s) 'latest_only' retrieved from /home/airflow/.local/lib/python3.8/site-packages/airflow/example_dags/example_latest_only.py
[2024-02-02T16:21:46.736+0000] {logging_mixin.py:188} INFO - [2024-02-02T16:21:46.736+0000] {dag.py:3036} INFO - Sync 1 DAGs
[2024-02-02T16:21:46.751+0000] {logging_mixin.py:188} INFO - [2024-02-02T16:21:46.751+0000] {dag.py:3823} INFO - Setting next_dagrun for latest_only to 2024-02-02 12:00:00+00:00, run_after=2024-02-02 16:00:00+00:00
[2024-02-02T16:21:46.763+0000] {processor.py:183} INFO - Processing /home/airflow/.local/lib/python3.8/site-packages/airflow/example_dags/example_latest_only.py took 0.054 seconds
[2024-02-02T16:22:17.703+0000] {processor.py:161} INFO - Started process (PID=458) to work on /home/airflow/.local/lib/python3.8/site-packages/airflow/example_dags/example_latest_only.py
[2024-02-02T16:22:17.704+0000] {processor.py:830} INFO - Processing file /home/airflow/.local/lib/python3.8/site-packages/airflow/example_dags/example_latest_only.py for tasks to queue
[2024-02-02T16:22:17.705+0000] {logging_mixin.py:188} INFO - [2024-02-02T16:22:17.705+0000] {dagbag.py:538} INFO - Filling up the DagBag from /home/airflow/.local/lib/python3.8/site-packages/airflow/example_dags/example_latest_only.py
[2024-02-02T16:22:17.707+0000] {processor.py:840} INFO - DAG(s) 'latest_only' retrieved from /home/airflow/.local/lib/python3.8/site-packages/airflow/example_dags/example_latest_only.py
[2024-02-02T16:22:17.729+0000] {logging_mixin.py:188} INFO - [2024-02-02T16:22:17.729+0000] {dag.py:3036} INFO - Sync 1 DAGs
[2024-02-02T16:22:17.744+0000] {logging_mixin.py:188} INFO - [2024-02-02T16:22:17.744+0000] {dag.py:3823} INFO - Setting next_dagrun for latest_only to 2024-02-02 12:00:00+00:00, run_after=2024-02-02 16:00:00+00:00
[2024-02-02T16:22:17.756+0000] {processor.py:183} INFO - Processing /home/airflow/.local/lib/python3.8/site-packages/airflow/example_dags/example_latest_only.py took 0.054 seconds
[2024-02-02T16:22:49.317+0000] {processor.py:161} INFO - Started process (PID=105) to work on /home/airflow/.local/lib/python3.8/site-packages/airflow/example_dags/example_latest_only.py
[2024-02-02T16:22:49.318+0000] {processor.py:830} INFO - Processing file /home/airflow/.local/lib/python3.8/site-packages/airflow/example_dags/example_latest_only.py for tasks to queue
[2024-02-02T16:22:49.319+0000] {logging_mixin.py:188} INFO - [2024-02-02T16:22:49.319+0000] {dagbag.py:538} INFO - Filling up the DagBag from /home/airflow/.local/lib/python3.8/site-packages/airflow/example_dags/example_latest_only.py
[2024-02-02T16:22:49.321+0000] {processor.py:840} INFO - DAG(s) 'latest_only' retrieved from /home/airflow/.local/lib/python3.8/site-packages/airflow/example_dags/example_latest_only.py
[2024-02-02T16:22:49.343+0000] {logging_mixin.py:188} INFO - [2024-02-02T16:22:49.343+0000] {dag.py:3036} INFO - Sync 1 DAGs
[2024-02-02T16:22:49.359+0000] {logging_mixin.py:188} INFO - [2024-02-02T16:22:49.359+0000] {dag.py:3823} INFO - Setting next_dagrun for latest_only to 2024-02-02 12:00:00+00:00, run_after=2024-02-02 16:00:00+00:00
[2024-02-02T16:22:49.376+0000] {processor.py:183} INFO - Processing /home/airflow/.local/lib/python3.8/site-packages/airflow/example_dags/example_latest_only.py took 0.060 seconds
[2024-02-02T16:23:20.221+0000] {processor.py:161} INFO - Started process (PID=164) to work on /home/airflow/.local/lib/python3.8/site-packages/airflow/example_dags/example_latest_only.py
[2024-02-02T16:23:20.221+0000] {processor.py:830} INFO - Processing file /home/airflow/.local/lib/python3.8/site-packages/airflow/example_dags/example_latest_only.py for tasks to queue
[2024-02-02T16:23:20.222+0000] {logging_mixin.py:188} INFO - [2024-02-02T16:23:20.222+0000] {dagbag.py:538} INFO - Filling up the DagBag from /home/airflow/.local/lib/python3.8/site-packages/airflow/example_dags/example_latest_only.py
[2024-02-02T16:23:20.224+0000] {processor.py:840} INFO - DAG(s) 'latest_only' retrieved from /home/airflow/.local/lib/python3.8/site-packages/airflow/example_dags/example_latest_only.py
[2024-02-02T16:23:20.246+0000] {logging_mixin.py:188} INFO - [2024-02-02T16:23:20.245+0000] {dag.py:3036} INFO - Sync 1 DAGs
[2024-02-02T16:23:20.260+0000] {logging_mixin.py:188} INFO - [2024-02-02T16:23:20.260+0000] {dag.py:3823} INFO - Setting next_dagrun for latest_only to 2024-02-02 12:00:00+00:00, run_after=2024-02-02 16:00:00+00:00
[2024-02-02T16:23:20.272+0000] {processor.py:183} INFO - Processing /home/airflow/.local/lib/python3.8/site-packages/airflow/example_dags/example_latest_only.py took 0.052 seconds
[2024-02-02T16:23:50.896+0000] {processor.py:161} INFO - Started process (PID=221) to work on /home/airflow/.local/lib/python3.8/site-packages/airflow/example_dags/example_latest_only.py
[2024-02-02T16:23:50.896+0000] {processor.py:830} INFO - Processing file /home/airflow/.local/lib/python3.8/site-packages/airflow/example_dags/example_latest_only.py for tasks to queue
[2024-02-02T16:23:50.897+0000] {logging_mixin.py:188} INFO - [2024-02-02T16:23:50.897+0000] {dagbag.py:538} INFO - Filling up the DagBag from /home/airflow/.local/lib/python3.8/site-packages/airflow/example_dags/example_latest_only.py
[2024-02-02T16:23:50.899+0000] {processor.py:840} INFO - DAG(s) 'latest_only' retrieved from /home/airflow/.local/lib/python3.8/site-packages/airflow/example_dags/example_latest_only.py
[2024-02-02T16:23:50.922+0000] {logging_mixin.py:188} INFO - [2024-02-02T16:23:50.921+0000] {dag.py:3036} INFO - Sync 1 DAGs
[2024-02-02T16:23:50.936+0000] {logging_mixin.py:188} INFO - [2024-02-02T16:23:50.936+0000] {dag.py:3823} INFO - Setting next_dagrun for latest_only to 2024-02-02 12:00:00+00:00, run_after=2024-02-02 16:00:00+00:00
[2024-02-02T16:23:50.948+0000] {processor.py:183} INFO - Processing /home/airflow/.local/lib/python3.8/site-packages/airflow/example_dags/example_latest_only.py took 0.054 seconds
[2024-02-02T16:24:21.890+0000] {processor.py:161} INFO - Started process (PID=280) to work on /home/airflow/.local/lib/python3.8/site-packages/airflow/example_dags/example_latest_only.py
[2024-02-02T16:24:21.890+0000] {processor.py:830} INFO - Processing file /home/airflow/.local/lib/python3.8/site-packages/airflow/example_dags/example_latest_only.py for tasks to queue
[2024-02-02T16:24:21.891+0000] {logging_mixin.py:188} INFO - [2024-02-02T16:24:21.891+0000] {dagbag.py:538} INFO - Filling up the DagBag from /home/airflow/.local/lib/python3.8/site-packages/airflow/example_dags/example_latest_only.py
[2024-02-02T16:24:21.894+0000] {processor.py:840} INFO - DAG(s) 'latest_only' retrieved from /home/airflow/.local/lib/python3.8/site-packages/airflow/example_dags/example_latest_only.py
[2024-02-02T16:24:21.916+0000] {logging_mixin.py:188} INFO - [2024-02-02T16:24:21.915+0000] {dag.py:3036} INFO - Sync 1 DAGs
[2024-02-02T16:24:21.930+0000] {logging_mixin.py:188} INFO - [2024-02-02T16:24:21.930+0000] {dag.py:3823} INFO - Setting next_dagrun for latest_only to 2024-02-02 12:00:00+00:00, run_after=2024-02-02 16:00:00+00:00
[2024-02-02T16:24:21.942+0000] {processor.py:183} INFO - Processing /home/airflow/.local/lib/python3.8/site-packages/airflow/example_dags/example_latest_only.py took 0.054 seconds
[2024-02-02T16:24:52.643+0000] {processor.py:161} INFO - Started process (PID=339) to work on /home/airflow/.local/lib/python3.8/site-packages/airflow/example_dags/example_latest_only.py
[2024-02-02T16:24:52.643+0000] {processor.py:830} INFO - Processing file /home/airflow/.local/lib/python3.8/site-packages/airflow/example_dags/example_latest_only.py for tasks to queue
[2024-02-02T16:24:52.644+0000] {logging_mixin.py:188} INFO - [2024-02-02T16:24:52.644+0000] {dagbag.py:538} INFO - Filling up the DagBag from /home/airflow/.local/lib/python3.8/site-packages/airflow/example_dags/example_latest_only.py
[2024-02-02T16:24:52.646+0000] {processor.py:840} INFO - DAG(s) 'latest_only' retrieved from /home/airflow/.local/lib/python3.8/site-packages/airflow/example_dags/example_latest_only.py
[2024-02-02T16:24:52.667+0000] {logging_mixin.py:188} INFO - [2024-02-02T16:24:52.667+0000] {dag.py:3036} INFO - Sync 1 DAGs
[2024-02-02T16:24:52.681+0000] {logging_mixin.py:188} INFO - [2024-02-02T16:24:52.681+0000] {dag.py:3823} INFO - Setting next_dagrun for latest_only to 2024-02-02 12:00:00+00:00, run_after=2024-02-02 16:00:00+00:00
[2024-02-02T16:24:52.693+0000] {processor.py:183} INFO - Processing /home/airflow/.local/lib/python3.8/site-packages/airflow/example_dags/example_latest_only.py took 0.051 seconds
[2024-02-02T16:25:22.765+0000] {processor.py:161} INFO - Started process (PID=402) to work on /home/airflow/.local/lib/python3.8/site-packages/airflow/example_dags/example_latest_only.py
[2024-02-02T16:25:22.766+0000] {processor.py:830} INFO - Processing file /home/airflow/.local/lib/python3.8/site-packages/airflow/example_dags/example_latest_only.py for tasks to queue
[2024-02-02T16:25:22.767+0000] {logging_mixin.py:188} INFO - [2024-02-02T16:25:22.767+0000] {dagbag.py:538} INFO - Filling up the DagBag from /home/airflow/.local/lib/python3.8/site-packages/airflow/example_dags/example_latest_only.py
[2024-02-02T16:25:22.770+0000] {processor.py:840} INFO - DAG(s) 'latest_only' retrieved from /home/airflow/.local/lib/python3.8/site-packages/airflow/example_dags/example_latest_only.py
[2024-02-02T16:25:22.794+0000] {logging_mixin.py:188} INFO - [2024-02-02T16:25:22.794+0000] {dag.py:3036} INFO - Sync 1 DAGs
[2024-02-02T16:25:22.812+0000] {logging_mixin.py:188} INFO - [2024-02-02T16:25:22.811+0000] {dag.py:3823} INFO - Setting next_dagrun for latest_only to 2024-02-02 12:00:00+00:00, run_after=2024-02-02 16:00:00+00:00
[2024-02-02T16:25:22.825+0000] {processor.py:183} INFO - Processing /home/airflow/.local/lib/python3.8/site-packages/airflow/example_dags/example_latest_only.py took 0.061 seconds
[2024-02-02T16:25:41.720+0000] {processor.py:161} INFO - Started process (PID=105) to work on /home/airflow/.local/lib/python3.8/site-packages/airflow/example_dags/example_latest_only.py
[2024-02-02T16:25:41.721+0000] {processor.py:830} INFO - Processing file /home/airflow/.local/lib/python3.8/site-packages/airflow/example_dags/example_latest_only.py for tasks to queue
[2024-02-02T16:25:41.722+0000] {logging_mixin.py:188} INFO - [2024-02-02T16:25:41.722+0000] {dagbag.py:538} INFO - Filling up the DagBag from /home/airflow/.local/lib/python3.8/site-packages/airflow/example_dags/example_latest_only.py
[2024-02-02T16:25:41.726+0000] {processor.py:840} INFO - DAG(s) 'latest_only' retrieved from /home/airflow/.local/lib/python3.8/site-packages/airflow/example_dags/example_latest_only.py
[2024-02-02T16:25:41.751+0000] {logging_mixin.py:188} INFO - [2024-02-02T16:25:41.750+0000] {dag.py:3036} INFO - Sync 1 DAGs
[2024-02-02T16:25:41.770+0000] {logging_mixin.py:188} INFO - [2024-02-02T16:25:41.770+0000] {dag.py:3823} INFO - Setting next_dagrun for latest_only to 2024-02-02 12:00:00+00:00, run_after=2024-02-02 16:00:00+00:00
[2024-02-02T16:25:41.797+0000] {processor.py:183} INFO - Processing /home/airflow/.local/lib/python3.8/site-packages/airflow/example_dags/example_latest_only.py took 0.080 seconds
[2024-02-02T16:26:12.605+0000] {processor.py:161} INFO - Started process (PID=168) to work on /home/airflow/.local/lib/python3.8/site-packages/airflow/example_dags/example_latest_only.py
[2024-02-02T16:26:12.605+0000] {processor.py:830} INFO - Processing file /home/airflow/.local/lib/python3.8/site-packages/airflow/example_dags/example_latest_only.py for tasks to queue
[2024-02-02T16:26:12.606+0000] {logging_mixin.py:188} INFO - [2024-02-02T16:26:12.606+0000] {dagbag.py:538} INFO - Filling up the DagBag from /home/airflow/.local/lib/python3.8/site-packages/airflow/example_dags/example_latest_only.py
[2024-02-02T16:26:12.609+0000] {processor.py:840} INFO - DAG(s) 'latest_only' retrieved from /home/airflow/.local/lib/python3.8/site-packages/airflow/example_dags/example_latest_only.py
[2024-02-02T16:26:12.630+0000] {logging_mixin.py:188} INFO - [2024-02-02T16:26:12.630+0000] {dag.py:3036} INFO - Sync 1 DAGs
[2024-02-02T16:26:12.645+0000] {logging_mixin.py:188} INFO - [2024-02-02T16:26:12.645+0000] {dag.py:3823} INFO - Setting next_dagrun for latest_only to 2024-02-02 12:00:00+00:00, run_after=2024-02-02 16:00:00+00:00
[2024-02-02T16:26:12.656+0000] {processor.py:183} INFO - Processing /home/airflow/.local/lib/python3.8/site-packages/airflow/example_dags/example_latest_only.py took 0.053 seconds
[2024-02-02T16:26:43.449+0000] {processor.py:161} INFO - Started process (PID=225) to work on /home/airflow/.local/lib/python3.8/site-packages/airflow/example_dags/example_latest_only.py
[2024-02-02T16:26:43.449+0000] {processor.py:830} INFO - Processing file /home/airflow/.local/lib/python3.8/site-packages/airflow/example_dags/example_latest_only.py for tasks to queue
[2024-02-02T16:26:43.450+0000] {logging_mixin.py:188} INFO - [2024-02-02T16:26:43.450+0000] {dagbag.py:538} INFO - Filling up the DagBag from /home/airflow/.local/lib/python3.8/site-packages/airflow/example_dags/example_latest_only.py
[2024-02-02T16:26:43.452+0000] {processor.py:840} INFO - DAG(s) 'latest_only' retrieved from /home/airflow/.local/lib/python3.8/site-packages/airflow/example_dags/example_latest_only.py
[2024-02-02T16:26:43.474+0000] {logging_mixin.py:188} INFO - [2024-02-02T16:26:43.474+0000] {dag.py:3036} INFO - Sync 1 DAGs
[2024-02-02T16:26:43.489+0000] {logging_mixin.py:188} INFO - [2024-02-02T16:26:43.489+0000] {dag.py:3823} INFO - Setting next_dagrun for latest_only to 2024-02-02 12:00:00+00:00, run_after=2024-02-02 16:00:00+00:00
[2024-02-02T16:26:43.501+0000] {processor.py:183} INFO - Processing /home/airflow/.local/lib/python3.8/site-packages/airflow/example_dags/example_latest_only.py took 0.054 seconds
[2024-02-02T16:27:14.026+0000] {processor.py:161} INFO - Started process (PID=284) to work on /home/airflow/.local/lib/python3.8/site-packages/airflow/example_dags/example_latest_only.py
[2024-02-02T16:27:14.026+0000] {processor.py:830} INFO - Processing file /home/airflow/.local/lib/python3.8/site-packages/airflow/example_dags/example_latest_only.py for tasks to queue
[2024-02-02T16:27:14.027+0000] {logging_mixin.py:188} INFO - [2024-02-02T16:27:14.027+0000] {dagbag.py:538} INFO - Filling up the DagBag from /home/airflow/.local/lib/python3.8/site-packages/airflow/example_dags/example_latest_only.py
[2024-02-02T16:27:14.030+0000] {processor.py:840} INFO - DAG(s) 'latest_only' retrieved from /home/airflow/.local/lib/python3.8/site-packages/airflow/example_dags/example_latest_only.py
[2024-02-02T16:27:14.051+0000] {logging_mixin.py:188} INFO - [2024-02-02T16:27:14.051+0000] {dag.py:3036} INFO - Sync 1 DAGs
[2024-02-02T16:27:14.066+0000] {logging_mixin.py:188} INFO - [2024-02-02T16:27:14.066+0000] {dag.py:3823} INFO - Setting next_dagrun for latest_only to 2024-02-02 12:00:00+00:00, run_after=2024-02-02 16:00:00+00:00
[2024-02-02T16:27:14.081+0000] {processor.py:183} INFO - Processing /home/airflow/.local/lib/python3.8/site-packages/airflow/example_dags/example_latest_only.py took 0.057 seconds
[2024-02-02T16:27:45.436+0000] {processor.py:161} INFO - Started process (PID=345) to work on /home/airflow/.local/lib/python3.8/site-packages/airflow/example_dags/example_latest_only.py
[2024-02-02T16:27:45.436+0000] {processor.py:830} INFO - Processing file /home/airflow/.local/lib/python3.8/site-packages/airflow/example_dags/example_latest_only.py for tasks to queue
[2024-02-02T16:27:45.437+0000] {logging_mixin.py:188} INFO - [2024-02-02T16:27:45.437+0000] {dagbag.py:538} INFO - Filling up the DagBag from /home/airflow/.local/lib/python3.8/site-packages/airflow/example_dags/example_latest_only.py
[2024-02-02T16:27:45.440+0000] {processor.py:840} INFO - DAG(s) 'latest_only' retrieved from /home/airflow/.local/lib/python3.8/site-packages/airflow/example_dags/example_latest_only.py
[2024-02-02T16:27:45.460+0000] {logging_mixin.py:188} INFO - [2024-02-02T16:27:45.460+0000] {dag.py:3036} INFO - Sync 1 DAGs
[2024-02-02T16:27:45.475+0000] {logging_mixin.py:188} INFO - [2024-02-02T16:27:45.474+0000] {dag.py:3823} INFO - Setting next_dagrun for latest_only to 2024-02-02 12:00:00+00:00, run_after=2024-02-02 16:00:00+00:00
[2024-02-02T16:27:45.486+0000] {processor.py:183} INFO - Processing /home/airflow/.local/lib/python3.8/site-packages/airflow/example_dags/example_latest_only.py took 0.052 seconds
[2024-02-02T16:28:15.787+0000] {processor.py:161} INFO - Started process (PID=404) to work on /home/airflow/.local/lib/python3.8/site-packages/airflow/example_dags/example_latest_only.py
[2024-02-02T16:28:15.787+0000] {processor.py:830} INFO - Processing file /home/airflow/.local/lib/python3.8/site-packages/airflow/example_dags/example_latest_only.py for tasks to queue
[2024-02-02T16:28:15.788+0000] {logging_mixin.py:188} INFO - [2024-02-02T16:28:15.788+0000] {dagbag.py:538} INFO - Filling up the DagBag from /home/airflow/.local/lib/python3.8/site-packages/airflow/example_dags/example_latest_only.py
[2024-02-02T16:28:15.791+0000] {processor.py:840} INFO - DAG(s) 'latest_only' retrieved from /home/airflow/.local/lib/python3.8/site-packages/airflow/example_dags/example_latest_only.py
[2024-02-02T16:28:15.812+0000] {logging_mixin.py:188} INFO - [2024-02-02T16:28:15.812+0000] {dag.py:3036} INFO - Sync 1 DAGs
[2024-02-02T16:28:15.826+0000] {logging_mixin.py:188} INFO - [2024-02-02T16:28:15.826+0000] {dag.py:3823} INFO - Setting next_dagrun for latest_only to 2024-02-02 12:00:00+00:00, run_after=2024-02-02 16:00:00+00:00
[2024-02-02T16:28:15.837+0000] {processor.py:183} INFO - Processing /home/airflow/.local/lib/python3.8/site-packages/airflow/example_dags/example_latest_only.py took 0.052 seconds
[2024-02-02T16:28:45.883+0000] {processor.py:161} INFO - Started process (PID=461) to work on /home/airflow/.local/lib/python3.8/site-packages/airflow/example_dags/example_latest_only.py
[2024-02-02T16:28:45.884+0000] {processor.py:830} INFO - Processing file /home/airflow/.local/lib/python3.8/site-packages/airflow/example_dags/example_latest_only.py for tasks to queue
[2024-02-02T16:28:45.885+0000] {logging_mixin.py:188} INFO - [2024-02-02T16:28:45.885+0000] {dagbag.py:538} INFO - Filling up the DagBag from /home/airflow/.local/lib/python3.8/site-packages/airflow/example_dags/example_latest_only.py
[2024-02-02T16:28:45.887+0000] {processor.py:840} INFO - DAG(s) 'latest_only' retrieved from /home/airflow/.local/lib/python3.8/site-packages/airflow/example_dags/example_latest_only.py
[2024-02-02T16:28:45.908+0000] {logging_mixin.py:188} INFO - [2024-02-02T16:28:45.908+0000] {dag.py:3036} INFO - Sync 1 DAGs
[2024-02-02T16:28:45.922+0000] {logging_mixin.py:188} INFO - [2024-02-02T16:28:45.922+0000] {dag.py:3823} INFO - Setting next_dagrun for latest_only to 2024-02-02 12:00:00+00:00, run_after=2024-02-02 16:00:00+00:00
[2024-02-02T16:28:45.934+0000] {processor.py:183} INFO - Processing /home/airflow/.local/lib/python3.8/site-packages/airflow/example_dags/example_latest_only.py took 0.052 seconds
[2024-02-02T16:29:16.010+0000] {processor.py:161} INFO - Started process (PID=519) to work on /home/airflow/.local/lib/python3.8/site-packages/airflow/example_dags/example_latest_only.py
[2024-02-02T16:29:16.010+0000] {processor.py:830} INFO - Processing file /home/airflow/.local/lib/python3.8/site-packages/airflow/example_dags/example_latest_only.py for tasks to queue
[2024-02-02T16:29:16.011+0000] {logging_mixin.py:188} INFO - [2024-02-02T16:29:16.011+0000] {dagbag.py:538} INFO - Filling up the DagBag from /home/airflow/.local/lib/python3.8/site-packages/airflow/example_dags/example_latest_only.py
[2024-02-02T16:29:16.013+0000] {processor.py:840} INFO - DAG(s) 'latest_only' retrieved from /home/airflow/.local/lib/python3.8/site-packages/airflow/example_dags/example_latest_only.py
[2024-02-02T16:29:16.034+0000] {logging_mixin.py:188} INFO - [2024-02-02T16:29:16.034+0000] {dag.py:3036} INFO - Sync 1 DAGs
[2024-02-02T16:29:16.048+0000] {logging_mixin.py:188} INFO - [2024-02-02T16:29:16.048+0000] {dag.py:3823} INFO - Setting next_dagrun for latest_only to 2024-02-02 12:00:00+00:00, run_after=2024-02-02 16:00:00+00:00
[2024-02-02T16:29:16.060+0000] {processor.py:183} INFO - Processing /home/airflow/.local/lib/python3.8/site-packages/airflow/example_dags/example_latest_only.py took 0.052 seconds
[2024-02-02T16:29:46.178+0000] {processor.py:161} INFO - Started process (PID=577) to work on /home/airflow/.local/lib/python3.8/site-packages/airflow/example_dags/example_latest_only.py
[2024-02-02T16:29:46.179+0000] {processor.py:830} INFO - Processing file /home/airflow/.local/lib/python3.8/site-packages/airflow/example_dags/example_latest_only.py for tasks to queue
[2024-02-02T16:29:46.180+0000] {logging_mixin.py:188} INFO - [2024-02-02T16:29:46.180+0000] {dagbag.py:538} INFO - Filling up the DagBag from /home/airflow/.local/lib/python3.8/site-packages/airflow/example_dags/example_latest_only.py
[2024-02-02T16:29:46.182+0000] {processor.py:840} INFO - DAG(s) 'latest_only' retrieved from /home/airflow/.local/lib/python3.8/site-packages/airflow/example_dags/example_latest_only.py
[2024-02-02T16:29:46.204+0000] {logging_mixin.py:188} INFO - [2024-02-02T16:29:46.204+0000] {dag.py:3036} INFO - Sync 1 DAGs
[2024-02-02T16:29:46.218+0000] {logging_mixin.py:188} INFO - [2024-02-02T16:29:46.218+0000] {dag.py:3823} INFO - Setting next_dagrun for latest_only to 2024-02-02 12:00:00+00:00, run_after=2024-02-02 16:00:00+00:00
[2024-02-02T16:29:46.230+0000] {processor.py:183} INFO - Processing /home/airflow/.local/lib/python3.8/site-packages/airflow/example_dags/example_latest_only.py took 0.053 seconds
[2024-02-02T16:30:16.534+0000] {processor.py:161} INFO - Started process (PID=636) to work on /home/airflow/.local/lib/python3.8/site-packages/airflow/example_dags/example_latest_only.py
[2024-02-02T16:30:16.535+0000] {processor.py:830} INFO - Processing file /home/airflow/.local/lib/python3.8/site-packages/airflow/example_dags/example_latest_only.py for tasks to queue
[2024-02-02T16:30:16.535+0000] {logging_mixin.py:188} INFO - [2024-02-02T16:30:16.535+0000] {dagbag.py:538} INFO - Filling up the DagBag from /home/airflow/.local/lib/python3.8/site-packages/airflow/example_dags/example_latest_only.py
[2024-02-02T16:30:16.538+0000] {processor.py:840} INFO - DAG(s) 'latest_only' retrieved from /home/airflow/.local/lib/python3.8/site-packages/airflow/example_dags/example_latest_only.py
[2024-02-02T16:30:16.560+0000] {logging_mixin.py:188} INFO - [2024-02-02T16:30:16.560+0000] {dag.py:3036} INFO - Sync 1 DAGs
[2024-02-02T16:30:16.575+0000] {logging_mixin.py:188} INFO - [2024-02-02T16:30:16.575+0000] {dag.py:3823} INFO - Setting next_dagrun for latest_only to 2024-02-02 12:00:00+00:00, run_after=2024-02-02 16:00:00+00:00
[2024-02-02T16:30:16.588+0000] {processor.py:183} INFO - Processing /home/airflow/.local/lib/python3.8/site-packages/airflow/example_dags/example_latest_only.py took 0.055 seconds
[2024-02-02T16:30:46.930+0000] {processor.py:161} INFO - Started process (PID=695) to work on /home/airflow/.local/lib/python3.8/site-packages/airflow/example_dags/example_latest_only.py
[2024-02-02T16:30:46.931+0000] {processor.py:830} INFO - Processing file /home/airflow/.local/lib/python3.8/site-packages/airflow/example_dags/example_latest_only.py for tasks to queue
[2024-02-02T16:30:46.932+0000] {logging_mixin.py:188} INFO - [2024-02-02T16:30:46.932+0000] {dagbag.py:538} INFO - Filling up the DagBag from /home/airflow/.local/lib/python3.8/site-packages/airflow/example_dags/example_latest_only.py
[2024-02-02T16:30:46.934+0000] {processor.py:840} INFO - DAG(s) 'latest_only' retrieved from /home/airflow/.local/lib/python3.8/site-packages/airflow/example_dags/example_latest_only.py
[2024-02-02T16:30:46.956+0000] {logging_mixin.py:188} INFO - [2024-02-02T16:30:46.956+0000] {dag.py:3036} INFO - Sync 1 DAGs
[2024-02-02T16:30:46.971+0000] {logging_mixin.py:188} INFO - [2024-02-02T16:30:46.971+0000] {dag.py:3823} INFO - Setting next_dagrun for latest_only to 2024-02-02 12:00:00+00:00, run_after=2024-02-02 16:00:00+00:00
[2024-02-02T16:30:46.983+0000] {processor.py:183} INFO - Processing /home/airflow/.local/lib/python3.8/site-packages/airflow/example_dags/example_latest_only.py took 0.054 seconds
[2024-02-02T16:31:17.301+0000] {processor.py:161} INFO - Started process (PID=754) to work on /home/airflow/.local/lib/python3.8/site-packages/airflow/example_dags/example_latest_only.py
[2024-02-02T16:31:17.302+0000] {processor.py:830} INFO - Processing file /home/airflow/.local/lib/python3.8/site-packages/airflow/example_dags/example_latest_only.py for tasks to queue
[2024-02-02T16:31:17.303+0000] {logging_mixin.py:188} INFO - [2024-02-02T16:31:17.303+0000] {dagbag.py:538} INFO - Filling up the DagBag from /home/airflow/.local/lib/python3.8/site-packages/airflow/example_dags/example_latest_only.py
[2024-02-02T16:31:17.306+0000] {processor.py:840} INFO - DAG(s) 'latest_only' retrieved from /home/airflow/.local/lib/python3.8/site-packages/airflow/example_dags/example_latest_only.py
[2024-02-02T16:31:17.332+0000] {logging_mixin.py:188} INFO - [2024-02-02T16:31:17.332+0000] {dag.py:3036} INFO - Sync 1 DAGs
[2024-02-02T16:31:17.350+0000] {logging_mixin.py:188} INFO - [2024-02-02T16:31:17.349+0000] {dag.py:3823} INFO - Setting next_dagrun for latest_only to 2024-02-02 12:00:00+00:00, run_after=2024-02-02 16:00:00+00:00
[2024-02-02T16:31:17.363+0000] {processor.py:183} INFO - Processing /home/airflow/.local/lib/python3.8/site-packages/airflow/example_dags/example_latest_only.py took 0.064 seconds
[2024-02-02T16:31:47.681+0000] {processor.py:161} INFO - Started process (PID=813) to work on /home/airflow/.local/lib/python3.8/site-packages/airflow/example_dags/example_latest_only.py
[2024-02-02T16:31:47.682+0000] {processor.py:830} INFO - Processing file /home/airflow/.local/lib/python3.8/site-packages/airflow/example_dags/example_latest_only.py for tasks to queue
[2024-02-02T16:31:47.683+0000] {logging_mixin.py:188} INFO - [2024-02-02T16:31:47.683+0000] {dagbag.py:538} INFO - Filling up the DagBag from /home/airflow/.local/lib/python3.8/site-packages/airflow/example_dags/example_latest_only.py
[2024-02-02T16:31:47.685+0000] {processor.py:840} INFO - DAG(s) 'latest_only' retrieved from /home/airflow/.local/lib/python3.8/site-packages/airflow/example_dags/example_latest_only.py
[2024-02-02T16:31:47.707+0000] {logging_mixin.py:188} INFO - [2024-02-02T16:31:47.707+0000] {dag.py:3036} INFO - Sync 1 DAGs
[2024-02-02T16:31:47.724+0000] {logging_mixin.py:188} INFO - [2024-02-02T16:31:47.724+0000] {dag.py:3823} INFO - Setting next_dagrun for latest_only to 2024-02-02 12:00:00+00:00, run_after=2024-02-02 16:00:00+00:00
[2024-02-02T16:31:47.736+0000] {processor.py:183} INFO - Processing /home/airflow/.local/lib/python3.8/site-packages/airflow/example_dags/example_latest_only.py took 0.056 seconds
[2024-02-02T16:32:18.107+0000] {processor.py:161} INFO - Started process (PID=872) to work on /home/airflow/.local/lib/python3.8/site-packages/airflow/example_dags/example_latest_only.py
[2024-02-02T16:32:18.107+0000] {processor.py:830} INFO - Processing file /home/airflow/.local/lib/python3.8/site-packages/airflow/example_dags/example_latest_only.py for tasks to queue
[2024-02-02T16:32:18.108+0000] {logging_mixin.py:188} INFO - [2024-02-02T16:32:18.108+0000] {dagbag.py:538} INFO - Filling up the DagBag from /home/airflow/.local/lib/python3.8/site-packages/airflow/example_dags/example_latest_only.py
[2024-02-02T16:32:18.110+0000] {processor.py:840} INFO - DAG(s) 'latest_only' retrieved from /home/airflow/.local/lib/python3.8/site-packages/airflow/example_dags/example_latest_only.py
[2024-02-02T16:32:18.132+0000] {logging_mixin.py:188} INFO - [2024-02-02T16:32:18.132+0000] {dag.py:3036} INFO - Sync 1 DAGs
[2024-02-02T16:32:18.146+0000] {logging_mixin.py:188} INFO - [2024-02-02T16:32:18.146+0000] {dag.py:3823} INFO - Setting next_dagrun for latest_only to 2024-02-02 12:00:00+00:00, run_after=2024-02-02 16:00:00+00:00
[2024-02-02T16:32:18.158+0000] {processor.py:183} INFO - Processing /home/airflow/.local/lib/python3.8/site-packages/airflow/example_dags/example_latest_only.py took 0.053 seconds
[2024-02-02T16:32:48.496+0000] {processor.py:161} INFO - Started process (PID=931) to work on /home/airflow/.local/lib/python3.8/site-packages/airflow/example_dags/example_latest_only.py
[2024-02-02T16:32:48.496+0000] {processor.py:830} INFO - Processing file /home/airflow/.local/lib/python3.8/site-packages/airflow/example_dags/example_latest_only.py for tasks to queue
[2024-02-02T16:32:48.497+0000] {logging_mixin.py:188} INFO - [2024-02-02T16:32:48.497+0000] {dagbag.py:538} INFO - Filling up the DagBag from /home/airflow/.local/lib/python3.8/site-packages/airflow/example_dags/example_latest_only.py
[2024-02-02T16:32:48.500+0000] {processor.py:840} INFO - DAG(s) 'latest_only' retrieved from /home/airflow/.local/lib/python3.8/site-packages/airflow/example_dags/example_latest_only.py
[2024-02-02T16:32:48.522+0000] {logging_mixin.py:188} INFO - [2024-02-02T16:32:48.521+0000] {dag.py:3036} INFO - Sync 1 DAGs
[2024-02-02T16:32:48.537+0000] {logging_mixin.py:188} INFO - [2024-02-02T16:32:48.537+0000] {dag.py:3823} INFO - Setting next_dagrun for latest_only to 2024-02-02 12:00:00+00:00, run_after=2024-02-02 16:00:00+00:00
[2024-02-02T16:32:48.550+0000] {processor.py:183} INFO - Processing /home/airflow/.local/lib/python3.8/site-packages/airflow/example_dags/example_latest_only.py took 0.056 seconds
[2024-02-02T16:33:18.889+0000] {processor.py:161} INFO - Started process (PID=990) to work on /home/airflow/.local/lib/python3.8/site-packages/airflow/example_dags/example_latest_only.py
[2024-02-02T16:33:18.889+0000] {processor.py:830} INFO - Processing file /home/airflow/.local/lib/python3.8/site-packages/airflow/example_dags/example_latest_only.py for tasks to queue
[2024-02-02T16:33:18.890+0000] {logging_mixin.py:188} INFO - [2024-02-02T16:33:18.890+0000] {dagbag.py:538} INFO - Filling up the DagBag from /home/airflow/.local/lib/python3.8/site-packages/airflow/example_dags/example_latest_only.py
[2024-02-02T16:33:18.893+0000] {processor.py:840} INFO - DAG(s) 'latest_only' retrieved from /home/airflow/.local/lib/python3.8/site-packages/airflow/example_dags/example_latest_only.py
[2024-02-02T16:33:18.914+0000] {logging_mixin.py:188} INFO - [2024-02-02T16:33:18.914+0000] {dag.py:3036} INFO - Sync 1 DAGs
[2024-02-02T16:33:18.929+0000] {logging_mixin.py:188} INFO - [2024-02-02T16:33:18.929+0000] {dag.py:3823} INFO - Setting next_dagrun for latest_only to 2024-02-02 12:00:00+00:00, run_after=2024-02-02 16:00:00+00:00
[2024-02-02T16:33:18.941+0000] {processor.py:183} INFO - Processing /home/airflow/.local/lib/python3.8/site-packages/airflow/example_dags/example_latest_only.py took 0.054 seconds
