[2024-02-02T15:50:33.509+0000] {processor.py:161} INFO - Started process (PID=96) to work on /home/airflow/.local/lib/python3.8/site-packages/airflow/example_dags/example_sensors.py
[2024-02-02T15:50:33.509+0000] {processor.py:830} INFO - Processing file /home/airflow/.local/lib/python3.8/site-packages/airflow/example_dags/example_sensors.py for tasks to queue
[2024-02-02T15:50:33.510+0000] {logging_mixin.py:188} INFO - [2024-02-02T15:50:33.510+0000] {dagbag.py:538} INFO - Filling up the DagBag from /home/airflow/.local/lib/python3.8/site-packages/airflow/example_dags/example_sensors.py
[2024-02-02T15:50:33.516+0000] {processor.py:840} INFO - DAG(s) 'example_sensors' retrieved from /home/airflow/.local/lib/python3.8/site-packages/airflow/example_dags/example_sensors.py
[2024-02-02T15:50:33.541+0000] {logging_mixin.py:188} INFO - [2024-02-02T15:50:33.541+0000] {dag.py:3036} INFO - Sync 1 DAGs
[2024-02-02T15:50:33.551+0000] {logging_mixin.py:188} INFO - [2024-02-02T15:50:33.551+0000] {dag.py:3823} INFO - Setting next_dagrun for example_sensors to None, run_after=None
[2024-02-02T15:50:33.563+0000] {processor.py:183} INFO - Processing /home/airflow/.local/lib/python3.8/site-packages/airflow/example_dags/example_sensors.py took 0.056 seconds
[2024-02-02T15:53:33.688+0000] {processor.py:161} INFO - Started process (PID=84) to work on /home/airflow/.local/lib/python3.8/site-packages/airflow/example_dags/example_sensors.py
[2024-02-02T15:53:33.689+0000] {processor.py:830} INFO - Processing file /home/airflow/.local/lib/python3.8/site-packages/airflow/example_dags/example_sensors.py for tasks to queue
[2024-02-02T15:53:33.689+0000] {logging_mixin.py:188} INFO - [2024-02-02T15:53:33.689+0000] {dagbag.py:538} INFO - Filling up the DagBag from /home/airflow/.local/lib/python3.8/site-packages/airflow/example_dags/example_sensors.py
[2024-02-02T15:53:33.694+0000] {processor.py:840} INFO - DAG(s) 'example_sensors' retrieved from /home/airflow/.local/lib/python3.8/site-packages/airflow/example_dags/example_sensors.py
[2024-02-02T15:53:33.720+0000] {logging_mixin.py:188} INFO - [2024-02-02T15:53:33.720+0000] {dag.py:3036} INFO - Sync 1 DAGs
[2024-02-02T15:53:33.730+0000] {logging_mixin.py:188} INFO - [2024-02-02T15:53:33.730+0000] {dag.py:3823} INFO - Setting next_dagrun for example_sensors to None, run_after=None
[2024-02-02T15:53:33.742+0000] {processor.py:183} INFO - Processing /home/airflow/.local/lib/python3.8/site-packages/airflow/example_dags/example_sensors.py took 0.056 seconds
[2024-02-02T15:54:04.700+0000] {processor.py:161} INFO - Started process (PID=143) to work on /home/airflow/.local/lib/python3.8/site-packages/airflow/example_dags/example_sensors.py
[2024-02-02T15:54:04.700+0000] {processor.py:830} INFO - Processing file /home/airflow/.local/lib/python3.8/site-packages/airflow/example_dags/example_sensors.py for tasks to queue
[2024-02-02T15:54:04.701+0000] {logging_mixin.py:188} INFO - [2024-02-02T15:54:04.701+0000] {dagbag.py:538} INFO - Filling up the DagBag from /home/airflow/.local/lib/python3.8/site-packages/airflow/example_dags/example_sensors.py
[2024-02-02T15:54:04.705+0000] {processor.py:840} INFO - DAG(s) 'example_sensors' retrieved from /home/airflow/.local/lib/python3.8/site-packages/airflow/example_dags/example_sensors.py
[2024-02-02T15:54:04.731+0000] {logging_mixin.py:188} INFO - [2024-02-02T15:54:04.731+0000] {dag.py:3036} INFO - Sync 1 DAGs
[2024-02-02T15:54:04.741+0000] {logging_mixin.py:188} INFO - [2024-02-02T15:54:04.741+0000] {dag.py:3823} INFO - Setting next_dagrun for example_sensors to None, run_after=None
[2024-02-02T15:54:04.755+0000] {processor.py:183} INFO - Processing /home/airflow/.local/lib/python3.8/site-packages/airflow/example_dags/example_sensors.py took 0.057 seconds
[2024-02-02T15:54:35.524+0000] {processor.py:161} INFO - Started process (PID=204) to work on /home/airflow/.local/lib/python3.8/site-packages/airflow/example_dags/example_sensors.py
[2024-02-02T15:54:35.524+0000] {processor.py:830} INFO - Processing file /home/airflow/.local/lib/python3.8/site-packages/airflow/example_dags/example_sensors.py for tasks to queue
[2024-02-02T15:54:35.525+0000] {logging_mixin.py:188} INFO - [2024-02-02T15:54:35.525+0000] {dagbag.py:538} INFO - Filling up the DagBag from /home/airflow/.local/lib/python3.8/site-packages/airflow/example_dags/example_sensors.py
[2024-02-02T15:54:35.530+0000] {processor.py:840} INFO - DAG(s) 'example_sensors' retrieved from /home/airflow/.local/lib/python3.8/site-packages/airflow/example_dags/example_sensors.py
[2024-02-02T15:54:35.558+0000] {logging_mixin.py:188} INFO - [2024-02-02T15:54:35.558+0000] {dag.py:3036} INFO - Sync 1 DAGs
[2024-02-02T15:54:35.566+0000] {logging_mixin.py:188} INFO - [2024-02-02T15:54:35.566+0000] {dag.py:3823} INFO - Setting next_dagrun for example_sensors to None, run_after=None
[2024-02-02T15:54:35.579+0000] {processor.py:183} INFO - Processing /home/airflow/.local/lib/python3.8/site-packages/airflow/example_dags/example_sensors.py took 0.056 seconds
[2024-02-02T15:55:06.038+0000] {processor.py:161} INFO - Started process (PID=263) to work on /home/airflow/.local/lib/python3.8/site-packages/airflow/example_dags/example_sensors.py
[2024-02-02T15:55:06.038+0000] {processor.py:830} INFO - Processing file /home/airflow/.local/lib/python3.8/site-packages/airflow/example_dags/example_sensors.py for tasks to queue
[2024-02-02T15:55:06.039+0000] {logging_mixin.py:188} INFO - [2024-02-02T15:55:06.039+0000] {dagbag.py:538} INFO - Filling up the DagBag from /home/airflow/.local/lib/python3.8/site-packages/airflow/example_dags/example_sensors.py
[2024-02-02T15:55:06.043+0000] {processor.py:840} INFO - DAG(s) 'example_sensors' retrieved from /home/airflow/.local/lib/python3.8/site-packages/airflow/example_dags/example_sensors.py
[2024-02-02T15:55:06.069+0000] {logging_mixin.py:188} INFO - [2024-02-02T15:55:06.068+0000] {dag.py:3036} INFO - Sync 1 DAGs
[2024-02-02T15:55:06.078+0000] {logging_mixin.py:188} INFO - [2024-02-02T15:55:06.078+0000] {dag.py:3823} INFO - Setting next_dagrun for example_sensors to None, run_after=None
[2024-02-02T15:55:06.091+0000] {processor.py:183} INFO - Processing /home/airflow/.local/lib/python3.8/site-packages/airflow/example_dags/example_sensors.py took 0.055 seconds
[2024-02-02T15:55:36.458+0000] {processor.py:161} INFO - Started process (PID=322) to work on /home/airflow/.local/lib/python3.8/site-packages/airflow/example_dags/example_sensors.py
[2024-02-02T15:55:36.459+0000] {processor.py:830} INFO - Processing file /home/airflow/.local/lib/python3.8/site-packages/airflow/example_dags/example_sensors.py for tasks to queue
[2024-02-02T15:55:36.460+0000] {logging_mixin.py:188} INFO - [2024-02-02T15:55:36.460+0000] {dagbag.py:538} INFO - Filling up the DagBag from /home/airflow/.local/lib/python3.8/site-packages/airflow/example_dags/example_sensors.py
[2024-02-02T15:55:36.465+0000] {processor.py:840} INFO - DAG(s) 'example_sensors' retrieved from /home/airflow/.local/lib/python3.8/site-packages/airflow/example_dags/example_sensors.py
[2024-02-02T15:55:36.490+0000] {logging_mixin.py:188} INFO - [2024-02-02T15:55:36.490+0000] {dag.py:3036} INFO - Sync 1 DAGs
[2024-02-02T15:55:36.502+0000] {logging_mixin.py:188} INFO - [2024-02-02T15:55:36.502+0000] {dag.py:3823} INFO - Setting next_dagrun for example_sensors to None, run_after=None
[2024-02-02T15:55:36.515+0000] {processor.py:183} INFO - Processing /home/airflow/.local/lib/python3.8/site-packages/airflow/example_dags/example_sensors.py took 0.058 seconds
[2024-02-02T15:57:02.238+0000] {processor.py:161} INFO - Started process (PID=84) to work on /home/airflow/.local/lib/python3.8/site-packages/airflow/example_dags/example_sensors.py
[2024-02-02T15:57:02.239+0000] {processor.py:830} INFO - Processing file /home/airflow/.local/lib/python3.8/site-packages/airflow/example_dags/example_sensors.py for tasks to queue
[2024-02-02T15:57:02.240+0000] {logging_mixin.py:188} INFO - [2024-02-02T15:57:02.240+0000] {dagbag.py:538} INFO - Filling up the DagBag from /home/airflow/.local/lib/python3.8/site-packages/airflow/example_dags/example_sensors.py
[2024-02-02T15:57:02.245+0000] {processor.py:840} INFO - DAG(s) 'example_sensors' retrieved from /home/airflow/.local/lib/python3.8/site-packages/airflow/example_dags/example_sensors.py
[2024-02-02T15:57:02.263+0000] {logging_mixin.py:188} INFO - [2024-02-02T15:57:02.263+0000] {dag.py:3036} INFO - Sync 1 DAGs
[2024-02-02T15:57:02.273+0000] {logging_mixin.py:188} INFO - [2024-02-02T15:57:02.273+0000] {dag.py:3823} INFO - Setting next_dagrun for example_sensors to None, run_after=None
[2024-02-02T15:57:02.286+0000] {processor.py:183} INFO - Processing /home/airflow/.local/lib/python3.8/site-packages/airflow/example_dags/example_sensors.py took 0.049 seconds
[2024-02-02T15:57:32.525+0000] {processor.py:161} INFO - Started process (PID=145) to work on /home/airflow/.local/lib/python3.8/site-packages/airflow/example_dags/example_sensors.py
[2024-02-02T15:57:32.525+0000] {processor.py:830} INFO - Processing file /home/airflow/.local/lib/python3.8/site-packages/airflow/example_dags/example_sensors.py for tasks to queue
[2024-02-02T15:57:32.527+0000] {logging_mixin.py:188} INFO - [2024-02-02T15:57:32.526+0000] {dagbag.py:538} INFO - Filling up the DagBag from /home/airflow/.local/lib/python3.8/site-packages/airflow/example_dags/example_sensors.py
[2024-02-02T15:57:32.531+0000] {processor.py:840} INFO - DAG(s) 'example_sensors' retrieved from /home/airflow/.local/lib/python3.8/site-packages/airflow/example_dags/example_sensors.py
[2024-02-02T15:57:32.600+0000] {logging_mixin.py:188} INFO - [2024-02-02T15:57:32.600+0000] {dag.py:3036} INFO - Sync 1 DAGs
[2024-02-02T15:57:32.608+0000] {logging_mixin.py:188} INFO - [2024-02-02T15:57:32.608+0000] {dag.py:3823} INFO - Setting next_dagrun for example_sensors to None, run_after=None
[2024-02-02T15:57:32.625+0000] {processor.py:183} INFO - Processing /home/airflow/.local/lib/python3.8/site-packages/airflow/example_dags/example_sensors.py took 0.102 seconds
[2024-02-02T15:58:02.713+0000] {processor.py:161} INFO - Started process (PID=208) to work on /home/airflow/.local/lib/python3.8/site-packages/airflow/example_dags/example_sensors.py
[2024-02-02T15:58:02.713+0000] {processor.py:830} INFO - Processing file /home/airflow/.local/lib/python3.8/site-packages/airflow/example_dags/example_sensors.py for tasks to queue
[2024-02-02T15:58:02.714+0000] {logging_mixin.py:188} INFO - [2024-02-02T15:58:02.714+0000] {dagbag.py:538} INFO - Filling up the DagBag from /home/airflow/.local/lib/python3.8/site-packages/airflow/example_dags/example_sensors.py
[2024-02-02T15:58:02.718+0000] {processor.py:840} INFO - DAG(s) 'example_sensors' retrieved from /home/airflow/.local/lib/python3.8/site-packages/airflow/example_dags/example_sensors.py
[2024-02-02T15:58:02.743+0000] {logging_mixin.py:188} INFO - [2024-02-02T15:58:02.742+0000] {dag.py:3036} INFO - Sync 1 DAGs
[2024-02-02T15:58:02.751+0000] {logging_mixin.py:188} INFO - [2024-02-02T15:58:02.750+0000] {dag.py:3823} INFO - Setting next_dagrun for example_sensors to None, run_after=None
[2024-02-02T15:58:02.763+0000] {processor.py:183} INFO - Processing /home/airflow/.local/lib/python3.8/site-packages/airflow/example_dags/example_sensors.py took 0.051 seconds
[2024-02-02T15:58:33.040+0000] {processor.py:161} INFO - Started process (PID=267) to work on /home/airflow/.local/lib/python3.8/site-packages/airflow/example_dags/example_sensors.py
[2024-02-02T15:58:33.041+0000] {processor.py:830} INFO - Processing file /home/airflow/.local/lib/python3.8/site-packages/airflow/example_dags/example_sensors.py for tasks to queue
[2024-02-02T15:58:33.042+0000] {logging_mixin.py:188} INFO - [2024-02-02T15:58:33.042+0000] {dagbag.py:538} INFO - Filling up the DagBag from /home/airflow/.local/lib/python3.8/site-packages/airflow/example_dags/example_sensors.py
[2024-02-02T15:58:33.047+0000] {processor.py:840} INFO - DAG(s) 'example_sensors' retrieved from /home/airflow/.local/lib/python3.8/site-packages/airflow/example_dags/example_sensors.py
[2024-02-02T15:58:33.074+0000] {logging_mixin.py:188} INFO - [2024-02-02T15:58:33.074+0000] {dag.py:3036} INFO - Sync 1 DAGs
[2024-02-02T15:58:33.084+0000] {logging_mixin.py:188} INFO - [2024-02-02T15:58:33.084+0000] {dag.py:3823} INFO - Setting next_dagrun for example_sensors to None, run_after=None
[2024-02-02T15:58:33.098+0000] {processor.py:183} INFO - Processing /home/airflow/.local/lib/python3.8/site-packages/airflow/example_dags/example_sensors.py took 0.060 seconds
[2024-02-02T15:59:03.273+0000] {processor.py:161} INFO - Started process (PID=326) to work on /home/airflow/.local/lib/python3.8/site-packages/airflow/example_dags/example_sensors.py
[2024-02-02T15:59:03.273+0000] {processor.py:830} INFO - Processing file /home/airflow/.local/lib/python3.8/site-packages/airflow/example_dags/example_sensors.py for tasks to queue
[2024-02-02T15:59:03.274+0000] {logging_mixin.py:188} INFO - [2024-02-02T15:59:03.274+0000] {dagbag.py:538} INFO - Filling up the DagBag from /home/airflow/.local/lib/python3.8/site-packages/airflow/example_dags/example_sensors.py
[2024-02-02T15:59:03.278+0000] {processor.py:840} INFO - DAG(s) 'example_sensors' retrieved from /home/airflow/.local/lib/python3.8/site-packages/airflow/example_dags/example_sensors.py
[2024-02-02T15:59:03.302+0000] {logging_mixin.py:188} INFO - [2024-02-02T15:59:03.301+0000] {dag.py:3036} INFO - Sync 1 DAGs
[2024-02-02T15:59:03.310+0000] {logging_mixin.py:188} INFO - [2024-02-02T15:59:03.310+0000] {dag.py:3823} INFO - Setting next_dagrun for example_sensors to None, run_after=None
[2024-02-02T15:59:03.322+0000] {processor.py:183} INFO - Processing /home/airflow/.local/lib/python3.8/site-packages/airflow/example_dags/example_sensors.py took 0.050 seconds
[2024-02-02T15:59:33.492+0000] {processor.py:161} INFO - Started process (PID=385) to work on /home/airflow/.local/lib/python3.8/site-packages/airflow/example_dags/example_sensors.py
[2024-02-02T15:59:33.493+0000] {processor.py:830} INFO - Processing file /home/airflow/.local/lib/python3.8/site-packages/airflow/example_dags/example_sensors.py for tasks to queue
[2024-02-02T15:59:33.494+0000] {logging_mixin.py:188} INFO - [2024-02-02T15:59:33.493+0000] {dagbag.py:538} INFO - Filling up the DagBag from /home/airflow/.local/lib/python3.8/site-packages/airflow/example_dags/example_sensors.py
[2024-02-02T15:59:33.498+0000] {processor.py:840} INFO - DAG(s) 'example_sensors' retrieved from /home/airflow/.local/lib/python3.8/site-packages/airflow/example_dags/example_sensors.py
[2024-02-02T15:59:33.524+0000] {logging_mixin.py:188} INFO - [2024-02-02T15:59:33.524+0000] {dag.py:3036} INFO - Sync 1 DAGs
[2024-02-02T15:59:33.533+0000] {logging_mixin.py:188} INFO - [2024-02-02T15:59:33.533+0000] {dag.py:3823} INFO - Setting next_dagrun for example_sensors to None, run_after=None
[2024-02-02T15:59:33.549+0000] {processor.py:183} INFO - Processing /home/airflow/.local/lib/python3.8/site-packages/airflow/example_dags/example_sensors.py took 0.059 seconds
[2024-02-02T16:00:03.723+0000] {processor.py:161} INFO - Started process (PID=444) to work on /home/airflow/.local/lib/python3.8/site-packages/airflow/example_dags/example_sensors.py
[2024-02-02T16:00:03.723+0000] {processor.py:830} INFO - Processing file /home/airflow/.local/lib/python3.8/site-packages/airflow/example_dags/example_sensors.py for tasks to queue
[2024-02-02T16:00:03.724+0000] {logging_mixin.py:188} INFO - [2024-02-02T16:00:03.724+0000] {dagbag.py:538} INFO - Filling up the DagBag from /home/airflow/.local/lib/python3.8/site-packages/airflow/example_dags/example_sensors.py
[2024-02-02T16:00:03.728+0000] {processor.py:840} INFO - DAG(s) 'example_sensors' retrieved from /home/airflow/.local/lib/python3.8/site-packages/airflow/example_dags/example_sensors.py
[2024-02-02T16:00:03.752+0000] {logging_mixin.py:188} INFO - [2024-02-02T16:00:03.752+0000] {dag.py:3036} INFO - Sync 1 DAGs
[2024-02-02T16:00:03.760+0000] {logging_mixin.py:188} INFO - [2024-02-02T16:00:03.760+0000] {dag.py:3823} INFO - Setting next_dagrun for example_sensors to None, run_after=None
[2024-02-02T16:00:03.773+0000] {processor.py:183} INFO - Processing /home/airflow/.local/lib/python3.8/site-packages/airflow/example_dags/example_sensors.py took 0.052 seconds
[2024-02-02T16:00:34.014+0000] {processor.py:161} INFO - Started process (PID=503) to work on /home/airflow/.local/lib/python3.8/site-packages/airflow/example_dags/example_sensors.py
[2024-02-02T16:00:34.015+0000] {processor.py:830} INFO - Processing file /home/airflow/.local/lib/python3.8/site-packages/airflow/example_dags/example_sensors.py for tasks to queue
[2024-02-02T16:00:34.016+0000] {logging_mixin.py:188} INFO - [2024-02-02T16:00:34.015+0000] {dagbag.py:538} INFO - Filling up the DagBag from /home/airflow/.local/lib/python3.8/site-packages/airflow/example_dags/example_sensors.py
[2024-02-02T16:00:34.021+0000] {processor.py:840} INFO - DAG(s) 'example_sensors' retrieved from /home/airflow/.local/lib/python3.8/site-packages/airflow/example_dags/example_sensors.py
[2024-02-02T16:00:34.046+0000] {logging_mixin.py:188} INFO - [2024-02-02T16:00:34.046+0000] {dag.py:3036} INFO - Sync 1 DAGs
[2024-02-02T16:00:34.055+0000] {logging_mixin.py:188} INFO - [2024-02-02T16:00:34.054+0000] {dag.py:3823} INFO - Setting next_dagrun for example_sensors to None, run_after=None
[2024-02-02T16:00:34.072+0000] {processor.py:183} INFO - Processing /home/airflow/.local/lib/python3.8/site-packages/airflow/example_dags/example_sensors.py took 0.060 seconds
[2024-02-02T16:01:04.210+0000] {processor.py:161} INFO - Started process (PID=562) to work on /home/airflow/.local/lib/python3.8/site-packages/airflow/example_dags/example_sensors.py
[2024-02-02T16:01:04.210+0000] {processor.py:830} INFO - Processing file /home/airflow/.local/lib/python3.8/site-packages/airflow/example_dags/example_sensors.py for tasks to queue
[2024-02-02T16:01:04.211+0000] {logging_mixin.py:188} INFO - [2024-02-02T16:01:04.211+0000] {dagbag.py:538} INFO - Filling up the DagBag from /home/airflow/.local/lib/python3.8/site-packages/airflow/example_dags/example_sensors.py
[2024-02-02T16:01:04.215+0000] {processor.py:840} INFO - DAG(s) 'example_sensors' retrieved from /home/airflow/.local/lib/python3.8/site-packages/airflow/example_dags/example_sensors.py
[2024-02-02T16:01:04.240+0000] {logging_mixin.py:188} INFO - [2024-02-02T16:01:04.240+0000] {dag.py:3036} INFO - Sync 1 DAGs
[2024-02-02T16:01:04.248+0000] {logging_mixin.py:188} INFO - [2024-02-02T16:01:04.248+0000] {dag.py:3823} INFO - Setting next_dagrun for example_sensors to None, run_after=None
[2024-02-02T16:01:04.260+0000] {processor.py:183} INFO - Processing /home/airflow/.local/lib/python3.8/site-packages/airflow/example_dags/example_sensors.py took 0.052 seconds
[2024-02-02T16:01:34.583+0000] {processor.py:161} INFO - Started process (PID=621) to work on /home/airflow/.local/lib/python3.8/site-packages/airflow/example_dags/example_sensors.py
[2024-02-02T16:01:34.583+0000] {processor.py:830} INFO - Processing file /home/airflow/.local/lib/python3.8/site-packages/airflow/example_dags/example_sensors.py for tasks to queue
[2024-02-02T16:01:34.584+0000] {logging_mixin.py:188} INFO - [2024-02-02T16:01:34.584+0000] {dagbag.py:538} INFO - Filling up the DagBag from /home/airflow/.local/lib/python3.8/site-packages/airflow/example_dags/example_sensors.py
[2024-02-02T16:01:34.588+0000] {processor.py:840} INFO - DAG(s) 'example_sensors' retrieved from /home/airflow/.local/lib/python3.8/site-packages/airflow/example_dags/example_sensors.py
[2024-02-02T16:01:34.614+0000] {logging_mixin.py:188} INFO - [2024-02-02T16:01:34.614+0000] {dag.py:3036} INFO - Sync 1 DAGs
[2024-02-02T16:01:34.622+0000] {logging_mixin.py:188} INFO - [2024-02-02T16:01:34.622+0000] {dag.py:3823} INFO - Setting next_dagrun for example_sensors to None, run_after=None
[2024-02-02T16:01:34.635+0000] {processor.py:183} INFO - Processing /home/airflow/.local/lib/python3.8/site-packages/airflow/example_dags/example_sensors.py took 0.053 seconds
[2024-02-02T16:02:04.784+0000] {processor.py:161} INFO - Started process (PID=680) to work on /home/airflow/.local/lib/python3.8/site-packages/airflow/example_dags/example_sensors.py
[2024-02-02T16:02:04.784+0000] {processor.py:830} INFO - Processing file /home/airflow/.local/lib/python3.8/site-packages/airflow/example_dags/example_sensors.py for tasks to queue
[2024-02-02T16:02:04.785+0000] {logging_mixin.py:188} INFO - [2024-02-02T16:02:04.785+0000] {dagbag.py:538} INFO - Filling up the DagBag from /home/airflow/.local/lib/python3.8/site-packages/airflow/example_dags/example_sensors.py
[2024-02-02T16:02:04.790+0000] {processor.py:840} INFO - DAG(s) 'example_sensors' retrieved from /home/airflow/.local/lib/python3.8/site-packages/airflow/example_dags/example_sensors.py
[2024-02-02T16:02:04.813+0000] {logging_mixin.py:188} INFO - [2024-02-02T16:02:04.813+0000] {dag.py:3036} INFO - Sync 1 DAGs
[2024-02-02T16:02:04.821+0000] {logging_mixin.py:188} INFO - [2024-02-02T16:02:04.821+0000] {dag.py:3823} INFO - Setting next_dagrun for example_sensors to None, run_after=None
[2024-02-02T16:02:04.833+0000] {processor.py:183} INFO - Processing /home/airflow/.local/lib/python3.8/site-packages/airflow/example_dags/example_sensors.py took 0.051 seconds
[2024-02-02T16:02:35.707+0000] {processor.py:161} INFO - Started process (PID=739) to work on /home/airflow/.local/lib/python3.8/site-packages/airflow/example_dags/example_sensors.py
[2024-02-02T16:02:35.707+0000] {processor.py:830} INFO - Processing file /home/airflow/.local/lib/python3.8/site-packages/airflow/example_dags/example_sensors.py for tasks to queue
[2024-02-02T16:02:35.708+0000] {logging_mixin.py:188} INFO - [2024-02-02T16:02:35.708+0000] {dagbag.py:538} INFO - Filling up the DagBag from /home/airflow/.local/lib/python3.8/site-packages/airflow/example_dags/example_sensors.py
[2024-02-02T16:02:35.712+0000] {processor.py:840} INFO - DAG(s) 'example_sensors' retrieved from /home/airflow/.local/lib/python3.8/site-packages/airflow/example_dags/example_sensors.py
[2024-02-02T16:02:35.736+0000] {logging_mixin.py:188} INFO - [2024-02-02T16:02:35.736+0000] {dag.py:3036} INFO - Sync 1 DAGs
[2024-02-02T16:02:35.744+0000] {logging_mixin.py:188} INFO - [2024-02-02T16:02:35.744+0000] {dag.py:3823} INFO - Setting next_dagrun for example_sensors to None, run_after=None
[2024-02-02T16:02:35.756+0000] {processor.py:183} INFO - Processing /home/airflow/.local/lib/python3.8/site-packages/airflow/example_dags/example_sensors.py took 0.051 seconds
[2024-02-02T16:03:05.818+0000] {processor.py:161} INFO - Started process (PID=796) to work on /home/airflow/.local/lib/python3.8/site-packages/airflow/example_dags/example_sensors.py
[2024-02-02T16:03:05.819+0000] {processor.py:830} INFO - Processing file /home/airflow/.local/lib/python3.8/site-packages/airflow/example_dags/example_sensors.py for tasks to queue
[2024-02-02T16:03:05.819+0000] {logging_mixin.py:188} INFO - [2024-02-02T16:03:05.819+0000] {dagbag.py:538} INFO - Filling up the DagBag from /home/airflow/.local/lib/python3.8/site-packages/airflow/example_dags/example_sensors.py
[2024-02-02T16:03:05.824+0000] {processor.py:840} INFO - DAG(s) 'example_sensors' retrieved from /home/airflow/.local/lib/python3.8/site-packages/airflow/example_dags/example_sensors.py
[2024-02-02T16:03:05.849+0000] {logging_mixin.py:188} INFO - [2024-02-02T16:03:05.849+0000] {dag.py:3036} INFO - Sync 1 DAGs
[2024-02-02T16:03:05.857+0000] {logging_mixin.py:188} INFO - [2024-02-02T16:03:05.857+0000] {dag.py:3823} INFO - Setting next_dagrun for example_sensors to None, run_after=None
[2024-02-02T16:03:05.869+0000] {processor.py:183} INFO - Processing /home/airflow/.local/lib/python3.8/site-packages/airflow/example_dags/example_sensors.py took 0.052 seconds
[2024-02-02T16:03:35.364+0000] {processor.py:161} INFO - Started process (PID=84) to work on /home/airflow/.local/lib/python3.8/site-packages/airflow/example_dags/example_sensors.py
[2024-02-02T16:03:35.364+0000] {processor.py:830} INFO - Processing file /home/airflow/.local/lib/python3.8/site-packages/airflow/example_dags/example_sensors.py for tasks to queue
[2024-02-02T16:03:35.365+0000] {logging_mixin.py:188} INFO - [2024-02-02T16:03:35.365+0000] {dagbag.py:538} INFO - Filling up the DagBag from /home/airflow/.local/lib/python3.8/site-packages/airflow/example_dags/example_sensors.py
[2024-02-02T16:03:35.371+0000] {processor.py:840} INFO - DAG(s) 'example_sensors' retrieved from /home/airflow/.local/lib/python3.8/site-packages/airflow/example_dags/example_sensors.py
[2024-02-02T16:03:35.397+0000] {logging_mixin.py:188} INFO - [2024-02-02T16:03:35.396+0000] {dag.py:3036} INFO - Sync 1 DAGs
[2024-02-02T16:03:35.406+0000] {logging_mixin.py:188} INFO - [2024-02-02T16:03:35.406+0000] {dag.py:3823} INFO - Setting next_dagrun for example_sensors to None, run_after=None
[2024-02-02T16:03:35.423+0000] {processor.py:183} INFO - Processing /home/airflow/.local/lib/python3.8/site-packages/airflow/example_dags/example_sensors.py took 0.061 seconds
[2024-02-02T16:04:05.696+0000] {processor.py:161} INFO - Started process (PID=141) to work on /home/airflow/.local/lib/python3.8/site-packages/airflow/example_dags/example_sensors.py
[2024-02-02T16:04:05.697+0000] {processor.py:830} INFO - Processing file /home/airflow/.local/lib/python3.8/site-packages/airflow/example_dags/example_sensors.py for tasks to queue
[2024-02-02T16:04:05.698+0000] {logging_mixin.py:188} INFO - [2024-02-02T16:04:05.698+0000] {dagbag.py:538} INFO - Filling up the DagBag from /home/airflow/.local/lib/python3.8/site-packages/airflow/example_dags/example_sensors.py
[2024-02-02T16:04:05.702+0000] {processor.py:840} INFO - DAG(s) 'example_sensors' retrieved from /home/airflow/.local/lib/python3.8/site-packages/airflow/example_dags/example_sensors.py
[2024-02-02T16:04:05.727+0000] {logging_mixin.py:188} INFO - [2024-02-02T16:04:05.727+0000] {dag.py:3036} INFO - Sync 1 DAGs
[2024-02-02T16:04:05.735+0000] {logging_mixin.py:188} INFO - [2024-02-02T16:04:05.735+0000] {dag.py:3823} INFO - Setting next_dagrun for example_sensors to None, run_after=None
[2024-02-02T16:04:05.748+0000] {processor.py:183} INFO - Processing /home/airflow/.local/lib/python3.8/site-packages/airflow/example_dags/example_sensors.py took 0.053 seconds
[2024-02-02T16:04:36.040+0000] {processor.py:161} INFO - Started process (PID=200) to work on /home/airflow/.local/lib/python3.8/site-packages/airflow/example_dags/example_sensors.py
[2024-02-02T16:04:36.041+0000] {processor.py:830} INFO - Processing file /home/airflow/.local/lib/python3.8/site-packages/airflow/example_dags/example_sensors.py for tasks to queue
[2024-02-02T16:04:36.041+0000] {logging_mixin.py:188} INFO - [2024-02-02T16:04:36.041+0000] {dagbag.py:538} INFO - Filling up the DagBag from /home/airflow/.local/lib/python3.8/site-packages/airflow/example_dags/example_sensors.py
[2024-02-02T16:04:36.046+0000] {processor.py:840} INFO - DAG(s) 'example_sensors' retrieved from /home/airflow/.local/lib/python3.8/site-packages/airflow/example_dags/example_sensors.py
[2024-02-02T16:04:36.070+0000] {logging_mixin.py:188} INFO - [2024-02-02T16:04:36.070+0000] {dag.py:3036} INFO - Sync 1 DAGs
[2024-02-02T16:04:36.079+0000] {logging_mixin.py:188} INFO - [2024-02-02T16:04:36.078+0000] {dag.py:3823} INFO - Setting next_dagrun for example_sensors to None, run_after=None
[2024-02-02T16:04:36.091+0000] {processor.py:183} INFO - Processing /home/airflow/.local/lib/python3.8/site-packages/airflow/example_dags/example_sensors.py took 0.053 seconds
[2024-02-02T16:05:01.485+0000] {processor.py:161} INFO - Started process (PID=84) to work on /home/airflow/.local/lib/python3.8/site-packages/airflow/example_dags/example_sensors.py
[2024-02-02T16:05:01.485+0000] {processor.py:830} INFO - Processing file /home/airflow/.local/lib/python3.8/site-packages/airflow/example_dags/example_sensors.py for tasks to queue
[2024-02-02T16:05:01.486+0000] {logging_mixin.py:188} INFO - [2024-02-02T16:05:01.486+0000] {dagbag.py:538} INFO - Filling up the DagBag from /home/airflow/.local/lib/python3.8/site-packages/airflow/example_dags/example_sensors.py
[2024-02-02T16:05:01.491+0000] {processor.py:840} INFO - DAG(s) 'example_sensors' retrieved from /home/airflow/.local/lib/python3.8/site-packages/airflow/example_dags/example_sensors.py
[2024-02-02T16:05:01.517+0000] {logging_mixin.py:188} INFO - [2024-02-02T16:05:01.516+0000] {dag.py:3036} INFO - Sync 1 DAGs
[2024-02-02T16:05:01.526+0000] {logging_mixin.py:188} INFO - [2024-02-02T16:05:01.526+0000] {dag.py:3823} INFO - Setting next_dagrun for example_sensors to None, run_after=None
[2024-02-02T16:05:01.539+0000] {processor.py:183} INFO - Processing /home/airflow/.local/lib/python3.8/site-packages/airflow/example_dags/example_sensors.py took 0.055 seconds
[2024-02-02T16:05:32.032+0000] {processor.py:161} INFO - Started process (PID=142) to work on /home/airflow/.local/lib/python3.8/site-packages/airflow/example_dags/example_sensors.py
[2024-02-02T16:05:32.033+0000] {processor.py:830} INFO - Processing file /home/airflow/.local/lib/python3.8/site-packages/airflow/example_dags/example_sensors.py for tasks to queue
[2024-02-02T16:05:32.034+0000] {logging_mixin.py:188} INFO - [2024-02-02T16:05:32.034+0000] {dagbag.py:538} INFO - Filling up the DagBag from /home/airflow/.local/lib/python3.8/site-packages/airflow/example_dags/example_sensors.py
[2024-02-02T16:05:32.038+0000] {processor.py:840} INFO - DAG(s) 'example_sensors' retrieved from /home/airflow/.local/lib/python3.8/site-packages/airflow/example_dags/example_sensors.py
[2024-02-02T16:05:32.064+0000] {logging_mixin.py:188} INFO - [2024-02-02T16:05:32.064+0000] {dag.py:3036} INFO - Sync 1 DAGs
[2024-02-02T16:05:32.074+0000] {logging_mixin.py:188} INFO - [2024-02-02T16:05:32.074+0000] {dag.py:3823} INFO - Setting next_dagrun for example_sensors to None, run_after=None
[2024-02-02T16:05:32.091+0000] {processor.py:183} INFO - Processing /home/airflow/.local/lib/python3.8/site-packages/airflow/example_dags/example_sensors.py took 0.061 seconds
[2024-02-02T16:06:02.233+0000] {processor.py:161} INFO - Started process (PID=200) to work on /home/airflow/.local/lib/python3.8/site-packages/airflow/example_dags/example_sensors.py
[2024-02-02T16:06:02.233+0000] {processor.py:830} INFO - Processing file /home/airflow/.local/lib/python3.8/site-packages/airflow/example_dags/example_sensors.py for tasks to queue
[2024-02-02T16:06:02.234+0000] {logging_mixin.py:188} INFO - [2024-02-02T16:06:02.234+0000] {dagbag.py:538} INFO - Filling up the DagBag from /home/airflow/.local/lib/python3.8/site-packages/airflow/example_dags/example_sensors.py
[2024-02-02T16:06:02.239+0000] {processor.py:840} INFO - DAG(s) 'example_sensors' retrieved from /home/airflow/.local/lib/python3.8/site-packages/airflow/example_dags/example_sensors.py
[2024-02-02T16:06:02.263+0000] {logging_mixin.py:188} INFO - [2024-02-02T16:06:02.263+0000] {dag.py:3036} INFO - Sync 1 DAGs
[2024-02-02T16:06:02.272+0000] {logging_mixin.py:188} INFO - [2024-02-02T16:06:02.271+0000] {dag.py:3823} INFO - Setting next_dagrun for example_sensors to None, run_after=None
[2024-02-02T16:06:02.284+0000] {processor.py:183} INFO - Processing /home/airflow/.local/lib/python3.8/site-packages/airflow/example_dags/example_sensors.py took 0.053 seconds
[2024-02-02T16:06:32.338+0000] {processor.py:161} INFO - Started process (PID=259) to work on /home/airflow/.local/lib/python3.8/site-packages/airflow/example_dags/example_sensors.py
[2024-02-02T16:06:32.339+0000] {processor.py:830} INFO - Processing file /home/airflow/.local/lib/python3.8/site-packages/airflow/example_dags/example_sensors.py for tasks to queue
[2024-02-02T16:06:32.340+0000] {logging_mixin.py:188} INFO - [2024-02-02T16:06:32.340+0000] {dagbag.py:538} INFO - Filling up the DagBag from /home/airflow/.local/lib/python3.8/site-packages/airflow/example_dags/example_sensors.py
[2024-02-02T16:06:32.344+0000] {processor.py:840} INFO - DAG(s) 'example_sensors' retrieved from /home/airflow/.local/lib/python3.8/site-packages/airflow/example_dags/example_sensors.py
[2024-02-02T16:06:32.368+0000] {logging_mixin.py:188} INFO - [2024-02-02T16:06:32.368+0000] {dag.py:3036} INFO - Sync 1 DAGs
[2024-02-02T16:06:32.376+0000] {logging_mixin.py:188} INFO - [2024-02-02T16:06:32.376+0000] {dag.py:3823} INFO - Setting next_dagrun for example_sensors to None, run_after=None
[2024-02-02T16:06:32.388+0000] {processor.py:183} INFO - Processing /home/airflow/.local/lib/python3.8/site-packages/airflow/example_dags/example_sensors.py took 0.052 seconds
[2024-02-02T16:07:06.230+0000] {processor.py:161} INFO - Started process (PID=84) to work on /home/airflow/.local/lib/python3.8/site-packages/airflow/example_dags/example_sensors.py
[2024-02-02T16:07:06.231+0000] {processor.py:830} INFO - Processing file /home/airflow/.local/lib/python3.8/site-packages/airflow/example_dags/example_sensors.py for tasks to queue
[2024-02-02T16:07:06.232+0000] {logging_mixin.py:188} INFO - [2024-02-02T16:07:06.232+0000] {dagbag.py:538} INFO - Filling up the DagBag from /home/airflow/.local/lib/python3.8/site-packages/airflow/example_dags/example_sensors.py
[2024-02-02T16:07:06.237+0000] {processor.py:840} INFO - DAG(s) 'example_sensors' retrieved from /home/airflow/.local/lib/python3.8/site-packages/airflow/example_dags/example_sensors.py
[2024-02-02T16:07:06.263+0000] {logging_mixin.py:188} INFO - [2024-02-02T16:07:06.263+0000] {dag.py:3036} INFO - Sync 1 DAGs
[2024-02-02T16:07:06.272+0000] {logging_mixin.py:188} INFO - [2024-02-02T16:07:06.272+0000] {dag.py:3823} INFO - Setting next_dagrun for example_sensors to None, run_after=None
[2024-02-02T16:07:06.289+0000] {processor.py:183} INFO - Processing /home/airflow/.local/lib/python3.8/site-packages/airflow/example_dags/example_sensors.py took 0.060 seconds
[2024-02-02T16:07:36.711+0000] {processor.py:161} INFO - Started process (PID=143) to work on /home/airflow/.local/lib/python3.8/site-packages/airflow/example_dags/example_sensors.py
[2024-02-02T16:07:36.711+0000] {processor.py:830} INFO - Processing file /home/airflow/.local/lib/python3.8/site-packages/airflow/example_dags/example_sensors.py for tasks to queue
[2024-02-02T16:07:36.712+0000] {logging_mixin.py:188} INFO - [2024-02-02T16:07:36.712+0000] {dagbag.py:538} INFO - Filling up the DagBag from /home/airflow/.local/lib/python3.8/site-packages/airflow/example_dags/example_sensors.py
[2024-02-02T16:07:36.716+0000] {processor.py:840} INFO - DAG(s) 'example_sensors' retrieved from /home/airflow/.local/lib/python3.8/site-packages/airflow/example_dags/example_sensors.py
[2024-02-02T16:07:36.741+0000] {logging_mixin.py:188} INFO - [2024-02-02T16:07:36.741+0000] {dag.py:3036} INFO - Sync 1 DAGs
[2024-02-02T16:07:36.750+0000] {logging_mixin.py:188} INFO - [2024-02-02T16:07:36.750+0000] {dag.py:3823} INFO - Setting next_dagrun for example_sensors to None, run_after=None
[2024-02-02T16:07:36.762+0000] {processor.py:183} INFO - Processing /home/airflow/.local/lib/python3.8/site-packages/airflow/example_dags/example_sensors.py took 0.053 seconds
[2024-02-02T16:08:06.794+0000] {processor.py:161} INFO - Started process (PID=200) to work on /home/airflow/.local/lib/python3.8/site-packages/airflow/example_dags/example_sensors.py
[2024-02-02T16:08:06.794+0000] {processor.py:830} INFO - Processing file /home/airflow/.local/lib/python3.8/site-packages/airflow/example_dags/example_sensors.py for tasks to queue
[2024-02-02T16:08:06.795+0000] {logging_mixin.py:188} INFO - [2024-02-02T16:08:06.795+0000] {dagbag.py:538} INFO - Filling up the DagBag from /home/airflow/.local/lib/python3.8/site-packages/airflow/example_dags/example_sensors.py
[2024-02-02T16:08:06.800+0000] {processor.py:840} INFO - DAG(s) 'example_sensors' retrieved from /home/airflow/.local/lib/python3.8/site-packages/airflow/example_dags/example_sensors.py
[2024-02-02T16:08:06.825+0000] {logging_mixin.py:188} INFO - [2024-02-02T16:08:06.825+0000] {dag.py:3036} INFO - Sync 1 DAGs
[2024-02-02T16:08:06.833+0000] {logging_mixin.py:188} INFO - [2024-02-02T16:08:06.833+0000] {dag.py:3823} INFO - Setting next_dagrun for example_sensors to None, run_after=None
[2024-02-02T16:08:06.845+0000] {processor.py:183} INFO - Processing /home/airflow/.local/lib/python3.8/site-packages/airflow/example_dags/example_sensors.py took 0.053 seconds
[2024-02-02T16:08:37.002+0000] {processor.py:161} INFO - Started process (PID=259) to work on /home/airflow/.local/lib/python3.8/site-packages/airflow/example_dags/example_sensors.py
[2024-02-02T16:08:37.002+0000] {processor.py:830} INFO - Processing file /home/airflow/.local/lib/python3.8/site-packages/airflow/example_dags/example_sensors.py for tasks to queue
[2024-02-02T16:08:37.003+0000] {logging_mixin.py:188} INFO - [2024-02-02T16:08:37.003+0000] {dagbag.py:538} INFO - Filling up the DagBag from /home/airflow/.local/lib/python3.8/site-packages/airflow/example_dags/example_sensors.py
[2024-02-02T16:08:37.008+0000] {processor.py:840} INFO - DAG(s) 'example_sensors' retrieved from /home/airflow/.local/lib/python3.8/site-packages/airflow/example_dags/example_sensors.py
[2024-02-02T16:08:37.031+0000] {logging_mixin.py:188} INFO - [2024-02-02T16:08:37.031+0000] {dag.py:3036} INFO - Sync 1 DAGs
[2024-02-02T16:08:37.039+0000] {logging_mixin.py:188} INFO - [2024-02-02T16:08:37.039+0000] {dag.py:3823} INFO - Setting next_dagrun for example_sensors to None, run_after=None
[2024-02-02T16:08:37.052+0000] {processor.py:183} INFO - Processing /home/airflow/.local/lib/python3.8/site-packages/airflow/example_dags/example_sensors.py took 0.052 seconds
[2024-02-02T16:09:22.328+0000] {processor.py:161} INFO - Started process (PID=84) to work on /home/airflow/.local/lib/python3.8/site-packages/airflow/example_dags/example_sensors.py
[2024-02-02T16:09:22.329+0000] {processor.py:830} INFO - Processing file /home/airflow/.local/lib/python3.8/site-packages/airflow/example_dags/example_sensors.py for tasks to queue
[2024-02-02T16:09:22.330+0000] {logging_mixin.py:188} INFO - [2024-02-02T16:09:22.330+0000] {dagbag.py:538} INFO - Filling up the DagBag from /home/airflow/.local/lib/python3.8/site-packages/airflow/example_dags/example_sensors.py
[2024-02-02T16:09:22.335+0000] {processor.py:840} INFO - DAG(s) 'example_sensors' retrieved from /home/airflow/.local/lib/python3.8/site-packages/airflow/example_dags/example_sensors.py
[2024-02-02T16:09:22.360+0000] {logging_mixin.py:188} INFO - [2024-02-02T16:09:22.360+0000] {dag.py:3036} INFO - Sync 1 DAGs
[2024-02-02T16:09:22.369+0000] {logging_mixin.py:188} INFO - [2024-02-02T16:09:22.369+0000] {dag.py:3823} INFO - Setting next_dagrun for example_sensors to None, run_after=None
[2024-02-02T16:09:22.381+0000] {processor.py:183} INFO - Processing /home/airflow/.local/lib/python3.8/site-packages/airflow/example_dags/example_sensors.py took 0.054 seconds
[2024-02-02T16:09:52.740+0000] {processor.py:161} INFO - Started process (PID=141) to work on /home/airflow/.local/lib/python3.8/site-packages/airflow/example_dags/example_sensors.py
[2024-02-02T16:09:52.741+0000] {processor.py:830} INFO - Processing file /home/airflow/.local/lib/python3.8/site-packages/airflow/example_dags/example_sensors.py for tasks to queue
[2024-02-02T16:09:52.742+0000] {logging_mixin.py:188} INFO - [2024-02-02T16:09:52.742+0000] {dagbag.py:538} INFO - Filling up the DagBag from /home/airflow/.local/lib/python3.8/site-packages/airflow/example_dags/example_sensors.py
[2024-02-02T16:09:52.746+0000] {processor.py:840} INFO - DAG(s) 'example_sensors' retrieved from /home/airflow/.local/lib/python3.8/site-packages/airflow/example_dags/example_sensors.py
[2024-02-02T16:09:52.776+0000] {logging_mixin.py:188} INFO - [2024-02-02T16:09:52.776+0000] {dag.py:3036} INFO - Sync 1 DAGs
[2024-02-02T16:09:52.787+0000] {logging_mixin.py:188} INFO - [2024-02-02T16:09:52.786+0000] {dag.py:3823} INFO - Setting next_dagrun for example_sensors to None, run_after=None
[2024-02-02T16:09:52.807+0000] {processor.py:183} INFO - Processing /home/airflow/.local/lib/python3.8/site-packages/airflow/example_dags/example_sensors.py took 0.068 seconds
[2024-02-02T16:10:22.870+0000] {processor.py:161} INFO - Started process (PID=200) to work on /home/airflow/.local/lib/python3.8/site-packages/airflow/example_dags/example_sensors.py
[2024-02-02T16:10:22.870+0000] {processor.py:830} INFO - Processing file /home/airflow/.local/lib/python3.8/site-packages/airflow/example_dags/example_sensors.py for tasks to queue
[2024-02-02T16:10:22.871+0000] {logging_mixin.py:188} INFO - [2024-02-02T16:10:22.871+0000] {dagbag.py:538} INFO - Filling up the DagBag from /home/airflow/.local/lib/python3.8/site-packages/airflow/example_dags/example_sensors.py
[2024-02-02T16:10:22.876+0000] {processor.py:840} INFO - DAG(s) 'example_sensors' retrieved from /home/airflow/.local/lib/python3.8/site-packages/airflow/example_dags/example_sensors.py
[2024-02-02T16:10:22.906+0000] {logging_mixin.py:188} INFO - [2024-02-02T16:10:22.905+0000] {dag.py:3036} INFO - Sync 1 DAGs
[2024-02-02T16:10:22.916+0000] {logging_mixin.py:188} INFO - [2024-02-02T16:10:22.916+0000] {dag.py:3823} INFO - Setting next_dagrun for example_sensors to None, run_after=None
[2024-02-02T16:10:22.930+0000] {processor.py:183} INFO - Processing /home/airflow/.local/lib/python3.8/site-packages/airflow/example_dags/example_sensors.py took 0.062 seconds
[2024-02-02T16:10:53.025+0000] {processor.py:161} INFO - Started process (PID=259) to work on /home/airflow/.local/lib/python3.8/site-packages/airflow/example_dags/example_sensors.py
[2024-02-02T16:10:53.025+0000] {processor.py:830} INFO - Processing file /home/airflow/.local/lib/python3.8/site-packages/airflow/example_dags/example_sensors.py for tasks to queue
[2024-02-02T16:10:53.026+0000] {logging_mixin.py:188} INFO - [2024-02-02T16:10:53.026+0000] {dagbag.py:538} INFO - Filling up the DagBag from /home/airflow/.local/lib/python3.8/site-packages/airflow/example_dags/example_sensors.py
[2024-02-02T16:10:53.030+0000] {processor.py:840} INFO - DAG(s) 'example_sensors' retrieved from /home/airflow/.local/lib/python3.8/site-packages/airflow/example_dags/example_sensors.py
[2024-02-02T16:10:53.053+0000] {logging_mixin.py:188} INFO - [2024-02-02T16:10:53.053+0000] {dag.py:3036} INFO - Sync 1 DAGs
[2024-02-02T16:10:53.061+0000] {logging_mixin.py:188} INFO - [2024-02-02T16:10:53.061+0000] {dag.py:3823} INFO - Setting next_dagrun for example_sensors to None, run_after=None
[2024-02-02T16:10:53.072+0000] {processor.py:183} INFO - Processing /home/airflow/.local/lib/python3.8/site-packages/airflow/example_dags/example_sensors.py took 0.049 seconds
[2024-02-02T16:12:00.252+0000] {processor.py:161} INFO - Started process (PID=84) to work on /home/airflow/.local/lib/python3.8/site-packages/airflow/example_dags/example_sensors.py
[2024-02-02T16:12:00.253+0000] {processor.py:830} INFO - Processing file /home/airflow/.local/lib/python3.8/site-packages/airflow/example_dags/example_sensors.py for tasks to queue
[2024-02-02T16:12:00.254+0000] {logging_mixin.py:188} INFO - [2024-02-02T16:12:00.253+0000] {dagbag.py:538} INFO - Filling up the DagBag from /home/airflow/.local/lib/python3.8/site-packages/airflow/example_dags/example_sensors.py
[2024-02-02T16:12:00.259+0000] {processor.py:840} INFO - DAG(s) 'example_sensors' retrieved from /home/airflow/.local/lib/python3.8/site-packages/airflow/example_dags/example_sensors.py
[2024-02-02T16:12:00.287+0000] {logging_mixin.py:188} INFO - [2024-02-02T16:12:00.287+0000] {dag.py:3036} INFO - Sync 1 DAGs
[2024-02-02T16:12:00.298+0000] {logging_mixin.py:188} INFO - [2024-02-02T16:12:00.298+0000] {dag.py:3823} INFO - Setting next_dagrun for example_sensors to None, run_after=None
[2024-02-02T16:12:00.316+0000] {processor.py:183} INFO - Processing /home/airflow/.local/lib/python3.8/site-packages/airflow/example_dags/example_sensors.py took 0.065 seconds
[2024-02-02T16:12:30.764+0000] {processor.py:161} INFO - Started process (PID=143) to work on /home/airflow/.local/lib/python3.8/site-packages/airflow/example_dags/example_sensors.py
[2024-02-02T16:12:30.764+0000] {processor.py:830} INFO - Processing file /home/airflow/.local/lib/python3.8/site-packages/airflow/example_dags/example_sensors.py for tasks to queue
[2024-02-02T16:12:30.765+0000] {logging_mixin.py:188} INFO - [2024-02-02T16:12:30.765+0000] {dagbag.py:538} INFO - Filling up the DagBag from /home/airflow/.local/lib/python3.8/site-packages/airflow/example_dags/example_sensors.py
[2024-02-02T16:12:30.770+0000] {processor.py:840} INFO - DAG(s) 'example_sensors' retrieved from /home/airflow/.local/lib/python3.8/site-packages/airflow/example_dags/example_sensors.py
[2024-02-02T16:12:30.795+0000] {logging_mixin.py:188} INFO - [2024-02-02T16:12:30.795+0000] {dag.py:3036} INFO - Sync 1 DAGs
[2024-02-02T16:12:30.805+0000] {logging_mixin.py:188} INFO - [2024-02-02T16:12:30.804+0000] {dag.py:3823} INFO - Setting next_dagrun for example_sensors to None, run_after=None
[2024-02-02T16:12:30.817+0000] {processor.py:183} INFO - Processing /home/airflow/.local/lib/python3.8/site-packages/airflow/example_dags/example_sensors.py took 0.055 seconds
[2024-02-02T16:13:00.848+0000] {processor.py:161} INFO - Started process (PID=200) to work on /home/airflow/.local/lib/python3.8/site-packages/airflow/example_dags/example_sensors.py
[2024-02-02T16:13:00.849+0000] {processor.py:830} INFO - Processing file /home/airflow/.local/lib/python3.8/site-packages/airflow/example_dags/example_sensors.py for tasks to queue
[2024-02-02T16:13:00.850+0000] {logging_mixin.py:188} INFO - [2024-02-02T16:13:00.850+0000] {dagbag.py:538} INFO - Filling up the DagBag from /home/airflow/.local/lib/python3.8/site-packages/airflow/example_dags/example_sensors.py
[2024-02-02T16:13:00.854+0000] {processor.py:840} INFO - DAG(s) 'example_sensors' retrieved from /home/airflow/.local/lib/python3.8/site-packages/airflow/example_dags/example_sensors.py
[2024-02-02T16:13:00.880+0000] {logging_mixin.py:188} INFO - [2024-02-02T16:13:00.879+0000] {dag.py:3036} INFO - Sync 1 DAGs
[2024-02-02T16:13:00.888+0000] {logging_mixin.py:188} INFO - [2024-02-02T16:13:00.888+0000] {dag.py:3823} INFO - Setting next_dagrun for example_sensors to None, run_after=None
[2024-02-02T16:13:00.900+0000] {processor.py:183} INFO - Processing /home/airflow/.local/lib/python3.8/site-packages/airflow/example_dags/example_sensors.py took 0.053 seconds
[2024-02-02T16:14:08.900+0000] {processor.py:161} INFO - Started process (PID=84) to work on /home/airflow/.local/lib/python3.8/site-packages/airflow/example_dags/example_sensors.py
[2024-02-02T16:14:08.901+0000] {processor.py:830} INFO - Processing file /home/airflow/.local/lib/python3.8/site-packages/airflow/example_dags/example_sensors.py for tasks to queue
[2024-02-02T16:14:08.902+0000] {logging_mixin.py:188} INFO - [2024-02-02T16:14:08.902+0000] {dagbag.py:538} INFO - Filling up the DagBag from /home/airflow/.local/lib/python3.8/site-packages/airflow/example_dags/example_sensors.py
[2024-02-02T16:14:08.907+0000] {processor.py:840} INFO - DAG(s) 'example_sensors' retrieved from /home/airflow/.local/lib/python3.8/site-packages/airflow/example_dags/example_sensors.py
[2024-02-02T16:14:08.934+0000] {logging_mixin.py:188} INFO - [2024-02-02T16:14:08.934+0000] {dag.py:3036} INFO - Sync 1 DAGs
[2024-02-02T16:14:08.944+0000] {logging_mixin.py:188} INFO - [2024-02-02T16:14:08.944+0000] {dag.py:3823} INFO - Setting next_dagrun for example_sensors to None, run_after=None
[2024-02-02T16:14:08.962+0000] {processor.py:183} INFO - Processing /home/airflow/.local/lib/python3.8/site-packages/airflow/example_dags/example_sensors.py took 0.063 seconds
[2024-02-02T16:14:39.341+0000] {processor.py:161} INFO - Started process (PID=143) to work on /home/airflow/.local/lib/python3.8/site-packages/airflow/example_dags/example_sensors.py
[2024-02-02T16:14:39.341+0000] {processor.py:830} INFO - Processing file /home/airflow/.local/lib/python3.8/site-packages/airflow/example_dags/example_sensors.py for tasks to queue
[2024-02-02T16:14:39.342+0000] {logging_mixin.py:188} INFO - [2024-02-02T16:14:39.342+0000] {dagbag.py:538} INFO - Filling up the DagBag from /home/airflow/.local/lib/python3.8/site-packages/airflow/example_dags/example_sensors.py
[2024-02-02T16:14:39.346+0000] {processor.py:840} INFO - DAG(s) 'example_sensors' retrieved from /home/airflow/.local/lib/python3.8/site-packages/airflow/example_dags/example_sensors.py
[2024-02-02T16:14:39.372+0000] {logging_mixin.py:188} INFO - [2024-02-02T16:14:39.372+0000] {dag.py:3036} INFO - Sync 1 DAGs
[2024-02-02T16:14:39.381+0000] {logging_mixin.py:188} INFO - [2024-02-02T16:14:39.380+0000] {dag.py:3823} INFO - Setting next_dagrun for example_sensors to None, run_after=None
[2024-02-02T16:14:39.393+0000] {processor.py:183} INFO - Processing /home/airflow/.local/lib/python3.8/site-packages/airflow/example_dags/example_sensors.py took 0.053 seconds
[2024-02-02T16:15:09.470+0000] {processor.py:161} INFO - Started process (PID=200) to work on /home/airflow/.local/lib/python3.8/site-packages/airflow/example_dags/example_sensors.py
[2024-02-02T16:15:09.471+0000] {processor.py:830} INFO - Processing file /home/airflow/.local/lib/python3.8/site-packages/airflow/example_dags/example_sensors.py for tasks to queue
[2024-02-02T16:15:09.472+0000] {logging_mixin.py:188} INFO - [2024-02-02T16:15:09.472+0000] {dagbag.py:538} INFO - Filling up the DagBag from /home/airflow/.local/lib/python3.8/site-packages/airflow/example_dags/example_sensors.py
[2024-02-02T16:15:09.476+0000] {processor.py:840} INFO - DAG(s) 'example_sensors' retrieved from /home/airflow/.local/lib/python3.8/site-packages/airflow/example_dags/example_sensors.py
[2024-02-02T16:15:09.501+0000] {logging_mixin.py:188} INFO - [2024-02-02T16:15:09.501+0000] {dag.py:3036} INFO - Sync 1 DAGs
[2024-02-02T16:15:09.510+0000] {logging_mixin.py:188} INFO - [2024-02-02T16:15:09.510+0000] {dag.py:3823} INFO - Setting next_dagrun for example_sensors to None, run_after=None
[2024-02-02T16:15:09.522+0000] {processor.py:183} INFO - Processing /home/airflow/.local/lib/python3.8/site-packages/airflow/example_dags/example_sensors.py took 0.053 seconds
[2024-02-02T16:15:39.763+0000] {processor.py:161} INFO - Started process (PID=259) to work on /home/airflow/.local/lib/python3.8/site-packages/airflow/example_dags/example_sensors.py
[2024-02-02T16:15:39.764+0000] {processor.py:830} INFO - Processing file /home/airflow/.local/lib/python3.8/site-packages/airflow/example_dags/example_sensors.py for tasks to queue
[2024-02-02T16:15:39.765+0000] {logging_mixin.py:188} INFO - [2024-02-02T16:15:39.765+0000] {dagbag.py:538} INFO - Filling up the DagBag from /home/airflow/.local/lib/python3.8/site-packages/airflow/example_dags/example_sensors.py
[2024-02-02T16:15:39.769+0000] {processor.py:840} INFO - DAG(s) 'example_sensors' retrieved from /home/airflow/.local/lib/python3.8/site-packages/airflow/example_dags/example_sensors.py
[2024-02-02T16:15:39.794+0000] {logging_mixin.py:188} INFO - [2024-02-02T16:15:39.794+0000] {dag.py:3036} INFO - Sync 1 DAGs
[2024-02-02T16:15:39.802+0000] {logging_mixin.py:188} INFO - [2024-02-02T16:15:39.802+0000] {dag.py:3823} INFO - Setting next_dagrun for example_sensors to None, run_after=None
[2024-02-02T16:15:39.817+0000] {processor.py:183} INFO - Processing /home/airflow/.local/lib/python3.8/site-packages/airflow/example_dags/example_sensors.py took 0.055 seconds
[2024-02-02T16:16:09.906+0000] {processor.py:161} INFO - Started process (PID=318) to work on /home/airflow/.local/lib/python3.8/site-packages/airflow/example_dags/example_sensors.py
[2024-02-02T16:16:09.907+0000] {processor.py:830} INFO - Processing file /home/airflow/.local/lib/python3.8/site-packages/airflow/example_dags/example_sensors.py for tasks to queue
[2024-02-02T16:16:09.908+0000] {logging_mixin.py:188} INFO - [2024-02-02T16:16:09.908+0000] {dagbag.py:538} INFO - Filling up the DagBag from /home/airflow/.local/lib/python3.8/site-packages/airflow/example_dags/example_sensors.py
[2024-02-02T16:16:09.913+0000] {processor.py:840} INFO - DAG(s) 'example_sensors' retrieved from /home/airflow/.local/lib/python3.8/site-packages/airflow/example_dags/example_sensors.py
[2024-02-02T16:16:09.938+0000] {logging_mixin.py:188} INFO - [2024-02-02T16:16:09.938+0000] {dag.py:3036} INFO - Sync 1 DAGs
[2024-02-02T16:16:09.947+0000] {logging_mixin.py:188} INFO - [2024-02-02T16:16:09.947+0000] {dag.py:3823} INFO - Setting next_dagrun for example_sensors to None, run_after=None
[2024-02-02T16:16:09.964+0000] {processor.py:183} INFO - Processing /home/airflow/.local/lib/python3.8/site-packages/airflow/example_dags/example_sensors.py took 0.059 seconds
[2024-02-02T16:16:48.101+0000] {processor.py:161} INFO - Started process (PID=84) to work on /home/airflow/.local/lib/python3.8/site-packages/airflow/example_dags/example_sensors.py
[2024-02-02T16:16:48.102+0000] {processor.py:830} INFO - Processing file /home/airflow/.local/lib/python3.8/site-packages/airflow/example_dags/example_sensors.py for tasks to queue
[2024-02-02T16:16:48.103+0000] {logging_mixin.py:188} INFO - [2024-02-02T16:16:48.103+0000] {dagbag.py:538} INFO - Filling up the DagBag from /home/airflow/.local/lib/python3.8/site-packages/airflow/example_dags/example_sensors.py
[2024-02-02T16:16:48.109+0000] {processor.py:840} INFO - DAG(s) 'example_sensors' retrieved from /home/airflow/.local/lib/python3.8/site-packages/airflow/example_dags/example_sensors.py
[2024-02-02T16:16:48.136+0000] {logging_mixin.py:188} INFO - [2024-02-02T16:16:48.136+0000] {dag.py:3036} INFO - Sync 1 DAGs
[2024-02-02T16:16:48.146+0000] {logging_mixin.py:188} INFO - [2024-02-02T16:16:48.146+0000] {dag.py:3823} INFO - Setting next_dagrun for example_sensors to None, run_after=None
[2024-02-02T16:16:48.165+0000] {processor.py:183} INFO - Processing /home/airflow/.local/lib/python3.8/site-packages/airflow/example_dags/example_sensors.py took 0.065 seconds
[2024-02-02T16:17:18.548+0000] {processor.py:161} INFO - Started process (PID=147) to work on /home/airflow/.local/lib/python3.8/site-packages/airflow/example_dags/example_sensors.py
[2024-02-02T16:17:18.549+0000] {processor.py:830} INFO - Processing file /home/airflow/.local/lib/python3.8/site-packages/airflow/example_dags/example_sensors.py for tasks to queue
[2024-02-02T16:17:18.549+0000] {logging_mixin.py:188} INFO - [2024-02-02T16:17:18.549+0000] {dagbag.py:538} INFO - Filling up the DagBag from /home/airflow/.local/lib/python3.8/site-packages/airflow/example_dags/example_sensors.py
[2024-02-02T16:17:18.554+0000] {processor.py:840} INFO - DAG(s) 'example_sensors' retrieved from /home/airflow/.local/lib/python3.8/site-packages/airflow/example_dags/example_sensors.py
[2024-02-02T16:17:18.578+0000] {logging_mixin.py:188} INFO - [2024-02-02T16:17:18.578+0000] {dag.py:3036} INFO - Sync 1 DAGs
[2024-02-02T16:17:18.587+0000] {logging_mixin.py:188} INFO - [2024-02-02T16:17:18.586+0000] {dag.py:3823} INFO - Setting next_dagrun for example_sensors to None, run_after=None
[2024-02-02T16:17:18.599+0000] {processor.py:183} INFO - Processing /home/airflow/.local/lib/python3.8/site-packages/airflow/example_dags/example_sensors.py took 0.052 seconds
[2024-02-02T16:17:48.843+0000] {processor.py:161} INFO - Started process (PID=208) to work on /home/airflow/.local/lib/python3.8/site-packages/airflow/example_dags/example_sensors.py
[2024-02-02T16:17:48.843+0000] {processor.py:830} INFO - Processing file /home/airflow/.local/lib/python3.8/site-packages/airflow/example_dags/example_sensors.py for tasks to queue
[2024-02-02T16:17:48.844+0000] {logging_mixin.py:188} INFO - [2024-02-02T16:17:48.844+0000] {dagbag.py:538} INFO - Filling up the DagBag from /home/airflow/.local/lib/python3.8/site-packages/airflow/example_dags/example_sensors.py
[2024-02-02T16:17:48.848+0000] {processor.py:840} INFO - DAG(s) 'example_sensors' retrieved from /home/airflow/.local/lib/python3.8/site-packages/airflow/example_dags/example_sensors.py
[2024-02-02T16:17:48.872+0000] {logging_mixin.py:188} INFO - [2024-02-02T16:17:48.872+0000] {dag.py:3036} INFO - Sync 1 DAGs
[2024-02-02T16:17:48.881+0000] {logging_mixin.py:188} INFO - [2024-02-02T16:17:48.881+0000] {dag.py:3823} INFO - Setting next_dagrun for example_sensors to None, run_after=None
[2024-02-02T16:17:48.893+0000] {processor.py:183} INFO - Processing /home/airflow/.local/lib/python3.8/site-packages/airflow/example_dags/example_sensors.py took 0.052 seconds
[2024-02-02T16:18:19.538+0000] {processor.py:161} INFO - Started process (PID=84) to work on /home/airflow/.local/lib/python3.8/site-packages/airflow/example_dags/example_sensors.py
[2024-02-02T16:18:19.539+0000] {processor.py:830} INFO - Processing file /home/airflow/.local/lib/python3.8/site-packages/airflow/example_dags/example_sensors.py for tasks to queue
[2024-02-02T16:18:19.540+0000] {logging_mixin.py:188} INFO - [2024-02-02T16:18:19.539+0000] {dagbag.py:538} INFO - Filling up the DagBag from /home/airflow/.local/lib/python3.8/site-packages/airflow/example_dags/example_sensors.py
[2024-02-02T16:18:19.545+0000] {processor.py:840} INFO - DAG(s) 'example_sensors' retrieved from /home/airflow/.local/lib/python3.8/site-packages/airflow/example_dags/example_sensors.py
[2024-02-02T16:18:19.570+0000] {logging_mixin.py:188} INFO - [2024-02-02T16:18:19.570+0000] {dag.py:3036} INFO - Sync 1 DAGs
[2024-02-02T16:18:19.579+0000] {logging_mixin.py:188} INFO - [2024-02-02T16:18:19.579+0000] {dag.py:3823} INFO - Setting next_dagrun for example_sensors to None, run_after=None
[2024-02-02T16:18:19.591+0000] {processor.py:183} INFO - Processing /home/airflow/.local/lib/python3.8/site-packages/airflow/example_dags/example_sensors.py took 0.054 seconds
[2024-02-02T16:18:49.904+0000] {processor.py:161} INFO - Started process (PID=141) to work on /home/airflow/.local/lib/python3.8/site-packages/airflow/example_dags/example_sensors.py
[2024-02-02T16:18:49.904+0000] {processor.py:830} INFO - Processing file /home/airflow/.local/lib/python3.8/site-packages/airflow/example_dags/example_sensors.py for tasks to queue
[2024-02-02T16:18:49.905+0000] {logging_mixin.py:188} INFO - [2024-02-02T16:18:49.905+0000] {dagbag.py:538} INFO - Filling up the DagBag from /home/airflow/.local/lib/python3.8/site-packages/airflow/example_dags/example_sensors.py
[2024-02-02T16:18:49.910+0000] {processor.py:840} INFO - DAG(s) 'example_sensors' retrieved from /home/airflow/.local/lib/python3.8/site-packages/airflow/example_dags/example_sensors.py
[2024-02-02T16:18:49.934+0000] {logging_mixin.py:188} INFO - [2024-02-02T16:18:49.934+0000] {dag.py:3036} INFO - Sync 1 DAGs
[2024-02-02T16:18:49.942+0000] {logging_mixin.py:188} INFO - [2024-02-02T16:18:49.942+0000] {dag.py:3823} INFO - Setting next_dagrun for example_sensors to None, run_after=None
[2024-02-02T16:18:49.955+0000] {processor.py:183} INFO - Processing /home/airflow/.local/lib/python3.8/site-packages/airflow/example_dags/example_sensors.py took 0.053 seconds
[2024-02-02T16:19:13.538+0000] {processor.py:161} INFO - Started process (PID=84) to work on /home/airflow/.local/lib/python3.8/site-packages/airflow/example_dags/example_sensors.py
[2024-02-02T16:19:13.538+0000] {processor.py:830} INFO - Processing file /home/airflow/.local/lib/python3.8/site-packages/airflow/example_dags/example_sensors.py for tasks to queue
[2024-02-02T16:19:13.539+0000] {logging_mixin.py:188} INFO - [2024-02-02T16:19:13.539+0000] {dagbag.py:538} INFO - Filling up the DagBag from /home/airflow/.local/lib/python3.8/site-packages/airflow/example_dags/example_sensors.py
[2024-02-02T16:19:13.544+0000] {processor.py:840} INFO - DAG(s) 'example_sensors' retrieved from /home/airflow/.local/lib/python3.8/site-packages/airflow/example_dags/example_sensors.py
[2024-02-02T16:19:13.571+0000] {logging_mixin.py:188} INFO - [2024-02-02T16:19:13.571+0000] {dag.py:3036} INFO - Sync 1 DAGs
[2024-02-02T16:19:13.580+0000] {logging_mixin.py:188} INFO - [2024-02-02T16:19:13.580+0000] {dag.py:3823} INFO - Setting next_dagrun for example_sensors to None, run_after=None
[2024-02-02T16:19:13.597+0000] {processor.py:183} INFO - Processing /home/airflow/.local/lib/python3.8/site-packages/airflow/example_dags/example_sensors.py took 0.061 seconds
[2024-02-02T16:19:43.849+0000] {processor.py:161} INFO - Started process (PID=143) to work on /home/airflow/.local/lib/python3.8/site-packages/airflow/example_dags/example_sensors.py
[2024-02-02T16:19:43.849+0000] {processor.py:830} INFO - Processing file /home/airflow/.local/lib/python3.8/site-packages/airflow/example_dags/example_sensors.py for tasks to queue
[2024-02-02T16:19:43.850+0000] {logging_mixin.py:188} INFO - [2024-02-02T16:19:43.850+0000] {dagbag.py:538} INFO - Filling up the DagBag from /home/airflow/.local/lib/python3.8/site-packages/airflow/example_dags/example_sensors.py
[2024-02-02T16:19:43.855+0000] {processor.py:840} INFO - DAG(s) 'example_sensors' retrieved from /home/airflow/.local/lib/python3.8/site-packages/airflow/example_dags/example_sensors.py
[2024-02-02T16:19:43.882+0000] {logging_mixin.py:188} INFO - [2024-02-02T16:19:43.881+0000] {dag.py:3036} INFO - Sync 1 DAGs
[2024-02-02T16:19:43.891+0000] {logging_mixin.py:188} INFO - [2024-02-02T16:19:43.891+0000] {dag.py:3823} INFO - Setting next_dagrun for example_sensors to None, run_after=None
[2024-02-02T16:19:43.904+0000] {processor.py:183} INFO - Processing /home/airflow/.local/lib/python3.8/site-packages/airflow/example_dags/example_sensors.py took 0.057 seconds
[2024-02-02T16:20:14.041+0000] {processor.py:161} INFO - Started process (PID=200) to work on /home/airflow/.local/lib/python3.8/site-packages/airflow/example_dags/example_sensors.py
[2024-02-02T16:20:14.041+0000] {processor.py:830} INFO - Processing file /home/airflow/.local/lib/python3.8/site-packages/airflow/example_dags/example_sensors.py for tasks to queue
[2024-02-02T16:20:14.042+0000] {logging_mixin.py:188} INFO - [2024-02-02T16:20:14.042+0000] {dagbag.py:538} INFO - Filling up the DagBag from /home/airflow/.local/lib/python3.8/site-packages/airflow/example_dags/example_sensors.py
[2024-02-02T16:20:14.047+0000] {processor.py:840} INFO - DAG(s) 'example_sensors' retrieved from /home/airflow/.local/lib/python3.8/site-packages/airflow/example_dags/example_sensors.py
[2024-02-02T16:20:14.070+0000] {logging_mixin.py:188} INFO - [2024-02-02T16:20:14.070+0000] {dag.py:3036} INFO - Sync 1 DAGs
[2024-02-02T16:20:14.078+0000] {logging_mixin.py:188} INFO - [2024-02-02T16:20:14.078+0000] {dag.py:3823} INFO - Setting next_dagrun for example_sensors to None, run_after=None
[2024-02-02T16:20:14.089+0000] {processor.py:183} INFO - Processing /home/airflow/.local/lib/python3.8/site-packages/airflow/example_dags/example_sensors.py took 0.050 seconds
[2024-02-02T16:20:44.149+0000] {processor.py:161} INFO - Started process (PID=259) to work on /home/airflow/.local/lib/python3.8/site-packages/airflow/example_dags/example_sensors.py
[2024-02-02T16:20:44.149+0000] {processor.py:830} INFO - Processing file /home/airflow/.local/lib/python3.8/site-packages/airflow/example_dags/example_sensors.py for tasks to queue
[2024-02-02T16:20:44.150+0000] {logging_mixin.py:188} INFO - [2024-02-02T16:20:44.150+0000] {dagbag.py:538} INFO - Filling up the DagBag from /home/airflow/.local/lib/python3.8/site-packages/airflow/example_dags/example_sensors.py
[2024-02-02T16:20:44.154+0000] {processor.py:840} INFO - DAG(s) 'example_sensors' retrieved from /home/airflow/.local/lib/python3.8/site-packages/airflow/example_dags/example_sensors.py
[2024-02-02T16:20:44.180+0000] {logging_mixin.py:188} INFO - [2024-02-02T16:20:44.179+0000] {dag.py:3036} INFO - Sync 1 DAGs
[2024-02-02T16:20:44.190+0000] {logging_mixin.py:188} INFO - [2024-02-02T16:20:44.190+0000] {dag.py:3823} INFO - Setting next_dagrun for example_sensors to None, run_after=None
[2024-02-02T16:20:44.207+0000] {processor.py:183} INFO - Processing /home/airflow/.local/lib/python3.8/site-packages/airflow/example_dags/example_sensors.py took 0.060 seconds
[2024-02-02T16:21:14.412+0000] {processor.py:161} INFO - Started process (PID=318) to work on /home/airflow/.local/lib/python3.8/site-packages/airflow/example_dags/example_sensors.py
[2024-02-02T16:21:14.413+0000] {processor.py:830} INFO - Processing file /home/airflow/.local/lib/python3.8/site-packages/airflow/example_dags/example_sensors.py for tasks to queue
[2024-02-02T16:21:14.414+0000] {logging_mixin.py:188} INFO - [2024-02-02T16:21:14.414+0000] {dagbag.py:538} INFO - Filling up the DagBag from /home/airflow/.local/lib/python3.8/site-packages/airflow/example_dags/example_sensors.py
[2024-02-02T16:21:14.418+0000] {processor.py:840} INFO - DAG(s) 'example_sensors' retrieved from /home/airflow/.local/lib/python3.8/site-packages/airflow/example_dags/example_sensors.py
[2024-02-02T16:21:14.443+0000] {logging_mixin.py:188} INFO - [2024-02-02T16:21:14.443+0000] {dag.py:3036} INFO - Sync 1 DAGs
[2024-02-02T16:21:14.453+0000] {logging_mixin.py:188} INFO - [2024-02-02T16:21:14.453+0000] {dag.py:3823} INFO - Setting next_dagrun for example_sensors to None, run_after=None
[2024-02-02T16:21:14.465+0000] {processor.py:183} INFO - Processing /home/airflow/.local/lib/python3.8/site-packages/airflow/example_dags/example_sensors.py took 0.054 seconds
[2024-02-02T16:21:44.811+0000] {processor.py:161} INFO - Started process (PID=377) to work on /home/airflow/.local/lib/python3.8/site-packages/airflow/example_dags/example_sensors.py
[2024-02-02T16:21:44.812+0000] {processor.py:830} INFO - Processing file /home/airflow/.local/lib/python3.8/site-packages/airflow/example_dags/example_sensors.py for tasks to queue
[2024-02-02T16:21:44.813+0000] {logging_mixin.py:188} INFO - [2024-02-02T16:21:44.813+0000] {dagbag.py:538} INFO - Filling up the DagBag from /home/airflow/.local/lib/python3.8/site-packages/airflow/example_dags/example_sensors.py
[2024-02-02T16:21:44.817+0000] {processor.py:840} INFO - DAG(s) 'example_sensors' retrieved from /home/airflow/.local/lib/python3.8/site-packages/airflow/example_dags/example_sensors.py
[2024-02-02T16:21:44.842+0000] {logging_mixin.py:188} INFO - [2024-02-02T16:21:44.842+0000] {dag.py:3036} INFO - Sync 1 DAGs
[2024-02-02T16:21:44.852+0000] {logging_mixin.py:188} INFO - [2024-02-02T16:21:44.851+0000] {dag.py:3823} INFO - Setting next_dagrun for example_sensors to None, run_after=None
[2024-02-02T16:21:44.864+0000] {processor.py:183} INFO - Processing /home/airflow/.local/lib/python3.8/site-packages/airflow/example_dags/example_sensors.py took 0.054 seconds
[2024-02-02T16:22:15.894+0000] {processor.py:161} INFO - Started process (PID=437) to work on /home/airflow/.local/lib/python3.8/site-packages/airflow/example_dags/example_sensors.py
[2024-02-02T16:22:15.895+0000] {processor.py:830} INFO - Processing file /home/airflow/.local/lib/python3.8/site-packages/airflow/example_dags/example_sensors.py for tasks to queue
[2024-02-02T16:22:15.896+0000] {logging_mixin.py:188} INFO - [2024-02-02T16:22:15.896+0000] {dagbag.py:538} INFO - Filling up the DagBag from /home/airflow/.local/lib/python3.8/site-packages/airflow/example_dags/example_sensors.py
[2024-02-02T16:22:15.900+0000] {processor.py:840} INFO - DAG(s) 'example_sensors' retrieved from /home/airflow/.local/lib/python3.8/site-packages/airflow/example_dags/example_sensors.py
[2024-02-02T16:22:15.925+0000] {logging_mixin.py:188} INFO - [2024-02-02T16:22:15.925+0000] {dag.py:3036} INFO - Sync 1 DAGs
[2024-02-02T16:22:15.932+0000] {logging_mixin.py:188} INFO - [2024-02-02T16:22:15.932+0000] {dag.py:3823} INFO - Setting next_dagrun for example_sensors to None, run_after=None
[2024-02-02T16:22:15.948+0000] {processor.py:183} INFO - Processing /home/airflow/.local/lib/python3.8/site-packages/airflow/example_dags/example_sensors.py took 0.055 seconds
[2024-02-02T16:22:48.163+0000] {processor.py:161} INFO - Started process (PID=84) to work on /home/airflow/.local/lib/python3.8/site-packages/airflow/example_dags/example_sensors.py
[2024-02-02T16:22:48.163+0000] {processor.py:830} INFO - Processing file /home/airflow/.local/lib/python3.8/site-packages/airflow/example_dags/example_sensors.py for tasks to queue
[2024-02-02T16:22:48.164+0000] {logging_mixin.py:188} INFO - [2024-02-02T16:22:48.164+0000] {dagbag.py:538} INFO - Filling up the DagBag from /home/airflow/.local/lib/python3.8/site-packages/airflow/example_dags/example_sensors.py
[2024-02-02T16:22:48.170+0000] {processor.py:840} INFO - DAG(s) 'example_sensors' retrieved from /home/airflow/.local/lib/python3.8/site-packages/airflow/example_dags/example_sensors.py
[2024-02-02T16:22:48.199+0000] {logging_mixin.py:188} INFO - [2024-02-02T16:22:48.199+0000] {dag.py:3036} INFO - Sync 1 DAGs
[2024-02-02T16:22:48.209+0000] {logging_mixin.py:188} INFO - [2024-02-02T16:22:48.209+0000] {dag.py:3823} INFO - Setting next_dagrun for example_sensors to None, run_after=None
[2024-02-02T16:22:48.228+0000] {processor.py:183} INFO - Processing /home/airflow/.local/lib/python3.8/site-packages/airflow/example_dags/example_sensors.py took 0.066 seconds
[2024-02-02T16:23:18.719+0000] {processor.py:161} INFO - Started process (PID=141) to work on /home/airflow/.local/lib/python3.8/site-packages/airflow/example_dags/example_sensors.py
[2024-02-02T16:23:18.719+0000] {processor.py:830} INFO - Processing file /home/airflow/.local/lib/python3.8/site-packages/airflow/example_dags/example_sensors.py for tasks to queue
[2024-02-02T16:23:18.720+0000] {logging_mixin.py:188} INFO - [2024-02-02T16:23:18.720+0000] {dagbag.py:538} INFO - Filling up the DagBag from /home/airflow/.local/lib/python3.8/site-packages/airflow/example_dags/example_sensors.py
[2024-02-02T16:23:18.724+0000] {processor.py:840} INFO - DAG(s) 'example_sensors' retrieved from /home/airflow/.local/lib/python3.8/site-packages/airflow/example_dags/example_sensors.py
[2024-02-02T16:23:18.748+0000] {logging_mixin.py:188} INFO - [2024-02-02T16:23:18.748+0000] {dag.py:3036} INFO - Sync 1 DAGs
[2024-02-02T16:23:18.756+0000] {logging_mixin.py:188} INFO - [2024-02-02T16:23:18.756+0000] {dag.py:3823} INFO - Setting next_dagrun for example_sensors to None, run_after=None
[2024-02-02T16:23:18.768+0000] {processor.py:183} INFO - Processing /home/airflow/.local/lib/python3.8/site-packages/airflow/example_dags/example_sensors.py took 0.051 seconds
[2024-02-02T16:23:49.135+0000] {processor.py:161} INFO - Started process (PID=200) to work on /home/airflow/.local/lib/python3.8/site-packages/airflow/example_dags/example_sensors.py
[2024-02-02T16:23:49.135+0000] {processor.py:830} INFO - Processing file /home/airflow/.local/lib/python3.8/site-packages/airflow/example_dags/example_sensors.py for tasks to queue
[2024-02-02T16:23:49.136+0000] {logging_mixin.py:188} INFO - [2024-02-02T16:23:49.136+0000] {dagbag.py:538} INFO - Filling up the DagBag from /home/airflow/.local/lib/python3.8/site-packages/airflow/example_dags/example_sensors.py
[2024-02-02T16:23:49.140+0000] {processor.py:840} INFO - DAG(s) 'example_sensors' retrieved from /home/airflow/.local/lib/python3.8/site-packages/airflow/example_dags/example_sensors.py
[2024-02-02T16:23:49.163+0000] {logging_mixin.py:188} INFO - [2024-02-02T16:23:49.163+0000] {dag.py:3036} INFO - Sync 1 DAGs
[2024-02-02T16:23:49.171+0000] {logging_mixin.py:188} INFO - [2024-02-02T16:23:49.171+0000] {dag.py:3823} INFO - Setting next_dagrun for example_sensors to None, run_after=None
[2024-02-02T16:23:49.183+0000] {processor.py:183} INFO - Processing /home/airflow/.local/lib/python3.8/site-packages/airflow/example_dags/example_sensors.py took 0.049 seconds
[2024-02-02T16:24:19.806+0000] {processor.py:161} INFO - Started process (PID=259) to work on /home/airflow/.local/lib/python3.8/site-packages/airflow/example_dags/example_sensors.py
[2024-02-02T16:24:19.806+0000] {processor.py:830} INFO - Processing file /home/airflow/.local/lib/python3.8/site-packages/airflow/example_dags/example_sensors.py for tasks to queue
[2024-02-02T16:24:19.807+0000] {logging_mixin.py:188} INFO - [2024-02-02T16:24:19.807+0000] {dagbag.py:538} INFO - Filling up the DagBag from /home/airflow/.local/lib/python3.8/site-packages/airflow/example_dags/example_sensors.py
[2024-02-02T16:24:19.812+0000] {processor.py:840} INFO - DAG(s) 'example_sensors' retrieved from /home/airflow/.local/lib/python3.8/site-packages/airflow/example_dags/example_sensors.py
[2024-02-02T16:24:19.836+0000] {logging_mixin.py:188} INFO - [2024-02-02T16:24:19.836+0000] {dag.py:3036} INFO - Sync 1 DAGs
[2024-02-02T16:24:19.845+0000] {logging_mixin.py:188} INFO - [2024-02-02T16:24:19.845+0000] {dag.py:3823} INFO - Setting next_dagrun for example_sensors to None, run_after=None
[2024-02-02T16:24:19.857+0000] {processor.py:183} INFO - Processing /home/airflow/.local/lib/python3.8/site-packages/airflow/example_dags/example_sensors.py took 0.053 seconds
[2024-02-02T16:24:50.390+0000] {processor.py:161} INFO - Started process (PID=316) to work on /home/airflow/.local/lib/python3.8/site-packages/airflow/example_dags/example_sensors.py
[2024-02-02T16:24:50.391+0000] {processor.py:830} INFO - Processing file /home/airflow/.local/lib/python3.8/site-packages/airflow/example_dags/example_sensors.py for tasks to queue
[2024-02-02T16:24:50.391+0000] {logging_mixin.py:188} INFO - [2024-02-02T16:24:50.391+0000] {dagbag.py:538} INFO - Filling up the DagBag from /home/airflow/.local/lib/python3.8/site-packages/airflow/example_dags/example_sensors.py
[2024-02-02T16:24:50.395+0000] {processor.py:840} INFO - DAG(s) 'example_sensors' retrieved from /home/airflow/.local/lib/python3.8/site-packages/airflow/example_dags/example_sensors.py
[2024-02-02T16:24:50.419+0000] {logging_mixin.py:188} INFO - [2024-02-02T16:24:50.419+0000] {dag.py:3036} INFO - Sync 1 DAGs
[2024-02-02T16:24:50.427+0000] {logging_mixin.py:188} INFO - [2024-02-02T16:24:50.427+0000] {dag.py:3823} INFO - Setting next_dagrun for example_sensors to None, run_after=None
[2024-02-02T16:24:50.439+0000] {processor.py:183} INFO - Processing /home/airflow/.local/lib/python3.8/site-packages/airflow/example_dags/example_sensors.py took 0.050 seconds
[2024-02-02T16:25:20.554+0000] {processor.py:161} INFO - Started process (PID=379) to work on /home/airflow/.local/lib/python3.8/site-packages/airflow/example_dags/example_sensors.py
[2024-02-02T16:25:20.555+0000] {processor.py:830} INFO - Processing file /home/airflow/.local/lib/python3.8/site-packages/airflow/example_dags/example_sensors.py for tasks to queue
[2024-02-02T16:25:20.556+0000] {logging_mixin.py:188} INFO - [2024-02-02T16:25:20.556+0000] {dagbag.py:538} INFO - Filling up the DagBag from /home/airflow/.local/lib/python3.8/site-packages/airflow/example_dags/example_sensors.py
[2024-02-02T16:25:20.560+0000] {processor.py:840} INFO - DAG(s) 'example_sensors' retrieved from /home/airflow/.local/lib/python3.8/site-packages/airflow/example_dags/example_sensors.py
[2024-02-02T16:25:20.584+0000] {logging_mixin.py:188} INFO - [2024-02-02T16:25:20.584+0000] {dag.py:3036} INFO - Sync 1 DAGs
[2024-02-02T16:25:20.592+0000] {logging_mixin.py:188} INFO - [2024-02-02T16:25:20.592+0000] {dag.py:3823} INFO - Setting next_dagrun for example_sensors to None, run_after=None
[2024-02-02T16:25:20.604+0000] {processor.py:183} INFO - Processing /home/airflow/.local/lib/python3.8/site-packages/airflow/example_dags/example_sensors.py took 0.051 seconds
[2024-02-02T16:25:40.652+0000] {processor.py:161} INFO - Started process (PID=84) to work on /home/airflow/.local/lib/python3.8/site-packages/airflow/example_dags/example_sensors.py
[2024-02-02T16:25:40.652+0000] {processor.py:830} INFO - Processing file /home/airflow/.local/lib/python3.8/site-packages/airflow/example_dags/example_sensors.py for tasks to queue
[2024-02-02T16:25:40.653+0000] {logging_mixin.py:188} INFO - [2024-02-02T16:25:40.653+0000] {dagbag.py:538} INFO - Filling up the DagBag from /home/airflow/.local/lib/python3.8/site-packages/airflow/example_dags/example_sensors.py
[2024-02-02T16:25:40.658+0000] {processor.py:840} INFO - DAG(s) 'example_sensors' retrieved from /home/airflow/.local/lib/python3.8/site-packages/airflow/example_dags/example_sensors.py
[2024-02-02T16:25:40.682+0000] {logging_mixin.py:188} INFO - [2024-02-02T16:25:40.682+0000] {dag.py:3036} INFO - Sync 1 DAGs
[2024-02-02T16:25:40.692+0000] {logging_mixin.py:188} INFO - [2024-02-02T16:25:40.691+0000] {dag.py:3823} INFO - Setting next_dagrun for example_sensors to None, run_after=None
[2024-02-02T16:25:40.704+0000] {processor.py:183} INFO - Processing /home/airflow/.local/lib/python3.8/site-packages/airflow/example_dags/example_sensors.py took 0.054 seconds
[2024-02-02T16:26:11.110+0000] {processor.py:161} INFO - Started process (PID=147) to work on /home/airflow/.local/lib/python3.8/site-packages/airflow/example_dags/example_sensors.py
[2024-02-02T16:26:11.110+0000] {processor.py:830} INFO - Processing file /home/airflow/.local/lib/python3.8/site-packages/airflow/example_dags/example_sensors.py for tasks to queue
[2024-02-02T16:26:11.111+0000] {logging_mixin.py:188} INFO - [2024-02-02T16:26:11.111+0000] {dagbag.py:538} INFO - Filling up the DagBag from /home/airflow/.local/lib/python3.8/site-packages/airflow/example_dags/example_sensors.py
[2024-02-02T16:26:11.116+0000] {processor.py:840} INFO - DAG(s) 'example_sensors' retrieved from /home/airflow/.local/lib/python3.8/site-packages/airflow/example_dags/example_sensors.py
[2024-02-02T16:26:11.142+0000] {logging_mixin.py:188} INFO - [2024-02-02T16:26:11.141+0000] {dag.py:3036} INFO - Sync 1 DAGs
[2024-02-02T16:26:11.151+0000] {logging_mixin.py:188} INFO - [2024-02-02T16:26:11.151+0000] {dag.py:3823} INFO - Setting next_dagrun for example_sensors to None, run_after=None
[2024-02-02T16:26:11.165+0000] {processor.py:183} INFO - Processing /home/airflow/.local/lib/python3.8/site-packages/airflow/example_dags/example_sensors.py took 0.056 seconds
[2024-02-02T16:26:41.601+0000] {processor.py:161} INFO - Started process (PID=204) to work on /home/airflow/.local/lib/python3.8/site-packages/airflow/example_dags/example_sensors.py
[2024-02-02T16:26:41.602+0000] {processor.py:830} INFO - Processing file /home/airflow/.local/lib/python3.8/site-packages/airflow/example_dags/example_sensors.py for tasks to queue
[2024-02-02T16:26:41.603+0000] {logging_mixin.py:188} INFO - [2024-02-02T16:26:41.603+0000] {dagbag.py:538} INFO - Filling up the DagBag from /home/airflow/.local/lib/python3.8/site-packages/airflow/example_dags/example_sensors.py
[2024-02-02T16:26:41.607+0000] {processor.py:840} INFO - DAG(s) 'example_sensors' retrieved from /home/airflow/.local/lib/python3.8/site-packages/airflow/example_dags/example_sensors.py
[2024-02-02T16:26:41.631+0000] {logging_mixin.py:188} INFO - [2024-02-02T16:26:41.631+0000] {dag.py:3036} INFO - Sync 1 DAGs
[2024-02-02T16:26:41.639+0000] {logging_mixin.py:188} INFO - [2024-02-02T16:26:41.639+0000] {dag.py:3823} INFO - Setting next_dagrun for example_sensors to None, run_after=None
[2024-02-02T16:26:41.651+0000] {processor.py:183} INFO - Processing /home/airflow/.local/lib/python3.8/site-packages/airflow/example_dags/example_sensors.py took 0.051 seconds
[2024-02-02T16:27:12.518+0000] {processor.py:161} INFO - Started process (PID=263) to work on /home/airflow/.local/lib/python3.8/site-packages/airflow/example_dags/example_sensors.py
[2024-02-02T16:27:12.518+0000] {processor.py:830} INFO - Processing file /home/airflow/.local/lib/python3.8/site-packages/airflow/example_dags/example_sensors.py for tasks to queue
[2024-02-02T16:27:12.519+0000] {logging_mixin.py:188} INFO - [2024-02-02T16:27:12.519+0000] {dagbag.py:538} INFO - Filling up the DagBag from /home/airflow/.local/lib/python3.8/site-packages/airflow/example_dags/example_sensors.py
[2024-02-02T16:27:12.524+0000] {processor.py:840} INFO - DAG(s) 'example_sensors' retrieved from /home/airflow/.local/lib/python3.8/site-packages/airflow/example_dags/example_sensors.py
[2024-02-02T16:27:12.551+0000] {logging_mixin.py:188} INFO - [2024-02-02T16:27:12.551+0000] {dag.py:3036} INFO - Sync 1 DAGs
[2024-02-02T16:27:12.561+0000] {logging_mixin.py:188} INFO - [2024-02-02T16:27:12.560+0000] {dag.py:3823} INFO - Setting next_dagrun for example_sensors to None, run_after=None
[2024-02-02T16:27:12.574+0000] {processor.py:183} INFO - Processing /home/airflow/.local/lib/python3.8/site-packages/airflow/example_dags/example_sensors.py took 0.058 seconds
[2024-02-02T16:27:42.634+0000] {processor.py:161} INFO - Started process (PID=320) to work on /home/airflow/.local/lib/python3.8/site-packages/airflow/example_dags/example_sensors.py
[2024-02-02T16:27:42.635+0000] {processor.py:830} INFO - Processing file /home/airflow/.local/lib/python3.8/site-packages/airflow/example_dags/example_sensors.py for tasks to queue
[2024-02-02T16:27:42.635+0000] {logging_mixin.py:188} INFO - [2024-02-02T16:27:42.635+0000] {dagbag.py:538} INFO - Filling up the DagBag from /home/airflow/.local/lib/python3.8/site-packages/airflow/example_dags/example_sensors.py
[2024-02-02T16:27:42.640+0000] {processor.py:840} INFO - DAG(s) 'example_sensors' retrieved from /home/airflow/.local/lib/python3.8/site-packages/airflow/example_dags/example_sensors.py
[2024-02-02T16:27:42.665+0000] {logging_mixin.py:188} INFO - [2024-02-02T16:27:42.664+0000] {dag.py:3036} INFO - Sync 1 DAGs
[2024-02-02T16:27:42.673+0000] {logging_mixin.py:188} INFO - [2024-02-02T16:27:42.673+0000] {dag.py:3823} INFO - Setting next_dagrun for example_sensors to None, run_after=None
[2024-02-02T16:27:42.685+0000] {processor.py:183} INFO - Processing /home/airflow/.local/lib/python3.8/site-packages/airflow/example_dags/example_sensors.py took 0.053 seconds
[2024-02-02T16:28:12.784+0000] {processor.py:161} INFO - Started process (PID=379) to work on /home/airflow/.local/lib/python3.8/site-packages/airflow/example_dags/example_sensors.py
[2024-02-02T16:28:12.784+0000] {processor.py:830} INFO - Processing file /home/airflow/.local/lib/python3.8/site-packages/airflow/example_dags/example_sensors.py for tasks to queue
[2024-02-02T16:28:12.785+0000] {logging_mixin.py:188} INFO - [2024-02-02T16:28:12.785+0000] {dagbag.py:538} INFO - Filling up the DagBag from /home/airflow/.local/lib/python3.8/site-packages/airflow/example_dags/example_sensors.py
[2024-02-02T16:28:12.790+0000] {processor.py:840} INFO - DAG(s) 'example_sensors' retrieved from /home/airflow/.local/lib/python3.8/site-packages/airflow/example_dags/example_sensors.py
[2024-02-02T16:28:12.814+0000] {logging_mixin.py:188} INFO - [2024-02-02T16:28:12.814+0000] {dag.py:3036} INFO - Sync 1 DAGs
[2024-02-02T16:28:12.822+0000] {logging_mixin.py:188} INFO - [2024-02-02T16:28:12.822+0000] {dag.py:3823} INFO - Setting next_dagrun for example_sensors to None, run_after=None
[2024-02-02T16:28:12.834+0000] {processor.py:183} INFO - Processing /home/airflow/.local/lib/python3.8/site-packages/airflow/example_dags/example_sensors.py took 0.052 seconds
[2024-02-02T16:28:42.900+0000] {processor.py:161} INFO - Started process (PID=438) to work on /home/airflow/.local/lib/python3.8/site-packages/airflow/example_dags/example_sensors.py
[2024-02-02T16:28:42.900+0000] {processor.py:830} INFO - Processing file /home/airflow/.local/lib/python3.8/site-packages/airflow/example_dags/example_sensors.py for tasks to queue
[2024-02-02T16:28:42.901+0000] {logging_mixin.py:188} INFO - [2024-02-02T16:28:42.901+0000] {dagbag.py:538} INFO - Filling up the DagBag from /home/airflow/.local/lib/python3.8/site-packages/airflow/example_dags/example_sensors.py
[2024-02-02T16:28:42.905+0000] {processor.py:840} INFO - DAG(s) 'example_sensors' retrieved from /home/airflow/.local/lib/python3.8/site-packages/airflow/example_dags/example_sensors.py
[2024-02-02T16:28:42.928+0000] {logging_mixin.py:188} INFO - [2024-02-02T16:28:42.928+0000] {dag.py:3036} INFO - Sync 1 DAGs
[2024-02-02T16:28:42.936+0000] {logging_mixin.py:188} INFO - [2024-02-02T16:28:42.936+0000] {dag.py:3823} INFO - Setting next_dagrun for example_sensors to None, run_after=None
[2024-02-02T16:28:42.948+0000] {processor.py:183} INFO - Processing /home/airflow/.local/lib/python3.8/site-packages/airflow/example_dags/example_sensors.py took 0.050 seconds
[2024-02-02T16:29:13.150+0000] {processor.py:161} INFO - Started process (PID=497) to work on /home/airflow/.local/lib/python3.8/site-packages/airflow/example_dags/example_sensors.py
[2024-02-02T16:29:13.150+0000] {processor.py:830} INFO - Processing file /home/airflow/.local/lib/python3.8/site-packages/airflow/example_dags/example_sensors.py for tasks to queue
[2024-02-02T16:29:13.151+0000] {logging_mixin.py:188} INFO - [2024-02-02T16:29:13.151+0000] {dagbag.py:538} INFO - Filling up the DagBag from /home/airflow/.local/lib/python3.8/site-packages/airflow/example_dags/example_sensors.py
[2024-02-02T16:29:13.155+0000] {processor.py:840} INFO - DAG(s) 'example_sensors' retrieved from /home/airflow/.local/lib/python3.8/site-packages/airflow/example_dags/example_sensors.py
[2024-02-02T16:29:13.179+0000] {logging_mixin.py:188} INFO - [2024-02-02T16:29:13.179+0000] {dag.py:3036} INFO - Sync 1 DAGs
[2024-02-02T16:29:13.190+0000] {logging_mixin.py:188} INFO - [2024-02-02T16:29:13.189+0000] {dag.py:3823} INFO - Setting next_dagrun for example_sensors to None, run_after=None
[2024-02-02T16:29:13.204+0000] {processor.py:183} INFO - Processing /home/airflow/.local/lib/python3.8/site-packages/airflow/example_dags/example_sensors.py took 0.056 seconds
[2024-02-02T16:29:43.325+0000] {processor.py:161} INFO - Started process (PID=556) to work on /home/airflow/.local/lib/python3.8/site-packages/airflow/example_dags/example_sensors.py
[2024-02-02T16:29:43.326+0000] {processor.py:830} INFO - Processing file /home/airflow/.local/lib/python3.8/site-packages/airflow/example_dags/example_sensors.py for tasks to queue
[2024-02-02T16:29:43.326+0000] {logging_mixin.py:188} INFO - [2024-02-02T16:29:43.326+0000] {dagbag.py:538} INFO - Filling up the DagBag from /home/airflow/.local/lib/python3.8/site-packages/airflow/example_dags/example_sensors.py
[2024-02-02T16:29:43.331+0000] {processor.py:840} INFO - DAG(s) 'example_sensors' retrieved from /home/airflow/.local/lib/python3.8/site-packages/airflow/example_dags/example_sensors.py
[2024-02-02T16:29:43.357+0000] {logging_mixin.py:188} INFO - [2024-02-02T16:29:43.357+0000] {dag.py:3036} INFO - Sync 1 DAGs
[2024-02-02T16:29:43.365+0000] {logging_mixin.py:188} INFO - [2024-02-02T16:29:43.365+0000] {dag.py:3823} INFO - Setting next_dagrun for example_sensors to None, run_after=None
[2024-02-02T16:29:43.378+0000] {processor.py:183} INFO - Processing /home/airflow/.local/lib/python3.8/site-packages/airflow/example_dags/example_sensors.py took 0.054 seconds
[2024-02-02T16:30:13.725+0000] {processor.py:161} INFO - Started process (PID=615) to work on /home/airflow/.local/lib/python3.8/site-packages/airflow/example_dags/example_sensors.py
[2024-02-02T16:30:13.725+0000] {processor.py:830} INFO - Processing file /home/airflow/.local/lib/python3.8/site-packages/airflow/example_dags/example_sensors.py for tasks to queue
[2024-02-02T16:30:13.726+0000] {logging_mixin.py:188} INFO - [2024-02-02T16:30:13.726+0000] {dagbag.py:538} INFO - Filling up the DagBag from /home/airflow/.local/lib/python3.8/site-packages/airflow/example_dags/example_sensors.py
[2024-02-02T16:30:13.730+0000] {processor.py:840} INFO - DAG(s) 'example_sensors' retrieved from /home/airflow/.local/lib/python3.8/site-packages/airflow/example_dags/example_sensors.py
[2024-02-02T16:30:13.755+0000] {logging_mixin.py:188} INFO - [2024-02-02T16:30:13.755+0000] {dag.py:3036} INFO - Sync 1 DAGs
[2024-02-02T16:30:13.764+0000] {logging_mixin.py:188} INFO - [2024-02-02T16:30:13.763+0000] {dag.py:3823} INFO - Setting next_dagrun for example_sensors to None, run_after=None
[2024-02-02T16:30:13.777+0000] {processor.py:183} INFO - Processing /home/airflow/.local/lib/python3.8/site-packages/airflow/example_dags/example_sensors.py took 0.054 seconds
[2024-02-02T16:30:44.155+0000] {processor.py:161} INFO - Started process (PID=674) to work on /home/airflow/.local/lib/python3.8/site-packages/airflow/example_dags/example_sensors.py
[2024-02-02T16:30:44.156+0000] {processor.py:830} INFO - Processing file /home/airflow/.local/lib/python3.8/site-packages/airflow/example_dags/example_sensors.py for tasks to queue
[2024-02-02T16:30:44.157+0000] {logging_mixin.py:188} INFO - [2024-02-02T16:30:44.156+0000] {dagbag.py:538} INFO - Filling up the DagBag from /home/airflow/.local/lib/python3.8/site-packages/airflow/example_dags/example_sensors.py
[2024-02-02T16:30:44.161+0000] {processor.py:840} INFO - DAG(s) 'example_sensors' retrieved from /home/airflow/.local/lib/python3.8/site-packages/airflow/example_dags/example_sensors.py
[2024-02-02T16:30:44.186+0000] {logging_mixin.py:188} INFO - [2024-02-02T16:30:44.186+0000] {dag.py:3036} INFO - Sync 1 DAGs
[2024-02-02T16:30:44.195+0000] {logging_mixin.py:188} INFO - [2024-02-02T16:30:44.195+0000] {dag.py:3823} INFO - Setting next_dagrun for example_sensors to None, run_after=None
[2024-02-02T16:30:44.207+0000] {processor.py:183} INFO - Processing /home/airflow/.local/lib/python3.8/site-packages/airflow/example_dags/example_sensors.py took 0.054 seconds
[2024-02-02T16:31:14.490+0000] {processor.py:161} INFO - Started process (PID=733) to work on /home/airflow/.local/lib/python3.8/site-packages/airflow/example_dags/example_sensors.py
[2024-02-02T16:31:14.491+0000] {processor.py:830} INFO - Processing file /home/airflow/.local/lib/python3.8/site-packages/airflow/example_dags/example_sensors.py for tasks to queue
[2024-02-02T16:31:14.491+0000] {logging_mixin.py:188} INFO - [2024-02-02T16:31:14.491+0000] {dagbag.py:538} INFO - Filling up the DagBag from /home/airflow/.local/lib/python3.8/site-packages/airflow/example_dags/example_sensors.py
[2024-02-02T16:31:14.496+0000] {processor.py:840} INFO - DAG(s) 'example_sensors' retrieved from /home/airflow/.local/lib/python3.8/site-packages/airflow/example_dags/example_sensors.py
[2024-02-02T16:31:14.520+0000] {logging_mixin.py:188} INFO - [2024-02-02T16:31:14.520+0000] {dag.py:3036} INFO - Sync 1 DAGs
[2024-02-02T16:31:14.529+0000] {logging_mixin.py:188} INFO - [2024-02-02T16:31:14.529+0000] {dag.py:3823} INFO - Setting next_dagrun for example_sensors to None, run_after=None
[2024-02-02T16:31:14.542+0000] {processor.py:183} INFO - Processing /home/airflow/.local/lib/python3.8/site-packages/airflow/example_dags/example_sensors.py took 0.053 seconds
[2024-02-02T16:31:44.918+0000] {processor.py:161} INFO - Started process (PID=792) to work on /home/airflow/.local/lib/python3.8/site-packages/airflow/example_dags/example_sensors.py
[2024-02-02T16:31:44.919+0000] {processor.py:830} INFO - Processing file /home/airflow/.local/lib/python3.8/site-packages/airflow/example_dags/example_sensors.py for tasks to queue
[2024-02-02T16:31:44.920+0000] {logging_mixin.py:188} INFO - [2024-02-02T16:31:44.920+0000] {dagbag.py:538} INFO - Filling up the DagBag from /home/airflow/.local/lib/python3.8/site-packages/airflow/example_dags/example_sensors.py
[2024-02-02T16:31:44.924+0000] {processor.py:840} INFO - DAG(s) 'example_sensors' retrieved from /home/airflow/.local/lib/python3.8/site-packages/airflow/example_dags/example_sensors.py
[2024-02-02T16:31:44.948+0000] {logging_mixin.py:188} INFO - [2024-02-02T16:31:44.948+0000] {dag.py:3036} INFO - Sync 1 DAGs
[2024-02-02T16:31:44.957+0000] {logging_mixin.py:188} INFO - [2024-02-02T16:31:44.956+0000] {dag.py:3823} INFO - Setting next_dagrun for example_sensors to None, run_after=None
[2024-02-02T16:31:44.969+0000] {processor.py:183} INFO - Processing /home/airflow/.local/lib/python3.8/site-packages/airflow/example_dags/example_sensors.py took 0.052 seconds
[2024-02-02T16:32:15.284+0000] {processor.py:161} INFO - Started process (PID=851) to work on /home/airflow/.local/lib/python3.8/site-packages/airflow/example_dags/example_sensors.py
[2024-02-02T16:32:15.284+0000] {processor.py:830} INFO - Processing file /home/airflow/.local/lib/python3.8/site-packages/airflow/example_dags/example_sensors.py for tasks to queue
[2024-02-02T16:32:15.285+0000] {logging_mixin.py:188} INFO - [2024-02-02T16:32:15.285+0000] {dagbag.py:538} INFO - Filling up the DagBag from /home/airflow/.local/lib/python3.8/site-packages/airflow/example_dags/example_sensors.py
[2024-02-02T16:32:15.290+0000] {processor.py:840} INFO - DAG(s) 'example_sensors' retrieved from /home/airflow/.local/lib/python3.8/site-packages/airflow/example_dags/example_sensors.py
[2024-02-02T16:32:15.314+0000] {logging_mixin.py:188} INFO - [2024-02-02T16:32:15.313+0000] {dag.py:3036} INFO - Sync 1 DAGs
[2024-02-02T16:32:15.321+0000] {logging_mixin.py:188} INFO - [2024-02-02T16:32:15.321+0000] {dag.py:3823} INFO - Setting next_dagrun for example_sensors to None, run_after=None
[2024-02-02T16:32:15.333+0000] {processor.py:183} INFO - Processing /home/airflow/.local/lib/python3.8/site-packages/airflow/example_dags/example_sensors.py took 0.051 seconds
[2024-02-02T16:32:45.711+0000] {processor.py:161} INFO - Started process (PID=910) to work on /home/airflow/.local/lib/python3.8/site-packages/airflow/example_dags/example_sensors.py
[2024-02-02T16:32:45.712+0000] {processor.py:830} INFO - Processing file /home/airflow/.local/lib/python3.8/site-packages/airflow/example_dags/example_sensors.py for tasks to queue
[2024-02-02T16:32:45.713+0000] {logging_mixin.py:188} INFO - [2024-02-02T16:32:45.713+0000] {dagbag.py:538} INFO - Filling up the DagBag from /home/airflow/.local/lib/python3.8/site-packages/airflow/example_dags/example_sensors.py
[2024-02-02T16:32:45.717+0000] {processor.py:840} INFO - DAG(s) 'example_sensors' retrieved from /home/airflow/.local/lib/python3.8/site-packages/airflow/example_dags/example_sensors.py
[2024-02-02T16:32:45.741+0000] {logging_mixin.py:188} INFO - [2024-02-02T16:32:45.740+0000] {dag.py:3036} INFO - Sync 1 DAGs
[2024-02-02T16:32:45.748+0000] {logging_mixin.py:188} INFO - [2024-02-02T16:32:45.748+0000] {dag.py:3823} INFO - Setting next_dagrun for example_sensors to None, run_after=None
[2024-02-02T16:32:45.761+0000] {processor.py:183} INFO - Processing /home/airflow/.local/lib/python3.8/site-packages/airflow/example_dags/example_sensors.py took 0.051 seconds
[2024-02-02T16:33:16.099+0000] {processor.py:161} INFO - Started process (PID=969) to work on /home/airflow/.local/lib/python3.8/site-packages/airflow/example_dags/example_sensors.py
[2024-02-02T16:33:16.099+0000] {processor.py:830} INFO - Processing file /home/airflow/.local/lib/python3.8/site-packages/airflow/example_dags/example_sensors.py for tasks to queue
[2024-02-02T16:33:16.100+0000] {logging_mixin.py:188} INFO - [2024-02-02T16:33:16.100+0000] {dagbag.py:538} INFO - Filling up the DagBag from /home/airflow/.local/lib/python3.8/site-packages/airflow/example_dags/example_sensors.py
[2024-02-02T16:33:16.105+0000] {processor.py:840} INFO - DAG(s) 'example_sensors' retrieved from /home/airflow/.local/lib/python3.8/site-packages/airflow/example_dags/example_sensors.py
[2024-02-02T16:33:16.129+0000] {logging_mixin.py:188} INFO - [2024-02-02T16:33:16.129+0000] {dag.py:3036} INFO - Sync 1 DAGs
[2024-02-02T16:33:16.137+0000] {logging_mixin.py:188} INFO - [2024-02-02T16:33:16.137+0000] {dag.py:3823} INFO - Setting next_dagrun for example_sensors to None, run_after=None
[2024-02-02T16:33:16.149+0000] {processor.py:183} INFO - Processing /home/airflow/.local/lib/python3.8/site-packages/airflow/example_dags/example_sensors.py took 0.052 seconds
