[2024-02-02T15:50:34.686+0000] {processor.py:161} INFO - Started process (PID=109) to work on /home/airflow/.local/lib/python3.8/site-packages/airflow/example_dags/example_complex.py
[2024-02-02T15:50:34.686+0000] {processor.py:830} INFO - Processing file /home/airflow/.local/lib/python3.8/site-packages/airflow/example_dags/example_complex.py for tasks to queue
[2024-02-02T15:50:34.687+0000] {logging_mixin.py:188} INFO - [2024-02-02T15:50:34.687+0000] {dagbag.py:538} INFO - Filling up the DagBag from /home/airflow/.local/lib/python3.8/site-packages/airflow/example_dags/example_complex.py
[2024-02-02T15:50:34.694+0000] {processor.py:840} INFO - DAG(s) 'example_complex' retrieved from /home/airflow/.local/lib/python3.8/site-packages/airflow/example_dags/example_complex.py
[2024-02-02T15:50:34.724+0000] {logging_mixin.py:188} INFO - [2024-02-02T15:50:34.724+0000] {dag.py:3036} INFO - Sync 1 DAGs
[2024-02-02T15:50:34.735+0000] {logging_mixin.py:188} INFO - [2024-02-02T15:50:34.735+0000] {dag.py:3823} INFO - Setting next_dagrun for example_complex to None, run_after=None
[2024-02-02T15:50:34.751+0000] {processor.py:183} INFO - Processing /home/airflow/.local/lib/python3.8/site-packages/airflow/example_dags/example_complex.py took 0.067 seconds
[2024-02-02T15:53:34.553+0000] {processor.py:161} INFO - Started process (PID=97) to work on /home/airflow/.local/lib/python3.8/site-packages/airflow/example_dags/example_complex.py
[2024-02-02T15:53:34.553+0000] {processor.py:830} INFO - Processing file /home/airflow/.local/lib/python3.8/site-packages/airflow/example_dags/example_complex.py for tasks to queue
[2024-02-02T15:53:34.554+0000] {logging_mixin.py:188} INFO - [2024-02-02T15:53:34.554+0000] {dagbag.py:538} INFO - Filling up the DagBag from /home/airflow/.local/lib/python3.8/site-packages/airflow/example_dags/example_complex.py
[2024-02-02T15:53:34.561+0000] {processor.py:840} INFO - DAG(s) 'example_complex' retrieved from /home/airflow/.local/lib/python3.8/site-packages/airflow/example_dags/example_complex.py
[2024-02-02T15:53:34.590+0000] {logging_mixin.py:188} INFO - [2024-02-02T15:53:34.590+0000] {dag.py:3036} INFO - Sync 1 DAGs
[2024-02-02T15:53:34.600+0000] {logging_mixin.py:188} INFO - [2024-02-02T15:53:34.600+0000] {dag.py:3823} INFO - Setting next_dagrun for example_complex to None, run_after=None
[2024-02-02T15:53:34.612+0000] {processor.py:183} INFO - Processing /home/airflow/.local/lib/python3.8/site-packages/airflow/example_dags/example_complex.py took 0.061 seconds
[2024-02-02T15:54:05.717+0000] {processor.py:161} INFO - Started process (PID=156) to work on /home/airflow/.local/lib/python3.8/site-packages/airflow/example_dags/example_complex.py
[2024-02-02T15:54:05.717+0000] {processor.py:830} INFO - Processing file /home/airflow/.local/lib/python3.8/site-packages/airflow/example_dags/example_complex.py for tasks to queue
[2024-02-02T15:54:05.718+0000] {logging_mixin.py:188} INFO - [2024-02-02T15:54:05.718+0000] {dagbag.py:538} INFO - Filling up the DagBag from /home/airflow/.local/lib/python3.8/site-packages/airflow/example_dags/example_complex.py
[2024-02-02T15:54:05.724+0000] {processor.py:840} INFO - DAG(s) 'example_complex' retrieved from /home/airflow/.local/lib/python3.8/site-packages/airflow/example_dags/example_complex.py
[2024-02-02T15:54:05.756+0000] {logging_mixin.py:188} INFO - [2024-02-02T15:54:05.756+0000] {dag.py:3036} INFO - Sync 1 DAGs
[2024-02-02T15:54:05.767+0000] {logging_mixin.py:188} INFO - [2024-02-02T15:54:05.767+0000] {dag.py:3823} INFO - Setting next_dagrun for example_complex to None, run_after=None
[2024-02-02T15:54:05.783+0000] {processor.py:183} INFO - Processing /home/airflow/.local/lib/python3.8/site-packages/airflow/example_dags/example_complex.py took 0.068 seconds
[2024-02-02T15:54:36.116+0000] {processor.py:161} INFO - Started process (PID=217) to work on /home/airflow/.local/lib/python3.8/site-packages/airflow/example_dags/example_complex.py
[2024-02-02T15:54:36.117+0000] {processor.py:830} INFO - Processing file /home/airflow/.local/lib/python3.8/site-packages/airflow/example_dags/example_complex.py for tasks to queue
[2024-02-02T15:54:36.118+0000] {logging_mixin.py:188} INFO - [2024-02-02T15:54:36.118+0000] {dagbag.py:538} INFO - Filling up the DagBag from /home/airflow/.local/lib/python3.8/site-packages/airflow/example_dags/example_complex.py
[2024-02-02T15:54:36.123+0000] {processor.py:840} INFO - DAG(s) 'example_complex' retrieved from /home/airflow/.local/lib/python3.8/site-packages/airflow/example_dags/example_complex.py
[2024-02-02T15:54:36.152+0000] {logging_mixin.py:188} INFO - [2024-02-02T15:54:36.152+0000] {dag.py:3036} INFO - Sync 1 DAGs
[2024-02-02T15:54:36.160+0000] {logging_mixin.py:188} INFO - [2024-02-02T15:54:36.160+0000] {dag.py:3823} INFO - Setting next_dagrun for example_complex to None, run_after=None
[2024-02-02T15:54:36.178+0000] {processor.py:183} INFO - Processing /home/airflow/.local/lib/python3.8/site-packages/airflow/example_dags/example_complex.py took 0.063 seconds
[2024-02-02T15:55:06.566+0000] {processor.py:161} INFO - Started process (PID=276) to work on /home/airflow/.local/lib/python3.8/site-packages/airflow/example_dags/example_complex.py
[2024-02-02T15:55:06.567+0000] {processor.py:830} INFO - Processing file /home/airflow/.local/lib/python3.8/site-packages/airflow/example_dags/example_complex.py for tasks to queue
[2024-02-02T15:55:06.568+0000] {logging_mixin.py:188} INFO - [2024-02-02T15:55:06.567+0000] {dagbag.py:538} INFO - Filling up the DagBag from /home/airflow/.local/lib/python3.8/site-packages/airflow/example_dags/example_complex.py
[2024-02-02T15:55:06.573+0000] {processor.py:840} INFO - DAG(s) 'example_complex' retrieved from /home/airflow/.local/lib/python3.8/site-packages/airflow/example_dags/example_complex.py
[2024-02-02T15:55:06.603+0000] {logging_mixin.py:188} INFO - [2024-02-02T15:55:06.602+0000] {dag.py:3036} INFO - Sync 1 DAGs
[2024-02-02T15:55:06.612+0000] {logging_mixin.py:188} INFO - [2024-02-02T15:55:06.612+0000] {dag.py:3823} INFO - Setting next_dagrun for example_complex to None, run_after=None
[2024-02-02T15:55:06.625+0000] {processor.py:183} INFO - Processing /home/airflow/.local/lib/python3.8/site-packages/airflow/example_dags/example_complex.py took 0.060 seconds
[2024-02-02T15:55:37.012+0000] {processor.py:161} INFO - Started process (PID=335) to work on /home/airflow/.local/lib/python3.8/site-packages/airflow/example_dags/example_complex.py
[2024-02-02T15:55:37.013+0000] {processor.py:830} INFO - Processing file /home/airflow/.local/lib/python3.8/site-packages/airflow/example_dags/example_complex.py for tasks to queue
[2024-02-02T15:55:37.014+0000] {logging_mixin.py:188} INFO - [2024-02-02T15:55:37.014+0000] {dagbag.py:538} INFO - Filling up the DagBag from /home/airflow/.local/lib/python3.8/site-packages/airflow/example_dags/example_complex.py
[2024-02-02T15:55:37.021+0000] {processor.py:840} INFO - DAG(s) 'example_complex' retrieved from /home/airflow/.local/lib/python3.8/site-packages/airflow/example_dags/example_complex.py
[2024-02-02T15:55:37.058+0000] {logging_mixin.py:188} INFO - [2024-02-02T15:55:37.057+0000] {dag.py:3036} INFO - Sync 1 DAGs
[2024-02-02T15:55:37.068+0000] {logging_mixin.py:188} INFO - [2024-02-02T15:55:37.068+0000] {dag.py:3823} INFO - Setting next_dagrun for example_complex to None, run_after=None
[2024-02-02T15:55:37.084+0000] {processor.py:183} INFO - Processing /home/airflow/.local/lib/python3.8/site-packages/airflow/example_dags/example_complex.py took 0.073 seconds
[2024-02-02T15:57:03.139+0000] {processor.py:161} INFO - Started process (PID=97) to work on /home/airflow/.local/lib/python3.8/site-packages/airflow/example_dags/example_complex.py
[2024-02-02T15:57:03.140+0000] {processor.py:830} INFO - Processing file /home/airflow/.local/lib/python3.8/site-packages/airflow/example_dags/example_complex.py for tasks to queue
[2024-02-02T15:57:03.141+0000] {logging_mixin.py:188} INFO - [2024-02-02T15:57:03.141+0000] {dagbag.py:538} INFO - Filling up the DagBag from /home/airflow/.local/lib/python3.8/site-packages/airflow/example_dags/example_complex.py
[2024-02-02T15:57:03.148+0000] {processor.py:840} INFO - DAG(s) 'example_complex' retrieved from /home/airflow/.local/lib/python3.8/site-packages/airflow/example_dags/example_complex.py
[2024-02-02T15:57:03.167+0000] {logging_mixin.py:188} INFO - [2024-02-02T15:57:03.166+0000] {dag.py:3036} INFO - Sync 1 DAGs
[2024-02-02T15:57:03.177+0000] {logging_mixin.py:188} INFO - [2024-02-02T15:57:03.177+0000] {dag.py:3823} INFO - Setting next_dagrun for example_complex to None, run_after=None
[2024-02-02T15:57:03.192+0000] {processor.py:183} INFO - Processing /home/airflow/.local/lib/python3.8/site-packages/airflow/example_dags/example_complex.py took 0.054 seconds
[2024-02-02T15:57:34.045+0000] {processor.py:161} INFO - Started process (PID=160) to work on /home/airflow/.local/lib/python3.8/site-packages/airflow/example_dags/example_complex.py
[2024-02-02T15:57:34.046+0000] {processor.py:830} INFO - Processing file /home/airflow/.local/lib/python3.8/site-packages/airflow/example_dags/example_complex.py for tasks to queue
[2024-02-02T15:57:34.047+0000] {logging_mixin.py:188} INFO - [2024-02-02T15:57:34.047+0000] {dagbag.py:538} INFO - Filling up the DagBag from /home/airflow/.local/lib/python3.8/site-packages/airflow/example_dags/example_complex.py
[2024-02-02T15:57:34.053+0000] {processor.py:840} INFO - DAG(s) 'example_complex' retrieved from /home/airflow/.local/lib/python3.8/site-packages/airflow/example_dags/example_complex.py
[2024-02-02T15:57:34.129+0000] {logging_mixin.py:188} INFO - [2024-02-02T15:57:34.128+0000] {dag.py:3036} INFO - Sync 1 DAGs
[2024-02-02T15:57:34.138+0000] {logging_mixin.py:188} INFO - [2024-02-02T15:57:34.137+0000] {dag.py:3823} INFO - Setting next_dagrun for example_complex to None, run_after=None
[2024-02-02T15:57:34.152+0000] {processor.py:183} INFO - Processing /home/airflow/.local/lib/python3.8/site-packages/airflow/example_dags/example_complex.py took 0.109 seconds
[2024-02-02T15:58:04.210+0000] {processor.py:161} INFO - Started process (PID=221) to work on /home/airflow/.local/lib/python3.8/site-packages/airflow/example_dags/example_complex.py
[2024-02-02T15:58:04.210+0000] {processor.py:830} INFO - Processing file /home/airflow/.local/lib/python3.8/site-packages/airflow/example_dags/example_complex.py for tasks to queue
[2024-02-02T15:58:04.211+0000] {logging_mixin.py:188} INFO - [2024-02-02T15:58:04.211+0000] {dagbag.py:538} INFO - Filling up the DagBag from /home/airflow/.local/lib/python3.8/site-packages/airflow/example_dags/example_complex.py
[2024-02-02T15:58:04.217+0000] {processor.py:840} INFO - DAG(s) 'example_complex' retrieved from /home/airflow/.local/lib/python3.8/site-packages/airflow/example_dags/example_complex.py
[2024-02-02T15:58:04.245+0000] {logging_mixin.py:188} INFO - [2024-02-02T15:58:04.245+0000] {dag.py:3036} INFO - Sync 1 DAGs
[2024-02-02T15:58:04.254+0000] {logging_mixin.py:188} INFO - [2024-02-02T15:58:04.253+0000] {dag.py:3823} INFO - Setting next_dagrun for example_complex to None, run_after=None
[2024-02-02T15:58:04.266+0000] {processor.py:183} INFO - Processing /home/airflow/.local/lib/python3.8/site-packages/airflow/example_dags/example_complex.py took 0.058 seconds
[2024-02-02T15:58:34.534+0000] {processor.py:161} INFO - Started process (PID=280) to work on /home/airflow/.local/lib/python3.8/site-packages/airflow/example_dags/example_complex.py
[2024-02-02T15:58:34.534+0000] {processor.py:830} INFO - Processing file /home/airflow/.local/lib/python3.8/site-packages/airflow/example_dags/example_complex.py for tasks to queue
[2024-02-02T15:58:34.535+0000] {logging_mixin.py:188} INFO - [2024-02-02T15:58:34.535+0000] {dagbag.py:538} INFO - Filling up the DagBag from /home/airflow/.local/lib/python3.8/site-packages/airflow/example_dags/example_complex.py
[2024-02-02T15:58:34.542+0000] {processor.py:840} INFO - DAG(s) 'example_complex' retrieved from /home/airflow/.local/lib/python3.8/site-packages/airflow/example_dags/example_complex.py
[2024-02-02T15:58:34.571+0000] {logging_mixin.py:188} INFO - [2024-02-02T15:58:34.571+0000] {dag.py:3036} INFO - Sync 1 DAGs
[2024-02-02T15:58:34.579+0000] {logging_mixin.py:188} INFO - [2024-02-02T15:58:34.579+0000] {dag.py:3823} INFO - Setting next_dagrun for example_complex to None, run_after=None
[2024-02-02T15:58:34.591+0000] {processor.py:183} INFO - Processing /home/airflow/.local/lib/python3.8/site-packages/airflow/example_dags/example_complex.py took 0.059 seconds
[2024-02-02T15:59:04.761+0000] {processor.py:161} INFO - Started process (PID=339) to work on /home/airflow/.local/lib/python3.8/site-packages/airflow/example_dags/example_complex.py
[2024-02-02T15:59:04.762+0000] {processor.py:830} INFO - Processing file /home/airflow/.local/lib/python3.8/site-packages/airflow/example_dags/example_complex.py for tasks to queue
[2024-02-02T15:59:04.763+0000] {logging_mixin.py:188} INFO - [2024-02-02T15:59:04.763+0000] {dagbag.py:538} INFO - Filling up the DagBag from /home/airflow/.local/lib/python3.8/site-packages/airflow/example_dags/example_complex.py
[2024-02-02T15:59:04.769+0000] {processor.py:840} INFO - DAG(s) 'example_complex' retrieved from /home/airflow/.local/lib/python3.8/site-packages/airflow/example_dags/example_complex.py
[2024-02-02T15:59:04.797+0000] {logging_mixin.py:188} INFO - [2024-02-02T15:59:04.796+0000] {dag.py:3036} INFO - Sync 1 DAGs
[2024-02-02T15:59:04.805+0000] {logging_mixin.py:188} INFO - [2024-02-02T15:59:04.805+0000] {dag.py:3823} INFO - Setting next_dagrun for example_complex to None, run_after=None
[2024-02-02T15:59:04.817+0000] {processor.py:183} INFO - Processing /home/airflow/.local/lib/python3.8/site-packages/airflow/example_dags/example_complex.py took 0.057 seconds
[2024-02-02T15:59:35.000+0000] {processor.py:161} INFO - Started process (PID=398) to work on /home/airflow/.local/lib/python3.8/site-packages/airflow/example_dags/example_complex.py
[2024-02-02T15:59:35.000+0000] {processor.py:830} INFO - Processing file /home/airflow/.local/lib/python3.8/site-packages/airflow/example_dags/example_complex.py for tasks to queue
[2024-02-02T15:59:35.001+0000] {logging_mixin.py:188} INFO - [2024-02-02T15:59:35.001+0000] {dagbag.py:538} INFO - Filling up the DagBag from /home/airflow/.local/lib/python3.8/site-packages/airflow/example_dags/example_complex.py
[2024-02-02T15:59:35.007+0000] {processor.py:840} INFO - DAG(s) 'example_complex' retrieved from /home/airflow/.local/lib/python3.8/site-packages/airflow/example_dags/example_complex.py
[2024-02-02T15:59:35.036+0000] {logging_mixin.py:188} INFO - [2024-02-02T15:59:35.035+0000] {dag.py:3036} INFO - Sync 1 DAGs
[2024-02-02T15:59:35.044+0000] {logging_mixin.py:188} INFO - [2024-02-02T15:59:35.044+0000] {dag.py:3823} INFO - Setting next_dagrun for example_complex to None, run_after=None
[2024-02-02T15:59:35.056+0000] {processor.py:183} INFO - Processing /home/airflow/.local/lib/python3.8/site-packages/airflow/example_dags/example_complex.py took 0.058 seconds
[2024-02-02T16:00:05.219+0000] {processor.py:161} INFO - Started process (PID=457) to work on /home/airflow/.local/lib/python3.8/site-packages/airflow/example_dags/example_complex.py
[2024-02-02T16:00:05.220+0000] {processor.py:830} INFO - Processing file /home/airflow/.local/lib/python3.8/site-packages/airflow/example_dags/example_complex.py for tasks to queue
[2024-02-02T16:00:05.221+0000] {logging_mixin.py:188} INFO - [2024-02-02T16:00:05.221+0000] {dagbag.py:538} INFO - Filling up the DagBag from /home/airflow/.local/lib/python3.8/site-packages/airflow/example_dags/example_complex.py
[2024-02-02T16:00:05.226+0000] {processor.py:840} INFO - DAG(s) 'example_complex' retrieved from /home/airflow/.local/lib/python3.8/site-packages/airflow/example_dags/example_complex.py
[2024-02-02T16:00:05.255+0000] {logging_mixin.py:188} INFO - [2024-02-02T16:00:05.255+0000] {dag.py:3036} INFO - Sync 1 DAGs
[2024-02-02T16:00:05.264+0000] {logging_mixin.py:188} INFO - [2024-02-02T16:00:05.263+0000] {dag.py:3823} INFO - Setting next_dagrun for example_complex to None, run_after=None
[2024-02-02T16:00:05.276+0000] {processor.py:183} INFO - Processing /home/airflow/.local/lib/python3.8/site-packages/airflow/example_dags/example_complex.py took 0.058 seconds
[2024-02-02T16:00:35.509+0000] {processor.py:161} INFO - Started process (PID=516) to work on /home/airflow/.local/lib/python3.8/site-packages/airflow/example_dags/example_complex.py
[2024-02-02T16:00:35.509+0000] {processor.py:830} INFO - Processing file /home/airflow/.local/lib/python3.8/site-packages/airflow/example_dags/example_complex.py for tasks to queue
[2024-02-02T16:00:35.510+0000] {logging_mixin.py:188} INFO - [2024-02-02T16:00:35.510+0000] {dagbag.py:538} INFO - Filling up the DagBag from /home/airflow/.local/lib/python3.8/site-packages/airflow/example_dags/example_complex.py
[2024-02-02T16:00:35.516+0000] {processor.py:840} INFO - DAG(s) 'example_complex' retrieved from /home/airflow/.local/lib/python3.8/site-packages/airflow/example_dags/example_complex.py
[2024-02-02T16:00:35.544+0000] {logging_mixin.py:188} INFO - [2024-02-02T16:00:35.543+0000] {dag.py:3036} INFO - Sync 1 DAGs
[2024-02-02T16:00:35.552+0000] {logging_mixin.py:188} INFO - [2024-02-02T16:00:35.552+0000] {dag.py:3823} INFO - Setting next_dagrun for example_complex to None, run_after=None
[2024-02-02T16:00:35.564+0000] {processor.py:183} INFO - Processing /home/airflow/.local/lib/python3.8/site-packages/airflow/example_dags/example_complex.py took 0.056 seconds
[2024-02-02T16:01:05.726+0000] {processor.py:161} INFO - Started process (PID=575) to work on /home/airflow/.local/lib/python3.8/site-packages/airflow/example_dags/example_complex.py
[2024-02-02T16:01:05.726+0000] {processor.py:830} INFO - Processing file /home/airflow/.local/lib/python3.8/site-packages/airflow/example_dags/example_complex.py for tasks to queue
[2024-02-02T16:01:05.727+0000] {logging_mixin.py:188} INFO - [2024-02-02T16:01:05.727+0000] {dagbag.py:538} INFO - Filling up the DagBag from /home/airflow/.local/lib/python3.8/site-packages/airflow/example_dags/example_complex.py
[2024-02-02T16:01:05.733+0000] {processor.py:840} INFO - DAG(s) 'example_complex' retrieved from /home/airflow/.local/lib/python3.8/site-packages/airflow/example_dags/example_complex.py
[2024-02-02T16:01:05.762+0000] {logging_mixin.py:188} INFO - [2024-02-02T16:01:05.762+0000] {dag.py:3036} INFO - Sync 1 DAGs
[2024-02-02T16:01:05.770+0000] {logging_mixin.py:188} INFO - [2024-02-02T16:01:05.770+0000] {dag.py:3823} INFO - Setting next_dagrun for example_complex to None, run_after=None
[2024-02-02T16:01:05.782+0000] {processor.py:183} INFO - Processing /home/airflow/.local/lib/python3.8/site-packages/airflow/example_dags/example_complex.py took 0.058 seconds
[2024-02-02T16:01:36.089+0000] {processor.py:161} INFO - Started process (PID=634) to work on /home/airflow/.local/lib/python3.8/site-packages/airflow/example_dags/example_complex.py
[2024-02-02T16:01:36.089+0000] {processor.py:830} INFO - Processing file /home/airflow/.local/lib/python3.8/site-packages/airflow/example_dags/example_complex.py for tasks to queue
[2024-02-02T16:01:36.090+0000] {logging_mixin.py:188} INFO - [2024-02-02T16:01:36.090+0000] {dagbag.py:538} INFO - Filling up the DagBag from /home/airflow/.local/lib/python3.8/site-packages/airflow/example_dags/example_complex.py
[2024-02-02T16:01:36.096+0000] {processor.py:840} INFO - DAG(s) 'example_complex' retrieved from /home/airflow/.local/lib/python3.8/site-packages/airflow/example_dags/example_complex.py
[2024-02-02T16:01:36.124+0000] {logging_mixin.py:188} INFO - [2024-02-02T16:01:36.124+0000] {dag.py:3036} INFO - Sync 1 DAGs
[2024-02-02T16:01:36.133+0000] {logging_mixin.py:188} INFO - [2024-02-02T16:01:36.133+0000] {dag.py:3823} INFO - Setting next_dagrun for example_complex to None, run_after=None
[2024-02-02T16:01:36.146+0000] {processor.py:183} INFO - Processing /home/airflow/.local/lib/python3.8/site-packages/airflow/example_dags/example_complex.py took 0.059 seconds
[2024-02-02T16:02:06.287+0000] {processor.py:161} INFO - Started process (PID=693) to work on /home/airflow/.local/lib/python3.8/site-packages/airflow/example_dags/example_complex.py
[2024-02-02T16:02:06.287+0000] {processor.py:830} INFO - Processing file /home/airflow/.local/lib/python3.8/site-packages/airflow/example_dags/example_complex.py for tasks to queue
[2024-02-02T16:02:06.288+0000] {logging_mixin.py:188} INFO - [2024-02-02T16:02:06.288+0000] {dagbag.py:538} INFO - Filling up the DagBag from /home/airflow/.local/lib/python3.8/site-packages/airflow/example_dags/example_complex.py
[2024-02-02T16:02:06.294+0000] {processor.py:840} INFO - DAG(s) 'example_complex' retrieved from /home/airflow/.local/lib/python3.8/site-packages/airflow/example_dags/example_complex.py
[2024-02-02T16:02:06.323+0000] {logging_mixin.py:188} INFO - [2024-02-02T16:02:06.323+0000] {dag.py:3036} INFO - Sync 1 DAGs
[2024-02-02T16:02:06.332+0000] {logging_mixin.py:188} INFO - [2024-02-02T16:02:06.331+0000] {dag.py:3823} INFO - Setting next_dagrun for example_complex to None, run_after=None
[2024-02-02T16:02:06.344+0000] {processor.py:183} INFO - Processing /home/airflow/.local/lib/python3.8/site-packages/airflow/example_dags/example_complex.py took 0.058 seconds
[2024-02-02T16:02:37.548+0000] {processor.py:161} INFO - Started process (PID=752) to work on /home/airflow/.local/lib/python3.8/site-packages/airflow/example_dags/example_complex.py
[2024-02-02T16:02:37.549+0000] {processor.py:830} INFO - Processing file /home/airflow/.local/lib/python3.8/site-packages/airflow/example_dags/example_complex.py for tasks to queue
[2024-02-02T16:02:37.550+0000] {logging_mixin.py:188} INFO - [2024-02-02T16:02:37.550+0000] {dagbag.py:538} INFO - Filling up the DagBag from /home/airflow/.local/lib/python3.8/site-packages/airflow/example_dags/example_complex.py
[2024-02-02T16:02:37.556+0000] {processor.py:840} INFO - DAG(s) 'example_complex' retrieved from /home/airflow/.local/lib/python3.8/site-packages/airflow/example_dags/example_complex.py
[2024-02-02T16:02:37.583+0000] {logging_mixin.py:188} INFO - [2024-02-02T16:02:37.583+0000] {dag.py:3036} INFO - Sync 1 DAGs
[2024-02-02T16:02:37.591+0000] {logging_mixin.py:188} INFO - [2024-02-02T16:02:37.591+0000] {dag.py:3823} INFO - Setting next_dagrun for example_complex to None, run_after=None
[2024-02-02T16:02:37.603+0000] {processor.py:183} INFO - Processing /home/airflow/.local/lib/python3.8/site-packages/airflow/example_dags/example_complex.py took 0.056 seconds
[2024-02-02T16:03:07.675+0000] {processor.py:161} INFO - Started process (PID=809) to work on /home/airflow/.local/lib/python3.8/site-packages/airflow/example_dags/example_complex.py
[2024-02-02T16:03:07.675+0000] {processor.py:830} INFO - Processing file /home/airflow/.local/lib/python3.8/site-packages/airflow/example_dags/example_complex.py for tasks to queue
[2024-02-02T16:03:07.676+0000] {logging_mixin.py:188} INFO - [2024-02-02T16:03:07.676+0000] {dagbag.py:538} INFO - Filling up the DagBag from /home/airflow/.local/lib/python3.8/site-packages/airflow/example_dags/example_complex.py
[2024-02-02T16:03:07.682+0000] {processor.py:840} INFO - DAG(s) 'example_complex' retrieved from /home/airflow/.local/lib/python3.8/site-packages/airflow/example_dags/example_complex.py
[2024-02-02T16:03:07.712+0000] {logging_mixin.py:188} INFO - [2024-02-02T16:03:07.712+0000] {dag.py:3036} INFO - Sync 1 DAGs
[2024-02-02T16:03:07.722+0000] {logging_mixin.py:188} INFO - [2024-02-02T16:03:07.721+0000] {dag.py:3823} INFO - Setting next_dagrun for example_complex to None, run_after=None
[2024-02-02T16:03:07.740+0000] {processor.py:183} INFO - Processing /home/airflow/.local/lib/python3.8/site-packages/airflow/example_dags/example_complex.py took 0.067 seconds
[2024-02-02T16:03:36.054+0000] {processor.py:161} INFO - Started process (PID=97) to work on /home/airflow/.local/lib/python3.8/site-packages/airflow/example_dags/example_complex.py
[2024-02-02T16:03:36.055+0000] {processor.py:830} INFO - Processing file /home/airflow/.local/lib/python3.8/site-packages/airflow/example_dags/example_complex.py for tasks to queue
[2024-02-02T16:03:36.056+0000] {logging_mixin.py:188} INFO - [2024-02-02T16:03:36.055+0000] {dagbag.py:538} INFO - Filling up the DagBag from /home/airflow/.local/lib/python3.8/site-packages/airflow/example_dags/example_complex.py
[2024-02-02T16:03:36.062+0000] {processor.py:840} INFO - DAG(s) 'example_complex' retrieved from /home/airflow/.local/lib/python3.8/site-packages/airflow/example_dags/example_complex.py
[2024-02-02T16:03:36.093+0000] {logging_mixin.py:188} INFO - [2024-02-02T16:03:36.093+0000] {dag.py:3036} INFO - Sync 1 DAGs
[2024-02-02T16:03:36.101+0000] {logging_mixin.py:188} INFO - [2024-02-02T16:03:36.101+0000] {dag.py:3823} INFO - Setting next_dagrun for example_complex to None, run_after=None
[2024-02-02T16:03:36.114+0000] {processor.py:183} INFO - Processing /home/airflow/.local/lib/python3.8/site-packages/airflow/example_dags/example_complex.py took 0.061 seconds
[2024-02-02T16:04:06.589+0000] {processor.py:161} INFO - Started process (PID=156) to work on /home/airflow/.local/lib/python3.8/site-packages/airflow/example_dags/example_complex.py
[2024-02-02T16:04:06.590+0000] {processor.py:830} INFO - Processing file /home/airflow/.local/lib/python3.8/site-packages/airflow/example_dags/example_complex.py for tasks to queue
[2024-02-02T16:04:06.591+0000] {logging_mixin.py:188} INFO - [2024-02-02T16:04:06.591+0000] {dagbag.py:538} INFO - Filling up the DagBag from /home/airflow/.local/lib/python3.8/site-packages/airflow/example_dags/example_complex.py
[2024-02-02T16:04:06.597+0000] {processor.py:840} INFO - DAG(s) 'example_complex' retrieved from /home/airflow/.local/lib/python3.8/site-packages/airflow/example_dags/example_complex.py
[2024-02-02T16:04:06.626+0000] {logging_mixin.py:188} INFO - [2024-02-02T16:04:06.626+0000] {dag.py:3036} INFO - Sync 1 DAGs
[2024-02-02T16:04:06.634+0000] {logging_mixin.py:188} INFO - [2024-02-02T16:04:06.634+0000] {dag.py:3823} INFO - Setting next_dagrun for example_complex to None, run_after=None
[2024-02-02T16:04:06.646+0000] {processor.py:183} INFO - Processing /home/airflow/.local/lib/python3.8/site-packages/airflow/example_dags/example_complex.py took 0.060 seconds
[2024-02-02T16:04:36.721+0000] {processor.py:161} INFO - Started process (PID=213) to work on /home/airflow/.local/lib/python3.8/site-packages/airflow/example_dags/example_complex.py
[2024-02-02T16:04:36.722+0000] {processor.py:830} INFO - Processing file /home/airflow/.local/lib/python3.8/site-packages/airflow/example_dags/example_complex.py for tasks to queue
[2024-02-02T16:04:36.722+0000] {logging_mixin.py:188} INFO - [2024-02-02T16:04:36.722+0000] {dagbag.py:538} INFO - Filling up the DagBag from /home/airflow/.local/lib/python3.8/site-packages/airflow/example_dags/example_complex.py
[2024-02-02T16:04:36.728+0000] {processor.py:840} INFO - DAG(s) 'example_complex' retrieved from /home/airflow/.local/lib/python3.8/site-packages/airflow/example_dags/example_complex.py
[2024-02-02T16:04:36.758+0000] {logging_mixin.py:188} INFO - [2024-02-02T16:04:36.758+0000] {dag.py:3036} INFO - Sync 1 DAGs
[2024-02-02T16:04:36.769+0000] {logging_mixin.py:188} INFO - [2024-02-02T16:04:36.768+0000] {dag.py:3823} INFO - Setting next_dagrun for example_complex to None, run_after=None
[2024-02-02T16:04:36.785+0000] {processor.py:183} INFO - Processing /home/airflow/.local/lib/python3.8/site-packages/airflow/example_dags/example_complex.py took 0.065 seconds
[2024-02-02T16:05:02.174+0000] {processor.py:161} INFO - Started process (PID=97) to work on /home/airflow/.local/lib/python3.8/site-packages/airflow/example_dags/example_complex.py
[2024-02-02T16:05:02.174+0000] {processor.py:830} INFO - Processing file /home/airflow/.local/lib/python3.8/site-packages/airflow/example_dags/example_complex.py for tasks to queue
[2024-02-02T16:05:02.175+0000] {logging_mixin.py:188} INFO - [2024-02-02T16:05:02.175+0000] {dagbag.py:538} INFO - Filling up the DagBag from /home/airflow/.local/lib/python3.8/site-packages/airflow/example_dags/example_complex.py
[2024-02-02T16:05:02.182+0000] {processor.py:840} INFO - DAG(s) 'example_complex' retrieved from /home/airflow/.local/lib/python3.8/site-packages/airflow/example_dags/example_complex.py
[2024-02-02T16:05:02.211+0000] {logging_mixin.py:188} INFO - [2024-02-02T16:05:02.210+0000] {dag.py:3036} INFO - Sync 1 DAGs
[2024-02-02T16:05:02.220+0000] {logging_mixin.py:188} INFO - [2024-02-02T16:05:02.220+0000] {dag.py:3823} INFO - Setting next_dagrun for example_complex to None, run_after=None
[2024-02-02T16:05:02.233+0000] {processor.py:183} INFO - Processing /home/airflow/.local/lib/python3.8/site-packages/airflow/example_dags/example_complex.py took 0.061 seconds
[2024-02-02T16:05:33.088+0000] {processor.py:161} INFO - Started process (PID=156) to work on /home/airflow/.local/lib/python3.8/site-packages/airflow/example_dags/example_complex.py
[2024-02-02T16:05:33.089+0000] {processor.py:830} INFO - Processing file /home/airflow/.local/lib/python3.8/site-packages/airflow/example_dags/example_complex.py for tasks to queue
[2024-02-02T16:05:33.090+0000] {logging_mixin.py:188} INFO - [2024-02-02T16:05:33.090+0000] {dagbag.py:538} INFO - Filling up the DagBag from /home/airflow/.local/lib/python3.8/site-packages/airflow/example_dags/example_complex.py
[2024-02-02T16:05:33.095+0000] {processor.py:840} INFO - DAG(s) 'example_complex' retrieved from /home/airflow/.local/lib/python3.8/site-packages/airflow/example_dags/example_complex.py
[2024-02-02T16:05:33.124+0000] {logging_mixin.py:188} INFO - [2024-02-02T16:05:33.124+0000] {dag.py:3036} INFO - Sync 1 DAGs
[2024-02-02T16:05:33.134+0000] {logging_mixin.py:188} INFO - [2024-02-02T16:05:33.133+0000] {dag.py:3823} INFO - Setting next_dagrun for example_complex to None, run_after=None
[2024-02-02T16:05:33.147+0000] {processor.py:183} INFO - Processing /home/airflow/.local/lib/python3.8/site-packages/airflow/example_dags/example_complex.py took 0.061 seconds
[2024-02-02T16:06:03.759+0000] {processor.py:161} INFO - Started process (PID=213) to work on /home/airflow/.local/lib/python3.8/site-packages/airflow/example_dags/example_complex.py
[2024-02-02T16:06:03.759+0000] {processor.py:830} INFO - Processing file /home/airflow/.local/lib/python3.8/site-packages/airflow/example_dags/example_complex.py for tasks to queue
[2024-02-02T16:06:03.760+0000] {logging_mixin.py:188} INFO - [2024-02-02T16:06:03.760+0000] {dagbag.py:538} INFO - Filling up the DagBag from /home/airflow/.local/lib/python3.8/site-packages/airflow/example_dags/example_complex.py
[2024-02-02T16:06:03.766+0000] {processor.py:840} INFO - DAG(s) 'example_complex' retrieved from /home/airflow/.local/lib/python3.8/site-packages/airflow/example_dags/example_complex.py
[2024-02-02T16:06:03.794+0000] {logging_mixin.py:188} INFO - [2024-02-02T16:06:03.794+0000] {dag.py:3036} INFO - Sync 1 DAGs
[2024-02-02T16:06:03.803+0000] {logging_mixin.py:188} INFO - [2024-02-02T16:06:03.802+0000] {dag.py:3823} INFO - Setting next_dagrun for example_complex to None, run_after=None
[2024-02-02T16:06:03.815+0000] {processor.py:183} INFO - Processing /home/airflow/.local/lib/python3.8/site-packages/airflow/example_dags/example_complex.py took 0.057 seconds
[2024-02-02T16:06:33.891+0000] {processor.py:161} INFO - Started process (PID=272) to work on /home/airflow/.local/lib/python3.8/site-packages/airflow/example_dags/example_complex.py
[2024-02-02T16:06:33.891+0000] {processor.py:830} INFO - Processing file /home/airflow/.local/lib/python3.8/site-packages/airflow/example_dags/example_complex.py for tasks to queue
[2024-02-02T16:06:33.892+0000] {logging_mixin.py:188} INFO - [2024-02-02T16:06:33.892+0000] {dagbag.py:538} INFO - Filling up the DagBag from /home/airflow/.local/lib/python3.8/site-packages/airflow/example_dags/example_complex.py
[2024-02-02T16:06:33.898+0000] {processor.py:840} INFO - DAG(s) 'example_complex' retrieved from /home/airflow/.local/lib/python3.8/site-packages/airflow/example_dags/example_complex.py
[2024-02-02T16:06:33.927+0000] {logging_mixin.py:188} INFO - [2024-02-02T16:06:33.927+0000] {dag.py:3036} INFO - Sync 1 DAGs
[2024-02-02T16:06:33.936+0000] {logging_mixin.py:188} INFO - [2024-02-02T16:06:33.936+0000] {dag.py:3823} INFO - Setting next_dagrun for example_complex to None, run_after=None
[2024-02-02T16:06:33.949+0000] {processor.py:183} INFO - Processing /home/airflow/.local/lib/python3.8/site-packages/airflow/example_dags/example_complex.py took 0.059 seconds
[2024-02-02T16:07:06.847+0000] {processor.py:161} INFO - Started process (PID=97) to work on /home/airflow/.local/lib/python3.8/site-packages/airflow/example_dags/example_complex.py
[2024-02-02T16:07:06.848+0000] {processor.py:830} INFO - Processing file /home/airflow/.local/lib/python3.8/site-packages/airflow/example_dags/example_complex.py for tasks to queue
[2024-02-02T16:07:06.849+0000] {logging_mixin.py:188} INFO - [2024-02-02T16:07:06.848+0000] {dagbag.py:538} INFO - Filling up the DagBag from /home/airflow/.local/lib/python3.8/site-packages/airflow/example_dags/example_complex.py
[2024-02-02T16:07:06.855+0000] {processor.py:840} INFO - DAG(s) 'example_complex' retrieved from /home/airflow/.local/lib/python3.8/site-packages/airflow/example_dags/example_complex.py
[2024-02-02T16:07:06.884+0000] {logging_mixin.py:188} INFO - [2024-02-02T16:07:06.884+0000] {dag.py:3036} INFO - Sync 1 DAGs
[2024-02-02T16:07:06.893+0000] {logging_mixin.py:188} INFO - [2024-02-02T16:07:06.893+0000] {dag.py:3823} INFO - Setting next_dagrun for example_complex to None, run_after=None
[2024-02-02T16:07:06.906+0000] {processor.py:183} INFO - Processing /home/airflow/.local/lib/python3.8/site-packages/airflow/example_dags/example_complex.py took 0.060 seconds
[2024-02-02T16:07:37.643+0000] {processor.py:161} INFO - Started process (PID=156) to work on /home/airflow/.local/lib/python3.8/site-packages/airflow/example_dags/example_complex.py
[2024-02-02T16:07:37.643+0000] {processor.py:830} INFO - Processing file /home/airflow/.local/lib/python3.8/site-packages/airflow/example_dags/example_complex.py for tasks to queue
[2024-02-02T16:07:37.644+0000] {logging_mixin.py:188} INFO - [2024-02-02T16:07:37.644+0000] {dagbag.py:538} INFO - Filling up the DagBag from /home/airflow/.local/lib/python3.8/site-packages/airflow/example_dags/example_complex.py
[2024-02-02T16:07:37.650+0000] {processor.py:840} INFO - DAG(s) 'example_complex' retrieved from /home/airflow/.local/lib/python3.8/site-packages/airflow/example_dags/example_complex.py
[2024-02-02T16:07:37.680+0000] {logging_mixin.py:188} INFO - [2024-02-02T16:07:37.679+0000] {dag.py:3036} INFO - Sync 1 DAGs
[2024-02-02T16:07:37.688+0000] {logging_mixin.py:188} INFO - [2024-02-02T16:07:37.688+0000] {dag.py:3823} INFO - Setting next_dagrun for example_complex to None, run_after=None
[2024-02-02T16:07:37.700+0000] {processor.py:183} INFO - Processing /home/airflow/.local/lib/python3.8/site-packages/airflow/example_dags/example_complex.py took 0.059 seconds
[2024-02-02T16:08:08.301+0000] {processor.py:161} INFO - Started process (PID=213) to work on /home/airflow/.local/lib/python3.8/site-packages/airflow/example_dags/example_complex.py
[2024-02-02T16:08:08.301+0000] {processor.py:830} INFO - Processing file /home/airflow/.local/lib/python3.8/site-packages/airflow/example_dags/example_complex.py for tasks to queue
[2024-02-02T16:08:08.302+0000] {logging_mixin.py:188} INFO - [2024-02-02T16:08:08.302+0000] {dagbag.py:538} INFO - Filling up the DagBag from /home/airflow/.local/lib/python3.8/site-packages/airflow/example_dags/example_complex.py
[2024-02-02T16:08:08.308+0000] {processor.py:840} INFO - DAG(s) 'example_complex' retrieved from /home/airflow/.local/lib/python3.8/site-packages/airflow/example_dags/example_complex.py
[2024-02-02T16:08:08.336+0000] {logging_mixin.py:188} INFO - [2024-02-02T16:08:08.336+0000] {dag.py:3036} INFO - Sync 1 DAGs
[2024-02-02T16:08:08.344+0000] {logging_mixin.py:188} INFO - [2024-02-02T16:08:08.344+0000] {dag.py:3823} INFO - Setting next_dagrun for example_complex to None, run_after=None
[2024-02-02T16:08:08.359+0000] {processor.py:183} INFO - Processing /home/airflow/.local/lib/python3.8/site-packages/airflow/example_dags/example_complex.py took 0.060 seconds
[2024-02-02T16:08:38.495+0000] {processor.py:161} INFO - Started process (PID=272) to work on /home/airflow/.local/lib/python3.8/site-packages/airflow/example_dags/example_complex.py
[2024-02-02T16:08:38.496+0000] {processor.py:830} INFO - Processing file /home/airflow/.local/lib/python3.8/site-packages/airflow/example_dags/example_complex.py for tasks to queue
[2024-02-02T16:08:38.497+0000] {logging_mixin.py:188} INFO - [2024-02-02T16:08:38.496+0000] {dagbag.py:538} INFO - Filling up the DagBag from /home/airflow/.local/lib/python3.8/site-packages/airflow/example_dags/example_complex.py
[2024-02-02T16:08:38.503+0000] {processor.py:840} INFO - DAG(s) 'example_complex' retrieved from /home/airflow/.local/lib/python3.8/site-packages/airflow/example_dags/example_complex.py
[2024-02-02T16:08:38.537+0000] {logging_mixin.py:188} INFO - [2024-02-02T16:08:38.536+0000] {dag.py:3036} INFO - Sync 1 DAGs
[2024-02-02T16:08:38.547+0000] {logging_mixin.py:188} INFO - [2024-02-02T16:08:38.547+0000] {dag.py:3823} INFO - Setting next_dagrun for example_complex to None, run_after=None
[2024-02-02T16:08:38.565+0000] {processor.py:183} INFO - Processing /home/airflow/.local/lib/python3.8/site-packages/airflow/example_dags/example_complex.py took 0.071 seconds
[2024-02-02T16:09:23.060+0000] {processor.py:161} INFO - Started process (PID=97) to work on /home/airflow/.local/lib/python3.8/site-packages/airflow/example_dags/example_complex.py
[2024-02-02T16:09:23.060+0000] {processor.py:830} INFO - Processing file /home/airflow/.local/lib/python3.8/site-packages/airflow/example_dags/example_complex.py for tasks to queue
[2024-02-02T16:09:23.061+0000] {logging_mixin.py:188} INFO - [2024-02-02T16:09:23.061+0000] {dagbag.py:538} INFO - Filling up the DagBag from /home/airflow/.local/lib/python3.8/site-packages/airflow/example_dags/example_complex.py
[2024-02-02T16:09:23.069+0000] {processor.py:840} INFO - DAG(s) 'example_complex' retrieved from /home/airflow/.local/lib/python3.8/site-packages/airflow/example_dags/example_complex.py
[2024-02-02T16:09:23.101+0000] {logging_mixin.py:188} INFO - [2024-02-02T16:09:23.101+0000] {dag.py:3036} INFO - Sync 1 DAGs
[2024-02-02T16:09:23.111+0000] {logging_mixin.py:188} INFO - [2024-02-02T16:09:23.111+0000] {dag.py:3823} INFO - Setting next_dagrun for example_complex to None, run_after=None
[2024-02-02T16:09:23.125+0000] {processor.py:183} INFO - Processing /home/airflow/.local/lib/python3.8/site-packages/airflow/example_dags/example_complex.py took 0.067 seconds
[2024-02-02T16:09:53.639+0000] {processor.py:161} INFO - Started process (PID=156) to work on /home/airflow/.local/lib/python3.8/site-packages/airflow/example_dags/example_complex.py
[2024-02-02T16:09:53.639+0000] {processor.py:830} INFO - Processing file /home/airflow/.local/lib/python3.8/site-packages/airflow/example_dags/example_complex.py for tasks to queue
[2024-02-02T16:09:53.640+0000] {logging_mixin.py:188} INFO - [2024-02-02T16:09:53.640+0000] {dagbag.py:538} INFO - Filling up the DagBag from /home/airflow/.local/lib/python3.8/site-packages/airflow/example_dags/example_complex.py
[2024-02-02T16:09:53.646+0000] {processor.py:840} INFO - DAG(s) 'example_complex' retrieved from /home/airflow/.local/lib/python3.8/site-packages/airflow/example_dags/example_complex.py
[2024-02-02T16:09:53.673+0000] {logging_mixin.py:188} INFO - [2024-02-02T16:09:53.673+0000] {dag.py:3036} INFO - Sync 1 DAGs
[2024-02-02T16:09:53.682+0000] {logging_mixin.py:188} INFO - [2024-02-02T16:09:53.682+0000] {dag.py:3823} INFO - Setting next_dagrun for example_complex to None, run_after=None
[2024-02-02T16:09:53.693+0000] {processor.py:183} INFO - Processing /home/airflow/.local/lib/python3.8/site-packages/airflow/example_dags/example_complex.py took 0.055 seconds
[2024-02-02T16:10:24.358+0000] {processor.py:161} INFO - Started process (PID=213) to work on /home/airflow/.local/lib/python3.8/site-packages/airflow/example_dags/example_complex.py
[2024-02-02T16:10:24.358+0000] {processor.py:830} INFO - Processing file /home/airflow/.local/lib/python3.8/site-packages/airflow/example_dags/example_complex.py for tasks to queue
[2024-02-02T16:10:24.359+0000] {logging_mixin.py:188} INFO - [2024-02-02T16:10:24.359+0000] {dagbag.py:538} INFO - Filling up the DagBag from /home/airflow/.local/lib/python3.8/site-packages/airflow/example_dags/example_complex.py
[2024-02-02T16:10:24.365+0000] {processor.py:840} INFO - DAG(s) 'example_complex' retrieved from /home/airflow/.local/lib/python3.8/site-packages/airflow/example_dags/example_complex.py
[2024-02-02T16:10:24.393+0000] {logging_mixin.py:188} INFO - [2024-02-02T16:10:24.392+0000] {dag.py:3036} INFO - Sync 1 DAGs
[2024-02-02T16:10:24.400+0000] {logging_mixin.py:188} INFO - [2024-02-02T16:10:24.400+0000] {dag.py:3823} INFO - Setting next_dagrun for example_complex to None, run_after=None
[2024-02-02T16:10:24.412+0000] {processor.py:183} INFO - Processing /home/airflow/.local/lib/python3.8/site-packages/airflow/example_dags/example_complex.py took 0.056 seconds
[2024-02-02T16:10:54.552+0000] {processor.py:161} INFO - Started process (PID=272) to work on /home/airflow/.local/lib/python3.8/site-packages/airflow/example_dags/example_complex.py
[2024-02-02T16:10:54.552+0000] {processor.py:830} INFO - Processing file /home/airflow/.local/lib/python3.8/site-packages/airflow/example_dags/example_complex.py for tasks to queue
[2024-02-02T16:10:54.553+0000] {logging_mixin.py:188} INFO - [2024-02-02T16:10:54.553+0000] {dagbag.py:538} INFO - Filling up the DagBag from /home/airflow/.local/lib/python3.8/site-packages/airflow/example_dags/example_complex.py
[2024-02-02T16:10:54.559+0000] {processor.py:840} INFO - DAG(s) 'example_complex' retrieved from /home/airflow/.local/lib/python3.8/site-packages/airflow/example_dags/example_complex.py
[2024-02-02T16:10:54.587+0000] {logging_mixin.py:188} INFO - [2024-02-02T16:10:54.587+0000] {dag.py:3036} INFO - Sync 1 DAGs
[2024-02-02T16:10:54.595+0000] {logging_mixin.py:188} INFO - [2024-02-02T16:10:54.595+0000] {dag.py:3823} INFO - Setting next_dagrun for example_complex to None, run_after=None
[2024-02-02T16:10:54.610+0000] {processor.py:183} INFO - Processing /home/airflow/.local/lib/python3.8/site-packages/airflow/example_dags/example_complex.py took 0.060 seconds
[2024-02-02T16:12:00.869+0000] {processor.py:161} INFO - Started process (PID=97) to work on /home/airflow/.local/lib/python3.8/site-packages/airflow/example_dags/example_complex.py
[2024-02-02T16:12:00.870+0000] {processor.py:830} INFO - Processing file /home/airflow/.local/lib/python3.8/site-packages/airflow/example_dags/example_complex.py for tasks to queue
[2024-02-02T16:12:00.870+0000] {logging_mixin.py:188} INFO - [2024-02-02T16:12:00.870+0000] {dagbag.py:538} INFO - Filling up the DagBag from /home/airflow/.local/lib/python3.8/site-packages/airflow/example_dags/example_complex.py
[2024-02-02T16:12:00.877+0000] {processor.py:840} INFO - DAG(s) 'example_complex' retrieved from /home/airflow/.local/lib/python3.8/site-packages/airflow/example_dags/example_complex.py
[2024-02-02T16:12:00.905+0000] {logging_mixin.py:188} INFO - [2024-02-02T16:12:00.905+0000] {dag.py:3036} INFO - Sync 1 DAGs
[2024-02-02T16:12:00.915+0000] {logging_mixin.py:188} INFO - [2024-02-02T16:12:00.914+0000] {dag.py:3823} INFO - Setting next_dagrun for example_complex to None, run_after=None
[2024-02-02T16:12:00.928+0000] {processor.py:183} INFO - Processing /home/airflow/.local/lib/python3.8/site-packages/airflow/example_dags/example_complex.py took 0.061 seconds
[2024-02-02T16:12:31.697+0000] {processor.py:161} INFO - Started process (PID=156) to work on /home/airflow/.local/lib/python3.8/site-packages/airflow/example_dags/example_complex.py
[2024-02-02T16:12:31.698+0000] {processor.py:830} INFO - Processing file /home/airflow/.local/lib/python3.8/site-packages/airflow/example_dags/example_complex.py for tasks to queue
[2024-02-02T16:12:31.699+0000] {logging_mixin.py:188} INFO - [2024-02-02T16:12:31.699+0000] {dagbag.py:538} INFO - Filling up the DagBag from /home/airflow/.local/lib/python3.8/site-packages/airflow/example_dags/example_complex.py
[2024-02-02T16:12:31.705+0000] {processor.py:840} INFO - DAG(s) 'example_complex' retrieved from /home/airflow/.local/lib/python3.8/site-packages/airflow/example_dags/example_complex.py
[2024-02-02T16:12:31.734+0000] {logging_mixin.py:188} INFO - [2024-02-02T16:12:31.733+0000] {dag.py:3036} INFO - Sync 1 DAGs
[2024-02-02T16:12:31.743+0000] {logging_mixin.py:188} INFO - [2024-02-02T16:12:31.743+0000] {dag.py:3823} INFO - Setting next_dagrun for example_complex to None, run_after=None
[2024-02-02T16:12:31.755+0000] {processor.py:183} INFO - Processing /home/airflow/.local/lib/python3.8/site-packages/airflow/example_dags/example_complex.py took 0.060 seconds
[2024-02-02T16:13:02.346+0000] {processor.py:161} INFO - Started process (PID=213) to work on /home/airflow/.local/lib/python3.8/site-packages/airflow/example_dags/example_complex.py
[2024-02-02T16:13:02.346+0000] {processor.py:830} INFO - Processing file /home/airflow/.local/lib/python3.8/site-packages/airflow/example_dags/example_complex.py for tasks to queue
[2024-02-02T16:13:02.347+0000] {logging_mixin.py:188} INFO - [2024-02-02T16:13:02.347+0000] {dagbag.py:538} INFO - Filling up the DagBag from /home/airflow/.local/lib/python3.8/site-packages/airflow/example_dags/example_complex.py
[2024-02-02T16:13:02.353+0000] {processor.py:840} INFO - DAG(s) 'example_complex' retrieved from /home/airflow/.local/lib/python3.8/site-packages/airflow/example_dags/example_complex.py
[2024-02-02T16:13:02.382+0000] {logging_mixin.py:188} INFO - [2024-02-02T16:13:02.382+0000] {dag.py:3036} INFO - Sync 1 DAGs
[2024-02-02T16:13:02.389+0000] {logging_mixin.py:188} INFO - [2024-02-02T16:13:02.389+0000] {dag.py:3823} INFO - Setting next_dagrun for example_complex to None, run_after=None
[2024-02-02T16:13:02.404+0000] {processor.py:183} INFO - Processing /home/airflow/.local/lib/python3.8/site-packages/airflow/example_dags/example_complex.py took 0.060 seconds
[2024-02-02T16:14:09.693+0000] {processor.py:161} INFO - Started process (PID=97) to work on /home/airflow/.local/lib/python3.8/site-packages/airflow/example_dags/example_complex.py
[2024-02-02T16:14:09.694+0000] {processor.py:830} INFO - Processing file /home/airflow/.local/lib/python3.8/site-packages/airflow/example_dags/example_complex.py for tasks to queue
[2024-02-02T16:14:09.695+0000] {logging_mixin.py:188} INFO - [2024-02-02T16:14:09.694+0000] {dagbag.py:538} INFO - Filling up the DagBag from /home/airflow/.local/lib/python3.8/site-packages/airflow/example_dags/example_complex.py
[2024-02-02T16:14:09.701+0000] {processor.py:840} INFO - DAG(s) 'example_complex' retrieved from /home/airflow/.local/lib/python3.8/site-packages/airflow/example_dags/example_complex.py
[2024-02-02T16:14:09.731+0000] {logging_mixin.py:188} INFO - [2024-02-02T16:14:09.731+0000] {dag.py:3036} INFO - Sync 1 DAGs
[2024-02-02T16:14:09.741+0000] {logging_mixin.py:188} INFO - [2024-02-02T16:14:09.741+0000] {dag.py:3823} INFO - Setting next_dagrun for example_complex to None, run_after=None
[2024-02-02T16:14:09.755+0000] {processor.py:183} INFO - Processing /home/airflow/.local/lib/python3.8/site-packages/airflow/example_dags/example_complex.py took 0.064 seconds
[2024-02-02T16:14:40.236+0000] {processor.py:161} INFO - Started process (PID=156) to work on /home/airflow/.local/lib/python3.8/site-packages/airflow/example_dags/example_complex.py
[2024-02-02T16:14:40.236+0000] {processor.py:830} INFO - Processing file /home/airflow/.local/lib/python3.8/site-packages/airflow/example_dags/example_complex.py for tasks to queue
[2024-02-02T16:14:40.237+0000] {logging_mixin.py:188} INFO - [2024-02-02T16:14:40.237+0000] {dagbag.py:538} INFO - Filling up the DagBag from /home/airflow/.local/lib/python3.8/site-packages/airflow/example_dags/example_complex.py
[2024-02-02T16:14:40.243+0000] {processor.py:840} INFO - DAG(s) 'example_complex' retrieved from /home/airflow/.local/lib/python3.8/site-packages/airflow/example_dags/example_complex.py
[2024-02-02T16:14:40.271+0000] {logging_mixin.py:188} INFO - [2024-02-02T16:14:40.270+0000] {dag.py:3036} INFO - Sync 1 DAGs
[2024-02-02T16:14:40.279+0000] {logging_mixin.py:188} INFO - [2024-02-02T16:14:40.279+0000] {dag.py:3823} INFO - Setting next_dagrun for example_complex to None, run_after=None
[2024-02-02T16:14:40.292+0000] {processor.py:183} INFO - Processing /home/airflow/.local/lib/python3.8/site-packages/airflow/example_dags/example_complex.py took 0.058 seconds
[2024-02-02T16:15:10.962+0000] {processor.py:161} INFO - Started process (PID=213) to work on /home/airflow/.local/lib/python3.8/site-packages/airflow/example_dags/example_complex.py
[2024-02-02T16:15:10.962+0000] {processor.py:830} INFO - Processing file /home/airflow/.local/lib/python3.8/site-packages/airflow/example_dags/example_complex.py for tasks to queue
[2024-02-02T16:15:10.963+0000] {logging_mixin.py:188} INFO - [2024-02-02T16:15:10.963+0000] {dagbag.py:538} INFO - Filling up the DagBag from /home/airflow/.local/lib/python3.8/site-packages/airflow/example_dags/example_complex.py
[2024-02-02T16:15:10.969+0000] {processor.py:840} INFO - DAG(s) 'example_complex' retrieved from /home/airflow/.local/lib/python3.8/site-packages/airflow/example_dags/example_complex.py
[2024-02-02T16:15:11.000+0000] {logging_mixin.py:188} INFO - [2024-02-02T16:15:11.000+0000] {dag.py:3036} INFO - Sync 1 DAGs
[2024-02-02T16:15:11.009+0000] {logging_mixin.py:188} INFO - [2024-02-02T16:15:11.009+0000] {dag.py:3823} INFO - Setting next_dagrun for example_complex to None, run_after=None
[2024-02-02T16:15:11.022+0000] {processor.py:183} INFO - Processing /home/airflow/.local/lib/python3.8/site-packages/airflow/example_dags/example_complex.py took 0.061 seconds
[2024-02-02T16:15:41.232+0000] {processor.py:161} INFO - Started process (PID=272) to work on /home/airflow/.local/lib/python3.8/site-packages/airflow/example_dags/example_complex.py
[2024-02-02T16:15:41.232+0000] {processor.py:830} INFO - Processing file /home/airflow/.local/lib/python3.8/site-packages/airflow/example_dags/example_complex.py for tasks to queue
[2024-02-02T16:15:41.233+0000] {logging_mixin.py:188} INFO - [2024-02-02T16:15:41.233+0000] {dagbag.py:538} INFO - Filling up the DagBag from /home/airflow/.local/lib/python3.8/site-packages/airflow/example_dags/example_complex.py
[2024-02-02T16:15:41.239+0000] {processor.py:840} INFO - DAG(s) 'example_complex' retrieved from /home/airflow/.local/lib/python3.8/site-packages/airflow/example_dags/example_complex.py
[2024-02-02T16:15:41.267+0000] {logging_mixin.py:188} INFO - [2024-02-02T16:15:41.267+0000] {dag.py:3036} INFO - Sync 1 DAGs
[2024-02-02T16:15:41.275+0000] {logging_mixin.py:188} INFO - [2024-02-02T16:15:41.275+0000] {dag.py:3823} INFO - Setting next_dagrun for example_complex to None, run_after=None
[2024-02-02T16:15:41.287+0000] {processor.py:183} INFO - Processing /home/airflow/.local/lib/python3.8/site-packages/airflow/example_dags/example_complex.py took 0.056 seconds
[2024-02-02T16:16:11.388+0000] {processor.py:161} INFO - Started process (PID=331) to work on /home/airflow/.local/lib/python3.8/site-packages/airflow/example_dags/example_complex.py
[2024-02-02T16:16:11.388+0000] {processor.py:830} INFO - Processing file /home/airflow/.local/lib/python3.8/site-packages/airflow/example_dags/example_complex.py for tasks to queue
[2024-02-02T16:16:11.389+0000] {logging_mixin.py:188} INFO - [2024-02-02T16:16:11.389+0000] {dagbag.py:538} INFO - Filling up the DagBag from /home/airflow/.local/lib/python3.8/site-packages/airflow/example_dags/example_complex.py
[2024-02-02T16:16:11.395+0000] {processor.py:840} INFO - DAG(s) 'example_complex' retrieved from /home/airflow/.local/lib/python3.8/site-packages/airflow/example_dags/example_complex.py
[2024-02-02T16:16:11.424+0000] {logging_mixin.py:188} INFO - [2024-02-02T16:16:11.423+0000] {dag.py:3036} INFO - Sync 1 DAGs
[2024-02-02T16:16:11.431+0000] {logging_mixin.py:188} INFO - [2024-02-02T16:16:11.431+0000] {dag.py:3823} INFO - Setting next_dagrun for example_complex to None, run_after=None
[2024-02-02T16:16:11.443+0000] {processor.py:183} INFO - Processing /home/airflow/.local/lib/python3.8/site-packages/airflow/example_dags/example_complex.py took 0.057 seconds
[2024-02-02T16:16:48.861+0000] {processor.py:161} INFO - Started process (PID=97) to work on /home/airflow/.local/lib/python3.8/site-packages/airflow/example_dags/example_complex.py
[2024-02-02T16:16:48.862+0000] {processor.py:830} INFO - Processing file /home/airflow/.local/lib/python3.8/site-packages/airflow/example_dags/example_complex.py for tasks to queue
[2024-02-02T16:16:48.863+0000] {logging_mixin.py:188} INFO - [2024-02-02T16:16:48.863+0000] {dagbag.py:538} INFO - Filling up the DagBag from /home/airflow/.local/lib/python3.8/site-packages/airflow/example_dags/example_complex.py
[2024-02-02T16:16:48.870+0000] {processor.py:840} INFO - DAG(s) 'example_complex' retrieved from /home/airflow/.local/lib/python3.8/site-packages/airflow/example_dags/example_complex.py
[2024-02-02T16:16:48.900+0000] {logging_mixin.py:188} INFO - [2024-02-02T16:16:48.899+0000] {dag.py:3036} INFO - Sync 1 DAGs
[2024-02-02T16:16:48.908+0000] {logging_mixin.py:188} INFO - [2024-02-02T16:16:48.908+0000] {dag.py:3823} INFO - Setting next_dagrun for example_complex to None, run_after=None
[2024-02-02T16:16:48.921+0000] {processor.py:183} INFO - Processing /home/airflow/.local/lib/python3.8/site-packages/airflow/example_dags/example_complex.py took 0.061 seconds
[2024-02-02T16:17:19.448+0000] {processor.py:161} INFO - Started process (PID=160) to work on /home/airflow/.local/lib/python3.8/site-packages/airflow/example_dags/example_complex.py
[2024-02-02T16:17:19.448+0000] {processor.py:830} INFO - Processing file /home/airflow/.local/lib/python3.8/site-packages/airflow/example_dags/example_complex.py for tasks to queue
[2024-02-02T16:17:19.449+0000] {logging_mixin.py:188} INFO - [2024-02-02T16:17:19.449+0000] {dagbag.py:538} INFO - Filling up the DagBag from /home/airflow/.local/lib/python3.8/site-packages/airflow/example_dags/example_complex.py
[2024-02-02T16:17:19.455+0000] {processor.py:840} INFO - DAG(s) 'example_complex' retrieved from /home/airflow/.local/lib/python3.8/site-packages/airflow/example_dags/example_complex.py
[2024-02-02T16:17:19.483+0000] {logging_mixin.py:188} INFO - [2024-02-02T16:17:19.482+0000] {dag.py:3036} INFO - Sync 1 DAGs
[2024-02-02T16:17:19.491+0000] {logging_mixin.py:188} INFO - [2024-02-02T16:17:19.491+0000] {dag.py:3823} INFO - Setting next_dagrun for example_complex to None, run_after=None
[2024-02-02T16:17:19.503+0000] {processor.py:183} INFO - Processing /home/airflow/.local/lib/python3.8/site-packages/airflow/example_dags/example_complex.py took 0.057 seconds
[2024-02-02T16:17:50.399+0000] {processor.py:161} INFO - Started process (PID=221) to work on /home/airflow/.local/lib/python3.8/site-packages/airflow/example_dags/example_complex.py
[2024-02-02T16:17:50.399+0000] {processor.py:830} INFO - Processing file /home/airflow/.local/lib/python3.8/site-packages/airflow/example_dags/example_complex.py for tasks to queue
[2024-02-02T16:17:50.400+0000] {logging_mixin.py:188} INFO - [2024-02-02T16:17:50.400+0000] {dagbag.py:538} INFO - Filling up the DagBag from /home/airflow/.local/lib/python3.8/site-packages/airflow/example_dags/example_complex.py
[2024-02-02T16:17:50.406+0000] {processor.py:840} INFO - DAG(s) 'example_complex' retrieved from /home/airflow/.local/lib/python3.8/site-packages/airflow/example_dags/example_complex.py
[2024-02-02T16:17:50.434+0000] {logging_mixin.py:188} INFO - [2024-02-02T16:17:50.434+0000] {dag.py:3036} INFO - Sync 1 DAGs
[2024-02-02T16:17:50.442+0000] {logging_mixin.py:188} INFO - [2024-02-02T16:17:50.442+0000] {dag.py:3823} INFO - Setting next_dagrun for example_complex to None, run_after=None
[2024-02-02T16:17:50.453+0000] {processor.py:183} INFO - Processing /home/airflow/.local/lib/python3.8/site-packages/airflow/example_dags/example_complex.py took 0.056 seconds
[2024-02-02T16:18:20.665+0000] {processor.py:161} INFO - Started process (PID=97) to work on /home/airflow/.local/lib/python3.8/site-packages/airflow/example_dags/example_complex.py
[2024-02-02T16:18:20.666+0000] {processor.py:830} INFO - Processing file /home/airflow/.local/lib/python3.8/site-packages/airflow/example_dags/example_complex.py for tasks to queue
[2024-02-02T16:18:20.667+0000] {logging_mixin.py:188} INFO - [2024-02-02T16:18:20.667+0000] {dagbag.py:538} INFO - Filling up the DagBag from /home/airflow/.local/lib/python3.8/site-packages/airflow/example_dags/example_complex.py
[2024-02-02T16:18:20.674+0000] {processor.py:840} INFO - DAG(s) 'example_complex' retrieved from /home/airflow/.local/lib/python3.8/site-packages/airflow/example_dags/example_complex.py
[2024-02-02T16:18:20.702+0000] {logging_mixin.py:188} INFO - [2024-02-02T16:18:20.702+0000] {dag.py:3036} INFO - Sync 1 DAGs
[2024-02-02T16:18:20.711+0000] {logging_mixin.py:188} INFO - [2024-02-02T16:18:20.711+0000] {dag.py:3823} INFO - Setting next_dagrun for example_complex to None, run_after=None
[2024-02-02T16:18:20.724+0000] {processor.py:183} INFO - Processing /home/airflow/.local/lib/python3.8/site-packages/airflow/example_dags/example_complex.py took 0.061 seconds
[2024-02-02T16:18:51.414+0000] {processor.py:161} INFO - Started process (PID=154) to work on /home/airflow/.local/lib/python3.8/site-packages/airflow/example_dags/example_complex.py
[2024-02-02T16:18:51.415+0000] {processor.py:830} INFO - Processing file /home/airflow/.local/lib/python3.8/site-packages/airflow/example_dags/example_complex.py for tasks to queue
[2024-02-02T16:18:51.415+0000] {logging_mixin.py:188} INFO - [2024-02-02T16:18:51.415+0000] {dagbag.py:538} INFO - Filling up the DagBag from /home/airflow/.local/lib/python3.8/site-packages/airflow/example_dags/example_complex.py
[2024-02-02T16:18:51.421+0000] {processor.py:840} INFO - DAG(s) 'example_complex' retrieved from /home/airflow/.local/lib/python3.8/site-packages/airflow/example_dags/example_complex.py
[2024-02-02T16:18:51.449+0000] {logging_mixin.py:188} INFO - [2024-02-02T16:18:51.449+0000] {dag.py:3036} INFO - Sync 1 DAGs
[2024-02-02T16:18:51.458+0000] {logging_mixin.py:188} INFO - [2024-02-02T16:18:51.458+0000] {dag.py:3823} INFO - Setting next_dagrun for example_complex to None, run_after=None
[2024-02-02T16:18:51.471+0000] {processor.py:183} INFO - Processing /home/airflow/.local/lib/python3.8/site-packages/airflow/example_dags/example_complex.py took 0.058 seconds
[2024-02-02T16:19:14.116+0000] {processor.py:161} INFO - Started process (PID=97) to work on /home/airflow/.local/lib/python3.8/site-packages/airflow/example_dags/example_complex.py
[2024-02-02T16:19:14.116+0000] {processor.py:830} INFO - Processing file /home/airflow/.local/lib/python3.8/site-packages/airflow/example_dags/example_complex.py for tasks to queue
[2024-02-02T16:19:14.117+0000] {logging_mixin.py:188} INFO - [2024-02-02T16:19:14.117+0000] {dagbag.py:538} INFO - Filling up the DagBag from /home/airflow/.local/lib/python3.8/site-packages/airflow/example_dags/example_complex.py
[2024-02-02T16:19:14.123+0000] {processor.py:840} INFO - DAG(s) 'example_complex' retrieved from /home/airflow/.local/lib/python3.8/site-packages/airflow/example_dags/example_complex.py
[2024-02-02T16:19:14.153+0000] {logging_mixin.py:188} INFO - [2024-02-02T16:19:14.153+0000] {dag.py:3036} INFO - Sync 1 DAGs
[2024-02-02T16:19:14.162+0000] {logging_mixin.py:188} INFO - [2024-02-02T16:19:14.162+0000] {dag.py:3823} INFO - Setting next_dagrun for example_complex to None, run_after=None
[2024-02-02T16:19:14.175+0000] {processor.py:183} INFO - Processing /home/airflow/.local/lib/python3.8/site-packages/airflow/example_dags/example_complex.py took 0.060 seconds
[2024-02-02T16:19:44.826+0000] {processor.py:161} INFO - Started process (PID=156) to work on /home/airflow/.local/lib/python3.8/site-packages/airflow/example_dags/example_complex.py
[2024-02-02T16:19:44.827+0000] {processor.py:830} INFO - Processing file /home/airflow/.local/lib/python3.8/site-packages/airflow/example_dags/example_complex.py for tasks to queue
[2024-02-02T16:19:44.828+0000] {logging_mixin.py:188} INFO - [2024-02-02T16:19:44.828+0000] {dagbag.py:538} INFO - Filling up the DagBag from /home/airflow/.local/lib/python3.8/site-packages/airflow/example_dags/example_complex.py
[2024-02-02T16:19:44.833+0000] {processor.py:840} INFO - DAG(s) 'example_complex' retrieved from /home/airflow/.local/lib/python3.8/site-packages/airflow/example_dags/example_complex.py
[2024-02-02T16:19:44.862+0000] {logging_mixin.py:188} INFO - [2024-02-02T16:19:44.862+0000] {dag.py:3036} INFO - Sync 1 DAGs
[2024-02-02T16:19:44.871+0000] {logging_mixin.py:188} INFO - [2024-02-02T16:19:44.871+0000] {dag.py:3823} INFO - Setting next_dagrun for example_complex to None, run_after=None
[2024-02-02T16:19:44.885+0000] {processor.py:183} INFO - Processing /home/airflow/.local/lib/python3.8/site-packages/airflow/example_dags/example_complex.py took 0.060 seconds
[2024-02-02T16:20:14.917+0000] {processor.py:161} INFO - Started process (PID=213) to work on /home/airflow/.local/lib/python3.8/site-packages/airflow/example_dags/example_complex.py
[2024-02-02T16:20:14.918+0000] {processor.py:830} INFO - Processing file /home/airflow/.local/lib/python3.8/site-packages/airflow/example_dags/example_complex.py for tasks to queue
[2024-02-02T16:20:14.919+0000] {logging_mixin.py:188} INFO - [2024-02-02T16:20:14.919+0000] {dagbag.py:538} INFO - Filling up the DagBag from /home/airflow/.local/lib/python3.8/site-packages/airflow/example_dags/example_complex.py
[2024-02-02T16:20:14.924+0000] {processor.py:840} INFO - DAG(s) 'example_complex' retrieved from /home/airflow/.local/lib/python3.8/site-packages/airflow/example_dags/example_complex.py
[2024-02-02T16:20:14.952+0000] {logging_mixin.py:188} INFO - [2024-02-02T16:20:14.952+0000] {dag.py:3036} INFO - Sync 1 DAGs
[2024-02-02T16:20:14.960+0000] {logging_mixin.py:188} INFO - [2024-02-02T16:20:14.960+0000] {dag.py:3823} INFO - Setting next_dagrun for example_complex to None, run_after=None
[2024-02-02T16:20:14.972+0000] {processor.py:183} INFO - Processing /home/airflow/.local/lib/python3.8/site-packages/airflow/example_dags/example_complex.py took 0.056 seconds
[2024-02-02T16:20:45.020+0000] {processor.py:161} INFO - Started process (PID=272) to work on /home/airflow/.local/lib/python3.8/site-packages/airflow/example_dags/example_complex.py
[2024-02-02T16:20:45.020+0000] {processor.py:830} INFO - Processing file /home/airflow/.local/lib/python3.8/site-packages/airflow/example_dags/example_complex.py for tasks to queue
[2024-02-02T16:20:45.021+0000] {logging_mixin.py:188} INFO - [2024-02-02T16:20:45.021+0000] {dagbag.py:538} INFO - Filling up the DagBag from /home/airflow/.local/lib/python3.8/site-packages/airflow/example_dags/example_complex.py
[2024-02-02T16:20:45.027+0000] {processor.py:840} INFO - DAG(s) 'example_complex' retrieved from /home/airflow/.local/lib/python3.8/site-packages/airflow/example_dags/example_complex.py
[2024-02-02T16:20:45.055+0000] {logging_mixin.py:188} INFO - [2024-02-02T16:20:45.055+0000] {dag.py:3036} INFO - Sync 1 DAGs
[2024-02-02T16:20:45.064+0000] {logging_mixin.py:188} INFO - [2024-02-02T16:20:45.063+0000] {dag.py:3823} INFO - Setting next_dagrun for example_complex to None, run_after=None
[2024-02-02T16:20:45.075+0000] {processor.py:183} INFO - Processing /home/airflow/.local/lib/python3.8/site-packages/airflow/example_dags/example_complex.py took 0.057 seconds
[2024-02-02T16:21:15.118+0000] {processor.py:161} INFO - Started process (PID=331) to work on /home/airflow/.local/lib/python3.8/site-packages/airflow/example_dags/example_complex.py
[2024-02-02T16:21:15.118+0000] {processor.py:830} INFO - Processing file /home/airflow/.local/lib/python3.8/site-packages/airflow/example_dags/example_complex.py for tasks to queue
[2024-02-02T16:21:15.119+0000] {logging_mixin.py:188} INFO - [2024-02-02T16:21:15.119+0000] {dagbag.py:538} INFO - Filling up the DagBag from /home/airflow/.local/lib/python3.8/site-packages/airflow/example_dags/example_complex.py
[2024-02-02T16:21:15.125+0000] {processor.py:840} INFO - DAG(s) 'example_complex' retrieved from /home/airflow/.local/lib/python3.8/site-packages/airflow/example_dags/example_complex.py
[2024-02-02T16:21:15.153+0000] {logging_mixin.py:188} INFO - [2024-02-02T16:21:15.153+0000] {dag.py:3036} INFO - Sync 1 DAGs
[2024-02-02T16:21:15.161+0000] {logging_mixin.py:188} INFO - [2024-02-02T16:21:15.161+0000] {dag.py:3823} INFO - Setting next_dagrun for example_complex to None, run_after=None
[2024-02-02T16:21:15.173+0000] {processor.py:183} INFO - Processing /home/airflow/.local/lib/python3.8/site-packages/airflow/example_dags/example_complex.py took 0.056 seconds
[2024-02-02T16:21:45.424+0000] {processor.py:161} INFO - Started process (PID=390) to work on /home/airflow/.local/lib/python3.8/site-packages/airflow/example_dags/example_complex.py
[2024-02-02T16:21:45.424+0000] {processor.py:830} INFO - Processing file /home/airflow/.local/lib/python3.8/site-packages/airflow/example_dags/example_complex.py for tasks to queue
[2024-02-02T16:21:45.425+0000] {logging_mixin.py:188} INFO - [2024-02-02T16:21:45.425+0000] {dagbag.py:538} INFO - Filling up the DagBag from /home/airflow/.local/lib/python3.8/site-packages/airflow/example_dags/example_complex.py
[2024-02-02T16:21:45.431+0000] {processor.py:840} INFO - DAG(s) 'example_complex' retrieved from /home/airflow/.local/lib/python3.8/site-packages/airflow/example_dags/example_complex.py
[2024-02-02T16:21:45.461+0000] {logging_mixin.py:188} INFO - [2024-02-02T16:21:45.461+0000] {dag.py:3036} INFO - Sync 1 DAGs
[2024-02-02T16:21:45.470+0000] {logging_mixin.py:188} INFO - [2024-02-02T16:21:45.470+0000] {dag.py:3823} INFO - Setting next_dagrun for example_complex to None, run_after=None
[2024-02-02T16:21:45.483+0000] {processor.py:183} INFO - Processing /home/airflow/.local/lib/python3.8/site-packages/airflow/example_dags/example_complex.py took 0.061 seconds
[2024-02-02T16:22:16.411+0000] {processor.py:161} INFO - Started process (PID=450) to work on /home/airflow/.local/lib/python3.8/site-packages/airflow/example_dags/example_complex.py
[2024-02-02T16:22:16.412+0000] {processor.py:830} INFO - Processing file /home/airflow/.local/lib/python3.8/site-packages/airflow/example_dags/example_complex.py for tasks to queue
[2024-02-02T16:22:16.413+0000] {logging_mixin.py:188} INFO - [2024-02-02T16:22:16.412+0000] {dagbag.py:538} INFO - Filling up the DagBag from /home/airflow/.local/lib/python3.8/site-packages/airflow/example_dags/example_complex.py
[2024-02-02T16:22:16.418+0000] {processor.py:840} INFO - DAG(s) 'example_complex' retrieved from /home/airflow/.local/lib/python3.8/site-packages/airflow/example_dags/example_complex.py
[2024-02-02T16:22:16.448+0000] {logging_mixin.py:188} INFO - [2024-02-02T16:22:16.448+0000] {dag.py:3036} INFO - Sync 1 DAGs
[2024-02-02T16:22:16.456+0000] {logging_mixin.py:188} INFO - [2024-02-02T16:22:16.456+0000] {dag.py:3823} INFO - Setting next_dagrun for example_complex to None, run_after=None
[2024-02-02T16:22:16.469+0000] {processor.py:183} INFO - Processing /home/airflow/.local/lib/python3.8/site-packages/airflow/example_dags/example_complex.py took 0.059 seconds
[2024-02-02T16:22:48.964+0000] {processor.py:161} INFO - Started process (PID=97) to work on /home/airflow/.local/lib/python3.8/site-packages/airflow/example_dags/example_complex.py
[2024-02-02T16:22:48.964+0000] {processor.py:830} INFO - Processing file /home/airflow/.local/lib/python3.8/site-packages/airflow/example_dags/example_complex.py for tasks to queue
[2024-02-02T16:22:48.965+0000] {logging_mixin.py:188} INFO - [2024-02-02T16:22:48.965+0000] {dagbag.py:538} INFO - Filling up the DagBag from /home/airflow/.local/lib/python3.8/site-packages/airflow/example_dags/example_complex.py
[2024-02-02T16:22:48.972+0000] {processor.py:840} INFO - DAG(s) 'example_complex' retrieved from /home/airflow/.local/lib/python3.8/site-packages/airflow/example_dags/example_complex.py
[2024-02-02T16:22:49.002+0000] {logging_mixin.py:188} INFO - [2024-02-02T16:22:49.002+0000] {dag.py:3036} INFO - Sync 1 DAGs
[2024-02-02T16:22:49.011+0000] {logging_mixin.py:188} INFO - [2024-02-02T16:22:49.011+0000] {dag.py:3823} INFO - Setting next_dagrun for example_complex to None, run_after=None
[2024-02-02T16:22:49.025+0000] {processor.py:183} INFO - Processing /home/airflow/.local/lib/python3.8/site-packages/airflow/example_dags/example_complex.py took 0.063 seconds
[2024-02-02T16:23:19.638+0000] {processor.py:161} INFO - Started process (PID=156) to work on /home/airflow/.local/lib/python3.8/site-packages/airflow/example_dags/example_complex.py
[2024-02-02T16:23:19.639+0000] {processor.py:830} INFO - Processing file /home/airflow/.local/lib/python3.8/site-packages/airflow/example_dags/example_complex.py for tasks to queue
[2024-02-02T16:23:19.640+0000] {logging_mixin.py:188} INFO - [2024-02-02T16:23:19.639+0000] {dagbag.py:538} INFO - Filling up the DagBag from /home/airflow/.local/lib/python3.8/site-packages/airflow/example_dags/example_complex.py
[2024-02-02T16:23:19.645+0000] {processor.py:840} INFO - DAG(s) 'example_complex' retrieved from /home/airflow/.local/lib/python3.8/site-packages/airflow/example_dags/example_complex.py
[2024-02-02T16:23:19.673+0000] {logging_mixin.py:188} INFO - [2024-02-02T16:23:19.672+0000] {dag.py:3036} INFO - Sync 1 DAGs
[2024-02-02T16:23:19.681+0000] {logging_mixin.py:188} INFO - [2024-02-02T16:23:19.681+0000] {dag.py:3823} INFO - Setting next_dagrun for example_complex to None, run_after=None
[2024-02-02T16:23:19.693+0000] {processor.py:183} INFO - Processing /home/airflow/.local/lib/python3.8/site-packages/airflow/example_dags/example_complex.py took 0.056 seconds
[2024-02-02T16:23:50.619+0000] {processor.py:161} INFO - Started process (PID=213) to work on /home/airflow/.local/lib/python3.8/site-packages/airflow/example_dags/example_complex.py
[2024-02-02T16:23:50.619+0000] {processor.py:830} INFO - Processing file /home/airflow/.local/lib/python3.8/site-packages/airflow/example_dags/example_complex.py for tasks to queue
[2024-02-02T16:23:50.620+0000] {logging_mixin.py:188} INFO - [2024-02-02T16:23:50.620+0000] {dagbag.py:538} INFO - Filling up the DagBag from /home/airflow/.local/lib/python3.8/site-packages/airflow/example_dags/example_complex.py
[2024-02-02T16:23:50.626+0000] {processor.py:840} INFO - DAG(s) 'example_complex' retrieved from /home/airflow/.local/lib/python3.8/site-packages/airflow/example_dags/example_complex.py
[2024-02-02T16:23:50.654+0000] {logging_mixin.py:188} INFO - [2024-02-02T16:23:50.654+0000] {dag.py:3036} INFO - Sync 1 DAGs
[2024-02-02T16:23:50.662+0000] {logging_mixin.py:188} INFO - [2024-02-02T16:23:50.662+0000] {dag.py:3823} INFO - Setting next_dagrun for example_complex to None, run_after=None
[2024-02-02T16:23:50.674+0000] {processor.py:183} INFO - Processing /home/airflow/.local/lib/python3.8/site-packages/airflow/example_dags/example_complex.py took 0.056 seconds
[2024-02-02T16:24:21.591+0000] {processor.py:161} INFO - Started process (PID=272) to work on /home/airflow/.local/lib/python3.8/site-packages/airflow/example_dags/example_complex.py
[2024-02-02T16:24:21.592+0000] {processor.py:830} INFO - Processing file /home/airflow/.local/lib/python3.8/site-packages/airflow/example_dags/example_complex.py for tasks to queue
[2024-02-02T16:24:21.593+0000] {logging_mixin.py:188} INFO - [2024-02-02T16:24:21.593+0000] {dagbag.py:538} INFO - Filling up the DagBag from /home/airflow/.local/lib/python3.8/site-packages/airflow/example_dags/example_complex.py
[2024-02-02T16:24:21.599+0000] {processor.py:840} INFO - DAG(s) 'example_complex' retrieved from /home/airflow/.local/lib/python3.8/site-packages/airflow/example_dags/example_complex.py
[2024-02-02T16:24:21.629+0000] {logging_mixin.py:188} INFO - [2024-02-02T16:24:21.628+0000] {dag.py:3036} INFO - Sync 1 DAGs
[2024-02-02T16:24:21.637+0000] {logging_mixin.py:188} INFO - [2024-02-02T16:24:21.637+0000] {dag.py:3823} INFO - Setting next_dagrun for example_complex to None, run_after=None
[2024-02-02T16:24:21.650+0000] {processor.py:183} INFO - Processing /home/airflow/.local/lib/python3.8/site-packages/airflow/example_dags/example_complex.py took 0.060 seconds
[2024-02-02T16:24:52.060+0000] {processor.py:161} INFO - Started process (PID=331) to work on /home/airflow/.local/lib/python3.8/site-packages/airflow/example_dags/example_complex.py
[2024-02-02T16:24:52.061+0000] {processor.py:830} INFO - Processing file /home/airflow/.local/lib/python3.8/site-packages/airflow/example_dags/example_complex.py for tasks to queue
[2024-02-02T16:24:52.062+0000] {logging_mixin.py:188} INFO - [2024-02-02T16:24:52.062+0000] {dagbag.py:538} INFO - Filling up the DagBag from /home/airflow/.local/lib/python3.8/site-packages/airflow/example_dags/example_complex.py
[2024-02-02T16:24:52.068+0000] {processor.py:840} INFO - DAG(s) 'example_complex' retrieved from /home/airflow/.local/lib/python3.8/site-packages/airflow/example_dags/example_complex.py
[2024-02-02T16:24:52.098+0000] {logging_mixin.py:188} INFO - [2024-02-02T16:24:52.097+0000] {dag.py:3036} INFO - Sync 1 DAGs
[2024-02-02T16:24:52.107+0000] {logging_mixin.py:188} INFO - [2024-02-02T16:24:52.107+0000] {dag.py:3823} INFO - Setting next_dagrun for example_complex to None, run_after=None
[2024-02-02T16:24:52.120+0000] {processor.py:183} INFO - Processing /home/airflow/.local/lib/python3.8/site-packages/airflow/example_dags/example_complex.py took 0.061 seconds
[2024-02-02T16:25:22.154+0000] {processor.py:161} INFO - Started process (PID=392) to work on /home/airflow/.local/lib/python3.8/site-packages/airflow/example_dags/example_complex.py
[2024-02-02T16:25:22.155+0000] {processor.py:830} INFO - Processing file /home/airflow/.local/lib/python3.8/site-packages/airflow/example_dags/example_complex.py for tasks to queue
[2024-02-02T16:25:22.156+0000] {logging_mixin.py:188} INFO - [2024-02-02T16:25:22.156+0000] {dagbag.py:538} INFO - Filling up the DagBag from /home/airflow/.local/lib/python3.8/site-packages/airflow/example_dags/example_complex.py
[2024-02-02T16:25:22.162+0000] {processor.py:840} INFO - DAG(s) 'example_complex' retrieved from /home/airflow/.local/lib/python3.8/site-packages/airflow/example_dags/example_complex.py
[2024-02-02T16:25:22.190+0000] {logging_mixin.py:188} INFO - [2024-02-02T16:25:22.190+0000] {dag.py:3036} INFO - Sync 1 DAGs
[2024-02-02T16:25:22.198+0000] {logging_mixin.py:188} INFO - [2024-02-02T16:25:22.198+0000] {dag.py:3823} INFO - Setting next_dagrun for example_complex to None, run_after=None
[2024-02-02T16:25:22.210+0000] {processor.py:183} INFO - Processing /home/airflow/.local/lib/python3.8/site-packages/airflow/example_dags/example_complex.py took 0.058 seconds
[2024-02-02T16:25:41.358+0000] {processor.py:161} INFO - Started process (PID=97) to work on /home/airflow/.local/lib/python3.8/site-packages/airflow/example_dags/example_complex.py
[2024-02-02T16:25:41.359+0000] {processor.py:830} INFO - Processing file /home/airflow/.local/lib/python3.8/site-packages/airflow/example_dags/example_complex.py for tasks to queue
[2024-02-02T16:25:41.360+0000] {logging_mixin.py:188} INFO - [2024-02-02T16:25:41.359+0000] {dagbag.py:538} INFO - Filling up the DagBag from /home/airflow/.local/lib/python3.8/site-packages/airflow/example_dags/example_complex.py
[2024-02-02T16:25:41.366+0000] {processor.py:840} INFO - DAG(s) 'example_complex' retrieved from /home/airflow/.local/lib/python3.8/site-packages/airflow/example_dags/example_complex.py
[2024-02-02T16:25:41.397+0000] {logging_mixin.py:188} INFO - [2024-02-02T16:25:41.396+0000] {dag.py:3036} INFO - Sync 1 DAGs
[2024-02-02T16:25:41.406+0000] {logging_mixin.py:188} INFO - [2024-02-02T16:25:41.406+0000] {dag.py:3823} INFO - Setting next_dagrun for example_complex to None, run_after=None
[2024-02-02T16:25:41.419+0000] {processor.py:183} INFO - Processing /home/airflow/.local/lib/python3.8/site-packages/airflow/example_dags/example_complex.py took 0.063 seconds
[2024-02-02T16:26:12.026+0000] {processor.py:161} INFO - Started process (PID=160) to work on /home/airflow/.local/lib/python3.8/site-packages/airflow/example_dags/example_complex.py
[2024-02-02T16:26:12.026+0000] {processor.py:830} INFO - Processing file /home/airflow/.local/lib/python3.8/site-packages/airflow/example_dags/example_complex.py for tasks to queue
[2024-02-02T16:26:12.027+0000] {logging_mixin.py:188} INFO - [2024-02-02T16:26:12.027+0000] {dagbag.py:538} INFO - Filling up the DagBag from /home/airflow/.local/lib/python3.8/site-packages/airflow/example_dags/example_complex.py
[2024-02-02T16:26:12.033+0000] {processor.py:840} INFO - DAG(s) 'example_complex' retrieved from /home/airflow/.local/lib/python3.8/site-packages/airflow/example_dags/example_complex.py
[2024-02-02T16:26:12.063+0000] {logging_mixin.py:188} INFO - [2024-02-02T16:26:12.063+0000] {dag.py:3036} INFO - Sync 1 DAGs
[2024-02-02T16:26:12.072+0000] {logging_mixin.py:188} INFO - [2024-02-02T16:26:12.072+0000] {dag.py:3823} INFO - Setting next_dagrun for example_complex to None, run_after=None
[2024-02-02T16:26:12.084+0000] {processor.py:183} INFO - Processing /home/airflow/.local/lib/python3.8/site-packages/airflow/example_dags/example_complex.py took 0.060 seconds
[2024-02-02T16:26:42.168+0000] {processor.py:161} INFO - Started process (PID=217) to work on /home/airflow/.local/lib/python3.8/site-packages/airflow/example_dags/example_complex.py
[2024-02-02T16:26:42.169+0000] {processor.py:830} INFO - Processing file /home/airflow/.local/lib/python3.8/site-packages/airflow/example_dags/example_complex.py for tasks to queue
[2024-02-02T16:26:42.169+0000] {logging_mixin.py:188} INFO - [2024-02-02T16:26:42.169+0000] {dagbag.py:538} INFO - Filling up the DagBag from /home/airflow/.local/lib/python3.8/site-packages/airflow/example_dags/example_complex.py
[2024-02-02T16:26:42.175+0000] {processor.py:840} INFO - DAG(s) 'example_complex' retrieved from /home/airflow/.local/lib/python3.8/site-packages/airflow/example_dags/example_complex.py
[2024-02-02T16:26:42.204+0000] {logging_mixin.py:188} INFO - [2024-02-02T16:26:42.204+0000] {dag.py:3036} INFO - Sync 1 DAGs
[2024-02-02T16:26:42.213+0000] {logging_mixin.py:188} INFO - [2024-02-02T16:26:42.213+0000] {dag.py:3823} INFO - Setting next_dagrun for example_complex to None, run_after=None
[2024-02-02T16:26:42.225+0000] {processor.py:183} INFO - Processing /home/airflow/.local/lib/python3.8/site-packages/airflow/example_dags/example_complex.py took 0.058 seconds
[2024-02-02T16:27:13.451+0000] {processor.py:161} INFO - Started process (PID=276) to work on /home/airflow/.local/lib/python3.8/site-packages/airflow/example_dags/example_complex.py
[2024-02-02T16:27:13.452+0000] {processor.py:830} INFO - Processing file /home/airflow/.local/lib/python3.8/site-packages/airflow/example_dags/example_complex.py for tasks to queue
[2024-02-02T16:27:13.452+0000] {logging_mixin.py:188} INFO - [2024-02-02T16:27:13.452+0000] {dagbag.py:538} INFO - Filling up the DagBag from /home/airflow/.local/lib/python3.8/site-packages/airflow/example_dags/example_complex.py
[2024-02-02T16:27:13.458+0000] {processor.py:840} INFO - DAG(s) 'example_complex' retrieved from /home/airflow/.local/lib/python3.8/site-packages/airflow/example_dags/example_complex.py
[2024-02-02T16:27:13.486+0000] {logging_mixin.py:188} INFO - [2024-02-02T16:27:13.486+0000] {dag.py:3036} INFO - Sync 1 DAGs
[2024-02-02T16:27:13.494+0000] {logging_mixin.py:188} INFO - [2024-02-02T16:27:13.494+0000] {dag.py:3823} INFO - Setting next_dagrun for example_complex to None, run_after=None
[2024-02-02T16:27:13.506+0000] {processor.py:183} INFO - Processing /home/airflow/.local/lib/python3.8/site-packages/airflow/example_dags/example_complex.py took 0.056 seconds
[2024-02-02T16:27:43.592+0000] {processor.py:161} INFO - Started process (PID=333) to work on /home/airflow/.local/lib/python3.8/site-packages/airflow/example_dags/example_complex.py
[2024-02-02T16:27:43.593+0000] {processor.py:830} INFO - Processing file /home/airflow/.local/lib/python3.8/site-packages/airflow/example_dags/example_complex.py for tasks to queue
[2024-02-02T16:27:43.594+0000] {logging_mixin.py:188} INFO - [2024-02-02T16:27:43.594+0000] {dagbag.py:538} INFO - Filling up the DagBag from /home/airflow/.local/lib/python3.8/site-packages/airflow/example_dags/example_complex.py
[2024-02-02T16:27:43.600+0000] {processor.py:840} INFO - DAG(s) 'example_complex' retrieved from /home/airflow/.local/lib/python3.8/site-packages/airflow/example_dags/example_complex.py
[2024-02-02T16:27:43.628+0000] {logging_mixin.py:188} INFO - [2024-02-02T16:27:43.627+0000] {dag.py:3036} INFO - Sync 1 DAGs
[2024-02-02T16:27:43.637+0000] {logging_mixin.py:188} INFO - [2024-02-02T16:27:43.636+0000] {dag.py:3823} INFO - Setting next_dagrun for example_complex to None, run_after=None
[2024-02-02T16:27:43.649+0000] {processor.py:183} INFO - Processing /home/airflow/.local/lib/python3.8/site-packages/airflow/example_dags/example_complex.py took 0.058 seconds
[2024-02-02T16:28:14.221+0000] {processor.py:161} INFO - Started process (PID=392) to work on /home/airflow/.local/lib/python3.8/site-packages/airflow/example_dags/example_complex.py
[2024-02-02T16:28:14.221+0000] {processor.py:830} INFO - Processing file /home/airflow/.local/lib/python3.8/site-packages/airflow/example_dags/example_complex.py for tasks to queue
[2024-02-02T16:28:14.222+0000] {logging_mixin.py:188} INFO - [2024-02-02T16:28:14.222+0000] {dagbag.py:538} INFO - Filling up the DagBag from /home/airflow/.local/lib/python3.8/site-packages/airflow/example_dags/example_complex.py
[2024-02-02T16:28:14.228+0000] {processor.py:840} INFO - DAG(s) 'example_complex' retrieved from /home/airflow/.local/lib/python3.8/site-packages/airflow/example_dags/example_complex.py
[2024-02-02T16:28:14.256+0000] {logging_mixin.py:188} INFO - [2024-02-02T16:28:14.256+0000] {dag.py:3036} INFO - Sync 1 DAGs
[2024-02-02T16:28:14.265+0000] {logging_mixin.py:188} INFO - [2024-02-02T16:28:14.265+0000] {dag.py:3823} INFO - Setting next_dagrun for example_complex to None, run_after=None
[2024-02-02T16:28:14.277+0000] {processor.py:183} INFO - Processing /home/airflow/.local/lib/python3.8/site-packages/airflow/example_dags/example_complex.py took 0.058 seconds
[2024-02-02T16:28:44.398+0000] {processor.py:161} INFO - Started process (PID=451) to work on /home/airflow/.local/lib/python3.8/site-packages/airflow/example_dags/example_complex.py
[2024-02-02T16:28:44.398+0000] {processor.py:830} INFO - Processing file /home/airflow/.local/lib/python3.8/site-packages/airflow/example_dags/example_complex.py for tasks to queue
[2024-02-02T16:28:44.399+0000] {logging_mixin.py:188} INFO - [2024-02-02T16:28:44.399+0000] {dagbag.py:538} INFO - Filling up the DagBag from /home/airflow/.local/lib/python3.8/site-packages/airflow/example_dags/example_complex.py
[2024-02-02T16:28:44.405+0000] {processor.py:840} INFO - DAG(s) 'example_complex' retrieved from /home/airflow/.local/lib/python3.8/site-packages/airflow/example_dags/example_complex.py
[2024-02-02T16:28:44.433+0000] {logging_mixin.py:188} INFO - [2024-02-02T16:28:44.432+0000] {dag.py:3036} INFO - Sync 1 DAGs
[2024-02-02T16:28:44.441+0000] {logging_mixin.py:188} INFO - [2024-02-02T16:28:44.441+0000] {dag.py:3823} INFO - Setting next_dagrun for example_complex to None, run_after=None
[2024-02-02T16:28:44.453+0000] {processor.py:183} INFO - Processing /home/airflow/.local/lib/python3.8/site-packages/airflow/example_dags/example_complex.py took 0.056 seconds
[2024-02-02T16:29:14.679+0000] {processor.py:161} INFO - Started process (PID=510) to work on /home/airflow/.local/lib/python3.8/site-packages/airflow/example_dags/example_complex.py
[2024-02-02T16:29:14.680+0000] {processor.py:830} INFO - Processing file /home/airflow/.local/lib/python3.8/site-packages/airflow/example_dags/example_complex.py for tasks to queue
[2024-02-02T16:29:14.681+0000] {logging_mixin.py:188} INFO - [2024-02-02T16:29:14.681+0000] {dagbag.py:538} INFO - Filling up the DagBag from /home/airflow/.local/lib/python3.8/site-packages/airflow/example_dags/example_complex.py
[2024-02-02T16:29:14.687+0000] {processor.py:840} INFO - DAG(s) 'example_complex' retrieved from /home/airflow/.local/lib/python3.8/site-packages/airflow/example_dags/example_complex.py
[2024-02-02T16:29:14.720+0000] {logging_mixin.py:188} INFO - [2024-02-02T16:29:14.720+0000] {dag.py:3036} INFO - Sync 1 DAGs
[2024-02-02T16:29:14.731+0000] {logging_mixin.py:188} INFO - [2024-02-02T16:29:14.731+0000] {dag.py:3823} INFO - Setting next_dagrun for example_complex to None, run_after=None
[2024-02-02T16:29:14.752+0000] {processor.py:183} INFO - Processing /home/airflow/.local/lib/python3.8/site-packages/airflow/example_dags/example_complex.py took 0.075 seconds
[2024-02-02T16:29:44.872+0000] {processor.py:161} INFO - Started process (PID=569) to work on /home/airflow/.local/lib/python3.8/site-packages/airflow/example_dags/example_complex.py
[2024-02-02T16:29:44.872+0000] {processor.py:830} INFO - Processing file /home/airflow/.local/lib/python3.8/site-packages/airflow/example_dags/example_complex.py for tasks to queue
[2024-02-02T16:29:44.873+0000] {logging_mixin.py:188} INFO - [2024-02-02T16:29:44.873+0000] {dagbag.py:538} INFO - Filling up the DagBag from /home/airflow/.local/lib/python3.8/site-packages/airflow/example_dags/example_complex.py
[2024-02-02T16:29:44.880+0000] {processor.py:840} INFO - DAG(s) 'example_complex' retrieved from /home/airflow/.local/lib/python3.8/site-packages/airflow/example_dags/example_complex.py
[2024-02-02T16:29:44.909+0000] {logging_mixin.py:188} INFO - [2024-02-02T16:29:44.909+0000] {dag.py:3036} INFO - Sync 1 DAGs
[2024-02-02T16:29:44.918+0000] {logging_mixin.py:188} INFO - [2024-02-02T16:29:44.918+0000] {dag.py:3823} INFO - Setting next_dagrun for example_complex to None, run_after=None
[2024-02-02T16:29:44.935+0000] {processor.py:183} INFO - Processing /home/airflow/.local/lib/python3.8/site-packages/airflow/example_dags/example_complex.py took 0.065 seconds
[2024-02-02T16:30:15.243+0000] {processor.py:161} INFO - Started process (PID=628) to work on /home/airflow/.local/lib/python3.8/site-packages/airflow/example_dags/example_complex.py
[2024-02-02T16:30:15.244+0000] {processor.py:830} INFO - Processing file /home/airflow/.local/lib/python3.8/site-packages/airflow/example_dags/example_complex.py for tasks to queue
[2024-02-02T16:30:15.245+0000] {logging_mixin.py:188} INFO - [2024-02-02T16:30:15.245+0000] {dagbag.py:538} INFO - Filling up the DagBag from /home/airflow/.local/lib/python3.8/site-packages/airflow/example_dags/example_complex.py
[2024-02-02T16:30:15.251+0000] {processor.py:840} INFO - DAG(s) 'example_complex' retrieved from /home/airflow/.local/lib/python3.8/site-packages/airflow/example_dags/example_complex.py
[2024-02-02T16:30:15.280+0000] {logging_mixin.py:188} INFO - [2024-02-02T16:30:15.279+0000] {dag.py:3036} INFO - Sync 1 DAGs
[2024-02-02T16:30:15.288+0000] {logging_mixin.py:188} INFO - [2024-02-02T16:30:15.287+0000] {dag.py:3823} INFO - Setting next_dagrun for example_complex to None, run_after=None
[2024-02-02T16:30:15.300+0000] {processor.py:183} INFO - Processing /home/airflow/.local/lib/python3.8/site-packages/airflow/example_dags/example_complex.py took 0.058 seconds
[2024-02-02T16:30:45.614+0000] {processor.py:161} INFO - Started process (PID=687) to work on /home/airflow/.local/lib/python3.8/site-packages/airflow/example_dags/example_complex.py
[2024-02-02T16:30:45.615+0000] {processor.py:830} INFO - Processing file /home/airflow/.local/lib/python3.8/site-packages/airflow/example_dags/example_complex.py for tasks to queue
[2024-02-02T16:30:45.616+0000] {logging_mixin.py:188} INFO - [2024-02-02T16:30:45.616+0000] {dagbag.py:538} INFO - Filling up the DagBag from /home/airflow/.local/lib/python3.8/site-packages/airflow/example_dags/example_complex.py
[2024-02-02T16:30:45.621+0000] {processor.py:840} INFO - DAG(s) 'example_complex' retrieved from /home/airflow/.local/lib/python3.8/site-packages/airflow/example_dags/example_complex.py
[2024-02-02T16:30:45.651+0000] {logging_mixin.py:188} INFO - [2024-02-02T16:30:45.651+0000] {dag.py:3036} INFO - Sync 1 DAGs
[2024-02-02T16:30:45.661+0000] {logging_mixin.py:188} INFO - [2024-02-02T16:30:45.661+0000] {dag.py:3823} INFO - Setting next_dagrun for example_complex to None, run_after=None
[2024-02-02T16:30:45.675+0000] {processor.py:183} INFO - Processing /home/airflow/.local/lib/python3.8/site-packages/airflow/example_dags/example_complex.py took 0.062 seconds
[2024-02-02T16:31:15.999+0000] {processor.py:161} INFO - Started process (PID=746) to work on /home/airflow/.local/lib/python3.8/site-packages/airflow/example_dags/example_complex.py
[2024-02-02T16:31:16.000+0000] {processor.py:830} INFO - Processing file /home/airflow/.local/lib/python3.8/site-packages/airflow/example_dags/example_complex.py for tasks to queue
[2024-02-02T16:31:16.001+0000] {logging_mixin.py:188} INFO - [2024-02-02T16:31:16.000+0000] {dagbag.py:538} INFO - Filling up the DagBag from /home/airflow/.local/lib/python3.8/site-packages/airflow/example_dags/example_complex.py
[2024-02-02T16:31:16.006+0000] {processor.py:840} INFO - DAG(s) 'example_complex' retrieved from /home/airflow/.local/lib/python3.8/site-packages/airflow/example_dags/example_complex.py
[2024-02-02T16:31:16.036+0000] {logging_mixin.py:188} INFO - [2024-02-02T16:31:16.036+0000] {dag.py:3036} INFO - Sync 1 DAGs
[2024-02-02T16:31:16.044+0000] {logging_mixin.py:188} INFO - [2024-02-02T16:31:16.044+0000] {dag.py:3823} INFO - Setting next_dagrun for example_complex to None, run_after=None
[2024-02-02T16:31:16.056+0000] {processor.py:183} INFO - Processing /home/airflow/.local/lib/python3.8/site-packages/airflow/example_dags/example_complex.py took 0.058 seconds
[2024-02-02T16:31:46.397+0000] {processor.py:161} INFO - Started process (PID=805) to work on /home/airflow/.local/lib/python3.8/site-packages/airflow/example_dags/example_complex.py
[2024-02-02T16:31:46.398+0000] {processor.py:830} INFO - Processing file /home/airflow/.local/lib/python3.8/site-packages/airflow/example_dags/example_complex.py for tasks to queue
[2024-02-02T16:31:46.398+0000] {logging_mixin.py:188} INFO - [2024-02-02T16:31:46.398+0000] {dagbag.py:538} INFO - Filling up the DagBag from /home/airflow/.local/lib/python3.8/site-packages/airflow/example_dags/example_complex.py
[2024-02-02T16:31:46.404+0000] {processor.py:840} INFO - DAG(s) 'example_complex' retrieved from /home/airflow/.local/lib/python3.8/site-packages/airflow/example_dags/example_complex.py
[2024-02-02T16:31:46.432+0000] {logging_mixin.py:188} INFO - [2024-02-02T16:31:46.432+0000] {dag.py:3036} INFO - Sync 1 DAGs
[2024-02-02T16:31:46.441+0000] {logging_mixin.py:188} INFO - [2024-02-02T16:31:46.441+0000] {dag.py:3823} INFO - Setting next_dagrun for example_complex to None, run_after=None
[2024-02-02T16:31:46.452+0000] {processor.py:183} INFO - Processing /home/airflow/.local/lib/python3.8/site-packages/airflow/example_dags/example_complex.py took 0.057 seconds
[2024-02-02T16:32:16.801+0000] {processor.py:161} INFO - Started process (PID=864) to work on /home/airflow/.local/lib/python3.8/site-packages/airflow/example_dags/example_complex.py
[2024-02-02T16:32:16.802+0000] {processor.py:830} INFO - Processing file /home/airflow/.local/lib/python3.8/site-packages/airflow/example_dags/example_complex.py for tasks to queue
[2024-02-02T16:32:16.803+0000] {logging_mixin.py:188} INFO - [2024-02-02T16:32:16.803+0000] {dagbag.py:538} INFO - Filling up the DagBag from /home/airflow/.local/lib/python3.8/site-packages/airflow/example_dags/example_complex.py
[2024-02-02T16:32:16.808+0000] {processor.py:840} INFO - DAG(s) 'example_complex' retrieved from /home/airflow/.local/lib/python3.8/site-packages/airflow/example_dags/example_complex.py
[2024-02-02T16:32:16.836+0000] {logging_mixin.py:188} INFO - [2024-02-02T16:32:16.836+0000] {dag.py:3036} INFO - Sync 1 DAGs
[2024-02-02T16:32:16.844+0000] {logging_mixin.py:188} INFO - [2024-02-02T16:32:16.844+0000] {dag.py:3823} INFO - Setting next_dagrun for example_complex to None, run_after=None
[2024-02-02T16:32:16.856+0000] {processor.py:183} INFO - Processing /home/airflow/.local/lib/python3.8/site-packages/airflow/example_dags/example_complex.py took 0.056 seconds
[2024-02-02T16:32:47.200+0000] {processor.py:161} INFO - Started process (PID=923) to work on /home/airflow/.local/lib/python3.8/site-packages/airflow/example_dags/example_complex.py
[2024-02-02T16:32:47.200+0000] {processor.py:830} INFO - Processing file /home/airflow/.local/lib/python3.8/site-packages/airflow/example_dags/example_complex.py for tasks to queue
[2024-02-02T16:32:47.201+0000] {logging_mixin.py:188} INFO - [2024-02-02T16:32:47.201+0000] {dagbag.py:538} INFO - Filling up the DagBag from /home/airflow/.local/lib/python3.8/site-packages/airflow/example_dags/example_complex.py
[2024-02-02T16:32:47.207+0000] {processor.py:840} INFO - DAG(s) 'example_complex' retrieved from /home/airflow/.local/lib/python3.8/site-packages/airflow/example_dags/example_complex.py
[2024-02-02T16:32:47.237+0000] {logging_mixin.py:188} INFO - [2024-02-02T16:32:47.237+0000] {dag.py:3036} INFO - Sync 1 DAGs
[2024-02-02T16:32:47.246+0000] {logging_mixin.py:188} INFO - [2024-02-02T16:32:47.246+0000] {dag.py:3823} INFO - Setting next_dagrun for example_complex to None, run_after=None
[2024-02-02T16:32:47.259+0000] {processor.py:183} INFO - Processing /home/airflow/.local/lib/python3.8/site-packages/airflow/example_dags/example_complex.py took 0.061 seconds
[2024-02-02T16:33:17.607+0000] {processor.py:161} INFO - Started process (PID=982) to work on /home/airflow/.local/lib/python3.8/site-packages/airflow/example_dags/example_complex.py
[2024-02-02T16:33:17.607+0000] {processor.py:830} INFO - Processing file /home/airflow/.local/lib/python3.8/site-packages/airflow/example_dags/example_complex.py for tasks to queue
[2024-02-02T16:33:17.608+0000] {logging_mixin.py:188} INFO - [2024-02-02T16:33:17.608+0000] {dagbag.py:538} INFO - Filling up the DagBag from /home/airflow/.local/lib/python3.8/site-packages/airflow/example_dags/example_complex.py
[2024-02-02T16:33:17.614+0000] {processor.py:840} INFO - DAG(s) 'example_complex' retrieved from /home/airflow/.local/lib/python3.8/site-packages/airflow/example_dags/example_complex.py
[2024-02-02T16:33:17.642+0000] {logging_mixin.py:188} INFO - [2024-02-02T16:33:17.642+0000] {dag.py:3036} INFO - Sync 1 DAGs
[2024-02-02T16:33:17.650+0000] {logging_mixin.py:188} INFO - [2024-02-02T16:33:17.650+0000] {dag.py:3823} INFO - Setting next_dagrun for example_complex to None, run_after=None
[2024-02-02T16:33:17.662+0000] {processor.py:183} INFO - Processing /home/airflow/.local/lib/python3.8/site-packages/airflow/example_dags/example_complex.py took 0.057 seconds
