[2024-02-02T15:50:33.982+0000] {processor.py:161} INFO - Started process (PID=101) to work on /home/airflow/.local/lib/python3.8/site-packages/airflow/example_dags/example_sla_dag.py
[2024-02-02T15:50:33.982+0000] {processor.py:830} INFO - Processing file /home/airflow/.local/lib/python3.8/site-packages/airflow/example_dags/example_sla_dag.py for tasks to queue
[2024-02-02T15:50:33.983+0000] {logging_mixin.py:188} INFO - [2024-02-02T15:50:33.983+0000] {dagbag.py:538} INFO - Filling up the DagBag from /home/airflow/.local/lib/python3.8/site-packages/airflow/example_dags/example_sla_dag.py
[2024-02-02T15:50:33.988+0000] {processor.py:840} INFO - DAG(s) 'example_sla_dag' retrieved from /home/airflow/.local/lib/python3.8/site-packages/airflow/example_dags/example_sla_dag.py
[2024-02-02T15:50:34.011+0000] {logging_mixin.py:188} INFO - [2024-02-02T15:50:34.011+0000] {dag.py:3036} INFO - Sync 1 DAGs
[2024-02-02T15:50:34.030+0000] {logging_mixin.py:188} INFO - [2024-02-02T15:50:34.030+0000] {dag.py:3823} INFO - Setting next_dagrun for example_sla_dag to 2024-02-02 15:48:00+00:00, run_after=2024-02-02 15:50:00+00:00
[2024-02-02T15:50:34.045+0000] {processor.py:183} INFO - Processing /home/airflow/.local/lib/python3.8/site-packages/airflow/example_dags/example_sla_dag.py took 0.065 seconds
[2024-02-02T15:53:34.071+0000] {processor.py:161} INFO - Started process (PID=89) to work on /home/airflow/.local/lib/python3.8/site-packages/airflow/example_dags/example_sla_dag.py
[2024-02-02T15:53:34.072+0000] {processor.py:830} INFO - Processing file /home/airflow/.local/lib/python3.8/site-packages/airflow/example_dags/example_sla_dag.py for tasks to queue
[2024-02-02T15:53:34.073+0000] {logging_mixin.py:188} INFO - [2024-02-02T15:53:34.073+0000] {dagbag.py:538} INFO - Filling up the DagBag from /home/airflow/.local/lib/python3.8/site-packages/airflow/example_dags/example_sla_dag.py
[2024-02-02T15:53:34.078+0000] {processor.py:840} INFO - DAG(s) 'example_sla_dag' retrieved from /home/airflow/.local/lib/python3.8/site-packages/airflow/example_dags/example_sla_dag.py
[2024-02-02T15:53:34.099+0000] {logging_mixin.py:188} INFO - [2024-02-02T15:53:34.099+0000] {dag.py:3036} INFO - Sync 1 DAGs
[2024-02-02T15:53:34.117+0000] {logging_mixin.py:188} INFO - [2024-02-02T15:53:34.117+0000] {dag.py:3823} INFO - Setting next_dagrun for example_sla_dag to 2024-02-02 15:50:00+00:00, run_after=2024-02-02 15:52:00+00:00
[2024-02-02T15:53:34.131+0000] {processor.py:183} INFO - Processing /home/airflow/.local/lib/python3.8/site-packages/airflow/example_dags/example_sla_dag.py took 0.061 seconds
[2024-02-02T15:54:05.082+0000] {processor.py:161} INFO - Started process (PID=148) to work on /home/airflow/.local/lib/python3.8/site-packages/airflow/example_dags/example_sla_dag.py
[2024-02-02T15:54:05.082+0000] {processor.py:830} INFO - Processing file /home/airflow/.local/lib/python3.8/site-packages/airflow/example_dags/example_sla_dag.py for tasks to queue
[2024-02-02T15:54:05.083+0000] {logging_mixin.py:188} INFO - [2024-02-02T15:54:05.083+0000] {dagbag.py:538} INFO - Filling up the DagBag from /home/airflow/.local/lib/python3.8/site-packages/airflow/example_dags/example_sla_dag.py
[2024-02-02T15:54:05.087+0000] {processor.py:840} INFO - DAG(s) 'example_sla_dag' retrieved from /home/airflow/.local/lib/python3.8/site-packages/airflow/example_dags/example_sla_dag.py
[2024-02-02T15:54:05.109+0000] {logging_mixin.py:188} INFO - [2024-02-02T15:54:05.109+0000] {dag.py:3036} INFO - Sync 1 DAGs
[2024-02-02T15:54:05.128+0000] {logging_mixin.py:188} INFO - [2024-02-02T15:54:05.128+0000] {dag.py:3823} INFO - Setting next_dagrun for example_sla_dag to 2024-02-02 15:52:00+00:00, run_after=2024-02-02 15:54:00+00:00
[2024-02-02T15:54:05.142+0000] {processor.py:183} INFO - Processing /home/airflow/.local/lib/python3.8/site-packages/airflow/example_dags/example_sla_dag.py took 0.062 seconds
[2024-02-02T15:54:35.765+0000] {processor.py:161} INFO - Started process (PID=209) to work on /home/airflow/.local/lib/python3.8/site-packages/airflow/example_dags/example_sla_dag.py
[2024-02-02T15:54:35.765+0000] {processor.py:830} INFO - Processing file /home/airflow/.local/lib/python3.8/site-packages/airflow/example_dags/example_sla_dag.py for tasks to queue
[2024-02-02T15:54:35.766+0000] {logging_mixin.py:188} INFO - [2024-02-02T15:54:35.766+0000] {dagbag.py:538} INFO - Filling up the DagBag from /home/airflow/.local/lib/python3.8/site-packages/airflow/example_dags/example_sla_dag.py
[2024-02-02T15:54:35.770+0000] {processor.py:840} INFO - DAG(s) 'example_sla_dag' retrieved from /home/airflow/.local/lib/python3.8/site-packages/airflow/example_dags/example_sla_dag.py
[2024-02-02T15:54:35.790+0000] {logging_mixin.py:188} INFO - [2024-02-02T15:54:35.790+0000] {dag.py:3036} INFO - Sync 1 DAGs
[2024-02-02T15:54:35.807+0000] {logging_mixin.py:188} INFO - [2024-02-02T15:54:35.807+0000] {dag.py:3823} INFO - Setting next_dagrun for example_sla_dag to 2024-02-02 15:52:00+00:00, run_after=2024-02-02 15:54:00+00:00
[2024-02-02T15:54:35.824+0000] {processor.py:183} INFO - Processing /home/airflow/.local/lib/python3.8/site-packages/airflow/example_dags/example_sla_dag.py took 0.060 seconds
[2024-02-02T15:55:06.265+0000] {processor.py:161} INFO - Started process (PID=268) to work on /home/airflow/.local/lib/python3.8/site-packages/airflow/example_dags/example_sla_dag.py
[2024-02-02T15:55:06.265+0000] {processor.py:830} INFO - Processing file /home/airflow/.local/lib/python3.8/site-packages/airflow/example_dags/example_sla_dag.py for tasks to queue
[2024-02-02T15:55:06.266+0000] {logging_mixin.py:188} INFO - [2024-02-02T15:55:06.266+0000] {dagbag.py:538} INFO - Filling up the DagBag from /home/airflow/.local/lib/python3.8/site-packages/airflow/example_dags/example_sla_dag.py
[2024-02-02T15:55:06.271+0000] {processor.py:840} INFO - DAG(s) 'example_sla_dag' retrieved from /home/airflow/.local/lib/python3.8/site-packages/airflow/example_dags/example_sla_dag.py
[2024-02-02T15:55:06.294+0000] {logging_mixin.py:188} INFO - [2024-02-02T15:55:06.294+0000] {dag.py:3036} INFO - Sync 1 DAGs
[2024-02-02T15:55:06.312+0000] {logging_mixin.py:188} INFO - [2024-02-02T15:55:06.312+0000] {dag.py:3823} INFO - Setting next_dagrun for example_sla_dag to 2024-02-02 15:52:00+00:00, run_after=2024-02-02 15:54:00+00:00
[2024-02-02T15:55:06.326+0000] {processor.py:183} INFO - Processing /home/airflow/.local/lib/python3.8/site-packages/airflow/example_dags/example_sla_dag.py took 0.064 seconds
[2024-02-02T15:55:36.675+0000] {processor.py:161} INFO - Started process (PID=327) to work on /home/airflow/.local/lib/python3.8/site-packages/airflow/example_dags/example_sla_dag.py
[2024-02-02T15:55:36.675+0000] {processor.py:830} INFO - Processing file /home/airflow/.local/lib/python3.8/site-packages/airflow/example_dags/example_sla_dag.py for tasks to queue
[2024-02-02T15:55:36.676+0000] {logging_mixin.py:188} INFO - [2024-02-02T15:55:36.676+0000] {dagbag.py:538} INFO - Filling up the DagBag from /home/airflow/.local/lib/python3.8/site-packages/airflow/example_dags/example_sla_dag.py
[2024-02-02T15:55:36.680+0000] {processor.py:840} INFO - DAG(s) 'example_sla_dag' retrieved from /home/airflow/.local/lib/python3.8/site-packages/airflow/example_dags/example_sla_dag.py
[2024-02-02T15:55:36.703+0000] {logging_mixin.py:188} INFO - [2024-02-02T15:55:36.703+0000] {dag.py:3036} INFO - Sync 1 DAGs
[2024-02-02T15:55:36.720+0000] {logging_mixin.py:188} INFO - [2024-02-02T15:55:36.720+0000] {dag.py:3823} INFO - Setting next_dagrun for example_sla_dag to 2024-02-02 15:52:00+00:00, run_after=2024-02-02 15:54:00+00:00
[2024-02-02T15:55:36.733+0000] {processor.py:183} INFO - Processing /home/airflow/.local/lib/python3.8/site-packages/airflow/example_dags/example_sla_dag.py took 0.060 seconds
[2024-02-02T15:57:02.703+0000] {processor.py:161} INFO - Started process (PID=89) to work on /home/airflow/.local/lib/python3.8/site-packages/airflow/example_dags/example_sla_dag.py
[2024-02-02T15:57:02.703+0000] {processor.py:830} INFO - Processing file /home/airflow/.local/lib/python3.8/site-packages/airflow/example_dags/example_sla_dag.py for tasks to queue
[2024-02-02T15:57:02.704+0000] {logging_mixin.py:188} INFO - [2024-02-02T15:57:02.704+0000] {dagbag.py:538} INFO - Filling up the DagBag from /home/airflow/.local/lib/python3.8/site-packages/airflow/example_dags/example_sla_dag.py
[2024-02-02T15:57:02.710+0000] {processor.py:840} INFO - DAG(s) 'example_sla_dag' retrieved from /home/airflow/.local/lib/python3.8/site-packages/airflow/example_dags/example_sla_dag.py
[2024-02-02T15:57:02.733+0000] {logging_mixin.py:188} INFO - [2024-02-02T15:57:02.733+0000] {dag.py:3036} INFO - Sync 1 DAGs
[2024-02-02T15:57:02.756+0000] {logging_mixin.py:188} INFO - [2024-02-02T15:57:02.756+0000] {dag.py:3823} INFO - Setting next_dagrun for example_sla_dag to 2024-02-02 15:54:00+00:00, run_after=2024-02-02 15:56:00+00:00
[2024-02-02T15:57:02.780+0000] {processor.py:183} INFO - Processing /home/airflow/.local/lib/python3.8/site-packages/airflow/example_dags/example_sla_dag.py took 0.079 seconds
[2024-02-02T15:57:33.042+0000] {processor.py:161} INFO - Started process (PID=151) to work on /home/airflow/.local/lib/python3.8/site-packages/airflow/example_dags/example_sla_dag.py
[2024-02-02T15:57:33.043+0000] {processor.py:830} INFO - Processing file /home/airflow/.local/lib/python3.8/site-packages/airflow/example_dags/example_sla_dag.py for tasks to queue
[2024-02-02T15:57:33.044+0000] {logging_mixin.py:188} INFO - [2024-02-02T15:57:33.044+0000] {dagbag.py:538} INFO - Filling up the DagBag from /home/airflow/.local/lib/python3.8/site-packages/airflow/example_dags/example_sla_dag.py
[2024-02-02T15:57:33.048+0000] {processor.py:840} INFO - DAG(s) 'example_sla_dag' retrieved from /home/airflow/.local/lib/python3.8/site-packages/airflow/example_dags/example_sla_dag.py
[2024-02-02T15:57:33.119+0000] {logging_mixin.py:188} INFO - [2024-02-02T15:57:33.119+0000] {dag.py:3036} INFO - Sync 1 DAGs
[2024-02-02T15:57:33.138+0000] {logging_mixin.py:188} INFO - [2024-02-02T15:57:33.137+0000] {dag.py:3823} INFO - Setting next_dagrun for example_sla_dag to 2024-02-02 15:54:00+00:00, run_after=2024-02-02 15:56:00+00:00
[2024-02-02T15:57:33.154+0000] {processor.py:183} INFO - Processing /home/airflow/.local/lib/python3.8/site-packages/airflow/example_dags/example_sla_dag.py took 0.113 seconds
[2024-02-02T15:58:03.926+0000] {processor.py:161} INFO - Started process (PID=213) to work on /home/airflow/.local/lib/python3.8/site-packages/airflow/example_dags/example_sla_dag.py
[2024-02-02T15:58:03.926+0000] {processor.py:830} INFO - Processing file /home/airflow/.local/lib/python3.8/site-packages/airflow/example_dags/example_sla_dag.py for tasks to queue
[2024-02-02T15:58:03.927+0000] {logging_mixin.py:188} INFO - [2024-02-02T15:58:03.927+0000] {dagbag.py:538} INFO - Filling up the DagBag from /home/airflow/.local/lib/python3.8/site-packages/airflow/example_dags/example_sla_dag.py
[2024-02-02T15:58:03.932+0000] {processor.py:840} INFO - DAG(s) 'example_sla_dag' retrieved from /home/airflow/.local/lib/python3.8/site-packages/airflow/example_dags/example_sla_dag.py
[2024-02-02T15:58:03.953+0000] {logging_mixin.py:188} INFO - [2024-02-02T15:58:03.953+0000] {dag.py:3036} INFO - Sync 1 DAGs
[2024-02-02T15:58:03.969+0000] {logging_mixin.py:188} INFO - [2024-02-02T15:58:03.968+0000] {dag.py:3823} INFO - Setting next_dagrun for example_sla_dag to 2024-02-02 15:56:00+00:00, run_after=2024-02-02 15:58:00+00:00
[2024-02-02T15:58:03.980+0000] {processor.py:183} INFO - Processing /home/airflow/.local/lib/python3.8/site-packages/airflow/example_dags/example_sla_dag.py took 0.056 seconds
[2024-02-02T15:58:34.235+0000] {processor.py:161} INFO - Started process (PID=272) to work on /home/airflow/.local/lib/python3.8/site-packages/airflow/example_dags/example_sla_dag.py
[2024-02-02T15:58:34.235+0000] {processor.py:830} INFO - Processing file /home/airflow/.local/lib/python3.8/site-packages/airflow/example_dags/example_sla_dag.py for tasks to queue
[2024-02-02T15:58:34.236+0000] {logging_mixin.py:188} INFO - [2024-02-02T15:58:34.236+0000] {dagbag.py:538} INFO - Filling up the DagBag from /home/airflow/.local/lib/python3.8/site-packages/airflow/example_dags/example_sla_dag.py
[2024-02-02T15:58:34.240+0000] {processor.py:840} INFO - DAG(s) 'example_sla_dag' retrieved from /home/airflow/.local/lib/python3.8/site-packages/airflow/example_dags/example_sla_dag.py
[2024-02-02T15:58:34.262+0000] {logging_mixin.py:188} INFO - [2024-02-02T15:58:34.262+0000] {dag.py:3036} INFO - Sync 1 DAGs
[2024-02-02T15:58:34.279+0000] {logging_mixin.py:188} INFO - [2024-02-02T15:58:34.278+0000] {dag.py:3823} INFO - Setting next_dagrun for example_sla_dag to 2024-02-02 15:56:00+00:00, run_after=2024-02-02 15:58:00+00:00
[2024-02-02T15:58:34.291+0000] {processor.py:183} INFO - Processing /home/airflow/.local/lib/python3.8/site-packages/airflow/example_dags/example_sla_dag.py took 0.058 seconds
[2024-02-02T15:59:04.483+0000] {processor.py:161} INFO - Started process (PID=331) to work on /home/airflow/.local/lib/python3.8/site-packages/airflow/example_dags/example_sla_dag.py
[2024-02-02T15:59:04.484+0000] {processor.py:830} INFO - Processing file /home/airflow/.local/lib/python3.8/site-packages/airflow/example_dags/example_sla_dag.py for tasks to queue
[2024-02-02T15:59:04.485+0000] {logging_mixin.py:188} INFO - [2024-02-02T15:59:04.484+0000] {dagbag.py:538} INFO - Filling up the DagBag from /home/airflow/.local/lib/python3.8/site-packages/airflow/example_dags/example_sla_dag.py
[2024-02-02T15:59:04.489+0000] {processor.py:840} INFO - DAG(s) 'example_sla_dag' retrieved from /home/airflow/.local/lib/python3.8/site-packages/airflow/example_dags/example_sla_dag.py
[2024-02-02T15:59:04.510+0000] {logging_mixin.py:188} INFO - [2024-02-02T15:59:04.510+0000] {dag.py:3036} INFO - Sync 1 DAGs
[2024-02-02T15:59:04.526+0000] {logging_mixin.py:188} INFO - [2024-02-02T15:59:04.526+0000] {dag.py:3823} INFO - Setting next_dagrun for example_sla_dag to 2024-02-02 15:56:00+00:00, run_after=2024-02-02 15:58:00+00:00
[2024-02-02T15:59:04.538+0000] {processor.py:183} INFO - Processing /home/airflow/.local/lib/python3.8/site-packages/airflow/example_dags/example_sla_dag.py took 0.056 seconds
[2024-02-02T15:59:34.712+0000] {processor.py:161} INFO - Started process (PID=390) to work on /home/airflow/.local/lib/python3.8/site-packages/airflow/example_dags/example_sla_dag.py
[2024-02-02T15:59:34.713+0000] {processor.py:830} INFO - Processing file /home/airflow/.local/lib/python3.8/site-packages/airflow/example_dags/example_sla_dag.py for tasks to queue
[2024-02-02T15:59:34.714+0000] {logging_mixin.py:188} INFO - [2024-02-02T15:59:34.714+0000] {dagbag.py:538} INFO - Filling up the DagBag from /home/airflow/.local/lib/python3.8/site-packages/airflow/example_dags/example_sla_dag.py
[2024-02-02T15:59:34.719+0000] {processor.py:840} INFO - DAG(s) 'example_sla_dag' retrieved from /home/airflow/.local/lib/python3.8/site-packages/airflow/example_dags/example_sla_dag.py
[2024-02-02T15:59:34.740+0000] {logging_mixin.py:188} INFO - [2024-02-02T15:59:34.740+0000] {dag.py:3036} INFO - Sync 1 DAGs
[2024-02-02T15:59:34.756+0000] {logging_mixin.py:188} INFO - [2024-02-02T15:59:34.755+0000] {dag.py:3823} INFO - Setting next_dagrun for example_sla_dag to 2024-02-02 15:56:00+00:00, run_after=2024-02-02 15:58:00+00:00
[2024-02-02T15:59:34.767+0000] {processor.py:183} INFO - Processing /home/airflow/.local/lib/python3.8/site-packages/airflow/example_dags/example_sla_dag.py took 0.057 seconds
[2024-02-02T16:00:04.936+0000] {processor.py:161} INFO - Started process (PID=449) to work on /home/airflow/.local/lib/python3.8/site-packages/airflow/example_dags/example_sla_dag.py
[2024-02-02T16:00:04.936+0000] {processor.py:830} INFO - Processing file /home/airflow/.local/lib/python3.8/site-packages/airflow/example_dags/example_sla_dag.py for tasks to queue
[2024-02-02T16:00:04.937+0000] {logging_mixin.py:188} INFO - [2024-02-02T16:00:04.937+0000] {dagbag.py:538} INFO - Filling up the DagBag from /home/airflow/.local/lib/python3.8/site-packages/airflow/example_dags/example_sla_dag.py
[2024-02-02T16:00:04.941+0000] {processor.py:840} INFO - DAG(s) 'example_sla_dag' retrieved from /home/airflow/.local/lib/python3.8/site-packages/airflow/example_dags/example_sla_dag.py
[2024-02-02T16:00:04.963+0000] {logging_mixin.py:188} INFO - [2024-02-02T16:00:04.963+0000] {dag.py:3036} INFO - Sync 1 DAGs
[2024-02-02T16:00:04.979+0000] {logging_mixin.py:188} INFO - [2024-02-02T16:00:04.979+0000] {dag.py:3823} INFO - Setting next_dagrun for example_sla_dag to 2024-02-02 15:58:00+00:00, run_after=2024-02-02 16:00:00+00:00
[2024-02-02T16:00:04.991+0000] {processor.py:183} INFO - Processing /home/airflow/.local/lib/python3.8/site-packages/airflow/example_dags/example_sla_dag.py took 0.057 seconds
[2024-02-02T16:00:35.233+0000] {processor.py:161} INFO - Started process (PID=508) to work on /home/airflow/.local/lib/python3.8/site-packages/airflow/example_dags/example_sla_dag.py
[2024-02-02T16:00:35.233+0000] {processor.py:830} INFO - Processing file /home/airflow/.local/lib/python3.8/site-packages/airflow/example_dags/example_sla_dag.py for tasks to queue
[2024-02-02T16:00:35.234+0000] {logging_mixin.py:188} INFO - [2024-02-02T16:00:35.234+0000] {dagbag.py:538} INFO - Filling up the DagBag from /home/airflow/.local/lib/python3.8/site-packages/airflow/example_dags/example_sla_dag.py
[2024-02-02T16:00:35.238+0000] {processor.py:840} INFO - DAG(s) 'example_sla_dag' retrieved from /home/airflow/.local/lib/python3.8/site-packages/airflow/example_dags/example_sla_dag.py
[2024-02-02T16:00:35.260+0000] {logging_mixin.py:188} INFO - [2024-02-02T16:00:35.259+0000] {dag.py:3036} INFO - Sync 1 DAGs
[2024-02-02T16:00:35.276+0000] {logging_mixin.py:188} INFO - [2024-02-02T16:00:35.276+0000] {dag.py:3823} INFO - Setting next_dagrun for example_sla_dag to 2024-02-02 15:58:00+00:00, run_after=2024-02-02 16:00:00+00:00
[2024-02-02T16:00:35.287+0000] {processor.py:183} INFO - Processing /home/airflow/.local/lib/python3.8/site-packages/airflow/example_dags/example_sla_dag.py took 0.056 seconds
[2024-02-02T16:01:05.442+0000] {processor.py:161} INFO - Started process (PID=567) to work on /home/airflow/.local/lib/python3.8/site-packages/airflow/example_dags/example_sla_dag.py
[2024-02-02T16:01:05.443+0000] {processor.py:830} INFO - Processing file /home/airflow/.local/lib/python3.8/site-packages/airflow/example_dags/example_sla_dag.py for tasks to queue
[2024-02-02T16:01:05.443+0000] {logging_mixin.py:188} INFO - [2024-02-02T16:01:05.443+0000] {dagbag.py:538} INFO - Filling up the DagBag from /home/airflow/.local/lib/python3.8/site-packages/airflow/example_dags/example_sla_dag.py
[2024-02-02T16:01:05.448+0000] {processor.py:840} INFO - DAG(s) 'example_sla_dag' retrieved from /home/airflow/.local/lib/python3.8/site-packages/airflow/example_dags/example_sla_dag.py
[2024-02-02T16:01:05.469+0000] {logging_mixin.py:188} INFO - [2024-02-02T16:01:05.468+0000] {dag.py:3036} INFO - Sync 1 DAGs
[2024-02-02T16:01:05.485+0000] {logging_mixin.py:188} INFO - [2024-02-02T16:01:05.485+0000] {dag.py:3823} INFO - Setting next_dagrun for example_sla_dag to 2024-02-02 15:58:00+00:00, run_after=2024-02-02 16:00:00+00:00
[2024-02-02T16:01:05.497+0000] {processor.py:183} INFO - Processing /home/airflow/.local/lib/python3.8/site-packages/airflow/example_dags/example_sla_dag.py took 0.057 seconds
[2024-02-02T16:01:35.798+0000] {processor.py:161} INFO - Started process (PID=626) to work on /home/airflow/.local/lib/python3.8/site-packages/airflow/example_dags/example_sla_dag.py
[2024-02-02T16:01:35.799+0000] {processor.py:830} INFO - Processing file /home/airflow/.local/lib/python3.8/site-packages/airflow/example_dags/example_sla_dag.py for tasks to queue
[2024-02-02T16:01:35.799+0000] {logging_mixin.py:188} INFO - [2024-02-02T16:01:35.799+0000] {dagbag.py:538} INFO - Filling up the DagBag from /home/airflow/.local/lib/python3.8/site-packages/airflow/example_dags/example_sla_dag.py
[2024-02-02T16:01:35.804+0000] {processor.py:840} INFO - DAG(s) 'example_sla_dag' retrieved from /home/airflow/.local/lib/python3.8/site-packages/airflow/example_dags/example_sla_dag.py
[2024-02-02T16:01:35.825+0000] {logging_mixin.py:188} INFO - [2024-02-02T16:01:35.825+0000] {dag.py:3036} INFO - Sync 1 DAGs
[2024-02-02T16:01:35.842+0000] {logging_mixin.py:188} INFO - [2024-02-02T16:01:35.842+0000] {dag.py:3823} INFO - Setting next_dagrun for example_sla_dag to 2024-02-02 15:58:00+00:00, run_after=2024-02-02 16:00:00+00:00
[2024-02-02T16:01:35.855+0000] {processor.py:183} INFO - Processing /home/airflow/.local/lib/python3.8/site-packages/airflow/example_dags/example_sla_dag.py took 0.059 seconds
[2024-02-02T16:02:06.005+0000] {processor.py:161} INFO - Started process (PID=685) to work on /home/airflow/.local/lib/python3.8/site-packages/airflow/example_dags/example_sla_dag.py
[2024-02-02T16:02:06.005+0000] {processor.py:830} INFO - Processing file /home/airflow/.local/lib/python3.8/site-packages/airflow/example_dags/example_sla_dag.py for tasks to queue
[2024-02-02T16:02:06.006+0000] {logging_mixin.py:188} INFO - [2024-02-02T16:02:06.006+0000] {dagbag.py:538} INFO - Filling up the DagBag from /home/airflow/.local/lib/python3.8/site-packages/airflow/example_dags/example_sla_dag.py
[2024-02-02T16:02:06.010+0000] {processor.py:840} INFO - DAG(s) 'example_sla_dag' retrieved from /home/airflow/.local/lib/python3.8/site-packages/airflow/example_dags/example_sla_dag.py
[2024-02-02T16:02:06.031+0000] {logging_mixin.py:188} INFO - [2024-02-02T16:02:06.031+0000] {dag.py:3036} INFO - Sync 1 DAGs
[2024-02-02T16:02:06.048+0000] {logging_mixin.py:188} INFO - [2024-02-02T16:02:06.048+0000] {dag.py:3823} INFO - Setting next_dagrun for example_sla_dag to 2024-02-02 16:00:00+00:00, run_after=2024-02-02 16:02:00+00:00
[2024-02-02T16:02:06.060+0000] {processor.py:183} INFO - Processing /home/airflow/.local/lib/python3.8/site-packages/airflow/example_dags/example_sla_dag.py took 0.057 seconds
[2024-02-02T16:02:37.002+0000] {processor.py:161} INFO - Started process (PID=744) to work on /home/airflow/.local/lib/python3.8/site-packages/airflow/example_dags/example_sla_dag.py
[2024-02-02T16:02:37.002+0000] {processor.py:830} INFO - Processing file /home/airflow/.local/lib/python3.8/site-packages/airflow/example_dags/example_sla_dag.py for tasks to queue
[2024-02-02T16:02:37.003+0000] {logging_mixin.py:188} INFO - [2024-02-02T16:02:37.003+0000] {dagbag.py:538} INFO - Filling up the DagBag from /home/airflow/.local/lib/python3.8/site-packages/airflow/example_dags/example_sla_dag.py
[2024-02-02T16:02:37.007+0000] {processor.py:840} INFO - DAG(s) 'example_sla_dag' retrieved from /home/airflow/.local/lib/python3.8/site-packages/airflow/example_dags/example_sla_dag.py
[2024-02-02T16:02:37.028+0000] {logging_mixin.py:188} INFO - [2024-02-02T16:02:37.028+0000] {dag.py:3036} INFO - Sync 1 DAGs
[2024-02-02T16:02:37.044+0000] {logging_mixin.py:188} INFO - [2024-02-02T16:02:37.044+0000] {dag.py:3823} INFO - Setting next_dagrun for example_sla_dag to 2024-02-02 16:00:00+00:00, run_after=2024-02-02 16:02:00+00:00
[2024-02-02T16:02:37.055+0000] {processor.py:183} INFO - Processing /home/airflow/.local/lib/python3.8/site-packages/airflow/example_dags/example_sla_dag.py took 0.055 seconds
[2024-02-02T16:03:07.094+0000] {processor.py:161} INFO - Started process (PID=801) to work on /home/airflow/.local/lib/python3.8/site-packages/airflow/example_dags/example_sla_dag.py
[2024-02-02T16:03:07.094+0000] {processor.py:830} INFO - Processing file /home/airflow/.local/lib/python3.8/site-packages/airflow/example_dags/example_sla_dag.py for tasks to queue
[2024-02-02T16:03:07.095+0000] {logging_mixin.py:188} INFO - [2024-02-02T16:03:07.095+0000] {dagbag.py:538} INFO - Filling up the DagBag from /home/airflow/.local/lib/python3.8/site-packages/airflow/example_dags/example_sla_dag.py
[2024-02-02T16:03:07.099+0000] {processor.py:840} INFO - DAG(s) 'example_sla_dag' retrieved from /home/airflow/.local/lib/python3.8/site-packages/airflow/example_dags/example_sla_dag.py
[2024-02-02T16:03:07.120+0000] {logging_mixin.py:188} INFO - [2024-02-02T16:03:07.120+0000] {dag.py:3036} INFO - Sync 1 DAGs
[2024-02-02T16:03:07.136+0000] {logging_mixin.py:188} INFO - [2024-02-02T16:03:07.136+0000] {dag.py:3823} INFO - Setting next_dagrun for example_sla_dag to 2024-02-02 16:00:00+00:00, run_after=2024-02-02 16:02:00+00:00
[2024-02-02T16:03:07.148+0000] {processor.py:183} INFO - Processing /home/airflow/.local/lib/python3.8/site-packages/airflow/example_dags/example_sla_dag.py took 0.055 seconds
[2024-02-02T16:03:35.698+0000] {processor.py:161} INFO - Started process (PID=89) to work on /home/airflow/.local/lib/python3.8/site-packages/airflow/example_dags/example_sla_dag.py
[2024-02-02T16:03:35.699+0000] {processor.py:830} INFO - Processing file /home/airflow/.local/lib/python3.8/site-packages/airflow/example_dags/example_sla_dag.py for tasks to queue
[2024-02-02T16:03:35.700+0000] {logging_mixin.py:188} INFO - [2024-02-02T16:03:35.700+0000] {dagbag.py:538} INFO - Filling up the DagBag from /home/airflow/.local/lib/python3.8/site-packages/airflow/example_dags/example_sla_dag.py
[2024-02-02T16:03:35.705+0000] {processor.py:840} INFO - DAG(s) 'example_sla_dag' retrieved from /home/airflow/.local/lib/python3.8/site-packages/airflow/example_dags/example_sla_dag.py
[2024-02-02T16:03:35.727+0000] {logging_mixin.py:188} INFO - [2024-02-02T16:03:35.727+0000] {dag.py:3036} INFO - Sync 1 DAGs
[2024-02-02T16:03:35.743+0000] {logging_mixin.py:188} INFO - [2024-02-02T16:03:35.743+0000] {dag.py:3823} INFO - Setting next_dagrun for example_sla_dag to 2024-02-02 16:00:00+00:00, run_after=2024-02-02 16:02:00+00:00
[2024-02-02T16:03:35.765+0000] {processor.py:183} INFO - Processing /home/airflow/.local/lib/python3.8/site-packages/airflow/example_dags/example_sla_dag.py took 0.068 seconds
[2024-02-02T16:04:06.005+0000] {processor.py:161} INFO - Started process (PID=148) to work on /home/airflow/.local/lib/python3.8/site-packages/airflow/example_dags/example_sla_dag.py
[2024-02-02T16:04:06.006+0000] {processor.py:830} INFO - Processing file /home/airflow/.local/lib/python3.8/site-packages/airflow/example_dags/example_sla_dag.py for tasks to queue
[2024-02-02T16:04:06.007+0000] {logging_mixin.py:188} INFO - [2024-02-02T16:04:06.006+0000] {dagbag.py:538} INFO - Filling up the DagBag from /home/airflow/.local/lib/python3.8/site-packages/airflow/example_dags/example_sla_dag.py
[2024-02-02T16:04:06.011+0000] {processor.py:840} INFO - DAG(s) 'example_sla_dag' retrieved from /home/airflow/.local/lib/python3.8/site-packages/airflow/example_dags/example_sla_dag.py
[2024-02-02T16:04:06.033+0000] {logging_mixin.py:188} INFO - [2024-02-02T16:04:06.033+0000] {dag.py:3036} INFO - Sync 1 DAGs
[2024-02-02T16:04:06.051+0000] {logging_mixin.py:188} INFO - [2024-02-02T16:04:06.051+0000] {dag.py:3823} INFO - Setting next_dagrun for example_sla_dag to 2024-02-02 16:02:00+00:00, run_after=2024-02-02 16:04:00+00:00
[2024-02-02T16:04:06.063+0000] {processor.py:183} INFO - Processing /home/airflow/.local/lib/python3.8/site-packages/airflow/example_dags/example_sla_dag.py took 0.060 seconds
[2024-02-02T16:04:36.248+0000] {processor.py:161} INFO - Started process (PID=205) to work on /home/airflow/.local/lib/python3.8/site-packages/airflow/example_dags/example_sla_dag.py
[2024-02-02T16:04:36.248+0000] {processor.py:830} INFO - Processing file /home/airflow/.local/lib/python3.8/site-packages/airflow/example_dags/example_sla_dag.py for tasks to queue
[2024-02-02T16:04:36.249+0000] {logging_mixin.py:188} INFO - [2024-02-02T16:04:36.249+0000] {dagbag.py:538} INFO - Filling up the DagBag from /home/airflow/.local/lib/python3.8/site-packages/airflow/example_dags/example_sla_dag.py
[2024-02-02T16:04:36.253+0000] {processor.py:840} INFO - DAG(s) 'example_sla_dag' retrieved from /home/airflow/.local/lib/python3.8/site-packages/airflow/example_dags/example_sla_dag.py
[2024-02-02T16:04:36.276+0000] {logging_mixin.py:188} INFO - [2024-02-02T16:04:36.276+0000] {dag.py:3036} INFO - Sync 1 DAGs
[2024-02-02T16:04:36.293+0000] {logging_mixin.py:188} INFO - [2024-02-02T16:04:36.293+0000] {dag.py:3823} INFO - Setting next_dagrun for example_sla_dag to 2024-02-02 16:02:00+00:00, run_after=2024-02-02 16:04:00+00:00
[2024-02-02T16:04:36.305+0000] {processor.py:183} INFO - Processing /home/airflow/.local/lib/python3.8/site-packages/airflow/example_dags/example_sla_dag.py took 0.059 seconds
[2024-02-02T16:05:01.883+0000] {processor.py:161} INFO - Started process (PID=89) to work on /home/airflow/.local/lib/python3.8/site-packages/airflow/example_dags/example_sla_dag.py
[2024-02-02T16:05:01.884+0000] {processor.py:830} INFO - Processing file /home/airflow/.local/lib/python3.8/site-packages/airflow/example_dags/example_sla_dag.py for tasks to queue
[2024-02-02T16:05:01.885+0000] {logging_mixin.py:188} INFO - [2024-02-02T16:05:01.884+0000] {dagbag.py:538} INFO - Filling up the DagBag from /home/airflow/.local/lib/python3.8/site-packages/airflow/example_dags/example_sla_dag.py
[2024-02-02T16:05:01.890+0000] {processor.py:840} INFO - DAG(s) 'example_sla_dag' retrieved from /home/airflow/.local/lib/python3.8/site-packages/airflow/example_dags/example_sla_dag.py
[2024-02-02T16:05:01.912+0000] {logging_mixin.py:188} INFO - [2024-02-02T16:05:01.912+0000] {dag.py:3036} INFO - Sync 1 DAGs
[2024-02-02T16:05:01.929+0000] {logging_mixin.py:188} INFO - [2024-02-02T16:05:01.929+0000] {dag.py:3823} INFO - Setting next_dagrun for example_sla_dag to 2024-02-02 16:02:00+00:00, run_after=2024-02-02 16:04:00+00:00
[2024-02-02T16:05:01.942+0000] {processor.py:183} INFO - Processing /home/airflow/.local/lib/python3.8/site-packages/airflow/example_dags/example_sla_dag.py took 0.060 seconds
[2024-02-02T16:05:32.440+0000] {processor.py:161} INFO - Started process (PID=148) to work on /home/airflow/.local/lib/python3.8/site-packages/airflow/example_dags/example_sla_dag.py
[2024-02-02T16:05:32.441+0000] {processor.py:830} INFO - Processing file /home/airflow/.local/lib/python3.8/site-packages/airflow/example_dags/example_sla_dag.py for tasks to queue
[2024-02-02T16:05:32.442+0000] {logging_mixin.py:188} INFO - [2024-02-02T16:05:32.442+0000] {dagbag.py:538} INFO - Filling up the DagBag from /home/airflow/.local/lib/python3.8/site-packages/airflow/example_dags/example_sla_dag.py
[2024-02-02T16:05:32.447+0000] {processor.py:840} INFO - DAG(s) 'example_sla_dag' retrieved from /home/airflow/.local/lib/python3.8/site-packages/airflow/example_dags/example_sla_dag.py
[2024-02-02T16:05:32.477+0000] {logging_mixin.py:188} INFO - [2024-02-02T16:05:32.477+0000] {dag.py:3036} INFO - Sync 1 DAGs
[2024-02-02T16:05:32.502+0000] {logging_mixin.py:188} INFO - [2024-02-02T16:05:32.501+0000] {dag.py:3823} INFO - Setting next_dagrun for example_sla_dag to 2024-02-02 16:02:00+00:00, run_after=2024-02-02 16:04:00+00:00
[2024-02-02T16:05:32.525+0000] {processor.py:183} INFO - Processing /home/airflow/.local/lib/python3.8/site-packages/airflow/example_dags/example_sla_dag.py took 0.086 seconds
[2024-02-02T16:06:03.451+0000] {processor.py:161} INFO - Started process (PID=205) to work on /home/airflow/.local/lib/python3.8/site-packages/airflow/example_dags/example_sla_dag.py
[2024-02-02T16:06:03.452+0000] {processor.py:830} INFO - Processing file /home/airflow/.local/lib/python3.8/site-packages/airflow/example_dags/example_sla_dag.py for tasks to queue
[2024-02-02T16:06:03.452+0000] {logging_mixin.py:188} INFO - [2024-02-02T16:06:03.452+0000] {dagbag.py:538} INFO - Filling up the DagBag from /home/airflow/.local/lib/python3.8/site-packages/airflow/example_dags/example_sla_dag.py
[2024-02-02T16:06:03.457+0000] {processor.py:840} INFO - DAG(s) 'example_sla_dag' retrieved from /home/airflow/.local/lib/python3.8/site-packages/airflow/example_dags/example_sla_dag.py
[2024-02-02T16:06:03.479+0000] {logging_mixin.py:188} INFO - [2024-02-02T16:06:03.479+0000] {dag.py:3036} INFO - Sync 1 DAGs
[2024-02-02T16:06:03.499+0000] {logging_mixin.py:188} INFO - [2024-02-02T16:06:03.498+0000] {dag.py:3823} INFO - Setting next_dagrun for example_sla_dag to 2024-02-02 16:04:00+00:00, run_after=2024-02-02 16:06:00+00:00
[2024-02-02T16:06:03.529+0000] {processor.py:183} INFO - Processing /home/airflow/.local/lib/python3.8/site-packages/airflow/example_dags/example_sla_dag.py took 0.080 seconds
[2024-02-02T16:06:33.554+0000] {processor.py:161} INFO - Started process (PID=264) to work on /home/airflow/.local/lib/python3.8/site-packages/airflow/example_dags/example_sla_dag.py
[2024-02-02T16:06:33.554+0000] {processor.py:830} INFO - Processing file /home/airflow/.local/lib/python3.8/site-packages/airflow/example_dags/example_sla_dag.py for tasks to queue
[2024-02-02T16:06:33.556+0000] {logging_mixin.py:188} INFO - [2024-02-02T16:06:33.555+0000] {dagbag.py:538} INFO - Filling up the DagBag from /home/airflow/.local/lib/python3.8/site-packages/airflow/example_dags/example_sla_dag.py
[2024-02-02T16:06:33.560+0000] {processor.py:840} INFO - DAG(s) 'example_sla_dag' retrieved from /home/airflow/.local/lib/python3.8/site-packages/airflow/example_dags/example_sla_dag.py
[2024-02-02T16:06:33.586+0000] {logging_mixin.py:188} INFO - [2024-02-02T16:06:33.586+0000] {dag.py:3036} INFO - Sync 1 DAGs
[2024-02-02T16:06:33.607+0000] {logging_mixin.py:188} INFO - [2024-02-02T16:06:33.606+0000] {dag.py:3823} INFO - Setting next_dagrun for example_sla_dag to 2024-02-02 16:04:00+00:00, run_after=2024-02-02 16:06:00+00:00
[2024-02-02T16:06:33.628+0000] {processor.py:183} INFO - Processing /home/airflow/.local/lib/python3.8/site-packages/airflow/example_dags/example_sla_dag.py took 0.076 seconds
[2024-02-02T16:07:06.491+0000] {processor.py:161} INFO - Started process (PID=89) to work on /home/airflow/.local/lib/python3.8/site-packages/airflow/example_dags/example_sla_dag.py
[2024-02-02T16:07:06.492+0000] {processor.py:830} INFO - Processing file /home/airflow/.local/lib/python3.8/site-packages/airflow/example_dags/example_sla_dag.py for tasks to queue
[2024-02-02T16:07:06.493+0000] {logging_mixin.py:188} INFO - [2024-02-02T16:07:06.492+0000] {dagbag.py:538} INFO - Filling up the DagBag from /home/airflow/.local/lib/python3.8/site-packages/airflow/example_dags/example_sla_dag.py
[2024-02-02T16:07:06.498+0000] {processor.py:840} INFO - DAG(s) 'example_sla_dag' retrieved from /home/airflow/.local/lib/python3.8/site-packages/airflow/example_dags/example_sla_dag.py
[2024-02-02T16:07:06.523+0000] {logging_mixin.py:188} INFO - [2024-02-02T16:07:06.523+0000] {dag.py:3036} INFO - Sync 1 DAGs
[2024-02-02T16:07:06.543+0000] {logging_mixin.py:188} INFO - [2024-02-02T16:07:06.543+0000] {dag.py:3823} INFO - Setting next_dagrun for example_sla_dag to 2024-02-02 16:04:00+00:00, run_after=2024-02-02 16:06:00+00:00
[2024-02-02T16:07:06.557+0000] {processor.py:183} INFO - Processing /home/airflow/.local/lib/python3.8/site-packages/airflow/example_dags/example_sla_dag.py took 0.067 seconds
[2024-02-02T16:07:37.073+0000] {processor.py:161} INFO - Started process (PID=148) to work on /home/airflow/.local/lib/python3.8/site-packages/airflow/example_dags/example_sla_dag.py
[2024-02-02T16:07:37.074+0000] {processor.py:830} INFO - Processing file /home/airflow/.local/lib/python3.8/site-packages/airflow/example_dags/example_sla_dag.py for tasks to queue
[2024-02-02T16:07:37.075+0000] {logging_mixin.py:188} INFO - [2024-02-02T16:07:37.075+0000] {dagbag.py:538} INFO - Filling up the DagBag from /home/airflow/.local/lib/python3.8/site-packages/airflow/example_dags/example_sla_dag.py
[2024-02-02T16:07:37.079+0000] {processor.py:840} INFO - DAG(s) 'example_sla_dag' retrieved from /home/airflow/.local/lib/python3.8/site-packages/airflow/example_dags/example_sla_dag.py
[2024-02-02T16:07:37.100+0000] {logging_mixin.py:188} INFO - [2024-02-02T16:07:37.100+0000] {dag.py:3036} INFO - Sync 1 DAGs
[2024-02-02T16:07:37.117+0000] {logging_mixin.py:188} INFO - [2024-02-02T16:07:37.117+0000] {dag.py:3823} INFO - Setting next_dagrun for example_sla_dag to 2024-02-02 16:04:00+00:00, run_after=2024-02-02 16:06:00+00:00
[2024-02-02T16:07:37.129+0000] {processor.py:183} INFO - Processing /home/airflow/.local/lib/python3.8/site-packages/airflow/example_dags/example_sla_dag.py took 0.057 seconds
[2024-02-02T16:08:08.021+0000] {processor.py:161} INFO - Started process (PID=205) to work on /home/airflow/.local/lib/python3.8/site-packages/airflow/example_dags/example_sla_dag.py
[2024-02-02T16:08:08.021+0000] {processor.py:830} INFO - Processing file /home/airflow/.local/lib/python3.8/site-packages/airflow/example_dags/example_sla_dag.py for tasks to queue
[2024-02-02T16:08:08.022+0000] {logging_mixin.py:188} INFO - [2024-02-02T16:08:08.022+0000] {dagbag.py:538} INFO - Filling up the DagBag from /home/airflow/.local/lib/python3.8/site-packages/airflow/example_dags/example_sla_dag.py
[2024-02-02T16:08:08.026+0000] {processor.py:840} INFO - DAG(s) 'example_sla_dag' retrieved from /home/airflow/.local/lib/python3.8/site-packages/airflow/example_dags/example_sla_dag.py
[2024-02-02T16:08:08.047+0000] {logging_mixin.py:188} INFO - [2024-02-02T16:08:08.047+0000] {dag.py:3036} INFO - Sync 1 DAGs
[2024-02-02T16:08:08.063+0000] {logging_mixin.py:188} INFO - [2024-02-02T16:08:08.063+0000] {dag.py:3823} INFO - Setting next_dagrun for example_sla_dag to 2024-02-02 16:06:00+00:00, run_after=2024-02-02 16:08:00+00:00
[2024-02-02T16:08:08.075+0000] {processor.py:183} INFO - Processing /home/airflow/.local/lib/python3.8/site-packages/airflow/example_dags/example_sla_dag.py took 0.055 seconds
[2024-02-02T16:08:38.203+0000] {processor.py:161} INFO - Started process (PID=264) to work on /home/airflow/.local/lib/python3.8/site-packages/airflow/example_dags/example_sla_dag.py
[2024-02-02T16:08:38.203+0000] {processor.py:830} INFO - Processing file /home/airflow/.local/lib/python3.8/site-packages/airflow/example_dags/example_sla_dag.py for tasks to queue
[2024-02-02T16:08:38.204+0000] {logging_mixin.py:188} INFO - [2024-02-02T16:08:38.204+0000] {dagbag.py:538} INFO - Filling up the DagBag from /home/airflow/.local/lib/python3.8/site-packages/airflow/example_dags/example_sla_dag.py
[2024-02-02T16:08:38.208+0000] {processor.py:840} INFO - DAG(s) 'example_sla_dag' retrieved from /home/airflow/.local/lib/python3.8/site-packages/airflow/example_dags/example_sla_dag.py
[2024-02-02T16:08:38.230+0000] {logging_mixin.py:188} INFO - [2024-02-02T16:08:38.229+0000] {dag.py:3036} INFO - Sync 1 DAGs
[2024-02-02T16:08:38.246+0000] {logging_mixin.py:188} INFO - [2024-02-02T16:08:38.246+0000] {dag.py:3823} INFO - Setting next_dagrun for example_sla_dag to 2024-02-02 16:06:00+00:00, run_after=2024-02-02 16:08:00+00:00
[2024-02-02T16:08:38.258+0000] {processor.py:183} INFO - Processing /home/airflow/.local/lib/python3.8/site-packages/airflow/example_dags/example_sla_dag.py took 0.057 seconds
[2024-02-02T16:09:22.710+0000] {processor.py:161} INFO - Started process (PID=89) to work on /home/airflow/.local/lib/python3.8/site-packages/airflow/example_dags/example_sla_dag.py
[2024-02-02T16:09:22.710+0000] {processor.py:830} INFO - Processing file /home/airflow/.local/lib/python3.8/site-packages/airflow/example_dags/example_sla_dag.py for tasks to queue
[2024-02-02T16:09:22.711+0000] {logging_mixin.py:188} INFO - [2024-02-02T16:09:22.711+0000] {dagbag.py:538} INFO - Filling up the DagBag from /home/airflow/.local/lib/python3.8/site-packages/airflow/example_dags/example_sla_dag.py
[2024-02-02T16:09:22.717+0000] {processor.py:840} INFO - DAG(s) 'example_sla_dag' retrieved from /home/airflow/.local/lib/python3.8/site-packages/airflow/example_dags/example_sla_dag.py
[2024-02-02T16:09:22.740+0000] {logging_mixin.py:188} INFO - [2024-02-02T16:09:22.740+0000] {dag.py:3036} INFO - Sync 1 DAGs
[2024-02-02T16:09:22.756+0000] {logging_mixin.py:188} INFO - [2024-02-02T16:09:22.756+0000] {dag.py:3823} INFO - Setting next_dagrun for example_sla_dag to 2024-02-02 16:06:00+00:00, run_after=2024-02-02 16:08:00+00:00
[2024-02-02T16:09:22.768+0000] {processor.py:183} INFO - Processing /home/airflow/.local/lib/python3.8/site-packages/airflow/example_dags/example_sla_dag.py took 0.060 seconds
[2024-02-02T16:09:52.981+0000] {processor.py:161} INFO - Started process (PID=147) to work on /home/airflow/.local/lib/python3.8/site-packages/airflow/example_dags/example_sla_dag.py
[2024-02-02T16:09:52.982+0000] {processor.py:830} INFO - Processing file /home/airflow/.local/lib/python3.8/site-packages/airflow/example_dags/example_sla_dag.py for tasks to queue
[2024-02-02T16:09:52.982+0000] {logging_mixin.py:188} INFO - [2024-02-02T16:09:52.982+0000] {dagbag.py:538} INFO - Filling up the DagBag from /home/airflow/.local/lib/python3.8/site-packages/airflow/example_dags/example_sla_dag.py
[2024-02-02T16:09:52.987+0000] {processor.py:840} INFO - DAG(s) 'example_sla_dag' retrieved from /home/airflow/.local/lib/python3.8/site-packages/airflow/example_dags/example_sla_dag.py
[2024-02-02T16:09:53.012+0000] {logging_mixin.py:188} INFO - [2024-02-02T16:09:53.012+0000] {dag.py:3036} INFO - Sync 1 DAGs
[2024-02-02T16:09:53.030+0000] {logging_mixin.py:188} INFO - [2024-02-02T16:09:53.030+0000] {dag.py:3823} INFO - Setting next_dagrun for example_sla_dag to 2024-02-02 16:06:00+00:00, run_after=2024-02-02 16:08:00+00:00
[2024-02-02T16:09:53.044+0000] {processor.py:183} INFO - Processing /home/airflow/.local/lib/python3.8/site-packages/airflow/example_dags/example_sla_dag.py took 0.065 seconds
[2024-02-02T16:10:23.073+0000] {processor.py:161} INFO - Started process (PID=205) to work on /home/airflow/.local/lib/python3.8/site-packages/airflow/example_dags/example_sla_dag.py
[2024-02-02T16:10:23.073+0000] {processor.py:830} INFO - Processing file /home/airflow/.local/lib/python3.8/site-packages/airflow/example_dags/example_sla_dag.py for tasks to queue
[2024-02-02T16:10:23.074+0000] {logging_mixin.py:188} INFO - [2024-02-02T16:10:23.074+0000] {dagbag.py:538} INFO - Filling up the DagBag from /home/airflow/.local/lib/python3.8/site-packages/airflow/example_dags/example_sla_dag.py
[2024-02-02T16:10:23.078+0000] {processor.py:840} INFO - DAG(s) 'example_sla_dag' retrieved from /home/airflow/.local/lib/python3.8/site-packages/airflow/example_dags/example_sla_dag.py
[2024-02-02T16:10:23.098+0000] {logging_mixin.py:188} INFO - [2024-02-02T16:10:23.098+0000] {dag.py:3036} INFO - Sync 1 DAGs
[2024-02-02T16:10:23.114+0000] {logging_mixin.py:188} INFO - [2024-02-02T16:10:23.114+0000] {dag.py:3823} INFO - Setting next_dagrun for example_sla_dag to 2024-02-02 16:08:00+00:00, run_after=2024-02-02 16:10:00+00:00
[2024-02-02T16:10:23.125+0000] {processor.py:183} INFO - Processing /home/airflow/.local/lib/python3.8/site-packages/airflow/example_dags/example_sla_dag.py took 0.054 seconds
[2024-02-02T16:10:53.233+0000] {processor.py:161} INFO - Started process (PID=264) to work on /home/airflow/.local/lib/python3.8/site-packages/airflow/example_dags/example_sla_dag.py
[2024-02-02T16:10:53.233+0000] {processor.py:830} INFO - Processing file /home/airflow/.local/lib/python3.8/site-packages/airflow/example_dags/example_sla_dag.py for tasks to queue
[2024-02-02T16:10:53.234+0000] {logging_mixin.py:188} INFO - [2024-02-02T16:10:53.234+0000] {dagbag.py:538} INFO - Filling up the DagBag from /home/airflow/.local/lib/python3.8/site-packages/airflow/example_dags/example_sla_dag.py
[2024-02-02T16:10:53.238+0000] {processor.py:840} INFO - DAG(s) 'example_sla_dag' retrieved from /home/airflow/.local/lib/python3.8/site-packages/airflow/example_dags/example_sla_dag.py
[2024-02-02T16:10:53.259+0000] {logging_mixin.py:188} INFO - [2024-02-02T16:10:53.259+0000] {dag.py:3036} INFO - Sync 1 DAGs
[2024-02-02T16:10:53.275+0000] {logging_mixin.py:188} INFO - [2024-02-02T16:10:53.275+0000] {dag.py:3823} INFO - Setting next_dagrun for example_sla_dag to 2024-02-02 16:08:00+00:00, run_after=2024-02-02 16:10:00+00:00
[2024-02-02T16:10:53.287+0000] {processor.py:183} INFO - Processing /home/airflow/.local/lib/python3.8/site-packages/airflow/example_dags/example_sla_dag.py took 0.055 seconds
[2024-02-02T16:12:00.573+0000] {processor.py:161} INFO - Started process (PID=89) to work on /home/airflow/.local/lib/python3.8/site-packages/airflow/example_dags/example_sla_dag.py
[2024-02-02T16:12:00.574+0000] {processor.py:830} INFO - Processing file /home/airflow/.local/lib/python3.8/site-packages/airflow/example_dags/example_sla_dag.py for tasks to queue
[2024-02-02T16:12:00.574+0000] {logging_mixin.py:188} INFO - [2024-02-02T16:12:00.574+0000] {dagbag.py:538} INFO - Filling up the DagBag from /home/airflow/.local/lib/python3.8/site-packages/airflow/example_dags/example_sla_dag.py
[2024-02-02T16:12:00.580+0000] {processor.py:840} INFO - DAG(s) 'example_sla_dag' retrieved from /home/airflow/.local/lib/python3.8/site-packages/airflow/example_dags/example_sla_dag.py
[2024-02-02T16:12:00.602+0000] {logging_mixin.py:188} INFO - [2024-02-02T16:12:00.602+0000] {dag.py:3036} INFO - Sync 1 DAGs
[2024-02-02T16:12:00.619+0000] {logging_mixin.py:188} INFO - [2024-02-02T16:12:00.619+0000] {dag.py:3823} INFO - Setting next_dagrun for example_sla_dag to 2024-02-02 16:10:00+00:00, run_after=2024-02-02 16:12:00+00:00
[2024-02-02T16:12:00.632+0000] {processor.py:183} INFO - Processing /home/airflow/.local/lib/python3.8/site-packages/airflow/example_dags/example_sla_dag.py took 0.061 seconds
[2024-02-02T16:12:31.137+0000] {processor.py:161} INFO - Started process (PID=148) to work on /home/airflow/.local/lib/python3.8/site-packages/airflow/example_dags/example_sla_dag.py
[2024-02-02T16:12:31.138+0000] {processor.py:830} INFO - Processing file /home/airflow/.local/lib/python3.8/site-packages/airflow/example_dags/example_sla_dag.py for tasks to queue
[2024-02-02T16:12:31.139+0000] {logging_mixin.py:188} INFO - [2024-02-02T16:12:31.139+0000] {dagbag.py:538} INFO - Filling up the DagBag from /home/airflow/.local/lib/python3.8/site-packages/airflow/example_dags/example_sla_dag.py
[2024-02-02T16:12:31.143+0000] {processor.py:840} INFO - DAG(s) 'example_sla_dag' retrieved from /home/airflow/.local/lib/python3.8/site-packages/airflow/example_dags/example_sla_dag.py
[2024-02-02T16:12:31.163+0000] {logging_mixin.py:188} INFO - [2024-02-02T16:12:31.163+0000] {dag.py:3036} INFO - Sync 1 DAGs
[2024-02-02T16:12:31.180+0000] {logging_mixin.py:188} INFO - [2024-02-02T16:12:31.180+0000] {dag.py:3823} INFO - Setting next_dagrun for example_sla_dag to 2024-02-02 16:10:00+00:00, run_after=2024-02-02 16:12:00+00:00
[2024-02-02T16:12:31.192+0000] {processor.py:183} INFO - Processing /home/airflow/.local/lib/python3.8/site-packages/airflow/example_dags/example_sla_dag.py took 0.056 seconds
[2024-02-02T16:13:02.073+0000] {processor.py:161} INFO - Started process (PID=205) to work on /home/airflow/.local/lib/python3.8/site-packages/airflow/example_dags/example_sla_dag.py
[2024-02-02T16:13:02.074+0000] {processor.py:830} INFO - Processing file /home/airflow/.local/lib/python3.8/site-packages/airflow/example_dags/example_sla_dag.py for tasks to queue
[2024-02-02T16:13:02.075+0000] {logging_mixin.py:188} INFO - [2024-02-02T16:13:02.075+0000] {dagbag.py:538} INFO - Filling up the DagBag from /home/airflow/.local/lib/python3.8/site-packages/airflow/example_dags/example_sla_dag.py
[2024-02-02T16:13:02.079+0000] {processor.py:840} INFO - DAG(s) 'example_sla_dag' retrieved from /home/airflow/.local/lib/python3.8/site-packages/airflow/example_dags/example_sla_dag.py
[2024-02-02T16:13:02.100+0000] {logging_mixin.py:188} INFO - [2024-02-02T16:13:02.100+0000] {dag.py:3036} INFO - Sync 1 DAGs
[2024-02-02T16:13:02.116+0000] {logging_mixin.py:188} INFO - [2024-02-02T16:13:02.116+0000] {dag.py:3823} INFO - Setting next_dagrun for example_sla_dag to 2024-02-02 16:10:00+00:00, run_after=2024-02-02 16:12:00+00:00
[2024-02-02T16:13:02.128+0000] {processor.py:183} INFO - Processing /home/airflow/.local/lib/python3.8/site-packages/airflow/example_dags/example_sla_dag.py took 0.056 seconds
[2024-02-02T16:14:09.294+0000] {processor.py:161} INFO - Started process (PID=89) to work on /home/airflow/.local/lib/python3.8/site-packages/airflow/example_dags/example_sla_dag.py
[2024-02-02T16:14:09.294+0000] {processor.py:830} INFO - Processing file /home/airflow/.local/lib/python3.8/site-packages/airflow/example_dags/example_sla_dag.py for tasks to queue
[2024-02-02T16:14:09.295+0000] {logging_mixin.py:188} INFO - [2024-02-02T16:14:09.295+0000] {dagbag.py:538} INFO - Filling up the DagBag from /home/airflow/.local/lib/python3.8/site-packages/airflow/example_dags/example_sla_dag.py
[2024-02-02T16:14:09.300+0000] {processor.py:840} INFO - DAG(s) 'example_sla_dag' retrieved from /home/airflow/.local/lib/python3.8/site-packages/airflow/example_dags/example_sla_dag.py
[2024-02-02T16:14:09.323+0000] {logging_mixin.py:188} INFO - [2024-02-02T16:14:09.323+0000] {dag.py:3036} INFO - Sync 1 DAGs
[2024-02-02T16:14:09.344+0000] {logging_mixin.py:188} INFO - [2024-02-02T16:14:09.344+0000] {dag.py:3823} INFO - Setting next_dagrun for example_sla_dag to 2024-02-02 16:12:00+00:00, run_after=2024-02-02 16:14:00+00:00
[2024-02-02T16:14:09.365+0000] {processor.py:183} INFO - Processing /home/airflow/.local/lib/python3.8/site-packages/airflow/example_dags/example_sla_dag.py took 0.073 seconds
[2024-02-02T16:14:39.690+0000] {processor.py:161} INFO - Started process (PID=148) to work on /home/airflow/.local/lib/python3.8/site-packages/airflow/example_dags/example_sla_dag.py
[2024-02-02T16:14:39.691+0000] {processor.py:830} INFO - Processing file /home/airflow/.local/lib/python3.8/site-packages/airflow/example_dags/example_sla_dag.py for tasks to queue
[2024-02-02T16:14:39.691+0000] {logging_mixin.py:188} INFO - [2024-02-02T16:14:39.691+0000] {dagbag.py:538} INFO - Filling up the DagBag from /home/airflow/.local/lib/python3.8/site-packages/airflow/example_dags/example_sla_dag.py
[2024-02-02T16:14:39.696+0000] {processor.py:840} INFO - DAG(s) 'example_sla_dag' retrieved from /home/airflow/.local/lib/python3.8/site-packages/airflow/example_dags/example_sla_dag.py
[2024-02-02T16:14:39.716+0000] {logging_mixin.py:188} INFO - [2024-02-02T16:14:39.716+0000] {dag.py:3036} INFO - Sync 1 DAGs
[2024-02-02T16:14:39.732+0000] {logging_mixin.py:188} INFO - [2024-02-02T16:14:39.732+0000] {dag.py:3823} INFO - Setting next_dagrun for example_sla_dag to 2024-02-02 16:12:00+00:00, run_after=2024-02-02 16:14:00+00:00
[2024-02-02T16:14:39.743+0000] {processor.py:183} INFO - Processing /home/airflow/.local/lib/python3.8/site-packages/airflow/example_dags/example_sla_dag.py took 0.054 seconds
[2024-02-02T16:15:10.670+0000] {processor.py:161} INFO - Started process (PID=205) to work on /home/airflow/.local/lib/python3.8/site-packages/airflow/example_dags/example_sla_dag.py
[2024-02-02T16:15:10.670+0000] {processor.py:830} INFO - Processing file /home/airflow/.local/lib/python3.8/site-packages/airflow/example_dags/example_sla_dag.py for tasks to queue
[2024-02-02T16:15:10.671+0000] {logging_mixin.py:188} INFO - [2024-02-02T16:15:10.671+0000] {dagbag.py:538} INFO - Filling up the DagBag from /home/airflow/.local/lib/python3.8/site-packages/airflow/example_dags/example_sla_dag.py
[2024-02-02T16:15:10.676+0000] {processor.py:840} INFO - DAG(s) 'example_sla_dag' retrieved from /home/airflow/.local/lib/python3.8/site-packages/airflow/example_dags/example_sla_dag.py
[2024-02-02T16:15:10.699+0000] {logging_mixin.py:188} INFO - [2024-02-02T16:15:10.699+0000] {dag.py:3036} INFO - Sync 1 DAGs
[2024-02-02T16:15:10.717+0000] {logging_mixin.py:188} INFO - [2024-02-02T16:15:10.717+0000] {dag.py:3823} INFO - Setting next_dagrun for example_sla_dag to 2024-02-02 16:12:00+00:00, run_after=2024-02-02 16:14:00+00:00
[2024-02-02T16:15:10.731+0000] {processor.py:183} INFO - Processing /home/airflow/.local/lib/python3.8/site-packages/airflow/example_dags/example_sla_dag.py took 0.063 seconds
[2024-02-02T16:15:40.963+0000] {processor.py:161} INFO - Started process (PID=264) to work on /home/airflow/.local/lib/python3.8/site-packages/airflow/example_dags/example_sla_dag.py
[2024-02-02T16:15:40.963+0000] {processor.py:830} INFO - Processing file /home/airflow/.local/lib/python3.8/site-packages/airflow/example_dags/example_sla_dag.py for tasks to queue
[2024-02-02T16:15:40.964+0000] {logging_mixin.py:188} INFO - [2024-02-02T16:15:40.964+0000] {dagbag.py:538} INFO - Filling up the DagBag from /home/airflow/.local/lib/python3.8/site-packages/airflow/example_dags/example_sla_dag.py
[2024-02-02T16:15:40.968+0000] {processor.py:840} INFO - DAG(s) 'example_sla_dag' retrieved from /home/airflow/.local/lib/python3.8/site-packages/airflow/example_dags/example_sla_dag.py
[2024-02-02T16:15:40.990+0000] {logging_mixin.py:188} INFO - [2024-02-02T16:15:40.989+0000] {dag.py:3036} INFO - Sync 1 DAGs
[2024-02-02T16:15:41.005+0000] {logging_mixin.py:188} INFO - [2024-02-02T16:15:41.005+0000] {dag.py:3823} INFO - Setting next_dagrun for example_sla_dag to 2024-02-02 16:12:00+00:00, run_after=2024-02-02 16:14:00+00:00
[2024-02-02T16:15:41.017+0000] {processor.py:183} INFO - Processing /home/airflow/.local/lib/python3.8/site-packages/airflow/example_dags/example_sla_dag.py took 0.056 seconds
[2024-02-02T16:16:11.102+0000] {processor.py:161} INFO - Started process (PID=323) to work on /home/airflow/.local/lib/python3.8/site-packages/airflow/example_dags/example_sla_dag.py
[2024-02-02T16:16:11.102+0000] {processor.py:830} INFO - Processing file /home/airflow/.local/lib/python3.8/site-packages/airflow/example_dags/example_sla_dag.py for tasks to queue
[2024-02-02T16:16:11.103+0000] {logging_mixin.py:188} INFO - [2024-02-02T16:16:11.103+0000] {dagbag.py:538} INFO - Filling up the DagBag from /home/airflow/.local/lib/python3.8/site-packages/airflow/example_dags/example_sla_dag.py
[2024-02-02T16:16:11.107+0000] {processor.py:840} INFO - DAG(s) 'example_sla_dag' retrieved from /home/airflow/.local/lib/python3.8/site-packages/airflow/example_dags/example_sla_dag.py
[2024-02-02T16:16:11.128+0000] {logging_mixin.py:188} INFO - [2024-02-02T16:16:11.128+0000] {dag.py:3036} INFO - Sync 1 DAGs
[2024-02-02T16:16:11.144+0000] {logging_mixin.py:188} INFO - [2024-02-02T16:16:11.144+0000] {dag.py:3823} INFO - Setting next_dagrun for example_sla_dag to 2024-02-02 16:14:00+00:00, run_after=2024-02-02 16:16:00+00:00
[2024-02-02T16:16:11.156+0000] {processor.py:183} INFO - Processing /home/airflow/.local/lib/python3.8/site-packages/airflow/example_dags/example_sla_dag.py took 0.056 seconds
[2024-02-02T16:16:48.460+0000] {processor.py:161} INFO - Started process (PID=89) to work on /home/airflow/.local/lib/python3.8/site-packages/airflow/example_dags/example_sla_dag.py
[2024-02-02T16:16:48.461+0000] {processor.py:830} INFO - Processing file /home/airflow/.local/lib/python3.8/site-packages/airflow/example_dags/example_sla_dag.py for tasks to queue
[2024-02-02T16:16:48.462+0000] {logging_mixin.py:188} INFO - [2024-02-02T16:16:48.462+0000] {dagbag.py:538} INFO - Filling up the DagBag from /home/airflow/.local/lib/python3.8/site-packages/airflow/example_dags/example_sla_dag.py
[2024-02-02T16:16:48.467+0000] {processor.py:840} INFO - DAG(s) 'example_sla_dag' retrieved from /home/airflow/.local/lib/python3.8/site-packages/airflow/example_dags/example_sla_dag.py
[2024-02-02T16:16:48.497+0000] {logging_mixin.py:188} INFO - [2024-02-02T16:16:48.496+0000] {dag.py:3036} INFO - Sync 1 DAGs
[2024-02-02T16:16:48.516+0000] {logging_mixin.py:188} INFO - [2024-02-02T16:16:48.516+0000] {dag.py:3823} INFO - Setting next_dagrun for example_sla_dag to 2024-02-02 16:14:00+00:00, run_after=2024-02-02 16:16:00+00:00
[2024-02-02T16:16:48.537+0000] {processor.py:183} INFO - Processing /home/airflow/.local/lib/python3.8/site-packages/airflow/example_dags/example_sla_dag.py took 0.079 seconds
[2024-02-02T16:17:18.905+0000] {processor.py:161} INFO - Started process (PID=152) to work on /home/airflow/.local/lib/python3.8/site-packages/airflow/example_dags/example_sla_dag.py
[2024-02-02T16:17:18.905+0000] {processor.py:830} INFO - Processing file /home/airflow/.local/lib/python3.8/site-packages/airflow/example_dags/example_sla_dag.py for tasks to queue
[2024-02-02T16:17:18.906+0000] {logging_mixin.py:188} INFO - [2024-02-02T16:17:18.906+0000] {dagbag.py:538} INFO - Filling up the DagBag from /home/airflow/.local/lib/python3.8/site-packages/airflow/example_dags/example_sla_dag.py
[2024-02-02T16:17:18.910+0000] {processor.py:840} INFO - DAG(s) 'example_sla_dag' retrieved from /home/airflow/.local/lib/python3.8/site-packages/airflow/example_dags/example_sla_dag.py
[2024-02-02T16:17:18.931+0000] {logging_mixin.py:188} INFO - [2024-02-02T16:17:18.931+0000] {dag.py:3036} INFO - Sync 1 DAGs
[2024-02-02T16:17:18.947+0000] {logging_mixin.py:188} INFO - [2024-02-02T16:17:18.947+0000] {dag.py:3823} INFO - Setting next_dagrun for example_sla_dag to 2024-02-02 16:14:00+00:00, run_after=2024-02-02 16:16:00+00:00
[2024-02-02T16:17:18.958+0000] {processor.py:183} INFO - Processing /home/airflow/.local/lib/python3.8/site-packages/airflow/example_dags/example_sla_dag.py took 0.055 seconds
[2024-02-02T16:17:49.034+0000] {processor.py:161} INFO - Started process (PID=213) to work on /home/airflow/.local/lib/python3.8/site-packages/airflow/example_dags/example_sla_dag.py
[2024-02-02T16:17:49.034+0000] {processor.py:830} INFO - Processing file /home/airflow/.local/lib/python3.8/site-packages/airflow/example_dags/example_sla_dag.py for tasks to queue
[2024-02-02T16:17:49.035+0000] {logging_mixin.py:188} INFO - [2024-02-02T16:17:49.035+0000] {dagbag.py:538} INFO - Filling up the DagBag from /home/airflow/.local/lib/python3.8/site-packages/airflow/example_dags/example_sla_dag.py
[2024-02-02T16:17:49.039+0000] {processor.py:840} INFO - DAG(s) 'example_sla_dag' retrieved from /home/airflow/.local/lib/python3.8/site-packages/airflow/example_dags/example_sla_dag.py
[2024-02-02T16:17:49.060+0000] {logging_mixin.py:188} INFO - [2024-02-02T16:17:49.060+0000] {dag.py:3036} INFO - Sync 1 DAGs
[2024-02-02T16:17:49.075+0000] {logging_mixin.py:188} INFO - [2024-02-02T16:17:49.075+0000] {dag.py:3823} INFO - Setting next_dagrun for example_sla_dag to 2024-02-02 16:14:00+00:00, run_after=2024-02-02 16:16:00+00:00
[2024-02-02T16:17:49.087+0000] {processor.py:183} INFO - Processing /home/airflow/.local/lib/python3.8/site-packages/airflow/example_dags/example_sla_dag.py took 0.054 seconds
[2024-02-02T16:18:19.933+0000] {processor.py:161} INFO - Started process (PID=89) to work on /home/airflow/.local/lib/python3.8/site-packages/airflow/example_dags/example_sla_dag.py
[2024-02-02T16:18:19.933+0000] {processor.py:830} INFO - Processing file /home/airflow/.local/lib/python3.8/site-packages/airflow/example_dags/example_sla_dag.py for tasks to queue
[2024-02-02T16:18:19.934+0000] {logging_mixin.py:188} INFO - [2024-02-02T16:18:19.934+0000] {dagbag.py:538} INFO - Filling up the DagBag from /home/airflow/.local/lib/python3.8/site-packages/airflow/example_dags/example_sla_dag.py
[2024-02-02T16:18:19.939+0000] {processor.py:840} INFO - DAG(s) 'example_sla_dag' retrieved from /home/airflow/.local/lib/python3.8/site-packages/airflow/example_dags/example_sla_dag.py
[2024-02-02T16:18:19.962+0000] {logging_mixin.py:188} INFO - [2024-02-02T16:18:19.962+0000] {dag.py:3036} INFO - Sync 1 DAGs
[2024-02-02T16:18:19.979+0000] {logging_mixin.py:188} INFO - [2024-02-02T16:18:19.979+0000] {dag.py:3823} INFO - Setting next_dagrun for example_sla_dag to 2024-02-02 16:16:00+00:00, run_after=2024-02-02 16:18:00+00:00
[2024-02-02T16:18:19.992+0000] {processor.py:183} INFO - Processing /home/airflow/.local/lib/python3.8/site-packages/airflow/example_dags/example_sla_dag.py took 0.061 seconds
[2024-02-02T16:18:50.100+0000] {processor.py:161} INFO - Started process (PID=146) to work on /home/airflow/.local/lib/python3.8/site-packages/airflow/example_dags/example_sla_dag.py
[2024-02-02T16:18:50.100+0000] {processor.py:830} INFO - Processing file /home/airflow/.local/lib/python3.8/site-packages/airflow/example_dags/example_sla_dag.py for tasks to queue
[2024-02-02T16:18:50.101+0000] {logging_mixin.py:188} INFO - [2024-02-02T16:18:50.101+0000] {dagbag.py:538} INFO - Filling up the DagBag from /home/airflow/.local/lib/python3.8/site-packages/airflow/example_dags/example_sla_dag.py
[2024-02-02T16:18:50.105+0000] {processor.py:840} INFO - DAG(s) 'example_sla_dag' retrieved from /home/airflow/.local/lib/python3.8/site-packages/airflow/example_dags/example_sla_dag.py
[2024-02-02T16:18:50.127+0000] {logging_mixin.py:188} INFO - [2024-02-02T16:18:50.126+0000] {dag.py:3036} INFO - Sync 1 DAGs
[2024-02-02T16:18:50.144+0000] {logging_mixin.py:188} INFO - [2024-02-02T16:18:50.144+0000] {dag.py:3823} INFO - Setting next_dagrun for example_sla_dag to 2024-02-02 16:16:00+00:00, run_after=2024-02-02 16:18:00+00:00
[2024-02-02T16:18:50.157+0000] {processor.py:183} INFO - Processing /home/airflow/.local/lib/python3.8/site-packages/airflow/example_dags/example_sla_dag.py took 0.059 seconds
[2024-02-02T16:19:13.812+0000] {processor.py:161} INFO - Started process (PID=89) to work on /home/airflow/.local/lib/python3.8/site-packages/airflow/example_dags/example_sla_dag.py
[2024-02-02T16:19:13.813+0000] {processor.py:830} INFO - Processing file /home/airflow/.local/lib/python3.8/site-packages/airflow/example_dags/example_sla_dag.py for tasks to queue
[2024-02-02T16:19:13.814+0000] {logging_mixin.py:188} INFO - [2024-02-02T16:19:13.813+0000] {dagbag.py:538} INFO - Filling up the DagBag from /home/airflow/.local/lib/python3.8/site-packages/airflow/example_dags/example_sla_dag.py
[2024-02-02T16:19:13.819+0000] {processor.py:840} INFO - DAG(s) 'example_sla_dag' retrieved from /home/airflow/.local/lib/python3.8/site-packages/airflow/example_dags/example_sla_dag.py
[2024-02-02T16:19:13.841+0000] {logging_mixin.py:188} INFO - [2024-02-02T16:19:13.841+0000] {dag.py:3036} INFO - Sync 1 DAGs
[2024-02-02T16:19:13.858+0000] {logging_mixin.py:188} INFO - [2024-02-02T16:19:13.858+0000] {dag.py:3823} INFO - Setting next_dagrun for example_sla_dag to 2024-02-02 16:16:00+00:00, run_after=2024-02-02 16:18:00+00:00
[2024-02-02T16:19:13.871+0000] {processor.py:183} INFO - Processing /home/airflow/.local/lib/python3.8/site-packages/airflow/example_dags/example_sla_dag.py took 0.060 seconds
[2024-02-02T16:19:44.244+0000] {processor.py:161} INFO - Started process (PID=148) to work on /home/airflow/.local/lib/python3.8/site-packages/airflow/example_dags/example_sla_dag.py
[2024-02-02T16:19:44.245+0000] {processor.py:830} INFO - Processing file /home/airflow/.local/lib/python3.8/site-packages/airflow/example_dags/example_sla_dag.py for tasks to queue
[2024-02-02T16:19:44.246+0000] {logging_mixin.py:188} INFO - [2024-02-02T16:19:44.246+0000] {dagbag.py:538} INFO - Filling up the DagBag from /home/airflow/.local/lib/python3.8/site-packages/airflow/example_dags/example_sla_dag.py
[2024-02-02T16:19:44.250+0000] {processor.py:840} INFO - DAG(s) 'example_sla_dag' retrieved from /home/airflow/.local/lib/python3.8/site-packages/airflow/example_dags/example_sla_dag.py
[2024-02-02T16:19:44.274+0000] {logging_mixin.py:188} INFO - [2024-02-02T16:19:44.274+0000] {dag.py:3036} INFO - Sync 1 DAGs
[2024-02-02T16:19:44.293+0000] {logging_mixin.py:188} INFO - [2024-02-02T16:19:44.293+0000] {dag.py:3823} INFO - Setting next_dagrun for example_sla_dag to 2024-02-02 16:16:00+00:00, run_after=2024-02-02 16:18:00+00:00
[2024-02-02T16:19:44.306+0000] {processor.py:183} INFO - Processing /home/airflow/.local/lib/python3.8/site-packages/airflow/example_dags/example_sla_dag.py took 0.063 seconds
[2024-02-02T16:20:14.332+0000] {processor.py:161} INFO - Started process (PID=205) to work on /home/airflow/.local/lib/python3.8/site-packages/airflow/example_dags/example_sla_dag.py
[2024-02-02T16:20:14.332+0000] {processor.py:830} INFO - Processing file /home/airflow/.local/lib/python3.8/site-packages/airflow/example_dags/example_sla_dag.py for tasks to queue
[2024-02-02T16:20:14.333+0000] {logging_mixin.py:188} INFO - [2024-02-02T16:20:14.333+0000] {dagbag.py:538} INFO - Filling up the DagBag from /home/airflow/.local/lib/python3.8/site-packages/airflow/example_dags/example_sla_dag.py
[2024-02-02T16:20:14.337+0000] {processor.py:840} INFO - DAG(s) 'example_sla_dag' retrieved from /home/airflow/.local/lib/python3.8/site-packages/airflow/example_dags/example_sla_dag.py
[2024-02-02T16:20:14.357+0000] {logging_mixin.py:188} INFO - [2024-02-02T16:20:14.357+0000] {dag.py:3036} INFO - Sync 1 DAGs
[2024-02-02T16:20:14.374+0000] {logging_mixin.py:188} INFO - [2024-02-02T16:20:14.374+0000] {dag.py:3823} INFO - Setting next_dagrun for example_sla_dag to 2024-02-02 16:18:00+00:00, run_after=2024-02-02 16:20:00+00:00
[2024-02-02T16:20:14.389+0000] {processor.py:183} INFO - Processing /home/airflow/.local/lib/python3.8/site-packages/airflow/example_dags/example_sla_dag.py took 0.058 seconds
[2024-02-02T16:20:44.415+0000] {processor.py:161} INFO - Started process (PID=264) to work on /home/airflow/.local/lib/python3.8/site-packages/airflow/example_dags/example_sla_dag.py
[2024-02-02T16:20:44.416+0000] {processor.py:830} INFO - Processing file /home/airflow/.local/lib/python3.8/site-packages/airflow/example_dags/example_sla_dag.py for tasks to queue
[2024-02-02T16:20:44.417+0000] {logging_mixin.py:188} INFO - [2024-02-02T16:20:44.417+0000] {dagbag.py:538} INFO - Filling up the DagBag from /home/airflow/.local/lib/python3.8/site-packages/airflow/example_dags/example_sla_dag.py
[2024-02-02T16:20:44.421+0000] {processor.py:840} INFO - DAG(s) 'example_sla_dag' retrieved from /home/airflow/.local/lib/python3.8/site-packages/airflow/example_dags/example_sla_dag.py
[2024-02-02T16:20:44.444+0000] {logging_mixin.py:188} INFO - [2024-02-02T16:20:44.444+0000] {dag.py:3036} INFO - Sync 1 DAGs
[2024-02-02T16:20:44.462+0000] {logging_mixin.py:188} INFO - [2024-02-02T16:20:44.462+0000] {dag.py:3823} INFO - Setting next_dagrun for example_sla_dag to 2024-02-02 16:18:00+00:00, run_after=2024-02-02 16:20:00+00:00
[2024-02-02T16:20:44.478+0000] {processor.py:183} INFO - Processing /home/airflow/.local/lib/python3.8/site-packages/airflow/example_dags/example_sla_dag.py took 0.064 seconds
[2024-02-02T16:21:14.638+0000] {processor.py:161} INFO - Started process (PID=323) to work on /home/airflow/.local/lib/python3.8/site-packages/airflow/example_dags/example_sla_dag.py
[2024-02-02T16:21:14.638+0000] {processor.py:830} INFO - Processing file /home/airflow/.local/lib/python3.8/site-packages/airflow/example_dags/example_sla_dag.py for tasks to queue
[2024-02-02T16:21:14.639+0000] {logging_mixin.py:188} INFO - [2024-02-02T16:21:14.639+0000] {dagbag.py:538} INFO - Filling up the DagBag from /home/airflow/.local/lib/python3.8/site-packages/airflow/example_dags/example_sla_dag.py
[2024-02-02T16:21:14.643+0000] {processor.py:840} INFO - DAG(s) 'example_sla_dag' retrieved from /home/airflow/.local/lib/python3.8/site-packages/airflow/example_dags/example_sla_dag.py
[2024-02-02T16:21:14.664+0000] {logging_mixin.py:188} INFO - [2024-02-02T16:21:14.664+0000] {dag.py:3036} INFO - Sync 1 DAGs
[2024-02-02T16:21:14.681+0000] {logging_mixin.py:188} INFO - [2024-02-02T16:21:14.681+0000] {dag.py:3823} INFO - Setting next_dagrun for example_sla_dag to 2024-02-02 16:18:00+00:00, run_after=2024-02-02 16:20:00+00:00
[2024-02-02T16:21:14.696+0000] {processor.py:183} INFO - Processing /home/airflow/.local/lib/python3.8/site-packages/airflow/example_dags/example_sla_dag.py took 0.060 seconds
[2024-02-02T16:21:45.051+0000] {processor.py:161} INFO - Started process (PID=382) to work on /home/airflow/.local/lib/python3.8/site-packages/airflow/example_dags/example_sla_dag.py
[2024-02-02T16:21:45.052+0000] {processor.py:830} INFO - Processing file /home/airflow/.local/lib/python3.8/site-packages/airflow/example_dags/example_sla_dag.py for tasks to queue
[2024-02-02T16:21:45.053+0000] {logging_mixin.py:188} INFO - [2024-02-02T16:21:45.053+0000] {dagbag.py:538} INFO - Filling up the DagBag from /home/airflow/.local/lib/python3.8/site-packages/airflow/example_dags/example_sla_dag.py
[2024-02-02T16:21:45.057+0000] {processor.py:840} INFO - DAG(s) 'example_sla_dag' retrieved from /home/airflow/.local/lib/python3.8/site-packages/airflow/example_dags/example_sla_dag.py
[2024-02-02T16:21:45.079+0000] {logging_mixin.py:188} INFO - [2024-02-02T16:21:45.079+0000] {dag.py:3036} INFO - Sync 1 DAGs
[2024-02-02T16:21:45.096+0000] {logging_mixin.py:188} INFO - [2024-02-02T16:21:45.096+0000] {dag.py:3823} INFO - Setting next_dagrun for example_sla_dag to 2024-02-02 16:18:00+00:00, run_after=2024-02-02 16:20:00+00:00
[2024-02-02T16:21:45.112+0000] {processor.py:183} INFO - Processing /home/airflow/.local/lib/python3.8/site-packages/airflow/example_dags/example_sla_dag.py took 0.062 seconds
[2024-02-02T16:22:16.117+0000] {processor.py:161} INFO - Started process (PID=442) to work on /home/airflow/.local/lib/python3.8/site-packages/airflow/example_dags/example_sla_dag.py
[2024-02-02T16:22:16.118+0000] {processor.py:830} INFO - Processing file /home/airflow/.local/lib/python3.8/site-packages/airflow/example_dags/example_sla_dag.py for tasks to queue
[2024-02-02T16:22:16.118+0000] {logging_mixin.py:188} INFO - [2024-02-02T16:22:16.118+0000] {dagbag.py:538} INFO - Filling up the DagBag from /home/airflow/.local/lib/python3.8/site-packages/airflow/example_dags/example_sla_dag.py
[2024-02-02T16:22:16.123+0000] {processor.py:840} INFO - DAG(s) 'example_sla_dag' retrieved from /home/airflow/.local/lib/python3.8/site-packages/airflow/example_dags/example_sla_dag.py
[2024-02-02T16:22:16.144+0000] {logging_mixin.py:188} INFO - [2024-02-02T16:22:16.144+0000] {dag.py:3036} INFO - Sync 1 DAGs
[2024-02-02T16:22:16.163+0000] {logging_mixin.py:188} INFO - [2024-02-02T16:22:16.163+0000] {dag.py:3823} INFO - Setting next_dagrun for example_sla_dag to 2024-02-02 16:20:00+00:00, run_after=2024-02-02 16:22:00+00:00
[2024-02-02T16:22:16.176+0000] {processor.py:183} INFO - Processing /home/airflow/.local/lib/python3.8/site-packages/airflow/example_dags/example_sla_dag.py took 0.061 seconds
[2024-02-02T16:22:48.588+0000] {processor.py:161} INFO - Started process (PID=89) to work on /home/airflow/.local/lib/python3.8/site-packages/airflow/example_dags/example_sla_dag.py
[2024-02-02T16:22:48.588+0000] {processor.py:830} INFO - Processing file /home/airflow/.local/lib/python3.8/site-packages/airflow/example_dags/example_sla_dag.py for tasks to queue
[2024-02-02T16:22:48.589+0000] {logging_mixin.py:188} INFO - [2024-02-02T16:22:48.589+0000] {dagbag.py:538} INFO - Filling up the DagBag from /home/airflow/.local/lib/python3.8/site-packages/airflow/example_dags/example_sla_dag.py
[2024-02-02T16:22:48.594+0000] {processor.py:840} INFO - DAG(s) 'example_sla_dag' retrieved from /home/airflow/.local/lib/python3.8/site-packages/airflow/example_dags/example_sla_dag.py
[2024-02-02T16:22:48.617+0000] {logging_mixin.py:188} INFO - [2024-02-02T16:22:48.617+0000] {dag.py:3036} INFO - Sync 1 DAGs
[2024-02-02T16:22:48.634+0000] {logging_mixin.py:188} INFO - [2024-02-02T16:22:48.634+0000] {dag.py:3823} INFO - Setting next_dagrun for example_sla_dag to 2024-02-02 16:20:00+00:00, run_after=2024-02-02 16:22:00+00:00
[2024-02-02T16:22:48.653+0000] {processor.py:183} INFO - Processing /home/airflow/.local/lib/python3.8/site-packages/airflow/example_dags/example_sla_dag.py took 0.067 seconds
[2024-02-02T16:23:19.075+0000] {processor.py:161} INFO - Started process (PID=148) to work on /home/airflow/.local/lib/python3.8/site-packages/airflow/example_dags/example_sla_dag.py
[2024-02-02T16:23:19.076+0000] {processor.py:830} INFO - Processing file /home/airflow/.local/lib/python3.8/site-packages/airflow/example_dags/example_sla_dag.py for tasks to queue
[2024-02-02T16:23:19.077+0000] {logging_mixin.py:188} INFO - [2024-02-02T16:23:19.077+0000] {dagbag.py:538} INFO - Filling up the DagBag from /home/airflow/.local/lib/python3.8/site-packages/airflow/example_dags/example_sla_dag.py
[2024-02-02T16:23:19.081+0000] {processor.py:840} INFO - DAG(s) 'example_sla_dag' retrieved from /home/airflow/.local/lib/python3.8/site-packages/airflow/example_dags/example_sla_dag.py
[2024-02-02T16:23:19.103+0000] {logging_mixin.py:188} INFO - [2024-02-02T16:23:19.102+0000] {dag.py:3036} INFO - Sync 1 DAGs
[2024-02-02T16:23:19.120+0000] {logging_mixin.py:188} INFO - [2024-02-02T16:23:19.119+0000] {dag.py:3823} INFO - Setting next_dagrun for example_sla_dag to 2024-02-02 16:20:00+00:00, run_after=2024-02-02 16:22:00+00:00
[2024-02-02T16:23:19.131+0000] {processor.py:183} INFO - Processing /home/airflow/.local/lib/python3.8/site-packages/airflow/example_dags/example_sla_dag.py took 0.057 seconds
[2024-02-02T16:23:49.345+0000] {processor.py:161} INFO - Started process (PID=205) to work on /home/airflow/.local/lib/python3.8/site-packages/airflow/example_dags/example_sla_dag.py
[2024-02-02T16:23:49.345+0000] {processor.py:830} INFO - Processing file /home/airflow/.local/lib/python3.8/site-packages/airflow/example_dags/example_sla_dag.py for tasks to queue
[2024-02-02T16:23:49.346+0000] {logging_mixin.py:188} INFO - [2024-02-02T16:23:49.346+0000] {dagbag.py:538} INFO - Filling up the DagBag from /home/airflow/.local/lib/python3.8/site-packages/airflow/example_dags/example_sla_dag.py
[2024-02-02T16:23:49.350+0000] {processor.py:840} INFO - DAG(s) 'example_sla_dag' retrieved from /home/airflow/.local/lib/python3.8/site-packages/airflow/example_dags/example_sla_dag.py
[2024-02-02T16:23:49.371+0000] {logging_mixin.py:188} INFO - [2024-02-02T16:23:49.371+0000] {dag.py:3036} INFO - Sync 1 DAGs
[2024-02-02T16:23:49.387+0000] {logging_mixin.py:188} INFO - [2024-02-02T16:23:49.387+0000] {dag.py:3823} INFO - Setting next_dagrun for example_sla_dag to 2024-02-02 16:20:00+00:00, run_after=2024-02-02 16:22:00+00:00
[2024-02-02T16:23:49.399+0000] {processor.py:183} INFO - Processing /home/airflow/.local/lib/python3.8/site-packages/airflow/example_dags/example_sla_dag.py took 0.056 seconds
[2024-02-02T16:24:20.157+0000] {processor.py:161} INFO - Started process (PID=264) to work on /home/airflow/.local/lib/python3.8/site-packages/airflow/example_dags/example_sla_dag.py
[2024-02-02T16:24:20.157+0000] {processor.py:830} INFO - Processing file /home/airflow/.local/lib/python3.8/site-packages/airflow/example_dags/example_sla_dag.py for tasks to queue
[2024-02-02T16:24:20.158+0000] {logging_mixin.py:188} INFO - [2024-02-02T16:24:20.158+0000] {dagbag.py:538} INFO - Filling up the DagBag from /home/airflow/.local/lib/python3.8/site-packages/airflow/example_dags/example_sla_dag.py
[2024-02-02T16:24:20.162+0000] {processor.py:840} INFO - DAG(s) 'example_sla_dag' retrieved from /home/airflow/.local/lib/python3.8/site-packages/airflow/example_dags/example_sla_dag.py
[2024-02-02T16:24:20.183+0000] {logging_mixin.py:188} INFO - [2024-02-02T16:24:20.182+0000] {dag.py:3036} INFO - Sync 1 DAGs
[2024-02-02T16:24:20.199+0000] {logging_mixin.py:188} INFO - [2024-02-02T16:24:20.198+0000] {dag.py:3823} INFO - Setting next_dagrun for example_sla_dag to 2024-02-02 16:22:00+00:00, run_after=2024-02-02 16:24:00+00:00
[2024-02-02T16:24:20.210+0000] {processor.py:183} INFO - Processing /home/airflow/.local/lib/python3.8/site-packages/airflow/example_dags/example_sla_dag.py took 0.055 seconds
[2024-02-02T16:24:50.617+0000] {processor.py:161} INFO - Started process (PID=321) to work on /home/airflow/.local/lib/python3.8/site-packages/airflow/example_dags/example_sla_dag.py
[2024-02-02T16:24:50.618+0000] {processor.py:830} INFO - Processing file /home/airflow/.local/lib/python3.8/site-packages/airflow/example_dags/example_sla_dag.py for tasks to queue
[2024-02-02T16:24:50.618+0000] {logging_mixin.py:188} INFO - [2024-02-02T16:24:50.618+0000] {dagbag.py:538} INFO - Filling up the DagBag from /home/airflow/.local/lib/python3.8/site-packages/airflow/example_dags/example_sla_dag.py
[2024-02-02T16:24:50.622+0000] {processor.py:840} INFO - DAG(s) 'example_sla_dag' retrieved from /home/airflow/.local/lib/python3.8/site-packages/airflow/example_dags/example_sla_dag.py
[2024-02-02T16:24:50.644+0000] {logging_mixin.py:188} INFO - [2024-02-02T16:24:50.643+0000] {dag.py:3036} INFO - Sync 1 DAGs
[2024-02-02T16:24:50.660+0000] {logging_mixin.py:188} INFO - [2024-02-02T16:24:50.660+0000] {dag.py:3823} INFO - Setting next_dagrun for example_sla_dag to 2024-02-02 16:22:00+00:00, run_after=2024-02-02 16:24:00+00:00
[2024-02-02T16:24:50.675+0000] {processor.py:183} INFO - Processing /home/airflow/.local/lib/python3.8/site-packages/airflow/example_dags/example_sla_dag.py took 0.059 seconds
[2024-02-02T16:25:20.782+0000] {processor.py:161} INFO - Started process (PID=384) to work on /home/airflow/.local/lib/python3.8/site-packages/airflow/example_dags/example_sla_dag.py
[2024-02-02T16:25:20.782+0000] {processor.py:830} INFO - Processing file /home/airflow/.local/lib/python3.8/site-packages/airflow/example_dags/example_sla_dag.py for tasks to queue
[2024-02-02T16:25:20.783+0000] {logging_mixin.py:188} INFO - [2024-02-02T16:25:20.783+0000] {dagbag.py:538} INFO - Filling up the DagBag from /home/airflow/.local/lib/python3.8/site-packages/airflow/example_dags/example_sla_dag.py
[2024-02-02T16:25:20.787+0000] {processor.py:840} INFO - DAG(s) 'example_sla_dag' retrieved from /home/airflow/.local/lib/python3.8/site-packages/airflow/example_dags/example_sla_dag.py
[2024-02-02T16:25:20.809+0000] {logging_mixin.py:188} INFO - [2024-02-02T16:25:20.808+0000] {dag.py:3036} INFO - Sync 1 DAGs
[2024-02-02T16:25:20.826+0000] {logging_mixin.py:188} INFO - [2024-02-02T16:25:20.825+0000] {dag.py:3823} INFO - Setting next_dagrun for example_sla_dag to 2024-02-02 16:22:00+00:00, run_after=2024-02-02 16:24:00+00:00
[2024-02-02T16:25:20.838+0000] {processor.py:183} INFO - Processing /home/airflow/.local/lib/python3.8/site-packages/airflow/example_dags/example_sla_dag.py took 0.058 seconds
[2024-02-02T16:25:41.005+0000] {processor.py:161} INFO - Started process (PID=89) to work on /home/airflow/.local/lib/python3.8/site-packages/airflow/example_dags/example_sla_dag.py
[2024-02-02T16:25:41.006+0000] {processor.py:830} INFO - Processing file /home/airflow/.local/lib/python3.8/site-packages/airflow/example_dags/example_sla_dag.py for tasks to queue
[2024-02-02T16:25:41.006+0000] {logging_mixin.py:188} INFO - [2024-02-02T16:25:41.006+0000] {dagbag.py:538} INFO - Filling up the DagBag from /home/airflow/.local/lib/python3.8/site-packages/airflow/example_dags/example_sla_dag.py
[2024-02-02T16:25:41.012+0000] {processor.py:840} INFO - DAG(s) 'example_sla_dag' retrieved from /home/airflow/.local/lib/python3.8/site-packages/airflow/example_dags/example_sla_dag.py
[2024-02-02T16:25:41.037+0000] {logging_mixin.py:188} INFO - [2024-02-02T16:25:41.037+0000] {dag.py:3036} INFO - Sync 1 DAGs
[2024-02-02T16:25:41.059+0000] {logging_mixin.py:188} INFO - [2024-02-02T16:25:41.058+0000] {dag.py:3823} INFO - Setting next_dagrun for example_sla_dag to 2024-02-02 16:22:00+00:00, run_after=2024-02-02 16:24:00+00:00
[2024-02-02T16:25:41.073+0000] {processor.py:183} INFO - Processing /home/airflow/.local/lib/python3.8/site-packages/airflow/example_dags/example_sla_dag.py took 0.070 seconds
[2024-02-02T16:26:11.476+0000] {processor.py:161} INFO - Started process (PID=152) to work on /home/airflow/.local/lib/python3.8/site-packages/airflow/example_dags/example_sla_dag.py
[2024-02-02T16:26:11.476+0000] {processor.py:830} INFO - Processing file /home/airflow/.local/lib/python3.8/site-packages/airflow/example_dags/example_sla_dag.py for tasks to queue
[2024-02-02T16:26:11.477+0000] {logging_mixin.py:188} INFO - [2024-02-02T16:26:11.477+0000] {dagbag.py:538} INFO - Filling up the DagBag from /home/airflow/.local/lib/python3.8/site-packages/airflow/example_dags/example_sla_dag.py
[2024-02-02T16:26:11.481+0000] {processor.py:840} INFO - DAG(s) 'example_sla_dag' retrieved from /home/airflow/.local/lib/python3.8/site-packages/airflow/example_dags/example_sla_dag.py
[2024-02-02T16:26:11.502+0000] {logging_mixin.py:188} INFO - [2024-02-02T16:26:11.502+0000] {dag.py:3036} INFO - Sync 1 DAGs
[2024-02-02T16:26:11.518+0000] {logging_mixin.py:188} INFO - [2024-02-02T16:26:11.518+0000] {dag.py:3823} INFO - Setting next_dagrun for example_sla_dag to 2024-02-02 16:24:00+00:00, run_after=2024-02-02 16:26:00+00:00
[2024-02-02T16:26:11.530+0000] {processor.py:183} INFO - Processing /home/airflow/.local/lib/python3.8/site-packages/airflow/example_dags/example_sla_dag.py took 0.056 seconds
[2024-02-02T16:26:41.825+0000] {processor.py:161} INFO - Started process (PID=209) to work on /home/airflow/.local/lib/python3.8/site-packages/airflow/example_dags/example_sla_dag.py
[2024-02-02T16:26:41.825+0000] {processor.py:830} INFO - Processing file /home/airflow/.local/lib/python3.8/site-packages/airflow/example_dags/example_sla_dag.py for tasks to queue
[2024-02-02T16:26:41.826+0000] {logging_mixin.py:188} INFO - [2024-02-02T16:26:41.826+0000] {dagbag.py:538} INFO - Filling up the DagBag from /home/airflow/.local/lib/python3.8/site-packages/airflow/example_dags/example_sla_dag.py
[2024-02-02T16:26:41.830+0000] {processor.py:840} INFO - DAG(s) 'example_sla_dag' retrieved from /home/airflow/.local/lib/python3.8/site-packages/airflow/example_dags/example_sla_dag.py
[2024-02-02T16:26:41.851+0000] {logging_mixin.py:188} INFO - [2024-02-02T16:26:41.851+0000] {dag.py:3036} INFO - Sync 1 DAGs
[2024-02-02T16:26:41.867+0000] {logging_mixin.py:188} INFO - [2024-02-02T16:26:41.867+0000] {dag.py:3823} INFO - Setting next_dagrun for example_sla_dag to 2024-02-02 16:24:00+00:00, run_after=2024-02-02 16:26:00+00:00
[2024-02-02T16:26:41.884+0000] {processor.py:183} INFO - Processing /home/airflow/.local/lib/python3.8/site-packages/airflow/example_dags/example_sla_dag.py took 0.060 seconds
[2024-02-02T16:27:12.889+0000] {processor.py:161} INFO - Started process (PID=268) to work on /home/airflow/.local/lib/python3.8/site-packages/airflow/example_dags/example_sla_dag.py
[2024-02-02T16:27:12.889+0000] {processor.py:830} INFO - Processing file /home/airflow/.local/lib/python3.8/site-packages/airflow/example_dags/example_sla_dag.py for tasks to queue
[2024-02-02T16:27:12.890+0000] {logging_mixin.py:188} INFO - [2024-02-02T16:27:12.890+0000] {dagbag.py:538} INFO - Filling up the DagBag from /home/airflow/.local/lib/python3.8/site-packages/airflow/example_dags/example_sla_dag.py
[2024-02-02T16:27:12.894+0000] {processor.py:840} INFO - DAG(s) 'example_sla_dag' retrieved from /home/airflow/.local/lib/python3.8/site-packages/airflow/example_dags/example_sla_dag.py
[2024-02-02T16:27:12.916+0000] {logging_mixin.py:188} INFO - [2024-02-02T16:27:12.916+0000] {dag.py:3036} INFO - Sync 1 DAGs
[2024-02-02T16:27:12.932+0000] {logging_mixin.py:188} INFO - [2024-02-02T16:27:12.932+0000] {dag.py:3823} INFO - Setting next_dagrun for example_sla_dag to 2024-02-02 16:24:00+00:00, run_after=2024-02-02 16:26:00+00:00
[2024-02-02T16:27:12.944+0000] {processor.py:183} INFO - Processing /home/airflow/.local/lib/python3.8/site-packages/airflow/example_dags/example_sla_dag.py took 0.057 seconds
[2024-02-02T16:27:43.003+0000] {processor.py:161} INFO - Started process (PID=325) to work on /home/airflow/.local/lib/python3.8/site-packages/airflow/example_dags/example_sla_dag.py
[2024-02-02T16:27:43.004+0000] {processor.py:830} INFO - Processing file /home/airflow/.local/lib/python3.8/site-packages/airflow/example_dags/example_sla_dag.py for tasks to queue
[2024-02-02T16:27:43.005+0000] {logging_mixin.py:188} INFO - [2024-02-02T16:27:43.004+0000] {dagbag.py:538} INFO - Filling up the DagBag from /home/airflow/.local/lib/python3.8/site-packages/airflow/example_dags/example_sla_dag.py
[2024-02-02T16:27:43.009+0000] {processor.py:840} INFO - DAG(s) 'example_sla_dag' retrieved from /home/airflow/.local/lib/python3.8/site-packages/airflow/example_dags/example_sla_dag.py
[2024-02-02T16:27:43.029+0000] {logging_mixin.py:188} INFO - [2024-02-02T16:27:43.029+0000] {dag.py:3036} INFO - Sync 1 DAGs
[2024-02-02T16:27:43.045+0000] {logging_mixin.py:188} INFO - [2024-02-02T16:27:43.045+0000] {dag.py:3823} INFO - Setting next_dagrun for example_sla_dag to 2024-02-02 16:24:00+00:00, run_after=2024-02-02 16:26:00+00:00
[2024-02-02T16:27:43.059+0000] {processor.py:183} INFO - Processing /home/airflow/.local/lib/python3.8/site-packages/airflow/example_dags/example_sla_dag.py took 0.058 seconds
[2024-02-02T16:28:13.942+0000] {processor.py:161} INFO - Started process (PID=384) to work on /home/airflow/.local/lib/python3.8/site-packages/airflow/example_dags/example_sla_dag.py
[2024-02-02T16:28:13.942+0000] {processor.py:830} INFO - Processing file /home/airflow/.local/lib/python3.8/site-packages/airflow/example_dags/example_sla_dag.py for tasks to queue
[2024-02-02T16:28:13.943+0000] {logging_mixin.py:188} INFO - [2024-02-02T16:28:13.943+0000] {dagbag.py:538} INFO - Filling up the DagBag from /home/airflow/.local/lib/python3.8/site-packages/airflow/example_dags/example_sla_dag.py
[2024-02-02T16:28:13.948+0000] {processor.py:840} INFO - DAG(s) 'example_sla_dag' retrieved from /home/airflow/.local/lib/python3.8/site-packages/airflow/example_dags/example_sla_dag.py
[2024-02-02T16:28:13.969+0000] {logging_mixin.py:188} INFO - [2024-02-02T16:28:13.969+0000] {dag.py:3036} INFO - Sync 1 DAGs
[2024-02-02T16:28:13.986+0000] {logging_mixin.py:188} INFO - [2024-02-02T16:28:13.985+0000] {dag.py:3823} INFO - Setting next_dagrun for example_sla_dag to 2024-02-02 16:26:00+00:00, run_after=2024-02-02 16:28:00+00:00
[2024-02-02T16:28:13.998+0000] {processor.py:183} INFO - Processing /home/airflow/.local/lib/python3.8/site-packages/airflow/example_dags/example_sla_dag.py took 0.058 seconds
[2024-02-02T16:28:44.111+0000] {processor.py:161} INFO - Started process (PID=443) to work on /home/airflow/.local/lib/python3.8/site-packages/airflow/example_dags/example_sla_dag.py
[2024-02-02T16:28:44.111+0000] {processor.py:830} INFO - Processing file /home/airflow/.local/lib/python3.8/site-packages/airflow/example_dags/example_sla_dag.py for tasks to queue
[2024-02-02T16:28:44.112+0000] {logging_mixin.py:188} INFO - [2024-02-02T16:28:44.112+0000] {dagbag.py:538} INFO - Filling up the DagBag from /home/airflow/.local/lib/python3.8/site-packages/airflow/example_dags/example_sla_dag.py
[2024-02-02T16:28:44.116+0000] {processor.py:840} INFO - DAG(s) 'example_sla_dag' retrieved from /home/airflow/.local/lib/python3.8/site-packages/airflow/example_dags/example_sla_dag.py
[2024-02-02T16:28:44.136+0000] {logging_mixin.py:188} INFO - [2024-02-02T16:28:44.136+0000] {dag.py:3036} INFO - Sync 1 DAGs
[2024-02-02T16:28:44.152+0000] {logging_mixin.py:188} INFO - [2024-02-02T16:28:44.152+0000] {dag.py:3823} INFO - Setting next_dagrun for example_sla_dag to 2024-02-02 16:26:00+00:00, run_after=2024-02-02 16:28:00+00:00
[2024-02-02T16:28:44.164+0000] {processor.py:183} INFO - Processing /home/airflow/.local/lib/python3.8/site-packages/airflow/example_dags/example_sla_dag.py took 0.055 seconds
[2024-02-02T16:29:14.377+0000] {processor.py:161} INFO - Started process (PID=502) to work on /home/airflow/.local/lib/python3.8/site-packages/airflow/example_dags/example_sla_dag.py
[2024-02-02T16:29:14.378+0000] {processor.py:830} INFO - Processing file /home/airflow/.local/lib/python3.8/site-packages/airflow/example_dags/example_sla_dag.py for tasks to queue
[2024-02-02T16:29:14.379+0000] {logging_mixin.py:188} INFO - [2024-02-02T16:29:14.379+0000] {dagbag.py:538} INFO - Filling up the DagBag from /home/airflow/.local/lib/python3.8/site-packages/airflow/example_dags/example_sla_dag.py
[2024-02-02T16:29:14.383+0000] {processor.py:840} INFO - DAG(s) 'example_sla_dag' retrieved from /home/airflow/.local/lib/python3.8/site-packages/airflow/example_dags/example_sla_dag.py
[2024-02-02T16:29:14.406+0000] {logging_mixin.py:188} INFO - [2024-02-02T16:29:14.406+0000] {dag.py:3036} INFO - Sync 1 DAGs
[2024-02-02T16:29:14.424+0000] {logging_mixin.py:188} INFO - [2024-02-02T16:29:14.423+0000] {dag.py:3823} INFO - Setting next_dagrun for example_sla_dag to 2024-02-02 16:26:00+00:00, run_after=2024-02-02 16:28:00+00:00
[2024-02-02T16:29:14.436+0000] {processor.py:183} INFO - Processing /home/airflow/.local/lib/python3.8/site-packages/airflow/example_dags/example_sla_dag.py took 0.060 seconds
[2024-02-02T16:29:44.550+0000] {processor.py:161} INFO - Started process (PID=561) to work on /home/airflow/.local/lib/python3.8/site-packages/airflow/example_dags/example_sla_dag.py
[2024-02-02T16:29:44.551+0000] {processor.py:830} INFO - Processing file /home/airflow/.local/lib/python3.8/site-packages/airflow/example_dags/example_sla_dag.py for tasks to queue
[2024-02-02T16:29:44.551+0000] {logging_mixin.py:188} INFO - [2024-02-02T16:29:44.551+0000] {dagbag.py:538} INFO - Filling up the DagBag from /home/airflow/.local/lib/python3.8/site-packages/airflow/example_dags/example_sla_dag.py
[2024-02-02T16:29:44.556+0000] {processor.py:840} INFO - DAG(s) 'example_sla_dag' retrieved from /home/airflow/.local/lib/python3.8/site-packages/airflow/example_dags/example_sla_dag.py
[2024-02-02T16:29:44.580+0000] {logging_mixin.py:188} INFO - [2024-02-02T16:29:44.580+0000] {dag.py:3036} INFO - Sync 1 DAGs
[2024-02-02T16:29:44.599+0000] {logging_mixin.py:188} INFO - [2024-02-02T16:29:44.598+0000] {dag.py:3823} INFO - Setting next_dagrun for example_sla_dag to 2024-02-02 16:26:00+00:00, run_after=2024-02-02 16:28:00+00:00
[2024-02-02T16:29:44.614+0000] {processor.py:183} INFO - Processing /home/airflow/.local/lib/python3.8/site-packages/airflow/example_dags/example_sla_dag.py took 0.065 seconds
[2024-02-02T16:30:14.946+0000] {processor.py:161} INFO - Started process (PID=620) to work on /home/airflow/.local/lib/python3.8/site-packages/airflow/example_dags/example_sla_dag.py
[2024-02-02T16:30:14.947+0000] {processor.py:830} INFO - Processing file /home/airflow/.local/lib/python3.8/site-packages/airflow/example_dags/example_sla_dag.py for tasks to queue
[2024-02-02T16:30:14.947+0000] {logging_mixin.py:188} INFO - [2024-02-02T16:30:14.947+0000] {dagbag.py:538} INFO - Filling up the DagBag from /home/airflow/.local/lib/python3.8/site-packages/airflow/example_dags/example_sla_dag.py
[2024-02-02T16:30:14.952+0000] {processor.py:840} INFO - DAG(s) 'example_sla_dag' retrieved from /home/airflow/.local/lib/python3.8/site-packages/airflow/example_dags/example_sla_dag.py
[2024-02-02T16:30:14.974+0000] {logging_mixin.py:188} INFO - [2024-02-02T16:30:14.974+0000] {dag.py:3036} INFO - Sync 1 DAGs
[2024-02-02T16:30:14.991+0000] {logging_mixin.py:188} INFO - [2024-02-02T16:30:14.991+0000] {dag.py:3823} INFO - Setting next_dagrun for example_sla_dag to 2024-02-02 16:28:00+00:00, run_after=2024-02-02 16:30:00+00:00
[2024-02-02T16:30:15.004+0000] {processor.py:183} INFO - Processing /home/airflow/.local/lib/python3.8/site-packages/airflow/example_dags/example_sla_dag.py took 0.059 seconds
[2024-02-02T16:30:45.324+0000] {processor.py:161} INFO - Started process (PID=679) to work on /home/airflow/.local/lib/python3.8/site-packages/airflow/example_dags/example_sla_dag.py
[2024-02-02T16:30:45.324+0000] {processor.py:830} INFO - Processing file /home/airflow/.local/lib/python3.8/site-packages/airflow/example_dags/example_sla_dag.py for tasks to queue
[2024-02-02T16:30:45.325+0000] {logging_mixin.py:188} INFO - [2024-02-02T16:30:45.325+0000] {dagbag.py:538} INFO - Filling up the DagBag from /home/airflow/.local/lib/python3.8/site-packages/airflow/example_dags/example_sla_dag.py
[2024-02-02T16:30:45.330+0000] {processor.py:840} INFO - DAG(s) 'example_sla_dag' retrieved from /home/airflow/.local/lib/python3.8/site-packages/airflow/example_dags/example_sla_dag.py
[2024-02-02T16:30:45.353+0000] {logging_mixin.py:188} INFO - [2024-02-02T16:30:45.353+0000] {dag.py:3036} INFO - Sync 1 DAGs
[2024-02-02T16:30:45.372+0000] {logging_mixin.py:188} INFO - [2024-02-02T16:30:45.372+0000] {dag.py:3823} INFO - Setting next_dagrun for example_sla_dag to 2024-02-02 16:28:00+00:00, run_after=2024-02-02 16:30:00+00:00
[2024-02-02T16:30:45.385+0000] {processor.py:183} INFO - Processing /home/airflow/.local/lib/python3.8/site-packages/airflow/example_dags/example_sla_dag.py took 0.063 seconds
[2024-02-02T16:31:15.719+0000] {processor.py:161} INFO - Started process (PID=738) to work on /home/airflow/.local/lib/python3.8/site-packages/airflow/example_dags/example_sla_dag.py
[2024-02-02T16:31:15.720+0000] {processor.py:830} INFO - Processing file /home/airflow/.local/lib/python3.8/site-packages/airflow/example_dags/example_sla_dag.py for tasks to queue
[2024-02-02T16:31:15.720+0000] {logging_mixin.py:188} INFO - [2024-02-02T16:31:15.720+0000] {dagbag.py:538} INFO - Filling up the DagBag from /home/airflow/.local/lib/python3.8/site-packages/airflow/example_dags/example_sla_dag.py
[2024-02-02T16:31:15.725+0000] {processor.py:840} INFO - DAG(s) 'example_sla_dag' retrieved from /home/airflow/.local/lib/python3.8/site-packages/airflow/example_dags/example_sla_dag.py
[2024-02-02T16:31:15.746+0000] {logging_mixin.py:188} INFO - [2024-02-02T16:31:15.746+0000] {dag.py:3036} INFO - Sync 1 DAGs
[2024-02-02T16:31:15.762+0000] {logging_mixin.py:188} INFO - [2024-02-02T16:31:15.762+0000] {dag.py:3823} INFO - Setting next_dagrun for example_sla_dag to 2024-02-02 16:28:00+00:00, run_after=2024-02-02 16:30:00+00:00
[2024-02-02T16:31:15.774+0000] {processor.py:183} INFO - Processing /home/airflow/.local/lib/python3.8/site-packages/airflow/example_dags/example_sla_dag.py took 0.057 seconds
[2024-02-02T16:31:46.119+0000] {processor.py:161} INFO - Started process (PID=797) to work on /home/airflow/.local/lib/python3.8/site-packages/airflow/example_dags/example_sla_dag.py
[2024-02-02T16:31:46.120+0000] {processor.py:830} INFO - Processing file /home/airflow/.local/lib/python3.8/site-packages/airflow/example_dags/example_sla_dag.py for tasks to queue
[2024-02-02T16:31:46.121+0000] {logging_mixin.py:188} INFO - [2024-02-02T16:31:46.120+0000] {dagbag.py:538} INFO - Filling up the DagBag from /home/airflow/.local/lib/python3.8/site-packages/airflow/example_dags/example_sla_dag.py
[2024-02-02T16:31:46.125+0000] {processor.py:840} INFO - DAG(s) 'example_sla_dag' retrieved from /home/airflow/.local/lib/python3.8/site-packages/airflow/example_dags/example_sla_dag.py
[2024-02-02T16:31:46.145+0000] {logging_mixin.py:188} INFO - [2024-02-02T16:31:46.145+0000] {dag.py:3036} INFO - Sync 1 DAGs
[2024-02-02T16:31:46.161+0000] {logging_mixin.py:188} INFO - [2024-02-02T16:31:46.161+0000] {dag.py:3823} INFO - Setting next_dagrun for example_sla_dag to 2024-02-02 16:28:00+00:00, run_after=2024-02-02 16:30:00+00:00
[2024-02-02T16:31:46.173+0000] {processor.py:183} INFO - Processing /home/airflow/.local/lib/python3.8/site-packages/airflow/example_dags/example_sla_dag.py took 0.055 seconds
[2024-02-02T16:32:16.512+0000] {processor.py:161} INFO - Started process (PID=856) to work on /home/airflow/.local/lib/python3.8/site-packages/airflow/example_dags/example_sla_dag.py
[2024-02-02T16:32:16.513+0000] {processor.py:830} INFO - Processing file /home/airflow/.local/lib/python3.8/site-packages/airflow/example_dags/example_sla_dag.py for tasks to queue
[2024-02-02T16:32:16.514+0000] {logging_mixin.py:188} INFO - [2024-02-02T16:32:16.514+0000] {dagbag.py:538} INFO - Filling up the DagBag from /home/airflow/.local/lib/python3.8/site-packages/airflow/example_dags/example_sla_dag.py
[2024-02-02T16:32:16.519+0000] {processor.py:840} INFO - DAG(s) 'example_sla_dag' retrieved from /home/airflow/.local/lib/python3.8/site-packages/airflow/example_dags/example_sla_dag.py
[2024-02-02T16:32:16.543+0000] {logging_mixin.py:188} INFO - [2024-02-02T16:32:16.543+0000] {dag.py:3036} INFO - Sync 1 DAGs
[2024-02-02T16:32:16.560+0000] {logging_mixin.py:188} INFO - [2024-02-02T16:32:16.560+0000] {dag.py:3823} INFO - Setting next_dagrun for example_sla_dag to 2024-02-02 16:30:00+00:00, run_after=2024-02-02 16:32:00+00:00
[2024-02-02T16:32:16.573+0000] {processor.py:183} INFO - Processing /home/airflow/.local/lib/python3.8/site-packages/airflow/example_dags/example_sla_dag.py took 0.063 seconds
[2024-02-02T16:32:46.923+0000] {processor.py:161} INFO - Started process (PID=915) to work on /home/airflow/.local/lib/python3.8/site-packages/airflow/example_dags/example_sla_dag.py
[2024-02-02T16:32:46.923+0000] {processor.py:830} INFO - Processing file /home/airflow/.local/lib/python3.8/site-packages/airflow/example_dags/example_sla_dag.py for tasks to queue
[2024-02-02T16:32:46.924+0000] {logging_mixin.py:188} INFO - [2024-02-02T16:32:46.924+0000] {dagbag.py:538} INFO - Filling up the DagBag from /home/airflow/.local/lib/python3.8/site-packages/airflow/example_dags/example_sla_dag.py
[2024-02-02T16:32:46.928+0000] {processor.py:840} INFO - DAG(s) 'example_sla_dag' retrieved from /home/airflow/.local/lib/python3.8/site-packages/airflow/example_dags/example_sla_dag.py
[2024-02-02T16:32:46.950+0000] {logging_mixin.py:188} INFO - [2024-02-02T16:32:46.950+0000] {dag.py:3036} INFO - Sync 1 DAGs
[2024-02-02T16:32:46.966+0000] {logging_mixin.py:188} INFO - [2024-02-02T16:32:46.966+0000] {dag.py:3823} INFO - Setting next_dagrun for example_sla_dag to 2024-02-02 16:30:00+00:00, run_after=2024-02-02 16:32:00+00:00
[2024-02-02T16:32:46.978+0000] {processor.py:183} INFO - Processing /home/airflow/.local/lib/python3.8/site-packages/airflow/example_dags/example_sla_dag.py took 0.057 seconds
[2024-02-02T16:33:17.315+0000] {processor.py:161} INFO - Started process (PID=974) to work on /home/airflow/.local/lib/python3.8/site-packages/airflow/example_dags/example_sla_dag.py
[2024-02-02T16:33:17.315+0000] {processor.py:830} INFO - Processing file /home/airflow/.local/lib/python3.8/site-packages/airflow/example_dags/example_sla_dag.py for tasks to queue
[2024-02-02T16:33:17.316+0000] {logging_mixin.py:188} INFO - [2024-02-02T16:33:17.316+0000] {dagbag.py:538} INFO - Filling up the DagBag from /home/airflow/.local/lib/python3.8/site-packages/airflow/example_dags/example_sla_dag.py
[2024-02-02T16:33:17.320+0000] {processor.py:840} INFO - DAG(s) 'example_sla_dag' retrieved from /home/airflow/.local/lib/python3.8/site-packages/airflow/example_dags/example_sla_dag.py
[2024-02-02T16:33:17.342+0000] {logging_mixin.py:188} INFO - [2024-02-02T16:33:17.342+0000] {dag.py:3036} INFO - Sync 1 DAGs
[2024-02-02T16:33:17.359+0000] {logging_mixin.py:188} INFO - [2024-02-02T16:33:17.359+0000] {dag.py:3823} INFO - Setting next_dagrun for example_sla_dag to 2024-02-02 16:30:00+00:00, run_after=2024-02-02 16:32:00+00:00
[2024-02-02T16:33:17.371+0000] {processor.py:183} INFO - Processing /home/airflow/.local/lib/python3.8/site-packages/airflow/example_dags/example_sla_dag.py took 0.058 seconds
