[2024-02-02T15:50:35.075+0000] {processor.py:161} INFO - Started process (PID=113) to work on /home/airflow/.local/lib/python3.8/site-packages/airflow/example_dags/example_skip_dag.py
[2024-02-02T15:50:35.076+0000] {processor.py:830} INFO - Processing file /home/airflow/.local/lib/python3.8/site-packages/airflow/example_dags/example_skip_dag.py for tasks to queue
[2024-02-02T15:50:35.077+0000] {logging_mixin.py:188} INFO - [2024-02-02T15:50:35.077+0000] {dagbag.py:538} INFO - Filling up the DagBag from /home/airflow/.local/lib/python3.8/site-packages/airflow/example_dags/example_skip_dag.py
[2024-02-02T15:50:35.081+0000] {processor.py:840} INFO - DAG(s) 'example_skip_dag' retrieved from /home/airflow/.local/lib/python3.8/site-packages/airflow/example_dags/example_skip_dag.py
[2024-02-02T15:50:35.105+0000] {logging_mixin.py:188} INFO - [2024-02-02T15:50:35.105+0000] {dag.py:3036} INFO - Sync 1 DAGs
[2024-02-02T15:50:35.124+0000] {logging_mixin.py:188} INFO - [2024-02-02T15:50:35.124+0000] {dag.py:3823} INFO - Setting next_dagrun for example_skip_dag to 2024-02-01 00:00:00+00:00, run_after=2024-02-02 00:00:00+00:00
[2024-02-02T15:50:35.137+0000] {processor.py:183} INFO - Processing /home/airflow/.local/lib/python3.8/site-packages/airflow/example_dags/example_skip_dag.py took 0.064 seconds
[2024-02-02T15:53:34.729+0000] {processor.py:161} INFO - Started process (PID=101) to work on /home/airflow/.local/lib/python3.8/site-packages/airflow/example_dags/example_skip_dag.py
[2024-02-02T15:53:34.730+0000] {processor.py:830} INFO - Processing file /home/airflow/.local/lib/python3.8/site-packages/airflow/example_dags/example_skip_dag.py for tasks to queue
[2024-02-02T15:53:34.731+0000] {logging_mixin.py:188} INFO - [2024-02-02T15:53:34.731+0000] {dagbag.py:538} INFO - Filling up the DagBag from /home/airflow/.local/lib/python3.8/site-packages/airflow/example_dags/example_skip_dag.py
[2024-02-02T15:53:34.735+0000] {processor.py:840} INFO - DAG(s) 'example_skip_dag' retrieved from /home/airflow/.local/lib/python3.8/site-packages/airflow/example_dags/example_skip_dag.py
[2024-02-02T15:53:34.758+0000] {logging_mixin.py:188} INFO - [2024-02-02T15:53:34.758+0000] {dag.py:3036} INFO - Sync 1 DAGs
[2024-02-02T15:53:34.775+0000] {logging_mixin.py:188} INFO - [2024-02-02T15:53:34.774+0000] {dag.py:3823} INFO - Setting next_dagrun for example_skip_dag to 2024-02-01 00:00:00+00:00, run_after=2024-02-02 00:00:00+00:00
[2024-02-02T15:53:34.788+0000] {processor.py:183} INFO - Processing /home/airflow/.local/lib/python3.8/site-packages/airflow/example_dags/example_skip_dag.py took 0.060 seconds
[2024-02-02T15:54:06.070+0000] {processor.py:161} INFO - Started process (PID=160) to work on /home/airflow/.local/lib/python3.8/site-packages/airflow/example_dags/example_skip_dag.py
[2024-02-02T15:54:06.070+0000] {processor.py:830} INFO - Processing file /home/airflow/.local/lib/python3.8/site-packages/airflow/example_dags/example_skip_dag.py for tasks to queue
[2024-02-02T15:54:06.071+0000] {logging_mixin.py:188} INFO - [2024-02-02T15:54:06.071+0000] {dagbag.py:538} INFO - Filling up the DagBag from /home/airflow/.local/lib/python3.8/site-packages/airflow/example_dags/example_skip_dag.py
[2024-02-02T15:54:06.075+0000] {processor.py:840} INFO - DAG(s) 'example_skip_dag' retrieved from /home/airflow/.local/lib/python3.8/site-packages/airflow/example_dags/example_skip_dag.py
[2024-02-02T15:54:06.100+0000] {logging_mixin.py:188} INFO - [2024-02-02T15:54:06.100+0000] {dag.py:3036} INFO - Sync 1 DAGs
[2024-02-02T15:54:06.118+0000] {logging_mixin.py:188} INFO - [2024-02-02T15:54:06.118+0000] {dag.py:3823} INFO - Setting next_dagrun for example_skip_dag to 2024-02-01 00:00:00+00:00, run_after=2024-02-02 00:00:00+00:00
[2024-02-02T15:54:06.132+0000] {processor.py:183} INFO - Processing /home/airflow/.local/lib/python3.8/site-packages/airflow/example_dags/example_skip_dag.py took 0.064 seconds
[2024-02-02T15:54:36.288+0000] {processor.py:161} INFO - Started process (PID=221) to work on /home/airflow/.local/lib/python3.8/site-packages/airflow/example_dags/example_skip_dag.py
[2024-02-02T15:54:36.288+0000] {processor.py:830} INFO - Processing file /home/airflow/.local/lib/python3.8/site-packages/airflow/example_dags/example_skip_dag.py for tasks to queue
[2024-02-02T15:54:36.289+0000] {logging_mixin.py:188} INFO - [2024-02-02T15:54:36.289+0000] {dagbag.py:538} INFO - Filling up the DagBag from /home/airflow/.local/lib/python3.8/site-packages/airflow/example_dags/example_skip_dag.py
[2024-02-02T15:54:36.292+0000] {processor.py:840} INFO - DAG(s) 'example_skip_dag' retrieved from /home/airflow/.local/lib/python3.8/site-packages/airflow/example_dags/example_skip_dag.py
[2024-02-02T15:54:36.315+0000] {logging_mixin.py:188} INFO - [2024-02-02T15:54:36.315+0000] {dag.py:3036} INFO - Sync 1 DAGs
[2024-02-02T15:54:36.330+0000] {logging_mixin.py:188} INFO - [2024-02-02T15:54:36.330+0000] {dag.py:3823} INFO - Setting next_dagrun for example_skip_dag to 2024-02-01 00:00:00+00:00, run_after=2024-02-02 00:00:00+00:00
[2024-02-02T15:54:36.347+0000] {processor.py:183} INFO - Processing /home/airflow/.local/lib/python3.8/site-packages/airflow/example_dags/example_skip_dag.py took 0.061 seconds
[2024-02-02T15:55:06.734+0000] {processor.py:161} INFO - Started process (PID=280) to work on /home/airflow/.local/lib/python3.8/site-packages/airflow/example_dags/example_skip_dag.py
[2024-02-02T15:55:06.735+0000] {processor.py:830} INFO - Processing file /home/airflow/.local/lib/python3.8/site-packages/airflow/example_dags/example_skip_dag.py for tasks to queue
[2024-02-02T15:55:06.736+0000] {logging_mixin.py:188} INFO - [2024-02-02T15:55:06.736+0000] {dagbag.py:538} INFO - Filling up the DagBag from /home/airflow/.local/lib/python3.8/site-packages/airflow/example_dags/example_skip_dag.py
[2024-02-02T15:55:06.739+0000] {processor.py:840} INFO - DAG(s) 'example_skip_dag' retrieved from /home/airflow/.local/lib/python3.8/site-packages/airflow/example_dags/example_skip_dag.py
[2024-02-02T15:55:06.761+0000] {logging_mixin.py:188} INFO - [2024-02-02T15:55:06.761+0000] {dag.py:3036} INFO - Sync 1 DAGs
[2024-02-02T15:55:06.780+0000] {logging_mixin.py:188} INFO - [2024-02-02T15:55:06.779+0000] {dag.py:3823} INFO - Setting next_dagrun for example_skip_dag to 2024-02-01 00:00:00+00:00, run_after=2024-02-02 00:00:00+00:00
[2024-02-02T15:55:06.794+0000] {processor.py:183} INFO - Processing /home/airflow/.local/lib/python3.8/site-packages/airflow/example_dags/example_skip_dag.py took 0.061 seconds
[2024-02-02T15:55:37.192+0000] {processor.py:161} INFO - Started process (PID=339) to work on /home/airflow/.local/lib/python3.8/site-packages/airflow/example_dags/example_skip_dag.py
[2024-02-02T15:55:37.192+0000] {processor.py:830} INFO - Processing file /home/airflow/.local/lib/python3.8/site-packages/airflow/example_dags/example_skip_dag.py for tasks to queue
[2024-02-02T15:55:37.193+0000] {logging_mixin.py:188} INFO - [2024-02-02T15:55:37.193+0000] {dagbag.py:538} INFO - Filling up the DagBag from /home/airflow/.local/lib/python3.8/site-packages/airflow/example_dags/example_skip_dag.py
[2024-02-02T15:55:37.197+0000] {processor.py:840} INFO - DAG(s) 'example_skip_dag' retrieved from /home/airflow/.local/lib/python3.8/site-packages/airflow/example_dags/example_skip_dag.py
[2024-02-02T15:55:37.222+0000] {logging_mixin.py:188} INFO - [2024-02-02T15:55:37.222+0000] {dag.py:3036} INFO - Sync 1 DAGs
[2024-02-02T15:55:37.237+0000] {logging_mixin.py:188} INFO - [2024-02-02T15:55:37.237+0000] {dag.py:3823} INFO - Setting next_dagrun for example_skip_dag to 2024-02-01 00:00:00+00:00, run_after=2024-02-02 00:00:00+00:00
[2024-02-02T15:55:37.249+0000] {processor.py:183} INFO - Processing /home/airflow/.local/lib/python3.8/site-packages/airflow/example_dags/example_skip_dag.py took 0.059 seconds
[2024-02-02T15:57:03.307+0000] {processor.py:161} INFO - Started process (PID=101) to work on /home/airflow/.local/lib/python3.8/site-packages/airflow/example_dags/example_skip_dag.py
[2024-02-02T15:57:03.307+0000] {processor.py:830} INFO - Processing file /home/airflow/.local/lib/python3.8/site-packages/airflow/example_dags/example_skip_dag.py for tasks to queue
[2024-02-02T15:57:03.308+0000] {logging_mixin.py:188} INFO - [2024-02-02T15:57:03.308+0000] {dagbag.py:538} INFO - Filling up the DagBag from /home/airflow/.local/lib/python3.8/site-packages/airflow/example_dags/example_skip_dag.py
[2024-02-02T15:57:03.313+0000] {processor.py:840} INFO - DAG(s) 'example_skip_dag' retrieved from /home/airflow/.local/lib/python3.8/site-packages/airflow/example_dags/example_skip_dag.py
[2024-02-02T15:57:03.332+0000] {logging_mixin.py:188} INFO - [2024-02-02T15:57:03.332+0000] {dag.py:3036} INFO - Sync 1 DAGs
[2024-02-02T15:57:03.349+0000] {logging_mixin.py:188} INFO - [2024-02-02T15:57:03.349+0000] {dag.py:3823} INFO - Setting next_dagrun for example_skip_dag to 2024-02-01 00:00:00+00:00, run_after=2024-02-02 00:00:00+00:00
[2024-02-02T15:57:03.365+0000] {processor.py:183} INFO - Processing /home/airflow/.local/lib/python3.8/site-packages/airflow/example_dags/example_skip_dag.py took 0.060 seconds
[2024-02-02T15:57:34.595+0000] {processor.py:161} INFO - Started process (PID=164) to work on /home/airflow/.local/lib/python3.8/site-packages/airflow/example_dags/example_skip_dag.py
[2024-02-02T15:57:34.596+0000] {processor.py:830} INFO - Processing file /home/airflow/.local/lib/python3.8/site-packages/airflow/example_dags/example_skip_dag.py for tasks to queue
[2024-02-02T15:57:34.597+0000] {logging_mixin.py:188} INFO - [2024-02-02T15:57:34.597+0000] {dagbag.py:538} INFO - Filling up the DagBag from /home/airflow/.local/lib/python3.8/site-packages/airflow/example_dags/example_skip_dag.py
[2024-02-02T15:57:34.600+0000] {processor.py:840} INFO - DAG(s) 'example_skip_dag' retrieved from /home/airflow/.local/lib/python3.8/site-packages/airflow/example_dags/example_skip_dag.py
[2024-02-02T15:57:34.667+0000] {logging_mixin.py:188} INFO - [2024-02-02T15:57:34.667+0000] {dag.py:3036} INFO - Sync 1 DAGs
[2024-02-02T15:57:34.684+0000] {logging_mixin.py:188} INFO - [2024-02-02T15:57:34.683+0000] {dag.py:3823} INFO - Setting next_dagrun for example_skip_dag to 2024-02-01 00:00:00+00:00, run_after=2024-02-02 00:00:00+00:00
[2024-02-02T15:57:34.699+0000] {processor.py:183} INFO - Processing /home/airflow/.local/lib/python3.8/site-packages/airflow/example_dags/example_skip_dag.py took 0.105 seconds
[2024-02-02T15:58:05.326+0000] {processor.py:161} INFO - Started process (PID=225) to work on /home/airflow/.local/lib/python3.8/site-packages/airflow/example_dags/example_skip_dag.py
[2024-02-02T15:58:05.327+0000] {processor.py:830} INFO - Processing file /home/airflow/.local/lib/python3.8/site-packages/airflow/example_dags/example_skip_dag.py for tasks to queue
[2024-02-02T15:58:05.328+0000] {logging_mixin.py:188} INFO - [2024-02-02T15:58:05.327+0000] {dagbag.py:538} INFO - Filling up the DagBag from /home/airflow/.local/lib/python3.8/site-packages/airflow/example_dags/example_skip_dag.py
[2024-02-02T15:58:05.331+0000] {processor.py:840} INFO - DAG(s) 'example_skip_dag' retrieved from /home/airflow/.local/lib/python3.8/site-packages/airflow/example_dags/example_skip_dag.py
[2024-02-02T15:58:05.358+0000] {logging_mixin.py:188} INFO - [2024-02-02T15:58:05.358+0000] {dag.py:3036} INFO - Sync 1 DAGs
[2024-02-02T15:58:05.378+0000] {logging_mixin.py:188} INFO - [2024-02-02T15:58:05.378+0000] {dag.py:3823} INFO - Setting next_dagrun for example_skip_dag to 2024-02-01 00:00:00+00:00, run_after=2024-02-02 00:00:00+00:00
[2024-02-02T15:58:05.394+0000] {processor.py:183} INFO - Processing /home/airflow/.local/lib/python3.8/site-packages/airflow/example_dags/example_skip_dag.py took 0.070 seconds
[2024-02-02T15:58:35.642+0000] {processor.py:161} INFO - Started process (PID=284) to work on /home/airflow/.local/lib/python3.8/site-packages/airflow/example_dags/example_skip_dag.py
[2024-02-02T15:58:35.643+0000] {processor.py:830} INFO - Processing file /home/airflow/.local/lib/python3.8/site-packages/airflow/example_dags/example_skip_dag.py for tasks to queue
[2024-02-02T15:58:35.644+0000] {logging_mixin.py:188} INFO - [2024-02-02T15:58:35.643+0000] {dagbag.py:538} INFO - Filling up the DagBag from /home/airflow/.local/lib/python3.8/site-packages/airflow/example_dags/example_skip_dag.py
[2024-02-02T15:58:35.647+0000] {processor.py:840} INFO - DAG(s) 'example_skip_dag' retrieved from /home/airflow/.local/lib/python3.8/site-packages/airflow/example_dags/example_skip_dag.py
[2024-02-02T15:58:35.669+0000] {logging_mixin.py:188} INFO - [2024-02-02T15:58:35.669+0000] {dag.py:3036} INFO - Sync 1 DAGs
[2024-02-02T15:58:35.686+0000] {logging_mixin.py:188} INFO - [2024-02-02T15:58:35.685+0000] {dag.py:3823} INFO - Setting next_dagrun for example_skip_dag to 2024-02-01 00:00:00+00:00, run_after=2024-02-02 00:00:00+00:00
[2024-02-02T15:58:35.697+0000] {processor.py:183} INFO - Processing /home/airflow/.local/lib/python3.8/site-packages/airflow/example_dags/example_skip_dag.py took 0.057 seconds
[2024-02-02T15:59:05.874+0000] {processor.py:161} INFO - Started process (PID=343) to work on /home/airflow/.local/lib/python3.8/site-packages/airflow/example_dags/example_skip_dag.py
[2024-02-02T15:59:05.875+0000] {processor.py:830} INFO - Processing file /home/airflow/.local/lib/python3.8/site-packages/airflow/example_dags/example_skip_dag.py for tasks to queue
[2024-02-02T15:59:05.876+0000] {logging_mixin.py:188} INFO - [2024-02-02T15:59:05.876+0000] {dagbag.py:538} INFO - Filling up the DagBag from /home/airflow/.local/lib/python3.8/site-packages/airflow/example_dags/example_skip_dag.py
[2024-02-02T15:59:05.879+0000] {processor.py:840} INFO - DAG(s) 'example_skip_dag' retrieved from /home/airflow/.local/lib/python3.8/site-packages/airflow/example_dags/example_skip_dag.py
[2024-02-02T15:59:05.901+0000] {logging_mixin.py:188} INFO - [2024-02-02T15:59:05.901+0000] {dag.py:3036} INFO - Sync 1 DAGs
[2024-02-02T15:59:05.918+0000] {logging_mixin.py:188} INFO - [2024-02-02T15:59:05.917+0000] {dag.py:3823} INFO - Setting next_dagrun for example_skip_dag to 2024-02-01 00:00:00+00:00, run_after=2024-02-02 00:00:00+00:00
[2024-02-02T15:59:05.931+0000] {processor.py:183} INFO - Processing /home/airflow/.local/lib/python3.8/site-packages/airflow/example_dags/example_skip_dag.py took 0.058 seconds
[2024-02-02T15:59:36.111+0000] {processor.py:161} INFO - Started process (PID=402) to work on /home/airflow/.local/lib/python3.8/site-packages/airflow/example_dags/example_skip_dag.py
[2024-02-02T15:59:36.111+0000] {processor.py:830} INFO - Processing file /home/airflow/.local/lib/python3.8/site-packages/airflow/example_dags/example_skip_dag.py for tasks to queue
[2024-02-02T15:59:36.112+0000] {logging_mixin.py:188} INFO - [2024-02-02T15:59:36.112+0000] {dagbag.py:538} INFO - Filling up the DagBag from /home/airflow/.local/lib/python3.8/site-packages/airflow/example_dags/example_skip_dag.py
[2024-02-02T15:59:36.115+0000] {processor.py:840} INFO - DAG(s) 'example_skip_dag' retrieved from /home/airflow/.local/lib/python3.8/site-packages/airflow/example_dags/example_skip_dag.py
[2024-02-02T15:59:36.138+0000] {logging_mixin.py:188} INFO - [2024-02-02T15:59:36.137+0000] {dag.py:3036} INFO - Sync 1 DAGs
[2024-02-02T15:59:36.153+0000] {logging_mixin.py:188} INFO - [2024-02-02T15:59:36.153+0000] {dag.py:3823} INFO - Setting next_dagrun for example_skip_dag to 2024-02-01 00:00:00+00:00, run_after=2024-02-02 00:00:00+00:00
[2024-02-02T15:59:36.166+0000] {processor.py:183} INFO - Processing /home/airflow/.local/lib/python3.8/site-packages/airflow/example_dags/example_skip_dag.py took 0.057 seconds
[2024-02-02T16:00:06.330+0000] {processor.py:161} INFO - Started process (PID=461) to work on /home/airflow/.local/lib/python3.8/site-packages/airflow/example_dags/example_skip_dag.py
[2024-02-02T16:00:06.331+0000] {processor.py:830} INFO - Processing file /home/airflow/.local/lib/python3.8/site-packages/airflow/example_dags/example_skip_dag.py for tasks to queue
[2024-02-02T16:00:06.332+0000] {logging_mixin.py:188} INFO - [2024-02-02T16:00:06.332+0000] {dagbag.py:538} INFO - Filling up the DagBag from /home/airflow/.local/lib/python3.8/site-packages/airflow/example_dags/example_skip_dag.py
[2024-02-02T16:00:06.336+0000] {processor.py:840} INFO - DAG(s) 'example_skip_dag' retrieved from /home/airflow/.local/lib/python3.8/site-packages/airflow/example_dags/example_skip_dag.py
[2024-02-02T16:00:06.359+0000] {logging_mixin.py:188} INFO - [2024-02-02T16:00:06.359+0000] {dag.py:3036} INFO - Sync 1 DAGs
[2024-02-02T16:00:06.376+0000] {logging_mixin.py:188} INFO - [2024-02-02T16:00:06.375+0000] {dag.py:3823} INFO - Setting next_dagrun for example_skip_dag to 2024-02-01 00:00:00+00:00, run_after=2024-02-02 00:00:00+00:00
[2024-02-02T16:00:06.388+0000] {processor.py:183} INFO - Processing /home/airflow/.local/lib/python3.8/site-packages/airflow/example_dags/example_skip_dag.py took 0.060 seconds
[2024-02-02T16:00:36.620+0000] {processor.py:161} INFO - Started process (PID=520) to work on /home/airflow/.local/lib/python3.8/site-packages/airflow/example_dags/example_skip_dag.py
[2024-02-02T16:00:36.621+0000] {processor.py:830} INFO - Processing file /home/airflow/.local/lib/python3.8/site-packages/airflow/example_dags/example_skip_dag.py for tasks to queue
[2024-02-02T16:00:36.622+0000] {logging_mixin.py:188} INFO - [2024-02-02T16:00:36.621+0000] {dagbag.py:538} INFO - Filling up the DagBag from /home/airflow/.local/lib/python3.8/site-packages/airflow/example_dags/example_skip_dag.py
[2024-02-02T16:00:36.625+0000] {processor.py:840} INFO - DAG(s) 'example_skip_dag' retrieved from /home/airflow/.local/lib/python3.8/site-packages/airflow/example_dags/example_skip_dag.py
[2024-02-02T16:00:36.646+0000] {logging_mixin.py:188} INFO - [2024-02-02T16:00:36.646+0000] {dag.py:3036} INFO - Sync 1 DAGs
[2024-02-02T16:00:36.662+0000] {logging_mixin.py:188} INFO - [2024-02-02T16:00:36.662+0000] {dag.py:3823} INFO - Setting next_dagrun for example_skip_dag to 2024-02-01 00:00:00+00:00, run_after=2024-02-02 00:00:00+00:00
[2024-02-02T16:00:36.674+0000] {processor.py:183} INFO - Processing /home/airflow/.local/lib/python3.8/site-packages/airflow/example_dags/example_skip_dag.py took 0.055 seconds
[2024-02-02T16:01:06.850+0000] {processor.py:161} INFO - Started process (PID=579) to work on /home/airflow/.local/lib/python3.8/site-packages/airflow/example_dags/example_skip_dag.py
[2024-02-02T16:01:06.851+0000] {processor.py:830} INFO - Processing file /home/airflow/.local/lib/python3.8/site-packages/airflow/example_dags/example_skip_dag.py for tasks to queue
[2024-02-02T16:01:06.852+0000] {logging_mixin.py:188} INFO - [2024-02-02T16:01:06.852+0000] {dagbag.py:538} INFO - Filling up the DagBag from /home/airflow/.local/lib/python3.8/site-packages/airflow/example_dags/example_skip_dag.py
[2024-02-02T16:01:06.855+0000] {processor.py:840} INFO - DAG(s) 'example_skip_dag' retrieved from /home/airflow/.local/lib/python3.8/site-packages/airflow/example_dags/example_skip_dag.py
[2024-02-02T16:01:06.880+0000] {logging_mixin.py:188} INFO - [2024-02-02T16:01:06.880+0000] {dag.py:3036} INFO - Sync 1 DAGs
[2024-02-02T16:01:06.900+0000] {logging_mixin.py:188} INFO - [2024-02-02T16:01:06.900+0000] {dag.py:3823} INFO - Setting next_dagrun for example_skip_dag to 2024-02-01 00:00:00+00:00, run_after=2024-02-02 00:00:00+00:00
[2024-02-02T16:01:06.917+0000] {processor.py:183} INFO - Processing /home/airflow/.local/lib/python3.8/site-packages/airflow/example_dags/example_skip_dag.py took 0.069 seconds
[2024-02-02T16:01:37.203+0000] {processor.py:161} INFO - Started process (PID=638) to work on /home/airflow/.local/lib/python3.8/site-packages/airflow/example_dags/example_skip_dag.py
[2024-02-02T16:01:37.203+0000] {processor.py:830} INFO - Processing file /home/airflow/.local/lib/python3.8/site-packages/airflow/example_dags/example_skip_dag.py for tasks to queue
[2024-02-02T16:01:37.204+0000] {logging_mixin.py:188} INFO - [2024-02-02T16:01:37.204+0000] {dagbag.py:538} INFO - Filling up the DagBag from /home/airflow/.local/lib/python3.8/site-packages/airflow/example_dags/example_skip_dag.py
[2024-02-02T16:01:37.207+0000] {processor.py:840} INFO - DAG(s) 'example_skip_dag' retrieved from /home/airflow/.local/lib/python3.8/site-packages/airflow/example_dags/example_skip_dag.py
[2024-02-02T16:01:37.230+0000] {logging_mixin.py:188} INFO - [2024-02-02T16:01:37.230+0000] {dag.py:3036} INFO - Sync 1 DAGs
[2024-02-02T16:01:37.246+0000] {logging_mixin.py:188} INFO - [2024-02-02T16:01:37.246+0000] {dag.py:3823} INFO - Setting next_dagrun for example_skip_dag to 2024-02-01 00:00:00+00:00, run_after=2024-02-02 00:00:00+00:00
[2024-02-02T16:01:37.259+0000] {processor.py:183} INFO - Processing /home/airflow/.local/lib/python3.8/site-packages/airflow/example_dags/example_skip_dag.py took 0.057 seconds
[2024-02-02T16:02:07.395+0000] {processor.py:161} INFO - Started process (PID=697) to work on /home/airflow/.local/lib/python3.8/site-packages/airflow/example_dags/example_skip_dag.py
[2024-02-02T16:02:07.396+0000] {processor.py:830} INFO - Processing file /home/airflow/.local/lib/python3.8/site-packages/airflow/example_dags/example_skip_dag.py for tasks to queue
[2024-02-02T16:02:07.397+0000] {logging_mixin.py:188} INFO - [2024-02-02T16:02:07.397+0000] {dagbag.py:538} INFO - Filling up the DagBag from /home/airflow/.local/lib/python3.8/site-packages/airflow/example_dags/example_skip_dag.py
[2024-02-02T16:02:07.400+0000] {processor.py:840} INFO - DAG(s) 'example_skip_dag' retrieved from /home/airflow/.local/lib/python3.8/site-packages/airflow/example_dags/example_skip_dag.py
[2024-02-02T16:02:07.423+0000] {logging_mixin.py:188} INFO - [2024-02-02T16:02:07.423+0000] {dag.py:3036} INFO - Sync 1 DAGs
[2024-02-02T16:02:07.440+0000] {logging_mixin.py:188} INFO - [2024-02-02T16:02:07.440+0000] {dag.py:3823} INFO - Setting next_dagrun for example_skip_dag to 2024-02-01 00:00:00+00:00, run_after=2024-02-02 00:00:00+00:00
[2024-02-02T16:02:07.452+0000] {processor.py:183} INFO - Processing /home/airflow/.local/lib/python3.8/site-packages/airflow/example_dags/example_skip_dag.py took 0.059 seconds
[2024-02-02T16:02:37.845+0000] {processor.py:161} INFO - Started process (PID=756) to work on /home/airflow/.local/lib/python3.8/site-packages/airflow/example_dags/example_skip_dag.py
[2024-02-02T16:02:37.845+0000] {processor.py:830} INFO - Processing file /home/airflow/.local/lib/python3.8/site-packages/airflow/example_dags/example_skip_dag.py for tasks to queue
[2024-02-02T16:02:37.846+0000] {logging_mixin.py:188} INFO - [2024-02-02T16:02:37.846+0000] {dagbag.py:538} INFO - Filling up the DagBag from /home/airflow/.local/lib/python3.8/site-packages/airflow/example_dags/example_skip_dag.py
[2024-02-02T16:02:37.850+0000] {processor.py:840} INFO - DAG(s) 'example_skip_dag' retrieved from /home/airflow/.local/lib/python3.8/site-packages/airflow/example_dags/example_skip_dag.py
[2024-02-02T16:02:37.872+0000] {logging_mixin.py:188} INFO - [2024-02-02T16:02:37.872+0000] {dag.py:3036} INFO - Sync 1 DAGs
[2024-02-02T16:02:37.887+0000] {logging_mixin.py:188} INFO - [2024-02-02T16:02:37.887+0000] {dag.py:3823} INFO - Setting next_dagrun for example_skip_dag to 2024-02-01 00:00:00+00:00, run_after=2024-02-02 00:00:00+00:00
[2024-02-02T16:02:37.898+0000] {processor.py:183} INFO - Processing /home/airflow/.local/lib/python3.8/site-packages/airflow/example_dags/example_skip_dag.py took 0.055 seconds
[2024-02-02T16:03:07.932+0000] {processor.py:161} INFO - Started process (PID=813) to work on /home/airflow/.local/lib/python3.8/site-packages/airflow/example_dags/example_skip_dag.py
[2024-02-02T16:03:07.933+0000] {processor.py:830} INFO - Processing file /home/airflow/.local/lib/python3.8/site-packages/airflow/example_dags/example_skip_dag.py for tasks to queue
[2024-02-02T16:03:07.933+0000] {logging_mixin.py:188} INFO - [2024-02-02T16:03:07.933+0000] {dagbag.py:538} INFO - Filling up the DagBag from /home/airflow/.local/lib/python3.8/site-packages/airflow/example_dags/example_skip_dag.py
[2024-02-02T16:03:07.937+0000] {processor.py:840} INFO - DAG(s) 'example_skip_dag' retrieved from /home/airflow/.local/lib/python3.8/site-packages/airflow/example_dags/example_skip_dag.py
[2024-02-02T16:03:07.961+0000] {logging_mixin.py:188} INFO - [2024-02-02T16:03:07.961+0000] {dag.py:3036} INFO - Sync 1 DAGs
[2024-02-02T16:03:07.976+0000] {logging_mixin.py:188} INFO - [2024-02-02T16:03:07.976+0000] {dag.py:3823} INFO - Setting next_dagrun for example_skip_dag to 2024-02-01 00:00:00+00:00, run_after=2024-02-02 00:00:00+00:00
[2024-02-02T16:03:07.992+0000] {processor.py:183} INFO - Processing /home/airflow/.local/lib/python3.8/site-packages/airflow/example_dags/example_skip_dag.py took 0.062 seconds
[2024-02-02T16:03:36.227+0000] {processor.py:161} INFO - Started process (PID=101) to work on /home/airflow/.local/lib/python3.8/site-packages/airflow/example_dags/example_skip_dag.py
[2024-02-02T16:03:36.228+0000] {processor.py:830} INFO - Processing file /home/airflow/.local/lib/python3.8/site-packages/airflow/example_dags/example_skip_dag.py for tasks to queue
[2024-02-02T16:03:36.228+0000] {logging_mixin.py:188} INFO - [2024-02-02T16:03:36.228+0000] {dagbag.py:538} INFO - Filling up the DagBag from /home/airflow/.local/lib/python3.8/site-packages/airflow/example_dags/example_skip_dag.py
[2024-02-02T16:03:36.232+0000] {processor.py:840} INFO - DAG(s) 'example_skip_dag' retrieved from /home/airflow/.local/lib/python3.8/site-packages/airflow/example_dags/example_skip_dag.py
[2024-02-02T16:03:36.255+0000] {logging_mixin.py:188} INFO - [2024-02-02T16:03:36.255+0000] {dag.py:3036} INFO - Sync 1 DAGs
[2024-02-02T16:03:36.271+0000] {logging_mixin.py:188} INFO - [2024-02-02T16:03:36.271+0000] {dag.py:3823} INFO - Setting next_dagrun for example_skip_dag to 2024-02-01 00:00:00+00:00, run_after=2024-02-02 00:00:00+00:00
[2024-02-02T16:03:36.287+0000] {processor.py:183} INFO - Processing /home/airflow/.local/lib/python3.8/site-packages/airflow/example_dags/example_skip_dag.py took 0.061 seconds
[2024-02-02T16:04:06.897+0000] {processor.py:161} INFO - Started process (PID=160) to work on /home/airflow/.local/lib/python3.8/site-packages/airflow/example_dags/example_skip_dag.py
[2024-02-02T16:04:06.898+0000] {processor.py:830} INFO - Processing file /home/airflow/.local/lib/python3.8/site-packages/airflow/example_dags/example_skip_dag.py for tasks to queue
[2024-02-02T16:04:06.898+0000] {logging_mixin.py:188} INFO - [2024-02-02T16:04:06.898+0000] {dagbag.py:538} INFO - Filling up the DagBag from /home/airflow/.local/lib/python3.8/site-packages/airflow/example_dags/example_skip_dag.py
[2024-02-02T16:04:06.901+0000] {processor.py:840} INFO - DAG(s) 'example_skip_dag' retrieved from /home/airflow/.local/lib/python3.8/site-packages/airflow/example_dags/example_skip_dag.py
[2024-02-02T16:04:06.924+0000] {logging_mixin.py:188} INFO - [2024-02-02T16:04:06.924+0000] {dag.py:3036} INFO - Sync 1 DAGs
[2024-02-02T16:04:06.939+0000] {logging_mixin.py:188} INFO - [2024-02-02T16:04:06.939+0000] {dag.py:3823} INFO - Setting next_dagrun for example_skip_dag to 2024-02-01 00:00:00+00:00, run_after=2024-02-02 00:00:00+00:00
[2024-02-02T16:04:06.951+0000] {processor.py:183} INFO - Processing /home/airflow/.local/lib/python3.8/site-packages/airflow/example_dags/example_skip_dag.py took 0.055 seconds
[2024-02-02T16:04:36.999+0000] {processor.py:161} INFO - Started process (PID=217) to work on /home/airflow/.local/lib/python3.8/site-packages/airflow/example_dags/example_skip_dag.py
[2024-02-02T16:04:36.999+0000] {processor.py:830} INFO - Processing file /home/airflow/.local/lib/python3.8/site-packages/airflow/example_dags/example_skip_dag.py for tasks to queue
[2024-02-02T16:04:37.000+0000] {logging_mixin.py:188} INFO - [2024-02-02T16:04:37.000+0000] {dagbag.py:538} INFO - Filling up the DagBag from /home/airflow/.local/lib/python3.8/site-packages/airflow/example_dags/example_skip_dag.py
[2024-02-02T16:04:37.003+0000] {processor.py:840} INFO - DAG(s) 'example_skip_dag' retrieved from /home/airflow/.local/lib/python3.8/site-packages/airflow/example_dags/example_skip_dag.py
[2024-02-02T16:04:37.027+0000] {logging_mixin.py:188} INFO - [2024-02-02T16:04:37.027+0000] {dag.py:3036} INFO - Sync 1 DAGs
[2024-02-02T16:04:37.043+0000] {logging_mixin.py:188} INFO - [2024-02-02T16:04:37.043+0000] {dag.py:3823} INFO - Setting next_dagrun for example_skip_dag to 2024-02-01 00:00:00+00:00, run_after=2024-02-02 00:00:00+00:00
[2024-02-02T16:04:37.061+0000] {processor.py:183} INFO - Processing /home/airflow/.local/lib/python3.8/site-packages/airflow/example_dags/example_skip_dag.py took 0.064 seconds
[2024-02-02T16:05:02.337+0000] {processor.py:161} INFO - Started process (PID=101) to work on /home/airflow/.local/lib/python3.8/site-packages/airflow/example_dags/example_skip_dag.py
[2024-02-02T16:05:02.338+0000] {processor.py:830} INFO - Processing file /home/airflow/.local/lib/python3.8/site-packages/airflow/example_dags/example_skip_dag.py for tasks to queue
[2024-02-02T16:05:02.339+0000] {logging_mixin.py:188} INFO - [2024-02-02T16:05:02.339+0000] {dagbag.py:538} INFO - Filling up the DagBag from /home/airflow/.local/lib/python3.8/site-packages/airflow/example_dags/example_skip_dag.py
[2024-02-02T16:05:02.343+0000] {processor.py:840} INFO - DAG(s) 'example_skip_dag' retrieved from /home/airflow/.local/lib/python3.8/site-packages/airflow/example_dags/example_skip_dag.py
[2024-02-02T16:05:02.365+0000] {logging_mixin.py:188} INFO - [2024-02-02T16:05:02.365+0000] {dag.py:3036} INFO - Sync 1 DAGs
[2024-02-02T16:05:02.380+0000] {logging_mixin.py:188} INFO - [2024-02-02T16:05:02.380+0000] {dag.py:3823} INFO - Setting next_dagrun for example_skip_dag to 2024-02-01 00:00:00+00:00, run_after=2024-02-02 00:00:00+00:00
[2024-02-02T16:05:02.393+0000] {processor.py:183} INFO - Processing /home/airflow/.local/lib/python3.8/site-packages/airflow/example_dags/example_skip_dag.py took 0.057 seconds
[2024-02-02T16:05:33.403+0000] {processor.py:161} INFO - Started process (PID=160) to work on /home/airflow/.local/lib/python3.8/site-packages/airflow/example_dags/example_skip_dag.py
[2024-02-02T16:05:33.403+0000] {processor.py:830} INFO - Processing file /home/airflow/.local/lib/python3.8/site-packages/airflow/example_dags/example_skip_dag.py for tasks to queue
[2024-02-02T16:05:33.404+0000] {logging_mixin.py:188} INFO - [2024-02-02T16:05:33.404+0000] {dagbag.py:538} INFO - Filling up the DagBag from /home/airflow/.local/lib/python3.8/site-packages/airflow/example_dags/example_skip_dag.py
[2024-02-02T16:05:33.407+0000] {processor.py:840} INFO - DAG(s) 'example_skip_dag' retrieved from /home/airflow/.local/lib/python3.8/site-packages/airflow/example_dags/example_skip_dag.py
[2024-02-02T16:05:33.429+0000] {logging_mixin.py:188} INFO - [2024-02-02T16:05:33.429+0000] {dag.py:3036} INFO - Sync 1 DAGs
[2024-02-02T16:05:33.445+0000] {logging_mixin.py:188} INFO - [2024-02-02T16:05:33.444+0000] {dag.py:3823} INFO - Setting next_dagrun for example_skip_dag to 2024-02-01 00:00:00+00:00, run_after=2024-02-02 00:00:00+00:00
[2024-02-02T16:05:33.457+0000] {processor.py:183} INFO - Processing /home/airflow/.local/lib/python3.8/site-packages/airflow/example_dags/example_skip_dag.py took 0.056 seconds
[2024-02-02T16:06:03.933+0000] {processor.py:161} INFO - Started process (PID=217) to work on /home/airflow/.local/lib/python3.8/site-packages/airflow/example_dags/example_skip_dag.py
[2024-02-02T16:06:03.933+0000] {processor.py:830} INFO - Processing file /home/airflow/.local/lib/python3.8/site-packages/airflow/example_dags/example_skip_dag.py for tasks to queue
[2024-02-02T16:06:03.934+0000] {logging_mixin.py:188} INFO - [2024-02-02T16:06:03.934+0000] {dagbag.py:538} INFO - Filling up the DagBag from /home/airflow/.local/lib/python3.8/site-packages/airflow/example_dags/example_skip_dag.py
[2024-02-02T16:06:03.937+0000] {processor.py:840} INFO - DAG(s) 'example_skip_dag' retrieved from /home/airflow/.local/lib/python3.8/site-packages/airflow/example_dags/example_skip_dag.py
[2024-02-02T16:06:03.961+0000] {logging_mixin.py:188} INFO - [2024-02-02T16:06:03.961+0000] {dag.py:3036} INFO - Sync 1 DAGs
[2024-02-02T16:06:03.978+0000] {logging_mixin.py:188} INFO - [2024-02-02T16:06:03.978+0000] {dag.py:3823} INFO - Setting next_dagrun for example_skip_dag to 2024-02-01 00:00:00+00:00, run_after=2024-02-02 00:00:00+00:00
[2024-02-02T16:06:03.992+0000] {processor.py:183} INFO - Processing /home/airflow/.local/lib/python3.8/site-packages/airflow/example_dags/example_skip_dag.py took 0.061 seconds
[2024-02-02T16:06:34.077+0000] {processor.py:161} INFO - Started process (PID=276) to work on /home/airflow/.local/lib/python3.8/site-packages/airflow/example_dags/example_skip_dag.py
[2024-02-02T16:06:34.077+0000] {processor.py:830} INFO - Processing file /home/airflow/.local/lib/python3.8/site-packages/airflow/example_dags/example_skip_dag.py for tasks to queue
[2024-02-02T16:06:34.078+0000] {logging_mixin.py:188} INFO - [2024-02-02T16:06:34.078+0000] {dagbag.py:538} INFO - Filling up the DagBag from /home/airflow/.local/lib/python3.8/site-packages/airflow/example_dags/example_skip_dag.py
[2024-02-02T16:06:34.082+0000] {processor.py:840} INFO - DAG(s) 'example_skip_dag' retrieved from /home/airflow/.local/lib/python3.8/site-packages/airflow/example_dags/example_skip_dag.py
[2024-02-02T16:06:34.106+0000] {logging_mixin.py:188} INFO - [2024-02-02T16:06:34.106+0000] {dag.py:3036} INFO - Sync 1 DAGs
[2024-02-02T16:06:34.122+0000] {logging_mixin.py:188} INFO - [2024-02-02T16:06:34.122+0000] {dag.py:3823} INFO - Setting next_dagrun for example_skip_dag to 2024-02-01 00:00:00+00:00, run_after=2024-02-02 00:00:00+00:00
[2024-02-02T16:06:34.141+0000] {processor.py:183} INFO - Processing /home/airflow/.local/lib/python3.8/site-packages/airflow/example_dags/example_skip_dag.py took 0.066 seconds
[2024-02-02T16:07:07.014+0000] {processor.py:161} INFO - Started process (PID=101) to work on /home/airflow/.local/lib/python3.8/site-packages/airflow/example_dags/example_skip_dag.py
[2024-02-02T16:07:07.015+0000] {processor.py:830} INFO - Processing file /home/airflow/.local/lib/python3.8/site-packages/airflow/example_dags/example_skip_dag.py for tasks to queue
[2024-02-02T16:07:07.016+0000] {logging_mixin.py:188} INFO - [2024-02-02T16:07:07.015+0000] {dagbag.py:538} INFO - Filling up the DagBag from /home/airflow/.local/lib/python3.8/site-packages/airflow/example_dags/example_skip_dag.py
[2024-02-02T16:07:07.020+0000] {processor.py:840} INFO - DAG(s) 'example_skip_dag' retrieved from /home/airflow/.local/lib/python3.8/site-packages/airflow/example_dags/example_skip_dag.py
[2024-02-02T16:07:07.044+0000] {logging_mixin.py:188} INFO - [2024-02-02T16:07:07.044+0000] {dag.py:3036} INFO - Sync 1 DAGs
[2024-02-02T16:07:07.061+0000] {logging_mixin.py:188} INFO - [2024-02-02T16:07:07.061+0000] {dag.py:3823} INFO - Setting next_dagrun for example_skip_dag to 2024-02-01 00:00:00+00:00, run_after=2024-02-02 00:00:00+00:00
[2024-02-02T16:07:07.074+0000] {processor.py:183} INFO - Processing /home/airflow/.local/lib/python3.8/site-packages/airflow/example_dags/example_skip_dag.py took 0.061 seconds
[2024-02-02T16:07:37.955+0000] {processor.py:161} INFO - Started process (PID=160) to work on /home/airflow/.local/lib/python3.8/site-packages/airflow/example_dags/example_skip_dag.py
[2024-02-02T16:07:37.956+0000] {processor.py:830} INFO - Processing file /home/airflow/.local/lib/python3.8/site-packages/airflow/example_dags/example_skip_dag.py for tasks to queue
[2024-02-02T16:07:37.957+0000] {logging_mixin.py:188} INFO - [2024-02-02T16:07:37.957+0000] {dagbag.py:538} INFO - Filling up the DagBag from /home/airflow/.local/lib/python3.8/site-packages/airflow/example_dags/example_skip_dag.py
[2024-02-02T16:07:37.960+0000] {processor.py:840} INFO - DAG(s) 'example_skip_dag' retrieved from /home/airflow/.local/lib/python3.8/site-packages/airflow/example_dags/example_skip_dag.py
[2024-02-02T16:07:37.983+0000] {logging_mixin.py:188} INFO - [2024-02-02T16:07:37.983+0000] {dag.py:3036} INFO - Sync 1 DAGs
[2024-02-02T16:07:38.004+0000] {logging_mixin.py:188} INFO - [2024-02-02T16:07:38.003+0000] {dag.py:3823} INFO - Setting next_dagrun for example_skip_dag to 2024-02-01 00:00:00+00:00, run_after=2024-02-02 00:00:00+00:00
[2024-02-02T16:07:38.019+0000] {processor.py:183} INFO - Processing /home/airflow/.local/lib/python3.8/site-packages/airflow/example_dags/example_skip_dag.py took 0.065 seconds
[2024-02-02T16:08:08.468+0000] {processor.py:161} INFO - Started process (PID=217) to work on /home/airflow/.local/lib/python3.8/site-packages/airflow/example_dags/example_skip_dag.py
[2024-02-02T16:08:08.469+0000] {processor.py:830} INFO - Processing file /home/airflow/.local/lib/python3.8/site-packages/airflow/example_dags/example_skip_dag.py for tasks to queue
[2024-02-02T16:08:08.470+0000] {logging_mixin.py:188} INFO - [2024-02-02T16:08:08.469+0000] {dagbag.py:538} INFO - Filling up the DagBag from /home/airflow/.local/lib/python3.8/site-packages/airflow/example_dags/example_skip_dag.py
[2024-02-02T16:08:08.473+0000] {processor.py:840} INFO - DAG(s) 'example_skip_dag' retrieved from /home/airflow/.local/lib/python3.8/site-packages/airflow/example_dags/example_skip_dag.py
[2024-02-02T16:08:08.496+0000] {logging_mixin.py:188} INFO - [2024-02-02T16:08:08.496+0000] {dag.py:3036} INFO - Sync 1 DAGs
[2024-02-02T16:08:08.511+0000] {logging_mixin.py:188} INFO - [2024-02-02T16:08:08.511+0000] {dag.py:3823} INFO - Setting next_dagrun for example_skip_dag to 2024-02-01 00:00:00+00:00, run_after=2024-02-02 00:00:00+00:00
[2024-02-02T16:08:08.523+0000] {processor.py:183} INFO - Processing /home/airflow/.local/lib/python3.8/site-packages/airflow/example_dags/example_skip_dag.py took 0.057 seconds
[2024-02-02T16:08:38.685+0000] {processor.py:161} INFO - Started process (PID=276) to work on /home/airflow/.local/lib/python3.8/site-packages/airflow/example_dags/example_skip_dag.py
[2024-02-02T16:08:38.685+0000] {processor.py:830} INFO - Processing file /home/airflow/.local/lib/python3.8/site-packages/airflow/example_dags/example_skip_dag.py for tasks to queue
[2024-02-02T16:08:38.686+0000] {logging_mixin.py:188} INFO - [2024-02-02T16:08:38.685+0000] {dagbag.py:538} INFO - Filling up the DagBag from /home/airflow/.local/lib/python3.8/site-packages/airflow/example_dags/example_skip_dag.py
[2024-02-02T16:08:38.689+0000] {processor.py:840} INFO - DAG(s) 'example_skip_dag' retrieved from /home/airflow/.local/lib/python3.8/site-packages/airflow/example_dags/example_skip_dag.py
[2024-02-02T16:08:38.712+0000] {logging_mixin.py:188} INFO - [2024-02-02T16:08:38.712+0000] {dag.py:3036} INFO - Sync 1 DAGs
[2024-02-02T16:08:38.728+0000] {logging_mixin.py:188} INFO - [2024-02-02T16:08:38.727+0000] {dag.py:3823} INFO - Setting next_dagrun for example_skip_dag to 2024-02-01 00:00:00+00:00, run_after=2024-02-02 00:00:00+00:00
[2024-02-02T16:08:38.740+0000] {processor.py:183} INFO - Processing /home/airflow/.local/lib/python3.8/site-packages/airflow/example_dags/example_skip_dag.py took 0.057 seconds
[2024-02-02T16:09:23.243+0000] {processor.py:161} INFO - Started process (PID=101) to work on /home/airflow/.local/lib/python3.8/site-packages/airflow/example_dags/example_skip_dag.py
[2024-02-02T16:09:23.244+0000] {processor.py:830} INFO - Processing file /home/airflow/.local/lib/python3.8/site-packages/airflow/example_dags/example_skip_dag.py for tasks to queue
[2024-02-02T16:09:23.245+0000] {logging_mixin.py:188} INFO - [2024-02-02T16:09:23.245+0000] {dagbag.py:538} INFO - Filling up the DagBag from /home/airflow/.local/lib/python3.8/site-packages/airflow/example_dags/example_skip_dag.py
[2024-02-02T16:09:23.249+0000] {processor.py:840} INFO - DAG(s) 'example_skip_dag' retrieved from /home/airflow/.local/lib/python3.8/site-packages/airflow/example_dags/example_skip_dag.py
[2024-02-02T16:09:23.272+0000] {logging_mixin.py:188} INFO - [2024-02-02T16:09:23.272+0000] {dag.py:3036} INFO - Sync 1 DAGs
[2024-02-02T16:09:23.289+0000] {logging_mixin.py:188} INFO - [2024-02-02T16:09:23.288+0000] {dag.py:3823} INFO - Setting next_dagrun for example_skip_dag to 2024-02-01 00:00:00+00:00, run_after=2024-02-02 00:00:00+00:00
[2024-02-02T16:09:23.301+0000] {processor.py:183} INFO - Processing /home/airflow/.local/lib/python3.8/site-packages/airflow/example_dags/example_skip_dag.py took 0.059 seconds
[2024-02-02T16:09:53.945+0000] {processor.py:161} INFO - Started process (PID=160) to work on /home/airflow/.local/lib/python3.8/site-packages/airflow/example_dags/example_skip_dag.py
[2024-02-02T16:09:53.946+0000] {processor.py:830} INFO - Processing file /home/airflow/.local/lib/python3.8/site-packages/airflow/example_dags/example_skip_dag.py for tasks to queue
[2024-02-02T16:09:53.947+0000] {logging_mixin.py:188} INFO - [2024-02-02T16:09:53.946+0000] {dagbag.py:538} INFO - Filling up the DagBag from /home/airflow/.local/lib/python3.8/site-packages/airflow/example_dags/example_skip_dag.py
[2024-02-02T16:09:53.950+0000] {processor.py:840} INFO - DAG(s) 'example_skip_dag' retrieved from /home/airflow/.local/lib/python3.8/site-packages/airflow/example_dags/example_skip_dag.py
[2024-02-02T16:09:53.975+0000] {logging_mixin.py:188} INFO - [2024-02-02T16:09:53.975+0000] {dag.py:3036} INFO - Sync 1 DAGs
[2024-02-02T16:09:53.994+0000] {logging_mixin.py:188} INFO - [2024-02-02T16:09:53.994+0000] {dag.py:3823} INFO - Setting next_dagrun for example_skip_dag to 2024-02-01 00:00:00+00:00, run_after=2024-02-02 00:00:00+00:00
[2024-02-02T16:09:54.007+0000] {processor.py:183} INFO - Processing /home/airflow/.local/lib/python3.8/site-packages/airflow/example_dags/example_skip_dag.py took 0.064 seconds
[2024-02-02T16:10:24.502+0000] {processor.py:161} INFO - Started process (PID=217) to work on /home/airflow/.local/lib/python3.8/site-packages/airflow/example_dags/example_skip_dag.py
[2024-02-02T16:10:24.503+0000] {processor.py:830} INFO - Processing file /home/airflow/.local/lib/python3.8/site-packages/airflow/example_dags/example_skip_dag.py for tasks to queue
[2024-02-02T16:10:24.504+0000] {logging_mixin.py:188} INFO - [2024-02-02T16:10:24.504+0000] {dagbag.py:538} INFO - Filling up the DagBag from /home/airflow/.local/lib/python3.8/site-packages/airflow/example_dags/example_skip_dag.py
[2024-02-02T16:10:24.507+0000] {processor.py:840} INFO - DAG(s) 'example_skip_dag' retrieved from /home/airflow/.local/lib/python3.8/site-packages/airflow/example_dags/example_skip_dag.py
[2024-02-02T16:10:24.530+0000] {logging_mixin.py:188} INFO - [2024-02-02T16:10:24.530+0000] {dag.py:3036} INFO - Sync 1 DAGs
[2024-02-02T16:10:24.544+0000] {logging_mixin.py:188} INFO - [2024-02-02T16:10:24.544+0000] {dag.py:3823} INFO - Setting next_dagrun for example_skip_dag to 2024-02-01 00:00:00+00:00, run_after=2024-02-02 00:00:00+00:00
[2024-02-02T16:10:24.556+0000] {processor.py:183} INFO - Processing /home/airflow/.local/lib/python3.8/site-packages/airflow/example_dags/example_skip_dag.py took 0.055 seconds
[2024-02-02T16:10:54.715+0000] {processor.py:161} INFO - Started process (PID=276) to work on /home/airflow/.local/lib/python3.8/site-packages/airflow/example_dags/example_skip_dag.py
[2024-02-02T16:10:54.716+0000] {processor.py:830} INFO - Processing file /home/airflow/.local/lib/python3.8/site-packages/airflow/example_dags/example_skip_dag.py for tasks to queue
[2024-02-02T16:10:54.717+0000] {logging_mixin.py:188} INFO - [2024-02-02T16:10:54.717+0000] {dagbag.py:538} INFO - Filling up the DagBag from /home/airflow/.local/lib/python3.8/site-packages/airflow/example_dags/example_skip_dag.py
[2024-02-02T16:10:54.720+0000] {processor.py:840} INFO - DAG(s) 'example_skip_dag' retrieved from /home/airflow/.local/lib/python3.8/site-packages/airflow/example_dags/example_skip_dag.py
[2024-02-02T16:10:54.742+0000] {logging_mixin.py:188} INFO - [2024-02-02T16:10:54.742+0000] {dag.py:3036} INFO - Sync 1 DAGs
[2024-02-02T16:10:54.757+0000] {logging_mixin.py:188} INFO - [2024-02-02T16:10:54.757+0000] {dag.py:3823} INFO - Setting next_dagrun for example_skip_dag to 2024-02-01 00:00:00+00:00, run_after=2024-02-02 00:00:00+00:00
[2024-02-02T16:10:54.770+0000] {processor.py:183} INFO - Processing /home/airflow/.local/lib/python3.8/site-packages/airflow/example_dags/example_skip_dag.py took 0.056 seconds
[2024-02-02T16:12:01.040+0000] {processor.py:161} INFO - Started process (PID=101) to work on /home/airflow/.local/lib/python3.8/site-packages/airflow/example_dags/example_skip_dag.py
[2024-02-02T16:12:01.040+0000] {processor.py:830} INFO - Processing file /home/airflow/.local/lib/python3.8/site-packages/airflow/example_dags/example_skip_dag.py for tasks to queue
[2024-02-02T16:12:01.041+0000] {logging_mixin.py:188} INFO - [2024-02-02T16:12:01.041+0000] {dagbag.py:538} INFO - Filling up the DagBag from /home/airflow/.local/lib/python3.8/site-packages/airflow/example_dags/example_skip_dag.py
[2024-02-02T16:12:01.046+0000] {processor.py:840} INFO - DAG(s) 'example_skip_dag' retrieved from /home/airflow/.local/lib/python3.8/site-packages/airflow/example_dags/example_skip_dag.py
[2024-02-02T16:12:01.068+0000] {logging_mixin.py:188} INFO - [2024-02-02T16:12:01.068+0000] {dag.py:3036} INFO - Sync 1 DAGs
[2024-02-02T16:12:01.084+0000] {logging_mixin.py:188} INFO - [2024-02-02T16:12:01.084+0000] {dag.py:3823} INFO - Setting next_dagrun for example_skip_dag to 2024-02-01 00:00:00+00:00, run_after=2024-02-02 00:00:00+00:00
[2024-02-02T16:12:01.097+0000] {processor.py:183} INFO - Processing /home/airflow/.local/lib/python3.8/site-packages/airflow/example_dags/example_skip_dag.py took 0.059 seconds
[2024-02-02T16:12:31.996+0000] {processor.py:161} INFO - Started process (PID=160) to work on /home/airflow/.local/lib/python3.8/site-packages/airflow/example_dags/example_skip_dag.py
[2024-02-02T16:12:31.996+0000] {processor.py:830} INFO - Processing file /home/airflow/.local/lib/python3.8/site-packages/airflow/example_dags/example_skip_dag.py for tasks to queue
[2024-02-02T16:12:31.997+0000] {logging_mixin.py:188} INFO - [2024-02-02T16:12:31.997+0000] {dagbag.py:538} INFO - Filling up the DagBag from /home/airflow/.local/lib/python3.8/site-packages/airflow/example_dags/example_skip_dag.py
[2024-02-02T16:12:32.000+0000] {processor.py:840} INFO - DAG(s) 'example_skip_dag' retrieved from /home/airflow/.local/lib/python3.8/site-packages/airflow/example_dags/example_skip_dag.py
[2024-02-02T16:12:32.022+0000] {logging_mixin.py:188} INFO - [2024-02-02T16:12:32.022+0000] {dag.py:3036} INFO - Sync 1 DAGs
[2024-02-02T16:12:32.037+0000] {logging_mixin.py:188} INFO - [2024-02-02T16:12:32.036+0000] {dag.py:3823} INFO - Setting next_dagrun for example_skip_dag to 2024-02-01 00:00:00+00:00, run_after=2024-02-02 00:00:00+00:00
[2024-02-02T16:12:32.048+0000] {processor.py:183} INFO - Processing /home/airflow/.local/lib/python3.8/site-packages/airflow/example_dags/example_skip_dag.py took 0.054 seconds
[2024-02-02T16:13:02.489+0000] {processor.py:161} INFO - Started process (PID=217) to work on /home/airflow/.local/lib/python3.8/site-packages/airflow/example_dags/example_skip_dag.py
[2024-02-02T16:13:02.489+0000] {processor.py:830} INFO - Processing file /home/airflow/.local/lib/python3.8/site-packages/airflow/example_dags/example_skip_dag.py for tasks to queue
[2024-02-02T16:13:02.490+0000] {logging_mixin.py:188} INFO - [2024-02-02T16:13:02.490+0000] {dagbag.py:538} INFO - Filling up the DagBag from /home/airflow/.local/lib/python3.8/site-packages/airflow/example_dags/example_skip_dag.py
[2024-02-02T16:13:02.493+0000] {processor.py:840} INFO - DAG(s) 'example_skip_dag' retrieved from /home/airflow/.local/lib/python3.8/site-packages/airflow/example_dags/example_skip_dag.py
[2024-02-02T16:13:02.516+0000] {logging_mixin.py:188} INFO - [2024-02-02T16:13:02.516+0000] {dag.py:3036} INFO - Sync 1 DAGs
[2024-02-02T16:13:02.530+0000] {logging_mixin.py:188} INFO - [2024-02-02T16:13:02.530+0000] {dag.py:3823} INFO - Setting next_dagrun for example_skip_dag to 2024-02-01 00:00:00+00:00, run_after=2024-02-02 00:00:00+00:00
[2024-02-02T16:13:02.542+0000] {processor.py:183} INFO - Processing /home/airflow/.local/lib/python3.8/site-packages/airflow/example_dags/example_skip_dag.py took 0.055 seconds
[2024-02-02T16:14:09.869+0000] {processor.py:161} INFO - Started process (PID=101) to work on /home/airflow/.local/lib/python3.8/site-packages/airflow/example_dags/example_skip_dag.py
[2024-02-02T16:14:09.869+0000] {processor.py:830} INFO - Processing file /home/airflow/.local/lib/python3.8/site-packages/airflow/example_dags/example_skip_dag.py for tasks to queue
[2024-02-02T16:14:09.870+0000] {logging_mixin.py:188} INFO - [2024-02-02T16:14:09.870+0000] {dagbag.py:538} INFO - Filling up the DagBag from /home/airflow/.local/lib/python3.8/site-packages/airflow/example_dags/example_skip_dag.py
[2024-02-02T16:14:09.874+0000] {processor.py:840} INFO - DAG(s) 'example_skip_dag' retrieved from /home/airflow/.local/lib/python3.8/site-packages/airflow/example_dags/example_skip_dag.py
[2024-02-02T16:14:09.898+0000] {logging_mixin.py:188} INFO - [2024-02-02T16:14:09.897+0000] {dag.py:3036} INFO - Sync 1 DAGs
[2024-02-02T16:14:09.914+0000] {logging_mixin.py:188} INFO - [2024-02-02T16:14:09.913+0000] {dag.py:3823} INFO - Setting next_dagrun for example_skip_dag to 2024-02-01 00:00:00+00:00, run_after=2024-02-02 00:00:00+00:00
[2024-02-02T16:14:09.928+0000] {processor.py:183} INFO - Processing /home/airflow/.local/lib/python3.8/site-packages/airflow/example_dags/example_skip_dag.py took 0.060 seconds
[2024-02-02T16:14:40.565+0000] {processor.py:161} INFO - Started process (PID=160) to work on /home/airflow/.local/lib/python3.8/site-packages/airflow/example_dags/example_skip_dag.py
[2024-02-02T16:14:40.566+0000] {processor.py:830} INFO - Processing file /home/airflow/.local/lib/python3.8/site-packages/airflow/example_dags/example_skip_dag.py for tasks to queue
[2024-02-02T16:14:40.567+0000] {logging_mixin.py:188} INFO - [2024-02-02T16:14:40.566+0000] {dagbag.py:538} INFO - Filling up the DagBag from /home/airflow/.local/lib/python3.8/site-packages/airflow/example_dags/example_skip_dag.py
[2024-02-02T16:14:40.570+0000] {processor.py:840} INFO - DAG(s) 'example_skip_dag' retrieved from /home/airflow/.local/lib/python3.8/site-packages/airflow/example_dags/example_skip_dag.py
[2024-02-02T16:14:40.594+0000] {logging_mixin.py:188} INFO - [2024-02-02T16:14:40.594+0000] {dag.py:3036} INFO - Sync 1 DAGs
[2024-02-02T16:14:40.611+0000] {logging_mixin.py:188} INFO - [2024-02-02T16:14:40.611+0000] {dag.py:3823} INFO - Setting next_dagrun for example_skip_dag to 2024-02-01 00:00:00+00:00, run_after=2024-02-02 00:00:00+00:00
[2024-02-02T16:14:40.623+0000] {processor.py:183} INFO - Processing /home/airflow/.local/lib/python3.8/site-packages/airflow/example_dags/example_skip_dag.py took 0.060 seconds
[2024-02-02T16:15:11.134+0000] {processor.py:161} INFO - Started process (PID=217) to work on /home/airflow/.local/lib/python3.8/site-packages/airflow/example_dags/example_skip_dag.py
[2024-02-02T16:15:11.135+0000] {processor.py:830} INFO - Processing file /home/airflow/.local/lib/python3.8/site-packages/airflow/example_dags/example_skip_dag.py for tasks to queue
[2024-02-02T16:15:11.136+0000] {logging_mixin.py:188} INFO - [2024-02-02T16:15:11.136+0000] {dagbag.py:538} INFO - Filling up the DagBag from /home/airflow/.local/lib/python3.8/site-packages/airflow/example_dags/example_skip_dag.py
[2024-02-02T16:15:11.139+0000] {processor.py:840} INFO - DAG(s) 'example_skip_dag' retrieved from /home/airflow/.local/lib/python3.8/site-packages/airflow/example_dags/example_skip_dag.py
[2024-02-02T16:15:11.167+0000] {logging_mixin.py:188} INFO - [2024-02-02T16:15:11.167+0000] {dag.py:3036} INFO - Sync 1 DAGs
[2024-02-02T16:15:11.185+0000] {logging_mixin.py:188} INFO - [2024-02-02T16:15:11.184+0000] {dag.py:3823} INFO - Setting next_dagrun for example_skip_dag to 2024-02-01 00:00:00+00:00, run_after=2024-02-02 00:00:00+00:00
[2024-02-02T16:15:11.200+0000] {processor.py:183} INFO - Processing /home/airflow/.local/lib/python3.8/site-packages/airflow/example_dags/example_skip_dag.py took 0.068 seconds
[2024-02-02T16:15:41.371+0000] {processor.py:161} INFO - Started process (PID=276) to work on /home/airflow/.local/lib/python3.8/site-packages/airflow/example_dags/example_skip_dag.py
[2024-02-02T16:15:41.371+0000] {processor.py:830} INFO - Processing file /home/airflow/.local/lib/python3.8/site-packages/airflow/example_dags/example_skip_dag.py for tasks to queue
[2024-02-02T16:15:41.372+0000] {logging_mixin.py:188} INFO - [2024-02-02T16:15:41.372+0000] {dagbag.py:538} INFO - Filling up the DagBag from /home/airflow/.local/lib/python3.8/site-packages/airflow/example_dags/example_skip_dag.py
[2024-02-02T16:15:41.375+0000] {processor.py:840} INFO - DAG(s) 'example_skip_dag' retrieved from /home/airflow/.local/lib/python3.8/site-packages/airflow/example_dags/example_skip_dag.py
[2024-02-02T16:15:41.398+0000] {logging_mixin.py:188} INFO - [2024-02-02T16:15:41.397+0000] {dag.py:3036} INFO - Sync 1 DAGs
[2024-02-02T16:15:41.412+0000] {logging_mixin.py:188} INFO - [2024-02-02T16:15:41.412+0000] {dag.py:3823} INFO - Setting next_dagrun for example_skip_dag to 2024-02-01 00:00:00+00:00, run_after=2024-02-02 00:00:00+00:00
[2024-02-02T16:15:41.424+0000] {processor.py:183} INFO - Processing /home/airflow/.local/lib/python3.8/site-packages/airflow/example_dags/example_skip_dag.py took 0.054 seconds
[2024-02-02T16:16:11.532+0000] {processor.py:161} INFO - Started process (PID=335) to work on /home/airflow/.local/lib/python3.8/site-packages/airflow/example_dags/example_skip_dag.py
[2024-02-02T16:16:11.533+0000] {processor.py:830} INFO - Processing file /home/airflow/.local/lib/python3.8/site-packages/airflow/example_dags/example_skip_dag.py for tasks to queue
[2024-02-02T16:16:11.534+0000] {logging_mixin.py:188} INFO - [2024-02-02T16:16:11.533+0000] {dagbag.py:538} INFO - Filling up the DagBag from /home/airflow/.local/lib/python3.8/site-packages/airflow/example_dags/example_skip_dag.py
[2024-02-02T16:16:11.537+0000] {processor.py:840} INFO - DAG(s) 'example_skip_dag' retrieved from /home/airflow/.local/lib/python3.8/site-packages/airflow/example_dags/example_skip_dag.py
[2024-02-02T16:16:11.561+0000] {logging_mixin.py:188} INFO - [2024-02-02T16:16:11.561+0000] {dag.py:3036} INFO - Sync 1 DAGs
[2024-02-02T16:16:11.577+0000] {logging_mixin.py:188} INFO - [2024-02-02T16:16:11.577+0000] {dag.py:3823} INFO - Setting next_dagrun for example_skip_dag to 2024-02-01 00:00:00+00:00, run_after=2024-02-02 00:00:00+00:00
[2024-02-02T16:16:11.590+0000] {processor.py:183} INFO - Processing /home/airflow/.local/lib/python3.8/site-packages/airflow/example_dags/example_skip_dag.py took 0.059 seconds
[2024-02-02T16:16:49.036+0000] {processor.py:161} INFO - Started process (PID=101) to work on /home/airflow/.local/lib/python3.8/site-packages/airflow/example_dags/example_skip_dag.py
[2024-02-02T16:16:49.036+0000] {processor.py:830} INFO - Processing file /home/airflow/.local/lib/python3.8/site-packages/airflow/example_dags/example_skip_dag.py for tasks to queue
[2024-02-02T16:16:49.037+0000] {logging_mixin.py:188} INFO - [2024-02-02T16:16:49.037+0000] {dagbag.py:538} INFO - Filling up the DagBag from /home/airflow/.local/lib/python3.8/site-packages/airflow/example_dags/example_skip_dag.py
[2024-02-02T16:16:49.041+0000] {processor.py:840} INFO - DAG(s) 'example_skip_dag' retrieved from /home/airflow/.local/lib/python3.8/site-packages/airflow/example_dags/example_skip_dag.py
[2024-02-02T16:16:49.065+0000] {logging_mixin.py:188} INFO - [2024-02-02T16:16:49.065+0000] {dag.py:3036} INFO - Sync 1 DAGs
[2024-02-02T16:16:49.082+0000] {logging_mixin.py:188} INFO - [2024-02-02T16:16:49.082+0000] {dag.py:3823} INFO - Setting next_dagrun for example_skip_dag to 2024-02-01 00:00:00+00:00, run_after=2024-02-02 00:00:00+00:00
[2024-02-02T16:16:49.096+0000] {processor.py:183} INFO - Processing /home/airflow/.local/lib/python3.8/site-packages/airflow/example_dags/example_skip_dag.py took 0.062 seconds
[2024-02-02T16:17:19.736+0000] {processor.py:161} INFO - Started process (PID=164) to work on /home/airflow/.local/lib/python3.8/site-packages/airflow/example_dags/example_skip_dag.py
[2024-02-02T16:17:19.736+0000] {processor.py:830} INFO - Processing file /home/airflow/.local/lib/python3.8/site-packages/airflow/example_dags/example_skip_dag.py for tasks to queue
[2024-02-02T16:17:19.737+0000] {logging_mixin.py:188} INFO - [2024-02-02T16:17:19.737+0000] {dagbag.py:538} INFO - Filling up the DagBag from /home/airflow/.local/lib/python3.8/site-packages/airflow/example_dags/example_skip_dag.py
[2024-02-02T16:17:19.741+0000] {processor.py:840} INFO - DAG(s) 'example_skip_dag' retrieved from /home/airflow/.local/lib/python3.8/site-packages/airflow/example_dags/example_skip_dag.py
[2024-02-02T16:17:19.764+0000] {logging_mixin.py:188} INFO - [2024-02-02T16:17:19.763+0000] {dag.py:3036} INFO - Sync 1 DAGs
[2024-02-02T16:17:19.778+0000] {logging_mixin.py:188} INFO - [2024-02-02T16:17:19.778+0000] {dag.py:3823} INFO - Setting next_dagrun for example_skip_dag to 2024-02-01 00:00:00+00:00, run_after=2024-02-02 00:00:00+00:00
[2024-02-02T16:17:19.789+0000] {processor.py:183} INFO - Processing /home/airflow/.local/lib/python3.8/site-packages/airflow/example_dags/example_skip_dag.py took 0.055 seconds
[2024-02-02T16:17:50.542+0000] {processor.py:161} INFO - Started process (PID=225) to work on /home/airflow/.local/lib/python3.8/site-packages/airflow/example_dags/example_skip_dag.py
[2024-02-02T16:17:50.543+0000] {processor.py:830} INFO - Processing file /home/airflow/.local/lib/python3.8/site-packages/airflow/example_dags/example_skip_dag.py for tasks to queue
[2024-02-02T16:17:50.544+0000] {logging_mixin.py:188} INFO - [2024-02-02T16:17:50.543+0000] {dagbag.py:538} INFO - Filling up the DagBag from /home/airflow/.local/lib/python3.8/site-packages/airflow/example_dags/example_skip_dag.py
[2024-02-02T16:17:50.547+0000] {processor.py:840} INFO - DAG(s) 'example_skip_dag' retrieved from /home/airflow/.local/lib/python3.8/site-packages/airflow/example_dags/example_skip_dag.py
[2024-02-02T16:17:50.569+0000] {logging_mixin.py:188} INFO - [2024-02-02T16:17:50.569+0000] {dag.py:3036} INFO - Sync 1 DAGs
[2024-02-02T16:17:50.583+0000] {logging_mixin.py:188} INFO - [2024-02-02T16:17:50.583+0000] {dag.py:3823} INFO - Setting next_dagrun for example_skip_dag to 2024-02-01 00:00:00+00:00, run_after=2024-02-02 00:00:00+00:00
[2024-02-02T16:17:50.596+0000] {processor.py:183} INFO - Processing /home/airflow/.local/lib/python3.8/site-packages/airflow/example_dags/example_skip_dag.py took 0.055 seconds
[2024-02-02T16:18:21.022+0000] {processor.py:161} INFO - Started process (PID=101) to work on /home/airflow/.local/lib/python3.8/site-packages/airflow/example_dags/example_skip_dag.py
[2024-02-02T16:18:21.023+0000] {processor.py:830} INFO - Processing file /home/airflow/.local/lib/python3.8/site-packages/airflow/example_dags/example_skip_dag.py for tasks to queue
[2024-02-02T16:18:21.024+0000] {logging_mixin.py:188} INFO - [2024-02-02T16:18:21.024+0000] {dagbag.py:538} INFO - Filling up the DagBag from /home/airflow/.local/lib/python3.8/site-packages/airflow/example_dags/example_skip_dag.py
[2024-02-02T16:18:21.028+0000] {processor.py:840} INFO - DAG(s) 'example_skip_dag' retrieved from /home/airflow/.local/lib/python3.8/site-packages/airflow/example_dags/example_skip_dag.py
[2024-02-02T16:18:21.051+0000] {logging_mixin.py:188} INFO - [2024-02-02T16:18:21.050+0000] {dag.py:3036} INFO - Sync 1 DAGs
[2024-02-02T16:18:21.066+0000] {logging_mixin.py:188} INFO - [2024-02-02T16:18:21.066+0000] {dag.py:3823} INFO - Setting next_dagrun for example_skip_dag to 2024-02-01 00:00:00+00:00, run_after=2024-02-02 00:00:00+00:00
[2024-02-02T16:18:21.078+0000] {processor.py:183} INFO - Processing /home/airflow/.local/lib/python3.8/site-packages/airflow/example_dags/example_skip_dag.py took 0.057 seconds
[2024-02-02T16:18:51.582+0000] {processor.py:161} INFO - Started process (PID=158) to work on /home/airflow/.local/lib/python3.8/site-packages/airflow/example_dags/example_skip_dag.py
[2024-02-02T16:18:51.582+0000] {processor.py:830} INFO - Processing file /home/airflow/.local/lib/python3.8/site-packages/airflow/example_dags/example_skip_dag.py for tasks to queue
[2024-02-02T16:18:51.583+0000] {logging_mixin.py:188} INFO - [2024-02-02T16:18:51.583+0000] {dagbag.py:538} INFO - Filling up the DagBag from /home/airflow/.local/lib/python3.8/site-packages/airflow/example_dags/example_skip_dag.py
[2024-02-02T16:18:51.586+0000] {processor.py:840} INFO - DAG(s) 'example_skip_dag' retrieved from /home/airflow/.local/lib/python3.8/site-packages/airflow/example_dags/example_skip_dag.py
[2024-02-02T16:18:51.609+0000] {logging_mixin.py:188} INFO - [2024-02-02T16:18:51.609+0000] {dag.py:3036} INFO - Sync 1 DAGs
[2024-02-02T16:18:51.624+0000] {logging_mixin.py:188} INFO - [2024-02-02T16:18:51.624+0000] {dag.py:3823} INFO - Setting next_dagrun for example_skip_dag to 2024-02-01 00:00:00+00:00, run_after=2024-02-02 00:00:00+00:00
[2024-02-02T16:18:51.637+0000] {processor.py:183} INFO - Processing /home/airflow/.local/lib/python3.8/site-packages/airflow/example_dags/example_skip_dag.py took 0.057 seconds
[2024-02-02T16:19:14.284+0000] {processor.py:161} INFO - Started process (PID=101) to work on /home/airflow/.local/lib/python3.8/site-packages/airflow/example_dags/example_skip_dag.py
[2024-02-02T16:19:14.285+0000] {processor.py:830} INFO - Processing file /home/airflow/.local/lib/python3.8/site-packages/airflow/example_dags/example_skip_dag.py for tasks to queue
[2024-02-02T16:19:14.286+0000] {logging_mixin.py:188} INFO - [2024-02-02T16:19:14.286+0000] {dagbag.py:538} INFO - Filling up the DagBag from /home/airflow/.local/lib/python3.8/site-packages/airflow/example_dags/example_skip_dag.py
[2024-02-02T16:19:14.290+0000] {processor.py:840} INFO - DAG(s) 'example_skip_dag' retrieved from /home/airflow/.local/lib/python3.8/site-packages/airflow/example_dags/example_skip_dag.py
[2024-02-02T16:19:14.313+0000] {logging_mixin.py:188} INFO - [2024-02-02T16:19:14.313+0000] {dag.py:3036} INFO - Sync 1 DAGs
[2024-02-02T16:19:14.331+0000] {logging_mixin.py:188} INFO - [2024-02-02T16:19:14.331+0000] {dag.py:3823} INFO - Setting next_dagrun for example_skip_dag to 2024-02-01 00:00:00+00:00, run_after=2024-02-02 00:00:00+00:00
[2024-02-02T16:19:14.344+0000] {processor.py:183} INFO - Processing /home/airflow/.local/lib/python3.8/site-packages/airflow/example_dags/example_skip_dag.py took 0.061 seconds
[2024-02-02T16:19:45.128+0000] {processor.py:161} INFO - Started process (PID=160) to work on /home/airflow/.local/lib/python3.8/site-packages/airflow/example_dags/example_skip_dag.py
[2024-02-02T16:19:45.129+0000] {processor.py:830} INFO - Processing file /home/airflow/.local/lib/python3.8/site-packages/airflow/example_dags/example_skip_dag.py for tasks to queue
[2024-02-02T16:19:45.130+0000] {logging_mixin.py:188} INFO - [2024-02-02T16:19:45.130+0000] {dagbag.py:538} INFO - Filling up the DagBag from /home/airflow/.local/lib/python3.8/site-packages/airflow/example_dags/example_skip_dag.py
[2024-02-02T16:19:45.133+0000] {processor.py:840} INFO - DAG(s) 'example_skip_dag' retrieved from /home/airflow/.local/lib/python3.8/site-packages/airflow/example_dags/example_skip_dag.py
[2024-02-02T16:19:45.155+0000] {logging_mixin.py:188} INFO - [2024-02-02T16:19:45.155+0000] {dag.py:3036} INFO - Sync 1 DAGs
[2024-02-02T16:19:45.169+0000] {logging_mixin.py:188} INFO - [2024-02-02T16:19:45.169+0000] {dag.py:3823} INFO - Setting next_dagrun for example_skip_dag to 2024-02-01 00:00:00+00:00, run_after=2024-02-02 00:00:00+00:00
[2024-02-02T16:19:45.182+0000] {processor.py:183} INFO - Processing /home/airflow/.local/lib/python3.8/site-packages/airflow/example_dags/example_skip_dag.py took 0.055 seconds
[2024-02-02T16:20:16.070+0000] {processor.py:161} INFO - Started process (PID=217) to work on /home/airflow/.local/lib/python3.8/site-packages/airflow/example_dags/example_skip_dag.py
[2024-02-02T16:20:16.071+0000] {processor.py:830} INFO - Processing file /home/airflow/.local/lib/python3.8/site-packages/airflow/example_dags/example_skip_dag.py for tasks to queue
[2024-02-02T16:20:16.072+0000] {logging_mixin.py:188} INFO - [2024-02-02T16:20:16.072+0000] {dagbag.py:538} INFO - Filling up the DagBag from /home/airflow/.local/lib/python3.8/site-packages/airflow/example_dags/example_skip_dag.py
[2024-02-02T16:20:16.075+0000] {processor.py:840} INFO - DAG(s) 'example_skip_dag' retrieved from /home/airflow/.local/lib/python3.8/site-packages/airflow/example_dags/example_skip_dag.py
[2024-02-02T16:20:16.098+0000] {logging_mixin.py:188} INFO - [2024-02-02T16:20:16.098+0000] {dag.py:3036} INFO - Sync 1 DAGs
[2024-02-02T16:20:16.113+0000] {logging_mixin.py:188} INFO - [2024-02-02T16:20:16.113+0000] {dag.py:3823} INFO - Setting next_dagrun for example_skip_dag to 2024-02-01 00:00:00+00:00, run_after=2024-02-02 00:00:00+00:00
[2024-02-02T16:20:16.126+0000] {processor.py:183} INFO - Processing /home/airflow/.local/lib/python3.8/site-packages/airflow/example_dags/example_skip_dag.py took 0.057 seconds
[2024-02-02T16:20:46.172+0000] {processor.py:161} INFO - Started process (PID=276) to work on /home/airflow/.local/lib/python3.8/site-packages/airflow/example_dags/example_skip_dag.py
[2024-02-02T16:20:46.173+0000] {processor.py:830} INFO - Processing file /home/airflow/.local/lib/python3.8/site-packages/airflow/example_dags/example_skip_dag.py for tasks to queue
[2024-02-02T16:20:46.174+0000] {logging_mixin.py:188} INFO - [2024-02-02T16:20:46.173+0000] {dagbag.py:538} INFO - Filling up the DagBag from /home/airflow/.local/lib/python3.8/site-packages/airflow/example_dags/example_skip_dag.py
[2024-02-02T16:20:46.177+0000] {processor.py:840} INFO - DAG(s) 'example_skip_dag' retrieved from /home/airflow/.local/lib/python3.8/site-packages/airflow/example_dags/example_skip_dag.py
[2024-02-02T16:20:46.201+0000] {logging_mixin.py:188} INFO - [2024-02-02T16:20:46.201+0000] {dag.py:3036} INFO - Sync 1 DAGs
[2024-02-02T16:20:46.216+0000] {logging_mixin.py:188} INFO - [2024-02-02T16:20:46.216+0000] {dag.py:3823} INFO - Setting next_dagrun for example_skip_dag to 2024-02-01 00:00:00+00:00, run_after=2024-02-02 00:00:00+00:00
[2024-02-02T16:20:46.228+0000] {processor.py:183} INFO - Processing /home/airflow/.local/lib/python3.8/site-packages/airflow/example_dags/example_skip_dag.py took 0.057 seconds
[2024-02-02T16:21:16.360+0000] {processor.py:161} INFO - Started process (PID=335) to work on /home/airflow/.local/lib/python3.8/site-packages/airflow/example_dags/example_skip_dag.py
[2024-02-02T16:21:16.360+0000] {processor.py:830} INFO - Processing file /home/airflow/.local/lib/python3.8/site-packages/airflow/example_dags/example_skip_dag.py for tasks to queue
[2024-02-02T16:21:16.361+0000] {logging_mixin.py:188} INFO - [2024-02-02T16:21:16.361+0000] {dagbag.py:538} INFO - Filling up the DagBag from /home/airflow/.local/lib/python3.8/site-packages/airflow/example_dags/example_skip_dag.py
[2024-02-02T16:21:16.364+0000] {processor.py:840} INFO - DAG(s) 'example_skip_dag' retrieved from /home/airflow/.local/lib/python3.8/site-packages/airflow/example_dags/example_skip_dag.py
[2024-02-02T16:21:16.386+0000] {logging_mixin.py:188} INFO - [2024-02-02T16:21:16.386+0000] {dag.py:3036} INFO - Sync 1 DAGs
[2024-02-02T16:21:16.400+0000] {logging_mixin.py:188} INFO - [2024-02-02T16:21:16.400+0000] {dag.py:3823} INFO - Setting next_dagrun for example_skip_dag to 2024-02-01 00:00:00+00:00, run_after=2024-02-02 00:00:00+00:00
[2024-02-02T16:21:16.416+0000] {processor.py:183} INFO - Processing /home/airflow/.local/lib/python3.8/site-packages/airflow/example_dags/example_skip_dag.py took 0.058 seconds
[2024-02-02T16:21:46.572+0000] {processor.py:161} INFO - Started process (PID=394) to work on /home/airflow/.local/lib/python3.8/site-packages/airflow/example_dags/example_skip_dag.py
[2024-02-02T16:21:46.573+0000] {processor.py:830} INFO - Processing file /home/airflow/.local/lib/python3.8/site-packages/airflow/example_dags/example_skip_dag.py for tasks to queue
[2024-02-02T16:21:46.574+0000] {logging_mixin.py:188} INFO - [2024-02-02T16:21:46.574+0000] {dagbag.py:538} INFO - Filling up the DagBag from /home/airflow/.local/lib/python3.8/site-packages/airflow/example_dags/example_skip_dag.py
[2024-02-02T16:21:46.577+0000] {processor.py:840} INFO - DAG(s) 'example_skip_dag' retrieved from /home/airflow/.local/lib/python3.8/site-packages/airflow/example_dags/example_skip_dag.py
[2024-02-02T16:21:46.601+0000] {logging_mixin.py:188} INFO - [2024-02-02T16:21:46.601+0000] {dag.py:3036} INFO - Sync 1 DAGs
[2024-02-02T16:21:46.617+0000] {logging_mixin.py:188} INFO - [2024-02-02T16:21:46.616+0000] {dag.py:3823} INFO - Setting next_dagrun for example_skip_dag to 2024-02-01 00:00:00+00:00, run_after=2024-02-02 00:00:00+00:00
[2024-02-02T16:21:46.628+0000] {processor.py:183} INFO - Processing /home/airflow/.local/lib/python3.8/site-packages/airflow/example_dags/example_skip_dag.py took 0.058 seconds
[2024-02-02T16:22:17.556+0000] {processor.py:161} INFO - Started process (PID=454) to work on /home/airflow/.local/lib/python3.8/site-packages/airflow/example_dags/example_skip_dag.py
[2024-02-02T16:22:17.557+0000] {processor.py:830} INFO - Processing file /home/airflow/.local/lib/python3.8/site-packages/airflow/example_dags/example_skip_dag.py for tasks to queue
[2024-02-02T16:22:17.558+0000] {logging_mixin.py:188} INFO - [2024-02-02T16:22:17.558+0000] {dagbag.py:538} INFO - Filling up the DagBag from /home/airflow/.local/lib/python3.8/site-packages/airflow/example_dags/example_skip_dag.py
[2024-02-02T16:22:17.562+0000] {processor.py:840} INFO - DAG(s) 'example_skip_dag' retrieved from /home/airflow/.local/lib/python3.8/site-packages/airflow/example_dags/example_skip_dag.py
[2024-02-02T16:22:17.586+0000] {logging_mixin.py:188} INFO - [2024-02-02T16:22:17.586+0000] {dag.py:3036} INFO - Sync 1 DAGs
[2024-02-02T16:22:17.602+0000] {logging_mixin.py:188} INFO - [2024-02-02T16:22:17.602+0000] {dag.py:3823} INFO - Setting next_dagrun for example_skip_dag to 2024-02-01 00:00:00+00:00, run_after=2024-02-02 00:00:00+00:00
[2024-02-02T16:22:17.614+0000] {processor.py:183} INFO - Processing /home/airflow/.local/lib/python3.8/site-packages/airflow/example_dags/example_skip_dag.py took 0.061 seconds
[2024-02-02T16:22:49.141+0000] {processor.py:161} INFO - Started process (PID=101) to work on /home/airflow/.local/lib/python3.8/site-packages/airflow/example_dags/example_skip_dag.py
[2024-02-02T16:22:49.141+0000] {processor.py:830} INFO - Processing file /home/airflow/.local/lib/python3.8/site-packages/airflow/example_dags/example_skip_dag.py for tasks to queue
[2024-02-02T16:22:49.142+0000] {logging_mixin.py:188} INFO - [2024-02-02T16:22:49.142+0000] {dagbag.py:538} INFO - Filling up the DagBag from /home/airflow/.local/lib/python3.8/site-packages/airflow/example_dags/example_skip_dag.py
[2024-02-02T16:22:49.146+0000] {processor.py:840} INFO - DAG(s) 'example_skip_dag' retrieved from /home/airflow/.local/lib/python3.8/site-packages/airflow/example_dags/example_skip_dag.py
[2024-02-02T16:22:49.170+0000] {logging_mixin.py:188} INFO - [2024-02-02T16:22:49.170+0000] {dag.py:3036} INFO - Sync 1 DAGs
[2024-02-02T16:22:49.188+0000] {logging_mixin.py:188} INFO - [2024-02-02T16:22:49.187+0000] {dag.py:3823} INFO - Setting next_dagrun for example_skip_dag to 2024-02-01 00:00:00+00:00, run_after=2024-02-02 00:00:00+00:00
[2024-02-02T16:22:49.202+0000] {processor.py:183} INFO - Processing /home/airflow/.local/lib/python3.8/site-packages/airflow/example_dags/example_skip_dag.py took 0.062 seconds
[2024-02-02T16:23:19.928+0000] {processor.py:161} INFO - Started process (PID=160) to work on /home/airflow/.local/lib/python3.8/site-packages/airflow/example_dags/example_skip_dag.py
[2024-02-02T16:23:19.928+0000] {processor.py:830} INFO - Processing file /home/airflow/.local/lib/python3.8/site-packages/airflow/example_dags/example_skip_dag.py for tasks to queue
[2024-02-02T16:23:19.929+0000] {logging_mixin.py:188} INFO - [2024-02-02T16:23:19.929+0000] {dagbag.py:538} INFO - Filling up the DagBag from /home/airflow/.local/lib/python3.8/site-packages/airflow/example_dags/example_skip_dag.py
[2024-02-02T16:23:19.932+0000] {processor.py:840} INFO - DAG(s) 'example_skip_dag' retrieved from /home/airflow/.local/lib/python3.8/site-packages/airflow/example_dags/example_skip_dag.py
[2024-02-02T16:23:19.954+0000] {logging_mixin.py:188} INFO - [2024-02-02T16:23:19.953+0000] {dag.py:3036} INFO - Sync 1 DAGs
[2024-02-02T16:23:19.968+0000] {logging_mixin.py:188} INFO - [2024-02-02T16:23:19.968+0000] {dag.py:3823} INFO - Setting next_dagrun for example_skip_dag to 2024-02-01 00:00:00+00:00, run_after=2024-02-02 00:00:00+00:00
[2024-02-02T16:23:19.980+0000] {processor.py:183} INFO - Processing /home/airflow/.local/lib/python3.8/site-packages/airflow/example_dags/example_skip_dag.py took 0.053 seconds
[2024-02-02T16:23:50.762+0000] {processor.py:161} INFO - Started process (PID=217) to work on /home/airflow/.local/lib/python3.8/site-packages/airflow/example_dags/example_skip_dag.py
[2024-02-02T16:23:50.762+0000] {processor.py:830} INFO - Processing file /home/airflow/.local/lib/python3.8/site-packages/airflow/example_dags/example_skip_dag.py for tasks to queue
[2024-02-02T16:23:50.763+0000] {logging_mixin.py:188} INFO - [2024-02-02T16:23:50.763+0000] {dagbag.py:538} INFO - Filling up the DagBag from /home/airflow/.local/lib/python3.8/site-packages/airflow/example_dags/example_skip_dag.py
[2024-02-02T16:23:50.766+0000] {processor.py:840} INFO - DAG(s) 'example_skip_dag' retrieved from /home/airflow/.local/lib/python3.8/site-packages/airflow/example_dags/example_skip_dag.py
[2024-02-02T16:23:50.789+0000] {logging_mixin.py:188} INFO - [2024-02-02T16:23:50.789+0000] {dag.py:3036} INFO - Sync 1 DAGs
[2024-02-02T16:23:50.803+0000] {logging_mixin.py:188} INFO - [2024-02-02T16:23:50.803+0000] {dag.py:3823} INFO - Setting next_dagrun for example_skip_dag to 2024-02-01 00:00:00+00:00, run_after=2024-02-02 00:00:00+00:00
[2024-02-02T16:23:50.815+0000] {processor.py:183} INFO - Processing /home/airflow/.local/lib/python3.8/site-packages/airflow/example_dags/example_skip_dag.py took 0.055 seconds
[2024-02-02T16:24:21.755+0000] {processor.py:161} INFO - Started process (PID=276) to work on /home/airflow/.local/lib/python3.8/site-packages/airflow/example_dags/example_skip_dag.py
[2024-02-02T16:24:21.756+0000] {processor.py:830} INFO - Processing file /home/airflow/.local/lib/python3.8/site-packages/airflow/example_dags/example_skip_dag.py for tasks to queue
[2024-02-02T16:24:21.757+0000] {logging_mixin.py:188} INFO - [2024-02-02T16:24:21.757+0000] {dagbag.py:538} INFO - Filling up the DagBag from /home/airflow/.local/lib/python3.8/site-packages/airflow/example_dags/example_skip_dag.py
[2024-02-02T16:24:21.760+0000] {processor.py:840} INFO - DAG(s) 'example_skip_dag' retrieved from /home/airflow/.local/lib/python3.8/site-packages/airflow/example_dags/example_skip_dag.py
[2024-02-02T16:24:21.783+0000] {logging_mixin.py:188} INFO - [2024-02-02T16:24:21.783+0000] {dag.py:3036} INFO - Sync 1 DAGs
[2024-02-02T16:24:21.797+0000] {logging_mixin.py:188} INFO - [2024-02-02T16:24:21.797+0000] {dag.py:3823} INFO - Setting next_dagrun for example_skip_dag to 2024-02-01 00:00:00+00:00, run_after=2024-02-02 00:00:00+00:00
[2024-02-02T16:24:21.809+0000] {processor.py:183} INFO - Processing /home/airflow/.local/lib/python3.8/site-packages/airflow/example_dags/example_skip_dag.py took 0.056 seconds
[2024-02-02T16:24:52.369+0000] {processor.py:161} INFO - Started process (PID=335) to work on /home/airflow/.local/lib/python3.8/site-packages/airflow/example_dags/example_skip_dag.py
[2024-02-02T16:24:52.370+0000] {processor.py:830} INFO - Processing file /home/airflow/.local/lib/python3.8/site-packages/airflow/example_dags/example_skip_dag.py for tasks to queue
[2024-02-02T16:24:52.370+0000] {logging_mixin.py:188} INFO - [2024-02-02T16:24:52.370+0000] {dagbag.py:538} INFO - Filling up the DagBag from /home/airflow/.local/lib/python3.8/site-packages/airflow/example_dags/example_skip_dag.py
[2024-02-02T16:24:52.374+0000] {processor.py:840} INFO - DAG(s) 'example_skip_dag' retrieved from /home/airflow/.local/lib/python3.8/site-packages/airflow/example_dags/example_skip_dag.py
[2024-02-02T16:24:52.396+0000] {logging_mixin.py:188} INFO - [2024-02-02T16:24:52.395+0000] {dag.py:3036} INFO - Sync 1 DAGs
[2024-02-02T16:24:52.410+0000] {logging_mixin.py:188} INFO - [2024-02-02T16:24:52.410+0000] {dag.py:3823} INFO - Setting next_dagrun for example_skip_dag to 2024-02-01 00:00:00+00:00, run_after=2024-02-02 00:00:00+00:00
[2024-02-02T16:24:52.421+0000] {processor.py:183} INFO - Processing /home/airflow/.local/lib/python3.8/site-packages/airflow/example_dags/example_skip_dag.py took 0.054 seconds
[2024-02-02T16:25:22.499+0000] {processor.py:161} INFO - Started process (PID=398) to work on /home/airflow/.local/lib/python3.8/site-packages/airflow/example_dags/example_skip_dag.py
[2024-02-02T16:25:22.500+0000] {processor.py:830} INFO - Processing file /home/airflow/.local/lib/python3.8/site-packages/airflow/example_dags/example_skip_dag.py for tasks to queue
[2024-02-02T16:25:22.501+0000] {logging_mixin.py:188} INFO - [2024-02-02T16:25:22.501+0000] {dagbag.py:538} INFO - Filling up the DagBag from /home/airflow/.local/lib/python3.8/site-packages/airflow/example_dags/example_skip_dag.py
[2024-02-02T16:25:22.504+0000] {processor.py:840} INFO - DAG(s) 'example_skip_dag' retrieved from /home/airflow/.local/lib/python3.8/site-packages/airflow/example_dags/example_skip_dag.py
[2024-02-02T16:25:22.526+0000] {logging_mixin.py:188} INFO - [2024-02-02T16:25:22.526+0000] {dag.py:3036} INFO - Sync 1 DAGs
[2024-02-02T16:25:22.540+0000] {logging_mixin.py:188} INFO - [2024-02-02T16:25:22.540+0000] {dag.py:3823} INFO - Setting next_dagrun for example_skip_dag to 2024-02-01 00:00:00+00:00, run_after=2024-02-02 00:00:00+00:00
[2024-02-02T16:25:22.553+0000] {processor.py:183} INFO - Processing /home/airflow/.local/lib/python3.8/site-packages/airflow/example_dags/example_skip_dag.py took 0.055 seconds
[2024-02-02T16:25:41.552+0000] {processor.py:161} INFO - Started process (PID=101) to work on /home/airflow/.local/lib/python3.8/site-packages/airflow/example_dags/example_skip_dag.py
[2024-02-02T16:25:41.552+0000] {processor.py:830} INFO - Processing file /home/airflow/.local/lib/python3.8/site-packages/airflow/example_dags/example_skip_dag.py for tasks to queue
[2024-02-02T16:25:41.553+0000] {logging_mixin.py:188} INFO - [2024-02-02T16:25:41.553+0000] {dagbag.py:538} INFO - Filling up the DagBag from /home/airflow/.local/lib/python3.8/site-packages/airflow/example_dags/example_skip_dag.py
[2024-02-02T16:25:41.559+0000] {processor.py:840} INFO - DAG(s) 'example_skip_dag' retrieved from /home/airflow/.local/lib/python3.8/site-packages/airflow/example_dags/example_skip_dag.py
[2024-02-02T16:25:41.585+0000] {logging_mixin.py:188} INFO - [2024-02-02T16:25:41.585+0000] {dag.py:3036} INFO - Sync 1 DAGs
[2024-02-02T16:25:41.604+0000] {logging_mixin.py:188} INFO - [2024-02-02T16:25:41.603+0000] {dag.py:3823} INFO - Setting next_dagrun for example_skip_dag to 2024-02-01 00:00:00+00:00, run_after=2024-02-02 00:00:00+00:00
[2024-02-02T16:25:41.619+0000] {processor.py:183} INFO - Processing /home/airflow/.local/lib/python3.8/site-packages/airflow/example_dags/example_skip_dag.py took 0.068 seconds
[2024-02-02T16:26:12.328+0000] {processor.py:161} INFO - Started process (PID=164) to work on /home/airflow/.local/lib/python3.8/site-packages/airflow/example_dags/example_skip_dag.py
[2024-02-02T16:26:12.329+0000] {processor.py:830} INFO - Processing file /home/airflow/.local/lib/python3.8/site-packages/airflow/example_dags/example_skip_dag.py for tasks to queue
[2024-02-02T16:26:12.330+0000] {logging_mixin.py:188} INFO - [2024-02-02T16:26:12.330+0000] {dagbag.py:538} INFO - Filling up the DagBag from /home/airflow/.local/lib/python3.8/site-packages/airflow/example_dags/example_skip_dag.py
[2024-02-02T16:26:12.333+0000] {processor.py:840} INFO - DAG(s) 'example_skip_dag' retrieved from /home/airflow/.local/lib/python3.8/site-packages/airflow/example_dags/example_skip_dag.py
[2024-02-02T16:26:12.355+0000] {logging_mixin.py:188} INFO - [2024-02-02T16:26:12.354+0000] {dag.py:3036} INFO - Sync 1 DAGs
[2024-02-02T16:26:12.369+0000] {logging_mixin.py:188} INFO - [2024-02-02T16:26:12.369+0000] {dag.py:3823} INFO - Setting next_dagrun for example_skip_dag to 2024-02-01 00:00:00+00:00, run_after=2024-02-02 00:00:00+00:00
[2024-02-02T16:26:12.381+0000] {processor.py:183} INFO - Processing /home/airflow/.local/lib/python3.8/site-packages/airflow/example_dags/example_skip_dag.py took 0.054 seconds
[2024-02-02T16:26:43.312+0000] {processor.py:161} INFO - Started process (PID=221) to work on /home/airflow/.local/lib/python3.8/site-packages/airflow/example_dags/example_skip_dag.py
[2024-02-02T16:26:43.312+0000] {processor.py:830} INFO - Processing file /home/airflow/.local/lib/python3.8/site-packages/airflow/example_dags/example_skip_dag.py for tasks to queue
[2024-02-02T16:26:43.313+0000] {logging_mixin.py:188} INFO - [2024-02-02T16:26:43.313+0000] {dagbag.py:538} INFO - Filling up the DagBag from /home/airflow/.local/lib/python3.8/site-packages/airflow/example_dags/example_skip_dag.py
[2024-02-02T16:26:43.316+0000] {processor.py:840} INFO - DAG(s) 'example_skip_dag' retrieved from /home/airflow/.local/lib/python3.8/site-packages/airflow/example_dags/example_skip_dag.py
[2024-02-02T16:26:43.339+0000] {logging_mixin.py:188} INFO - [2024-02-02T16:26:43.339+0000] {dag.py:3036} INFO - Sync 1 DAGs
[2024-02-02T16:26:43.354+0000] {logging_mixin.py:188} INFO - [2024-02-02T16:26:43.354+0000] {dag.py:3823} INFO - Setting next_dagrun for example_skip_dag to 2024-02-01 00:00:00+00:00, run_after=2024-02-02 00:00:00+00:00
[2024-02-02T16:26:43.366+0000] {processor.py:183} INFO - Processing /home/airflow/.local/lib/python3.8/site-packages/airflow/example_dags/example_skip_dag.py took 0.056 seconds
[2024-02-02T16:27:13.742+0000] {processor.py:161} INFO - Started process (PID=280) to work on /home/airflow/.local/lib/python3.8/site-packages/airflow/example_dags/example_skip_dag.py
[2024-02-02T16:27:13.742+0000] {processor.py:830} INFO - Processing file /home/airflow/.local/lib/python3.8/site-packages/airflow/example_dags/example_skip_dag.py for tasks to queue
[2024-02-02T16:27:13.743+0000] {logging_mixin.py:188} INFO - [2024-02-02T16:27:13.743+0000] {dagbag.py:538} INFO - Filling up the DagBag from /home/airflow/.local/lib/python3.8/site-packages/airflow/example_dags/example_skip_dag.py
[2024-02-02T16:27:13.746+0000] {processor.py:840} INFO - DAG(s) 'example_skip_dag' retrieved from /home/airflow/.local/lib/python3.8/site-packages/airflow/example_dags/example_skip_dag.py
[2024-02-02T16:27:13.768+0000] {logging_mixin.py:188} INFO - [2024-02-02T16:27:13.767+0000] {dag.py:3036} INFO - Sync 1 DAGs
[2024-02-02T16:27:13.782+0000] {logging_mixin.py:188} INFO - [2024-02-02T16:27:13.782+0000] {dag.py:3823} INFO - Setting next_dagrun for example_skip_dag to 2024-02-01 00:00:00+00:00, run_after=2024-02-02 00:00:00+00:00
[2024-02-02T16:27:13.793+0000] {processor.py:183} INFO - Processing /home/airflow/.local/lib/python3.8/site-packages/airflow/example_dags/example_skip_dag.py took 0.053 seconds
[2024-02-02T16:27:45.148+0000] {processor.py:161} INFO - Started process (PID=341) to work on /home/airflow/.local/lib/python3.8/site-packages/airflow/example_dags/example_skip_dag.py
[2024-02-02T16:27:45.148+0000] {processor.py:830} INFO - Processing file /home/airflow/.local/lib/python3.8/site-packages/airflow/example_dags/example_skip_dag.py for tasks to queue
[2024-02-02T16:27:45.149+0000] {logging_mixin.py:188} INFO - [2024-02-02T16:27:45.149+0000] {dagbag.py:538} INFO - Filling up the DagBag from /home/airflow/.local/lib/python3.8/site-packages/airflow/example_dags/example_skip_dag.py
[2024-02-02T16:27:45.152+0000] {processor.py:840} INFO - DAG(s) 'example_skip_dag' retrieved from /home/airflow/.local/lib/python3.8/site-packages/airflow/example_dags/example_skip_dag.py
[2024-02-02T16:27:45.175+0000] {logging_mixin.py:188} INFO - [2024-02-02T16:27:45.175+0000] {dag.py:3036} INFO - Sync 1 DAGs
[2024-02-02T16:27:45.190+0000] {logging_mixin.py:188} INFO - [2024-02-02T16:27:45.190+0000] {dag.py:3823} INFO - Setting next_dagrun for example_skip_dag to 2024-02-01 00:00:00+00:00, run_after=2024-02-02 00:00:00+00:00
[2024-02-02T16:27:45.206+0000] {processor.py:183} INFO - Processing /home/airflow/.local/lib/python3.8/site-packages/airflow/example_dags/example_skip_dag.py took 0.059 seconds
[2024-02-02T16:28:15.474+0000] {processor.py:161} INFO - Started process (PID=398) to work on /home/airflow/.local/lib/python3.8/site-packages/airflow/example_dags/example_skip_dag.py
[2024-02-02T16:28:15.475+0000] {processor.py:830} INFO - Processing file /home/airflow/.local/lib/python3.8/site-packages/airflow/example_dags/example_skip_dag.py for tasks to queue
[2024-02-02T16:28:15.476+0000] {logging_mixin.py:188} INFO - [2024-02-02T16:28:15.476+0000] {dagbag.py:538} INFO - Filling up the DagBag from /home/airflow/.local/lib/python3.8/site-packages/airflow/example_dags/example_skip_dag.py
[2024-02-02T16:28:15.479+0000] {processor.py:840} INFO - DAG(s) 'example_skip_dag' retrieved from /home/airflow/.local/lib/python3.8/site-packages/airflow/example_dags/example_skip_dag.py
[2024-02-02T16:28:15.502+0000] {logging_mixin.py:188} INFO - [2024-02-02T16:28:15.502+0000] {dag.py:3036} INFO - Sync 1 DAGs
[2024-02-02T16:28:15.517+0000] {logging_mixin.py:188} INFO - [2024-02-02T16:28:15.517+0000] {dag.py:3823} INFO - Setting next_dagrun for example_skip_dag to 2024-02-01 00:00:00+00:00, run_after=2024-02-02 00:00:00+00:00
[2024-02-02T16:28:15.529+0000] {processor.py:183} INFO - Processing /home/airflow/.local/lib/python3.8/site-packages/airflow/example_dags/example_skip_dag.py took 0.056 seconds
[2024-02-02T16:28:45.573+0000] {processor.py:161} INFO - Started process (PID=455) to work on /home/airflow/.local/lib/python3.8/site-packages/airflow/example_dags/example_skip_dag.py
[2024-02-02T16:28:45.573+0000] {processor.py:830} INFO - Processing file /home/airflow/.local/lib/python3.8/site-packages/airflow/example_dags/example_skip_dag.py for tasks to queue
[2024-02-02T16:28:45.574+0000] {logging_mixin.py:188} INFO - [2024-02-02T16:28:45.574+0000] {dagbag.py:538} INFO - Filling up the DagBag from /home/airflow/.local/lib/python3.8/site-packages/airflow/example_dags/example_skip_dag.py
[2024-02-02T16:28:45.577+0000] {processor.py:840} INFO - DAG(s) 'example_skip_dag' retrieved from /home/airflow/.local/lib/python3.8/site-packages/airflow/example_dags/example_skip_dag.py
[2024-02-02T16:28:45.599+0000] {logging_mixin.py:188} INFO - [2024-02-02T16:28:45.599+0000] {dag.py:3036} INFO - Sync 1 DAGs
[2024-02-02T16:28:45.617+0000] {logging_mixin.py:188} INFO - [2024-02-02T16:28:45.617+0000] {dag.py:3823} INFO - Setting next_dagrun for example_skip_dag to 2024-02-01 00:00:00+00:00, run_after=2024-02-02 00:00:00+00:00
[2024-02-02T16:28:45.629+0000] {processor.py:183} INFO - Processing /home/airflow/.local/lib/python3.8/site-packages/airflow/example_dags/example_skip_dag.py took 0.058 seconds
[2024-02-02T16:29:15.843+0000] {processor.py:161} INFO - Started process (PID=514) to work on /home/airflow/.local/lib/python3.8/site-packages/airflow/example_dags/example_skip_dag.py
[2024-02-02T16:29:15.844+0000] {processor.py:830} INFO - Processing file /home/airflow/.local/lib/python3.8/site-packages/airflow/example_dags/example_skip_dag.py for tasks to queue
[2024-02-02T16:29:15.845+0000] {logging_mixin.py:188} INFO - [2024-02-02T16:29:15.845+0000] {dagbag.py:538} INFO - Filling up the DagBag from /home/airflow/.local/lib/python3.8/site-packages/airflow/example_dags/example_skip_dag.py
[2024-02-02T16:29:15.848+0000] {processor.py:840} INFO - DAG(s) 'example_skip_dag' retrieved from /home/airflow/.local/lib/python3.8/site-packages/airflow/example_dags/example_skip_dag.py
[2024-02-02T16:29:15.871+0000] {logging_mixin.py:188} INFO - [2024-02-02T16:29:15.871+0000] {dag.py:3036} INFO - Sync 1 DAGs
[2024-02-02T16:29:15.886+0000] {logging_mixin.py:188} INFO - [2024-02-02T16:29:15.886+0000] {dag.py:3823} INFO - Setting next_dagrun for example_skip_dag to 2024-02-01 00:00:00+00:00, run_after=2024-02-02 00:00:00+00:00
[2024-02-02T16:29:15.897+0000] {processor.py:183} INFO - Processing /home/airflow/.local/lib/python3.8/site-packages/airflow/example_dags/example_skip_dag.py took 0.056 seconds
[2024-02-02T16:29:46.036+0000] {processor.py:161} INFO - Started process (PID=573) to work on /home/airflow/.local/lib/python3.8/site-packages/airflow/example_dags/example_skip_dag.py
[2024-02-02T16:29:46.036+0000] {processor.py:830} INFO - Processing file /home/airflow/.local/lib/python3.8/site-packages/airflow/example_dags/example_skip_dag.py for tasks to queue
[2024-02-02T16:29:46.037+0000] {logging_mixin.py:188} INFO - [2024-02-02T16:29:46.037+0000] {dagbag.py:538} INFO - Filling up the DagBag from /home/airflow/.local/lib/python3.8/site-packages/airflow/example_dags/example_skip_dag.py
[2024-02-02T16:29:46.040+0000] {processor.py:840} INFO - DAG(s) 'example_skip_dag' retrieved from /home/airflow/.local/lib/python3.8/site-packages/airflow/example_dags/example_skip_dag.py
[2024-02-02T16:29:46.063+0000] {logging_mixin.py:188} INFO - [2024-02-02T16:29:46.063+0000] {dag.py:3036} INFO - Sync 1 DAGs
[2024-02-02T16:29:46.078+0000] {logging_mixin.py:188} INFO - [2024-02-02T16:29:46.078+0000] {dag.py:3823} INFO - Setting next_dagrun for example_skip_dag to 2024-02-01 00:00:00+00:00, run_after=2024-02-02 00:00:00+00:00
[2024-02-02T16:29:46.090+0000] {processor.py:183} INFO - Processing /home/airflow/.local/lib/python3.8/site-packages/airflow/example_dags/example_skip_dag.py took 0.056 seconds
[2024-02-02T16:30:16.388+0000] {processor.py:161} INFO - Started process (PID=632) to work on /home/airflow/.local/lib/python3.8/site-packages/airflow/example_dags/example_skip_dag.py
[2024-02-02T16:30:16.388+0000] {processor.py:830} INFO - Processing file /home/airflow/.local/lib/python3.8/site-packages/airflow/example_dags/example_skip_dag.py for tasks to queue
[2024-02-02T16:30:16.389+0000] {logging_mixin.py:188} INFO - [2024-02-02T16:30:16.389+0000] {dagbag.py:538} INFO - Filling up the DagBag from /home/airflow/.local/lib/python3.8/site-packages/airflow/example_dags/example_skip_dag.py
[2024-02-02T16:30:16.392+0000] {processor.py:840} INFO - DAG(s) 'example_skip_dag' retrieved from /home/airflow/.local/lib/python3.8/site-packages/airflow/example_dags/example_skip_dag.py
[2024-02-02T16:30:16.415+0000] {logging_mixin.py:188} INFO - [2024-02-02T16:30:16.415+0000] {dag.py:3036} INFO - Sync 1 DAGs
[2024-02-02T16:30:16.430+0000] {logging_mixin.py:188} INFO - [2024-02-02T16:30:16.429+0000] {dag.py:3823} INFO - Setting next_dagrun for example_skip_dag to 2024-02-01 00:00:00+00:00, run_after=2024-02-02 00:00:00+00:00
[2024-02-02T16:30:16.442+0000] {processor.py:183} INFO - Processing /home/airflow/.local/lib/python3.8/site-packages/airflow/example_dags/example_skip_dag.py took 0.055 seconds
[2024-02-02T16:30:46.788+0000] {processor.py:161} INFO - Started process (PID=691) to work on /home/airflow/.local/lib/python3.8/site-packages/airflow/example_dags/example_skip_dag.py
[2024-02-02T16:30:46.789+0000] {processor.py:830} INFO - Processing file /home/airflow/.local/lib/python3.8/site-packages/airflow/example_dags/example_skip_dag.py for tasks to queue
[2024-02-02T16:30:46.789+0000] {logging_mixin.py:188} INFO - [2024-02-02T16:30:46.789+0000] {dagbag.py:538} INFO - Filling up the DagBag from /home/airflow/.local/lib/python3.8/site-packages/airflow/example_dags/example_skip_dag.py
[2024-02-02T16:30:46.793+0000] {processor.py:840} INFO - DAG(s) 'example_skip_dag' retrieved from /home/airflow/.local/lib/python3.8/site-packages/airflow/example_dags/example_skip_dag.py
[2024-02-02T16:30:46.816+0000] {logging_mixin.py:188} INFO - [2024-02-02T16:30:46.816+0000] {dag.py:3036} INFO - Sync 1 DAGs
[2024-02-02T16:30:46.832+0000] {logging_mixin.py:188} INFO - [2024-02-02T16:30:46.831+0000] {dag.py:3823} INFO - Setting next_dagrun for example_skip_dag to 2024-02-01 00:00:00+00:00, run_after=2024-02-02 00:00:00+00:00
[2024-02-02T16:30:46.845+0000] {processor.py:183} INFO - Processing /home/airflow/.local/lib/python3.8/site-packages/airflow/example_dags/example_skip_dag.py took 0.058 seconds
[2024-02-02T16:31:17.157+0000] {processor.py:161} INFO - Started process (PID=750) to work on /home/airflow/.local/lib/python3.8/site-packages/airflow/example_dags/example_skip_dag.py
[2024-02-02T16:31:17.157+0000] {processor.py:830} INFO - Processing file /home/airflow/.local/lib/python3.8/site-packages/airflow/example_dags/example_skip_dag.py for tasks to queue
[2024-02-02T16:31:17.158+0000] {logging_mixin.py:188} INFO - [2024-02-02T16:31:17.158+0000] {dagbag.py:538} INFO - Filling up the DagBag from /home/airflow/.local/lib/python3.8/site-packages/airflow/example_dags/example_skip_dag.py
[2024-02-02T16:31:17.161+0000] {processor.py:840} INFO - DAG(s) 'example_skip_dag' retrieved from /home/airflow/.local/lib/python3.8/site-packages/airflow/example_dags/example_skip_dag.py
[2024-02-02T16:31:17.185+0000] {logging_mixin.py:188} INFO - [2024-02-02T16:31:17.185+0000] {dag.py:3036} INFO - Sync 1 DAGs
[2024-02-02T16:31:17.200+0000] {logging_mixin.py:188} INFO - [2024-02-02T16:31:17.200+0000] {dag.py:3823} INFO - Setting next_dagrun for example_skip_dag to 2024-02-01 00:00:00+00:00, run_after=2024-02-02 00:00:00+00:00
[2024-02-02T16:31:17.212+0000] {processor.py:183} INFO - Processing /home/airflow/.local/lib/python3.8/site-packages/airflow/example_dags/example_skip_dag.py took 0.056 seconds
[2024-02-02T16:31:47.539+0000] {processor.py:161} INFO - Started process (PID=809) to work on /home/airflow/.local/lib/python3.8/site-packages/airflow/example_dags/example_skip_dag.py
[2024-02-02T16:31:47.539+0000] {processor.py:830} INFO - Processing file /home/airflow/.local/lib/python3.8/site-packages/airflow/example_dags/example_skip_dag.py for tasks to queue
[2024-02-02T16:31:47.540+0000] {logging_mixin.py:188} INFO - [2024-02-02T16:31:47.540+0000] {dagbag.py:538} INFO - Filling up the DagBag from /home/airflow/.local/lib/python3.8/site-packages/airflow/example_dags/example_skip_dag.py
[2024-02-02T16:31:47.543+0000] {processor.py:840} INFO - DAG(s) 'example_skip_dag' retrieved from /home/airflow/.local/lib/python3.8/site-packages/airflow/example_dags/example_skip_dag.py
[2024-02-02T16:31:47.566+0000] {logging_mixin.py:188} INFO - [2024-02-02T16:31:47.566+0000] {dag.py:3036} INFO - Sync 1 DAGs
[2024-02-02T16:31:47.582+0000] {logging_mixin.py:188} INFO - [2024-02-02T16:31:47.581+0000] {dag.py:3823} INFO - Setting next_dagrun for example_skip_dag to 2024-02-01 00:00:00+00:00, run_after=2024-02-02 00:00:00+00:00
[2024-02-02T16:31:47.594+0000] {processor.py:183} INFO - Processing /home/airflow/.local/lib/python3.8/site-packages/airflow/example_dags/example_skip_dag.py took 0.057 seconds
[2024-02-02T16:32:17.972+0000] {processor.py:161} INFO - Started process (PID=868) to work on /home/airflow/.local/lib/python3.8/site-packages/airflow/example_dags/example_skip_dag.py
[2024-02-02T16:32:17.973+0000] {processor.py:830} INFO - Processing file /home/airflow/.local/lib/python3.8/site-packages/airflow/example_dags/example_skip_dag.py for tasks to queue
[2024-02-02T16:32:17.974+0000] {logging_mixin.py:188} INFO - [2024-02-02T16:32:17.973+0000] {dagbag.py:538} INFO - Filling up the DagBag from /home/airflow/.local/lib/python3.8/site-packages/airflow/example_dags/example_skip_dag.py
[2024-02-02T16:32:17.977+0000] {processor.py:840} INFO - DAG(s) 'example_skip_dag' retrieved from /home/airflow/.local/lib/python3.8/site-packages/airflow/example_dags/example_skip_dag.py
[2024-02-02T16:32:18.001+0000] {logging_mixin.py:188} INFO - [2024-02-02T16:32:18.001+0000] {dag.py:3036} INFO - Sync 1 DAGs
[2024-02-02T16:32:18.016+0000] {logging_mixin.py:188} INFO - [2024-02-02T16:32:18.015+0000] {dag.py:3823} INFO - Setting next_dagrun for example_skip_dag to 2024-02-01 00:00:00+00:00, run_after=2024-02-02 00:00:00+00:00
[2024-02-02T16:32:18.033+0000] {processor.py:183} INFO - Processing /home/airflow/.local/lib/python3.8/site-packages/airflow/example_dags/example_skip_dag.py took 0.063 seconds
[2024-02-02T16:32:48.358+0000] {processor.py:161} INFO - Started process (PID=927) to work on /home/airflow/.local/lib/python3.8/site-packages/airflow/example_dags/example_skip_dag.py
[2024-02-02T16:32:48.359+0000] {processor.py:830} INFO - Processing file /home/airflow/.local/lib/python3.8/site-packages/airflow/example_dags/example_skip_dag.py for tasks to queue
[2024-02-02T16:32:48.359+0000] {logging_mixin.py:188} INFO - [2024-02-02T16:32:48.359+0000] {dagbag.py:538} INFO - Filling up the DagBag from /home/airflow/.local/lib/python3.8/site-packages/airflow/example_dags/example_skip_dag.py
[2024-02-02T16:32:48.363+0000] {processor.py:840} INFO - DAG(s) 'example_skip_dag' retrieved from /home/airflow/.local/lib/python3.8/site-packages/airflow/example_dags/example_skip_dag.py
[2024-02-02T16:32:48.385+0000] {logging_mixin.py:188} INFO - [2024-02-02T16:32:48.385+0000] {dag.py:3036} INFO - Sync 1 DAGs
[2024-02-02T16:32:48.400+0000] {logging_mixin.py:188} INFO - [2024-02-02T16:32:48.399+0000] {dag.py:3823} INFO - Setting next_dagrun for example_skip_dag to 2024-02-01 00:00:00+00:00, run_after=2024-02-02 00:00:00+00:00
[2024-02-02T16:32:48.412+0000] {processor.py:183} INFO - Processing /home/airflow/.local/lib/python3.8/site-packages/airflow/example_dags/example_skip_dag.py took 0.055 seconds
[2024-02-02T16:33:18.750+0000] {processor.py:161} INFO - Started process (PID=986) to work on /home/airflow/.local/lib/python3.8/site-packages/airflow/example_dags/example_skip_dag.py
[2024-02-02T16:33:18.750+0000] {processor.py:830} INFO - Processing file /home/airflow/.local/lib/python3.8/site-packages/airflow/example_dags/example_skip_dag.py for tasks to queue
[2024-02-02T16:33:18.751+0000] {logging_mixin.py:188} INFO - [2024-02-02T16:33:18.751+0000] {dagbag.py:538} INFO - Filling up the DagBag from /home/airflow/.local/lib/python3.8/site-packages/airflow/example_dags/example_skip_dag.py
[2024-02-02T16:33:18.754+0000] {processor.py:840} INFO - DAG(s) 'example_skip_dag' retrieved from /home/airflow/.local/lib/python3.8/site-packages/airflow/example_dags/example_skip_dag.py
[2024-02-02T16:33:18.777+0000] {logging_mixin.py:188} INFO - [2024-02-02T16:33:18.777+0000] {dag.py:3036} INFO - Sync 1 DAGs
[2024-02-02T16:33:18.793+0000] {logging_mixin.py:188} INFO - [2024-02-02T16:33:18.793+0000] {dag.py:3823} INFO - Setting next_dagrun for example_skip_dag to 2024-02-01 00:00:00+00:00, run_after=2024-02-02 00:00:00+00:00
[2024-02-02T16:33:18.805+0000] {processor.py:183} INFO - Processing /home/airflow/.local/lib/python3.8/site-packages/airflow/example_dags/example_skip_dag.py took 0.057 seconds
