[2024-02-02T15:50:34.603+0000] {processor.py:161} INFO - Started process (PID=108) to work on /home/airflow/.local/lib/python3.8/site-packages/airflow/example_dags/tutorial.py
[2024-02-02T15:50:34.604+0000] {processor.py:830} INFO - Processing file /home/airflow/.local/lib/python3.8/site-packages/airflow/example_dags/tutorial.py for tasks to queue
[2024-02-02T15:50:34.605+0000] {logging_mixin.py:188} INFO - [2024-02-02T15:50:34.605+0000] {dagbag.py:538} INFO - Filling up the DagBag from /home/airflow/.local/lib/python3.8/site-packages/airflow/example_dags/tutorial.py
[2024-02-02T15:50:34.609+0000] {processor.py:840} INFO - DAG(s) 'tutorial' retrieved from /home/airflow/.local/lib/python3.8/site-packages/airflow/example_dags/tutorial.py
[2024-02-02T15:50:34.633+0000] {logging_mixin.py:188} INFO - [2024-02-02T15:50:34.633+0000] {dag.py:3036} INFO - Sync 1 DAGs
[2024-02-02T15:50:34.651+0000] {logging_mixin.py:188} INFO - [2024-02-02T15:50:34.651+0000] {dag.py:3823} INFO - Setting next_dagrun for tutorial to 2024-02-01 00:00:00+00:00, run_after=2024-02-02 00:00:00+00:00
[2024-02-02T15:50:34.665+0000] {processor.py:183} INFO - Processing /home/airflow/.local/lib/python3.8/site-packages/airflow/example_dags/tutorial.py took 0.064 seconds
[2024-02-02T15:53:34.479+0000] {processor.py:161} INFO - Started process (PID=96) to work on /home/airflow/.local/lib/python3.8/site-packages/airflow/example_dags/tutorial.py
[2024-02-02T15:53:34.479+0000] {processor.py:830} INFO - Processing file /home/airflow/.local/lib/python3.8/site-packages/airflow/example_dags/tutorial.py for tasks to queue
[2024-02-02T15:53:34.480+0000] {logging_mixin.py:188} INFO - [2024-02-02T15:53:34.480+0000] {dagbag.py:538} INFO - Filling up the DagBag from /home/airflow/.local/lib/python3.8/site-packages/airflow/example_dags/tutorial.py
[2024-02-02T15:53:34.484+0000] {processor.py:840} INFO - DAG(s) 'tutorial' retrieved from /home/airflow/.local/lib/python3.8/site-packages/airflow/example_dags/tutorial.py
[2024-02-02T15:53:34.506+0000] {logging_mixin.py:188} INFO - [2024-02-02T15:53:34.506+0000] {dag.py:3036} INFO - Sync 1 DAGs
[2024-02-02T15:53:34.523+0000] {logging_mixin.py:188} INFO - [2024-02-02T15:53:34.523+0000] {dag.py:3823} INFO - Setting next_dagrun for tutorial to 2024-02-01 00:00:00+00:00, run_after=2024-02-02 00:00:00+00:00
[2024-02-02T15:53:34.539+0000] {processor.py:183} INFO - Processing /home/airflow/.local/lib/python3.8/site-packages/airflow/example_dags/tutorial.py took 0.062 seconds
[2024-02-02T15:54:05.630+0000] {processor.py:161} INFO - Started process (PID=155) to work on /home/airflow/.local/lib/python3.8/site-packages/airflow/example_dags/tutorial.py
[2024-02-02T15:54:05.631+0000] {processor.py:830} INFO - Processing file /home/airflow/.local/lib/python3.8/site-packages/airflow/example_dags/tutorial.py for tasks to queue
[2024-02-02T15:54:05.632+0000] {logging_mixin.py:188} INFO - [2024-02-02T15:54:05.632+0000] {dagbag.py:538} INFO - Filling up the DagBag from /home/airflow/.local/lib/python3.8/site-packages/airflow/example_dags/tutorial.py
[2024-02-02T15:54:05.635+0000] {processor.py:840} INFO - DAG(s) 'tutorial' retrieved from /home/airflow/.local/lib/python3.8/site-packages/airflow/example_dags/tutorial.py
[2024-02-02T15:54:05.661+0000] {logging_mixin.py:188} INFO - [2024-02-02T15:54:05.660+0000] {dag.py:3036} INFO - Sync 1 DAGs
[2024-02-02T15:54:05.683+0000] {logging_mixin.py:188} INFO - [2024-02-02T15:54:05.683+0000] {dag.py:3823} INFO - Setting next_dagrun for tutorial to 2024-02-01 00:00:00+00:00, run_after=2024-02-02 00:00:00+00:00
[2024-02-02T15:54:05.699+0000] {processor.py:183} INFO - Processing /home/airflow/.local/lib/python3.8/site-packages/airflow/example_dags/tutorial.py took 0.070 seconds
[2024-02-02T15:54:36.049+0000] {processor.py:161} INFO - Started process (PID=216) to work on /home/airflow/.local/lib/python3.8/site-packages/airflow/example_dags/tutorial.py
[2024-02-02T15:54:36.049+0000] {processor.py:830} INFO - Processing file /home/airflow/.local/lib/python3.8/site-packages/airflow/example_dags/tutorial.py for tasks to queue
[2024-02-02T15:54:36.050+0000] {logging_mixin.py:188} INFO - [2024-02-02T15:54:36.050+0000] {dagbag.py:538} INFO - Filling up the DagBag from /home/airflow/.local/lib/python3.8/site-packages/airflow/example_dags/tutorial.py
[2024-02-02T15:54:36.053+0000] {processor.py:840} INFO - DAG(s) 'tutorial' retrieved from /home/airflow/.local/lib/python3.8/site-packages/airflow/example_dags/tutorial.py
[2024-02-02T15:54:36.074+0000] {logging_mixin.py:188} INFO - [2024-02-02T15:54:36.073+0000] {dag.py:3036} INFO - Sync 1 DAGs
[2024-02-02T15:54:36.089+0000] {logging_mixin.py:188} INFO - [2024-02-02T15:54:36.088+0000] {dag.py:3823} INFO - Setting next_dagrun for tutorial to 2024-02-01 00:00:00+00:00, run_after=2024-02-02 00:00:00+00:00
[2024-02-02T15:54:36.101+0000] {processor.py:183} INFO - Processing /home/airflow/.local/lib/python3.8/site-packages/airflow/example_dags/tutorial.py took 0.054 seconds
[2024-02-02T15:55:06.495+0000] {processor.py:161} INFO - Started process (PID=275) to work on /home/airflow/.local/lib/python3.8/site-packages/airflow/example_dags/tutorial.py
[2024-02-02T15:55:06.495+0000] {processor.py:830} INFO - Processing file /home/airflow/.local/lib/python3.8/site-packages/airflow/example_dags/tutorial.py for tasks to queue
[2024-02-02T15:55:06.496+0000] {logging_mixin.py:188} INFO - [2024-02-02T15:55:06.496+0000] {dagbag.py:538} INFO - Filling up the DagBag from /home/airflow/.local/lib/python3.8/site-packages/airflow/example_dags/tutorial.py
[2024-02-02T15:55:06.499+0000] {processor.py:840} INFO - DAG(s) 'tutorial' retrieved from /home/airflow/.local/lib/python3.8/site-packages/airflow/example_dags/tutorial.py
[2024-02-02T15:55:06.521+0000] {logging_mixin.py:188} INFO - [2024-02-02T15:55:06.521+0000] {dag.py:3036} INFO - Sync 1 DAGs
[2024-02-02T15:55:06.536+0000] {logging_mixin.py:188} INFO - [2024-02-02T15:55:06.536+0000] {dag.py:3823} INFO - Setting next_dagrun for tutorial to 2024-02-01 00:00:00+00:00, run_after=2024-02-02 00:00:00+00:00
[2024-02-02T15:55:06.552+0000] {processor.py:183} INFO - Processing /home/airflow/.local/lib/python3.8/site-packages/airflow/example_dags/tutorial.py took 0.059 seconds
[2024-02-02T15:55:36.934+0000] {processor.py:161} INFO - Started process (PID=334) to work on /home/airflow/.local/lib/python3.8/site-packages/airflow/example_dags/tutorial.py
[2024-02-02T15:55:36.934+0000] {processor.py:830} INFO - Processing file /home/airflow/.local/lib/python3.8/site-packages/airflow/example_dags/tutorial.py for tasks to queue
[2024-02-02T15:55:36.935+0000] {logging_mixin.py:188} INFO - [2024-02-02T15:55:36.935+0000] {dagbag.py:538} INFO - Filling up the DagBag from /home/airflow/.local/lib/python3.8/site-packages/airflow/example_dags/tutorial.py
[2024-02-02T15:55:36.938+0000] {processor.py:840} INFO - DAG(s) 'tutorial' retrieved from /home/airflow/.local/lib/python3.8/site-packages/airflow/example_dags/tutorial.py
[2024-02-02T15:55:36.966+0000] {logging_mixin.py:188} INFO - [2024-02-02T15:55:36.966+0000] {dag.py:3036} INFO - Sync 1 DAGs
[2024-02-02T15:55:36.985+0000] {logging_mixin.py:188} INFO - [2024-02-02T15:55:36.985+0000] {dag.py:3823} INFO - Setting next_dagrun for tutorial to 2024-02-01 00:00:00+00:00, run_after=2024-02-02 00:00:00+00:00
[2024-02-02T15:55:37.006+0000] {processor.py:183} INFO - Processing /home/airflow/.local/lib/python3.8/site-packages/airflow/example_dags/tutorial.py took 0.074 seconds
[2024-02-02T15:57:03.106+0000] {processor.py:161} INFO - Started process (PID=96) to work on /home/airflow/.local/lib/python3.8/site-packages/airflow/example_dags/tutorial.py
[2024-02-02T15:57:03.106+0000] {processor.py:830} INFO - Processing file /home/airflow/.local/lib/python3.8/site-packages/airflow/example_dags/tutorial.py for tasks to queue
[2024-02-02T15:57:03.107+0000] {logging_mixin.py:188} INFO - [2024-02-02T15:57:03.107+0000] {dagbag.py:538} INFO - Filling up the DagBag from /home/airflow/.local/lib/python3.8/site-packages/airflow/example_dags/tutorial.py
[2024-02-02T15:57:03.111+0000] {processor.py:840} INFO - DAG(s) 'tutorial' retrieved from /home/airflow/.local/lib/python3.8/site-packages/airflow/example_dags/tutorial.py
[2024-02-02T15:57:03.130+0000] {logging_mixin.py:188} INFO - [2024-02-02T15:57:03.129+0000] {dag.py:3036} INFO - Sync 1 DAGs
[2024-02-02T15:57:03.147+0000] {logging_mixin.py:188} INFO - [2024-02-02T15:57:03.147+0000] {dag.py:3823} INFO - Setting next_dagrun for tutorial to 2024-02-01 00:00:00+00:00, run_after=2024-02-02 00:00:00+00:00
[2024-02-02T15:57:03.162+0000] {processor.py:183} INFO - Processing /home/airflow/.local/lib/python3.8/site-packages/airflow/example_dags/tutorial.py took 0.058 seconds
[2024-02-02T15:57:33.924+0000] {processor.py:161} INFO - Started process (PID=159) to work on /home/airflow/.local/lib/python3.8/site-packages/airflow/example_dags/tutorial.py
[2024-02-02T15:57:33.924+0000] {processor.py:830} INFO - Processing file /home/airflow/.local/lib/python3.8/site-packages/airflow/example_dags/tutorial.py for tasks to queue
[2024-02-02T15:57:33.925+0000] {logging_mixin.py:188} INFO - [2024-02-02T15:57:33.925+0000] {dagbag.py:538} INFO - Filling up the DagBag from /home/airflow/.local/lib/python3.8/site-packages/airflow/example_dags/tutorial.py
[2024-02-02T15:57:33.928+0000] {processor.py:840} INFO - DAG(s) 'tutorial' retrieved from /home/airflow/.local/lib/python3.8/site-packages/airflow/example_dags/tutorial.py
[2024-02-02T15:57:33.999+0000] {logging_mixin.py:188} INFO - [2024-02-02T15:57:33.999+0000] {dag.py:3036} INFO - Sync 1 DAGs
[2024-02-02T15:57:34.015+0000] {logging_mixin.py:188} INFO - [2024-02-02T15:57:34.015+0000] {dag.py:3823} INFO - Setting next_dagrun for tutorial to 2024-02-01 00:00:00+00:00, run_after=2024-02-02 00:00:00+00:00
[2024-02-02T15:57:34.028+0000] {processor.py:183} INFO - Processing /home/airflow/.local/lib/python3.8/site-packages/airflow/example_dags/tutorial.py took 0.106 seconds
[2024-02-02T15:58:04.141+0000] {processor.py:161} INFO - Started process (PID=220) to work on /home/airflow/.local/lib/python3.8/site-packages/airflow/example_dags/tutorial.py
[2024-02-02T15:58:04.142+0000] {processor.py:830} INFO - Processing file /home/airflow/.local/lib/python3.8/site-packages/airflow/example_dags/tutorial.py for tasks to queue
[2024-02-02T15:58:04.143+0000] {logging_mixin.py:188} INFO - [2024-02-02T15:58:04.143+0000] {dagbag.py:538} INFO - Filling up the DagBag from /home/airflow/.local/lib/python3.8/site-packages/airflow/example_dags/tutorial.py
[2024-02-02T15:58:04.145+0000] {processor.py:840} INFO - DAG(s) 'tutorial' retrieved from /home/airflow/.local/lib/python3.8/site-packages/airflow/example_dags/tutorial.py
[2024-02-02T15:58:04.167+0000] {logging_mixin.py:188} INFO - [2024-02-02T15:58:04.167+0000] {dag.py:3036} INFO - Sync 1 DAGs
[2024-02-02T15:58:04.181+0000] {logging_mixin.py:188} INFO - [2024-02-02T15:58:04.181+0000] {dag.py:3823} INFO - Setting next_dagrun for tutorial to 2024-02-01 00:00:00+00:00, run_after=2024-02-02 00:00:00+00:00
[2024-02-02T15:58:04.197+0000] {processor.py:183} INFO - Processing /home/airflow/.local/lib/python3.8/site-packages/airflow/example_dags/tutorial.py took 0.057 seconds
[2024-02-02T15:58:34.465+0000] {processor.py:161} INFO - Started process (PID=279) to work on /home/airflow/.local/lib/python3.8/site-packages/airflow/example_dags/tutorial.py
[2024-02-02T15:58:34.466+0000] {processor.py:830} INFO - Processing file /home/airflow/.local/lib/python3.8/site-packages/airflow/example_dags/tutorial.py for tasks to queue
[2024-02-02T15:58:34.467+0000] {logging_mixin.py:188} INFO - [2024-02-02T15:58:34.467+0000] {dagbag.py:538} INFO - Filling up the DagBag from /home/airflow/.local/lib/python3.8/site-packages/airflow/example_dags/tutorial.py
[2024-02-02T15:58:34.470+0000] {processor.py:840} INFO - DAG(s) 'tutorial' retrieved from /home/airflow/.local/lib/python3.8/site-packages/airflow/example_dags/tutorial.py
[2024-02-02T15:58:34.493+0000] {logging_mixin.py:188} INFO - [2024-02-02T15:58:34.492+0000] {dag.py:3036} INFO - Sync 1 DAGs
[2024-02-02T15:58:34.509+0000] {logging_mixin.py:188} INFO - [2024-02-02T15:58:34.509+0000] {dag.py:3823} INFO - Setting next_dagrun for tutorial to 2024-02-01 00:00:00+00:00, run_after=2024-02-02 00:00:00+00:00
[2024-02-02T15:58:34.527+0000] {processor.py:183} INFO - Processing /home/airflow/.local/lib/python3.8/site-packages/airflow/example_dags/tutorial.py took 0.064 seconds
[2024-02-02T15:59:04.699+0000] {processor.py:161} INFO - Started process (PID=338) to work on /home/airflow/.local/lib/python3.8/site-packages/airflow/example_dags/tutorial.py
[2024-02-02T15:59:04.699+0000] {processor.py:830} INFO - Processing file /home/airflow/.local/lib/python3.8/site-packages/airflow/example_dags/tutorial.py for tasks to queue
[2024-02-02T15:59:04.700+0000] {logging_mixin.py:188} INFO - [2024-02-02T15:59:04.700+0000] {dagbag.py:538} INFO - Filling up the DagBag from /home/airflow/.local/lib/python3.8/site-packages/airflow/example_dags/tutorial.py
[2024-02-02T15:59:04.703+0000] {processor.py:840} INFO - DAG(s) 'tutorial' retrieved from /home/airflow/.local/lib/python3.8/site-packages/airflow/example_dags/tutorial.py
[2024-02-02T15:59:04.724+0000] {logging_mixin.py:188} INFO - [2024-02-02T15:59:04.724+0000] {dag.py:3036} INFO - Sync 1 DAGs
[2024-02-02T15:59:04.739+0000] {logging_mixin.py:188} INFO - [2024-02-02T15:59:04.739+0000] {dag.py:3823} INFO - Setting next_dagrun for tutorial to 2024-02-01 00:00:00+00:00, run_after=2024-02-02 00:00:00+00:00
[2024-02-02T15:59:04.754+0000] {processor.py:183} INFO - Processing /home/airflow/.local/lib/python3.8/site-packages/airflow/example_dags/tutorial.py took 0.057 seconds
[2024-02-02T15:59:34.937+0000] {processor.py:161} INFO - Started process (PID=397) to work on /home/airflow/.local/lib/python3.8/site-packages/airflow/example_dags/tutorial.py
[2024-02-02T15:59:34.937+0000] {processor.py:830} INFO - Processing file /home/airflow/.local/lib/python3.8/site-packages/airflow/example_dags/tutorial.py for tasks to queue
[2024-02-02T15:59:34.938+0000] {logging_mixin.py:188} INFO - [2024-02-02T15:59:34.938+0000] {dagbag.py:538} INFO - Filling up the DagBag from /home/airflow/.local/lib/python3.8/site-packages/airflow/example_dags/tutorial.py
[2024-02-02T15:59:34.941+0000] {processor.py:840} INFO - DAG(s) 'tutorial' retrieved from /home/airflow/.local/lib/python3.8/site-packages/airflow/example_dags/tutorial.py
[2024-02-02T15:59:34.963+0000] {logging_mixin.py:188} INFO - [2024-02-02T15:59:34.963+0000] {dag.py:3036} INFO - Sync 1 DAGs
[2024-02-02T15:59:34.978+0000] {logging_mixin.py:188} INFO - [2024-02-02T15:59:34.977+0000] {dag.py:3823} INFO - Setting next_dagrun for tutorial to 2024-02-01 00:00:00+00:00, run_after=2024-02-02 00:00:00+00:00
[2024-02-02T15:59:34.994+0000] {processor.py:183} INFO - Processing /home/airflow/.local/lib/python3.8/site-packages/airflow/example_dags/tutorial.py took 0.059 seconds
[2024-02-02T16:00:05.154+0000] {processor.py:161} INFO - Started process (PID=456) to work on /home/airflow/.local/lib/python3.8/site-packages/airflow/example_dags/tutorial.py
[2024-02-02T16:00:05.155+0000] {processor.py:830} INFO - Processing file /home/airflow/.local/lib/python3.8/site-packages/airflow/example_dags/tutorial.py for tasks to queue
[2024-02-02T16:00:05.156+0000] {logging_mixin.py:188} INFO - [2024-02-02T16:00:05.155+0000] {dagbag.py:538} INFO - Filling up the DagBag from /home/airflow/.local/lib/python3.8/site-packages/airflow/example_dags/tutorial.py
[2024-02-02T16:00:05.158+0000] {processor.py:840} INFO - DAG(s) 'tutorial' retrieved from /home/airflow/.local/lib/python3.8/site-packages/airflow/example_dags/tutorial.py
[2024-02-02T16:00:05.180+0000] {logging_mixin.py:188} INFO - [2024-02-02T16:00:05.179+0000] {dag.py:3036} INFO - Sync 1 DAGs
[2024-02-02T16:00:05.195+0000] {logging_mixin.py:188} INFO - [2024-02-02T16:00:05.195+0000] {dag.py:3823} INFO - Setting next_dagrun for tutorial to 2024-02-01 00:00:00+00:00, run_after=2024-02-02 00:00:00+00:00
[2024-02-02T16:00:05.212+0000] {processor.py:183} INFO - Processing /home/airflow/.local/lib/python3.8/site-packages/airflow/example_dags/tutorial.py took 0.059 seconds
[2024-02-02T16:00:35.450+0000] {processor.py:161} INFO - Started process (PID=515) to work on /home/airflow/.local/lib/python3.8/site-packages/airflow/example_dags/tutorial.py
[2024-02-02T16:00:35.451+0000] {processor.py:830} INFO - Processing file /home/airflow/.local/lib/python3.8/site-packages/airflow/example_dags/tutorial.py for tasks to queue
[2024-02-02T16:00:35.451+0000] {logging_mixin.py:188} INFO - [2024-02-02T16:00:35.451+0000] {dagbag.py:538} INFO - Filling up the DagBag from /home/airflow/.local/lib/python3.8/site-packages/airflow/example_dags/tutorial.py
[2024-02-02T16:00:35.454+0000] {processor.py:840} INFO - DAG(s) 'tutorial' retrieved from /home/airflow/.local/lib/python3.8/site-packages/airflow/example_dags/tutorial.py
[2024-02-02T16:00:35.475+0000] {logging_mixin.py:188} INFO - [2024-02-02T16:00:35.475+0000] {dag.py:3036} INFO - Sync 1 DAGs
[2024-02-02T16:00:35.489+0000] {logging_mixin.py:188} INFO - [2024-02-02T16:00:35.489+0000] {dag.py:3823} INFO - Setting next_dagrun for tutorial to 2024-02-01 00:00:00+00:00, run_after=2024-02-02 00:00:00+00:00
[2024-02-02T16:00:35.505+0000] {processor.py:183} INFO - Processing /home/airflow/.local/lib/python3.8/site-packages/airflow/example_dags/tutorial.py took 0.056 seconds
[2024-02-02T16:01:05.663+0000] {processor.py:161} INFO - Started process (PID=574) to work on /home/airflow/.local/lib/python3.8/site-packages/airflow/example_dags/tutorial.py
[2024-02-02T16:01:05.663+0000] {processor.py:830} INFO - Processing file /home/airflow/.local/lib/python3.8/site-packages/airflow/example_dags/tutorial.py for tasks to queue
[2024-02-02T16:01:05.664+0000] {logging_mixin.py:188} INFO - [2024-02-02T16:01:05.664+0000] {dagbag.py:538} INFO - Filling up the DagBag from /home/airflow/.local/lib/python3.8/site-packages/airflow/example_dags/tutorial.py
[2024-02-02T16:01:05.667+0000] {processor.py:840} INFO - DAG(s) 'tutorial' retrieved from /home/airflow/.local/lib/python3.8/site-packages/airflow/example_dags/tutorial.py
[2024-02-02T16:01:05.688+0000] {logging_mixin.py:188} INFO - [2024-02-02T16:01:05.688+0000] {dag.py:3036} INFO - Sync 1 DAGs
[2024-02-02T16:01:05.703+0000] {logging_mixin.py:188} INFO - [2024-02-02T16:01:05.703+0000] {dag.py:3823} INFO - Setting next_dagrun for tutorial to 2024-02-01 00:00:00+00:00, run_after=2024-02-02 00:00:00+00:00
[2024-02-02T16:01:05.719+0000] {processor.py:183} INFO - Processing /home/airflow/.local/lib/python3.8/site-packages/airflow/example_dags/tutorial.py took 0.058 seconds
[2024-02-02T16:01:36.026+0000] {processor.py:161} INFO - Started process (PID=633) to work on /home/airflow/.local/lib/python3.8/site-packages/airflow/example_dags/tutorial.py
[2024-02-02T16:01:36.027+0000] {processor.py:830} INFO - Processing file /home/airflow/.local/lib/python3.8/site-packages/airflow/example_dags/tutorial.py for tasks to queue
[2024-02-02T16:01:36.028+0000] {logging_mixin.py:188} INFO - [2024-02-02T16:01:36.028+0000] {dagbag.py:538} INFO - Filling up the DagBag from /home/airflow/.local/lib/python3.8/site-packages/airflow/example_dags/tutorial.py
[2024-02-02T16:01:36.031+0000] {processor.py:840} INFO - DAG(s) 'tutorial' retrieved from /home/airflow/.local/lib/python3.8/site-packages/airflow/example_dags/tutorial.py
[2024-02-02T16:01:36.052+0000] {logging_mixin.py:188} INFO - [2024-02-02T16:01:36.052+0000] {dag.py:3036} INFO - Sync 1 DAGs
[2024-02-02T16:01:36.067+0000] {logging_mixin.py:188} INFO - [2024-02-02T16:01:36.067+0000] {dag.py:3823} INFO - Setting next_dagrun for tutorial to 2024-02-01 00:00:00+00:00, run_after=2024-02-02 00:00:00+00:00
[2024-02-02T16:01:36.084+0000] {processor.py:183} INFO - Processing /home/airflow/.local/lib/python3.8/site-packages/airflow/example_dags/tutorial.py took 0.059 seconds
[2024-02-02T16:02:06.219+0000] {processor.py:161} INFO - Started process (PID=692) to work on /home/airflow/.local/lib/python3.8/site-packages/airflow/example_dags/tutorial.py
[2024-02-02T16:02:06.220+0000] {processor.py:830} INFO - Processing file /home/airflow/.local/lib/python3.8/site-packages/airflow/example_dags/tutorial.py for tasks to queue
[2024-02-02T16:02:06.221+0000] {logging_mixin.py:188} INFO - [2024-02-02T16:02:06.220+0000] {dagbag.py:538} INFO - Filling up the DagBag from /home/airflow/.local/lib/python3.8/site-packages/airflow/example_dags/tutorial.py
[2024-02-02T16:02:06.223+0000] {processor.py:840} INFO - DAG(s) 'tutorial' retrieved from /home/airflow/.local/lib/python3.8/site-packages/airflow/example_dags/tutorial.py
[2024-02-02T16:02:06.244+0000] {logging_mixin.py:188} INFO - [2024-02-02T16:02:06.244+0000] {dag.py:3036} INFO - Sync 1 DAGs
[2024-02-02T16:02:06.258+0000] {logging_mixin.py:188} INFO - [2024-02-02T16:02:06.258+0000] {dag.py:3823} INFO - Setting next_dagrun for tutorial to 2024-02-01 00:00:00+00:00, run_after=2024-02-02 00:00:00+00:00
[2024-02-02T16:02:06.270+0000] {processor.py:183} INFO - Processing /home/airflow/.local/lib/python3.8/site-packages/airflow/example_dags/tutorial.py took 0.053 seconds
[2024-02-02T16:02:37.476+0000] {processor.py:161} INFO - Started process (PID=751) to work on /home/airflow/.local/lib/python3.8/site-packages/airflow/example_dags/tutorial.py
[2024-02-02T16:02:37.477+0000] {processor.py:830} INFO - Processing file /home/airflow/.local/lib/python3.8/site-packages/airflow/example_dags/tutorial.py for tasks to queue
[2024-02-02T16:02:37.478+0000] {logging_mixin.py:188} INFO - [2024-02-02T16:02:37.477+0000] {dagbag.py:538} INFO - Filling up the DagBag from /home/airflow/.local/lib/python3.8/site-packages/airflow/example_dags/tutorial.py
[2024-02-02T16:02:37.480+0000] {processor.py:840} INFO - DAG(s) 'tutorial' retrieved from /home/airflow/.local/lib/python3.8/site-packages/airflow/example_dags/tutorial.py
[2024-02-02T16:02:37.501+0000] {logging_mixin.py:188} INFO - [2024-02-02T16:02:37.501+0000] {dag.py:3036} INFO - Sync 1 DAGs
[2024-02-02T16:02:37.516+0000] {logging_mixin.py:188} INFO - [2024-02-02T16:02:37.516+0000] {dag.py:3823} INFO - Setting next_dagrun for tutorial to 2024-02-01 00:00:00+00:00, run_after=2024-02-02 00:00:00+00:00
[2024-02-02T16:02:37.532+0000] {processor.py:183} INFO - Processing /home/airflow/.local/lib/python3.8/site-packages/airflow/example_dags/tutorial.py took 0.057 seconds
[2024-02-02T16:03:07.604+0000] {processor.py:161} INFO - Started process (PID=808) to work on /home/airflow/.local/lib/python3.8/site-packages/airflow/example_dags/tutorial.py
[2024-02-02T16:03:07.604+0000] {processor.py:830} INFO - Processing file /home/airflow/.local/lib/python3.8/site-packages/airflow/example_dags/tutorial.py for tasks to queue
[2024-02-02T16:03:07.605+0000] {logging_mixin.py:188} INFO - [2024-02-02T16:03:07.605+0000] {dagbag.py:538} INFO - Filling up the DagBag from /home/airflow/.local/lib/python3.8/site-packages/airflow/example_dags/tutorial.py
[2024-02-02T16:03:07.608+0000] {processor.py:840} INFO - DAG(s) 'tutorial' retrieved from /home/airflow/.local/lib/python3.8/site-packages/airflow/example_dags/tutorial.py
[2024-02-02T16:03:07.630+0000] {logging_mixin.py:188} INFO - [2024-02-02T16:03:07.630+0000] {dag.py:3036} INFO - Sync 1 DAGs
[2024-02-02T16:03:07.644+0000] {logging_mixin.py:188} INFO - [2024-02-02T16:03:07.644+0000] {dag.py:3823} INFO - Setting next_dagrun for tutorial to 2024-02-01 00:00:00+00:00, run_after=2024-02-02 00:00:00+00:00
[2024-02-02T16:03:07.656+0000] {processor.py:183} INFO - Processing /home/airflow/.local/lib/python3.8/site-packages/airflow/example_dags/tutorial.py took 0.053 seconds
[2024-02-02T16:03:35.982+0000] {processor.py:161} INFO - Started process (PID=96) to work on /home/airflow/.local/lib/python3.8/site-packages/airflow/example_dags/tutorial.py
[2024-02-02T16:03:35.983+0000] {processor.py:830} INFO - Processing file /home/airflow/.local/lib/python3.8/site-packages/airflow/example_dags/tutorial.py for tasks to queue
[2024-02-02T16:03:35.984+0000] {logging_mixin.py:188} INFO - [2024-02-02T16:03:35.984+0000] {dagbag.py:538} INFO - Filling up the DagBag from /home/airflow/.local/lib/python3.8/site-packages/airflow/example_dags/tutorial.py
[2024-02-02T16:03:35.987+0000] {processor.py:840} INFO - DAG(s) 'tutorial' retrieved from /home/airflow/.local/lib/python3.8/site-packages/airflow/example_dags/tutorial.py
[2024-02-02T16:03:36.009+0000] {logging_mixin.py:188} INFO - [2024-02-02T16:03:36.009+0000] {dag.py:3036} INFO - Sync 1 DAGs
[2024-02-02T16:03:36.025+0000] {logging_mixin.py:188} INFO - [2024-02-02T16:03:36.025+0000] {dag.py:3823} INFO - Setting next_dagrun for tutorial to 2024-02-01 00:00:00+00:00, run_after=2024-02-02 00:00:00+00:00
[2024-02-02T16:03:36.037+0000] {processor.py:183} INFO - Processing /home/airflow/.local/lib/python3.8/site-packages/airflow/example_dags/tutorial.py took 0.056 seconds
[2024-02-02T16:04:06.511+0000] {processor.py:161} INFO - Started process (PID=155) to work on /home/airflow/.local/lib/python3.8/site-packages/airflow/example_dags/tutorial.py
[2024-02-02T16:04:06.512+0000] {processor.py:830} INFO - Processing file /home/airflow/.local/lib/python3.8/site-packages/airflow/example_dags/tutorial.py for tasks to queue
[2024-02-02T16:04:06.513+0000] {logging_mixin.py:188} INFO - [2024-02-02T16:04:06.513+0000] {dagbag.py:538} INFO - Filling up the DagBag from /home/airflow/.local/lib/python3.8/site-packages/airflow/example_dags/tutorial.py
[2024-02-02T16:04:06.515+0000] {processor.py:840} INFO - DAG(s) 'tutorial' retrieved from /home/airflow/.local/lib/python3.8/site-packages/airflow/example_dags/tutorial.py
[2024-02-02T16:04:06.537+0000] {logging_mixin.py:188} INFO - [2024-02-02T16:04:06.537+0000] {dag.py:3036} INFO - Sync 1 DAGs
[2024-02-02T16:04:06.552+0000] {logging_mixin.py:188} INFO - [2024-02-02T16:04:06.552+0000] {dag.py:3823} INFO - Setting next_dagrun for tutorial to 2024-02-01 00:00:00+00:00, run_after=2024-02-02 00:00:00+00:00
[2024-02-02T16:04:06.568+0000] {processor.py:183} INFO - Processing /home/airflow/.local/lib/python3.8/site-packages/airflow/example_dags/tutorial.py took 0.058 seconds
[2024-02-02T16:04:36.642+0000] {processor.py:161} INFO - Started process (PID=212) to work on /home/airflow/.local/lib/python3.8/site-packages/airflow/example_dags/tutorial.py
[2024-02-02T16:04:36.643+0000] {processor.py:830} INFO - Processing file /home/airflow/.local/lib/python3.8/site-packages/airflow/example_dags/tutorial.py for tasks to queue
[2024-02-02T16:04:36.643+0000] {logging_mixin.py:188} INFO - [2024-02-02T16:04:36.643+0000] {dagbag.py:538} INFO - Filling up the DagBag from /home/airflow/.local/lib/python3.8/site-packages/airflow/example_dags/tutorial.py
[2024-02-02T16:04:36.647+0000] {processor.py:840} INFO - DAG(s) 'tutorial' retrieved from /home/airflow/.local/lib/python3.8/site-packages/airflow/example_dags/tutorial.py
[2024-02-02T16:04:36.671+0000] {logging_mixin.py:188} INFO - [2024-02-02T16:04:36.670+0000] {dag.py:3036} INFO - Sync 1 DAGs
[2024-02-02T16:04:36.687+0000] {logging_mixin.py:188} INFO - [2024-02-02T16:04:36.687+0000] {dag.py:3823} INFO - Setting next_dagrun for tutorial to 2024-02-01 00:00:00+00:00, run_after=2024-02-02 00:00:00+00:00
[2024-02-02T16:04:36.700+0000] {processor.py:183} INFO - Processing /home/airflow/.local/lib/python3.8/site-packages/airflow/example_dags/tutorial.py took 0.060 seconds
[2024-02-02T16:05:02.105+0000] {processor.py:161} INFO - Started process (PID=96) to work on /home/airflow/.local/lib/python3.8/site-packages/airflow/example_dags/tutorial.py
[2024-02-02T16:05:02.105+0000] {processor.py:830} INFO - Processing file /home/airflow/.local/lib/python3.8/site-packages/airflow/example_dags/tutorial.py for tasks to queue
[2024-02-02T16:05:02.106+0000] {logging_mixin.py:188} INFO - [2024-02-02T16:05:02.106+0000] {dagbag.py:538} INFO - Filling up the DagBag from /home/airflow/.local/lib/python3.8/site-packages/airflow/example_dags/tutorial.py
[2024-02-02T16:05:02.110+0000] {processor.py:840} INFO - DAG(s) 'tutorial' retrieved from /home/airflow/.local/lib/python3.8/site-packages/airflow/example_dags/tutorial.py
[2024-02-02T16:05:02.130+0000] {logging_mixin.py:188} INFO - [2024-02-02T16:05:02.130+0000] {dag.py:3036} INFO - Sync 1 DAGs
[2024-02-02T16:05:02.146+0000] {logging_mixin.py:188} INFO - [2024-02-02T16:05:02.146+0000] {dag.py:3823} INFO - Setting next_dagrun for tutorial to 2024-02-01 00:00:00+00:00, run_after=2024-02-02 00:00:00+00:00
[2024-02-02T16:05:02.160+0000] {processor.py:183} INFO - Processing /home/airflow/.local/lib/python3.8/site-packages/airflow/example_dags/tutorial.py took 0.056 seconds
[2024-02-02T16:05:33.019+0000] {processor.py:161} INFO - Started process (PID=155) to work on /home/airflow/.local/lib/python3.8/site-packages/airflow/example_dags/tutorial.py
[2024-02-02T16:05:33.019+0000] {processor.py:830} INFO - Processing file /home/airflow/.local/lib/python3.8/site-packages/airflow/example_dags/tutorial.py for tasks to queue
[2024-02-02T16:05:33.020+0000] {logging_mixin.py:188} INFO - [2024-02-02T16:05:33.020+0000] {dagbag.py:538} INFO - Filling up the DagBag from /home/airflow/.local/lib/python3.8/site-packages/airflow/example_dags/tutorial.py
[2024-02-02T16:05:33.023+0000] {processor.py:840} INFO - DAG(s) 'tutorial' retrieved from /home/airflow/.local/lib/python3.8/site-packages/airflow/example_dags/tutorial.py
[2024-02-02T16:05:33.045+0000] {logging_mixin.py:188} INFO - [2024-02-02T16:05:33.044+0000] {dag.py:3036} INFO - Sync 1 DAGs
[2024-02-02T16:05:33.060+0000] {logging_mixin.py:188} INFO - [2024-02-02T16:05:33.059+0000] {dag.py:3823} INFO - Setting next_dagrun for tutorial to 2024-02-01 00:00:00+00:00, run_after=2024-02-02 00:00:00+00:00
[2024-02-02T16:05:33.072+0000] {processor.py:183} INFO - Processing /home/airflow/.local/lib/python3.8/site-packages/airflow/example_dags/tutorial.py took 0.055 seconds
[2024-02-02T16:06:03.687+0000] {processor.py:161} INFO - Started process (PID=212) to work on /home/airflow/.local/lib/python3.8/site-packages/airflow/example_dags/tutorial.py
[2024-02-02T16:06:03.688+0000] {processor.py:830} INFO - Processing file /home/airflow/.local/lib/python3.8/site-packages/airflow/example_dags/tutorial.py for tasks to queue
[2024-02-02T16:06:03.689+0000] {logging_mixin.py:188} INFO - [2024-02-02T16:06:03.689+0000] {dagbag.py:538} INFO - Filling up the DagBag from /home/airflow/.local/lib/python3.8/site-packages/airflow/example_dags/tutorial.py
[2024-02-02T16:06:03.691+0000] {processor.py:840} INFO - DAG(s) 'tutorial' retrieved from /home/airflow/.local/lib/python3.8/site-packages/airflow/example_dags/tutorial.py
[2024-02-02T16:06:03.712+0000] {logging_mixin.py:188} INFO - [2024-02-02T16:06:03.712+0000] {dag.py:3036} INFO - Sync 1 DAGs
[2024-02-02T16:06:03.727+0000] {logging_mixin.py:188} INFO - [2024-02-02T16:06:03.727+0000] {dag.py:3823} INFO - Setting next_dagrun for tutorial to 2024-02-01 00:00:00+00:00, run_after=2024-02-02 00:00:00+00:00
[2024-02-02T16:06:03.742+0000] {processor.py:183} INFO - Processing /home/airflow/.local/lib/python3.8/site-packages/airflow/example_dags/tutorial.py took 0.056 seconds
[2024-02-02T16:06:33.860+0000] {processor.py:161} INFO - Started process (PID=271) to work on /home/airflow/.local/lib/python3.8/site-packages/airflow/example_dags/tutorial.py
[2024-02-02T16:06:33.860+0000] {processor.py:830} INFO - Processing file /home/airflow/.local/lib/python3.8/site-packages/airflow/example_dags/tutorial.py for tasks to queue
[2024-02-02T16:06:33.861+0000] {logging_mixin.py:188} INFO - [2024-02-02T16:06:33.861+0000] {dagbag.py:538} INFO - Filling up the DagBag from /home/airflow/.local/lib/python3.8/site-packages/airflow/example_dags/tutorial.py
[2024-02-02T16:06:33.864+0000] {processor.py:840} INFO - DAG(s) 'tutorial' retrieved from /home/airflow/.local/lib/python3.8/site-packages/airflow/example_dags/tutorial.py
[2024-02-02T16:06:33.888+0000] {logging_mixin.py:188} INFO - [2024-02-02T16:06:33.888+0000] {dag.py:3036} INFO - Sync 1 DAGs
[2024-02-02T16:06:33.904+0000] {logging_mixin.py:188} INFO - [2024-02-02T16:06:33.904+0000] {dag.py:3823} INFO - Setting next_dagrun for tutorial to 2024-02-01 00:00:00+00:00, run_after=2024-02-02 00:00:00+00:00
[2024-02-02T16:06:33.916+0000] {processor.py:183} INFO - Processing /home/airflow/.local/lib/python3.8/site-packages/airflow/example_dags/tutorial.py took 0.058 seconds
[2024-02-02T16:07:06.769+0000] {processor.py:161} INFO - Started process (PID=96) to work on /home/airflow/.local/lib/python3.8/site-packages/airflow/example_dags/tutorial.py
[2024-02-02T16:07:06.769+0000] {processor.py:830} INFO - Processing file /home/airflow/.local/lib/python3.8/site-packages/airflow/example_dags/tutorial.py for tasks to queue
[2024-02-02T16:07:06.770+0000] {logging_mixin.py:188} INFO - [2024-02-02T16:07:06.770+0000] {dagbag.py:538} INFO - Filling up the DagBag from /home/airflow/.local/lib/python3.8/site-packages/airflow/example_dags/tutorial.py
[2024-02-02T16:07:06.774+0000] {processor.py:840} INFO - DAG(s) 'tutorial' retrieved from /home/airflow/.local/lib/python3.8/site-packages/airflow/example_dags/tutorial.py
[2024-02-02T16:07:06.797+0000] {logging_mixin.py:188} INFO - [2024-02-02T16:07:06.797+0000] {dag.py:3036} INFO - Sync 1 DAGs
[2024-02-02T16:07:06.815+0000] {logging_mixin.py:188} INFO - [2024-02-02T16:07:06.814+0000] {dag.py:3823} INFO - Setting next_dagrun for tutorial to 2024-02-01 00:00:00+00:00, run_after=2024-02-02 00:00:00+00:00
[2024-02-02T16:07:06.829+0000] {processor.py:183} INFO - Processing /home/airflow/.local/lib/python3.8/site-packages/airflow/example_dags/tutorial.py took 0.062 seconds
[2024-02-02T16:07:37.572+0000] {processor.py:161} INFO - Started process (PID=155) to work on /home/airflow/.local/lib/python3.8/site-packages/airflow/example_dags/tutorial.py
[2024-02-02T16:07:37.572+0000] {processor.py:830} INFO - Processing file /home/airflow/.local/lib/python3.8/site-packages/airflow/example_dags/tutorial.py for tasks to queue
[2024-02-02T16:07:37.573+0000] {logging_mixin.py:188} INFO - [2024-02-02T16:07:37.573+0000] {dagbag.py:538} INFO - Filling up the DagBag from /home/airflow/.local/lib/python3.8/site-packages/airflow/example_dags/tutorial.py
[2024-02-02T16:07:37.576+0000] {processor.py:840} INFO - DAG(s) 'tutorial' retrieved from /home/airflow/.local/lib/python3.8/site-packages/airflow/example_dags/tutorial.py
[2024-02-02T16:07:37.598+0000] {logging_mixin.py:188} INFO - [2024-02-02T16:07:37.598+0000] {dag.py:3036} INFO - Sync 1 DAGs
[2024-02-02T16:07:37.614+0000] {logging_mixin.py:188} INFO - [2024-02-02T16:07:37.614+0000] {dag.py:3823} INFO - Setting next_dagrun for tutorial to 2024-02-01 00:00:00+00:00, run_after=2024-02-02 00:00:00+00:00
[2024-02-02T16:07:37.626+0000] {processor.py:183} INFO - Processing /home/airflow/.local/lib/python3.8/site-packages/airflow/example_dags/tutorial.py took 0.056 seconds
[2024-02-02T16:08:08.231+0000] {processor.py:161} INFO - Started process (PID=212) to work on /home/airflow/.local/lib/python3.8/site-packages/airflow/example_dags/tutorial.py
[2024-02-02T16:08:08.231+0000] {processor.py:830} INFO - Processing file /home/airflow/.local/lib/python3.8/site-packages/airflow/example_dags/tutorial.py for tasks to queue
[2024-02-02T16:08:08.232+0000] {logging_mixin.py:188} INFO - [2024-02-02T16:08:08.232+0000] {dagbag.py:538} INFO - Filling up the DagBag from /home/airflow/.local/lib/python3.8/site-packages/airflow/example_dags/tutorial.py
[2024-02-02T16:08:08.235+0000] {processor.py:840} INFO - DAG(s) 'tutorial' retrieved from /home/airflow/.local/lib/python3.8/site-packages/airflow/example_dags/tutorial.py
[2024-02-02T16:08:08.256+0000] {logging_mixin.py:188} INFO - [2024-02-02T16:08:08.256+0000] {dag.py:3036} INFO - Sync 1 DAGs
[2024-02-02T16:08:08.272+0000] {logging_mixin.py:188} INFO - [2024-02-02T16:08:08.272+0000] {dag.py:3823} INFO - Setting next_dagrun for tutorial to 2024-02-01 00:00:00+00:00, run_after=2024-02-02 00:00:00+00:00
[2024-02-02T16:08:08.289+0000] {processor.py:183} INFO - Processing /home/airflow/.local/lib/python3.8/site-packages/airflow/example_dags/tutorial.py took 0.060 seconds
[2024-02-02T16:08:38.420+0000] {processor.py:161} INFO - Started process (PID=271) to work on /home/airflow/.local/lib/python3.8/site-packages/airflow/example_dags/tutorial.py
[2024-02-02T16:08:38.421+0000] {processor.py:830} INFO - Processing file /home/airflow/.local/lib/python3.8/site-packages/airflow/example_dags/tutorial.py for tasks to queue
[2024-02-02T16:08:38.421+0000] {logging_mixin.py:188} INFO - [2024-02-02T16:08:38.421+0000] {dagbag.py:538} INFO - Filling up the DagBag from /home/airflow/.local/lib/python3.8/site-packages/airflow/example_dags/tutorial.py
[2024-02-02T16:08:38.424+0000] {processor.py:840} INFO - DAG(s) 'tutorial' retrieved from /home/airflow/.local/lib/python3.8/site-packages/airflow/example_dags/tutorial.py
[2024-02-02T16:08:38.447+0000] {logging_mixin.py:188} INFO - [2024-02-02T16:08:38.447+0000] {dag.py:3036} INFO - Sync 1 DAGs
[2024-02-02T16:08:38.462+0000] {logging_mixin.py:188} INFO - [2024-02-02T16:08:38.462+0000] {dag.py:3823} INFO - Setting next_dagrun for tutorial to 2024-02-01 00:00:00+00:00, run_after=2024-02-02 00:00:00+00:00
[2024-02-02T16:08:38.480+0000] {processor.py:183} INFO - Processing /home/airflow/.local/lib/python3.8/site-packages/airflow/example_dags/tutorial.py took 0.061 seconds
[2024-02-02T16:09:22.989+0000] {processor.py:161} INFO - Started process (PID=96) to work on /home/airflow/.local/lib/python3.8/site-packages/airflow/example_dags/tutorial.py
[2024-02-02T16:09:22.990+0000] {processor.py:830} INFO - Processing file /home/airflow/.local/lib/python3.8/site-packages/airflow/example_dags/tutorial.py for tasks to queue
[2024-02-02T16:09:22.991+0000] {logging_mixin.py:188} INFO - [2024-02-02T16:09:22.991+0000] {dagbag.py:538} INFO - Filling up the DagBag from /home/airflow/.local/lib/python3.8/site-packages/airflow/example_dags/tutorial.py
[2024-02-02T16:09:22.994+0000] {processor.py:840} INFO - DAG(s) 'tutorial' retrieved from /home/airflow/.local/lib/python3.8/site-packages/airflow/example_dags/tutorial.py
[2024-02-02T16:09:23.015+0000] {logging_mixin.py:188} INFO - [2024-02-02T16:09:23.015+0000] {dag.py:3036} INFO - Sync 1 DAGs
[2024-02-02T16:09:23.032+0000] {logging_mixin.py:188} INFO - [2024-02-02T16:09:23.031+0000] {dag.py:3823} INFO - Setting next_dagrun for tutorial to 2024-02-01 00:00:00+00:00, run_after=2024-02-02 00:00:00+00:00
[2024-02-02T16:09:23.045+0000] {processor.py:183} INFO - Processing /home/airflow/.local/lib/python3.8/site-packages/airflow/example_dags/tutorial.py took 0.057 seconds
[2024-02-02T16:09:53.573+0000] {processor.py:161} INFO - Started process (PID=155) to work on /home/airflow/.local/lib/python3.8/site-packages/airflow/example_dags/tutorial.py
[2024-02-02T16:09:53.574+0000] {processor.py:830} INFO - Processing file /home/airflow/.local/lib/python3.8/site-packages/airflow/example_dags/tutorial.py for tasks to queue
[2024-02-02T16:09:53.575+0000] {logging_mixin.py:188} INFO - [2024-02-02T16:09:53.575+0000] {dagbag.py:538} INFO - Filling up the DagBag from /home/airflow/.local/lib/python3.8/site-packages/airflow/example_dags/tutorial.py
[2024-02-02T16:09:53.577+0000] {processor.py:840} INFO - DAG(s) 'tutorial' retrieved from /home/airflow/.local/lib/python3.8/site-packages/airflow/example_dags/tutorial.py
[2024-02-02T16:09:53.598+0000] {logging_mixin.py:188} INFO - [2024-02-02T16:09:53.598+0000] {dag.py:3036} INFO - Sync 1 DAGs
[2024-02-02T16:09:53.612+0000] {logging_mixin.py:188} INFO - [2024-02-02T16:09:53.612+0000] {dag.py:3823} INFO - Setting next_dagrun for tutorial to 2024-02-01 00:00:00+00:00, run_after=2024-02-02 00:00:00+00:00
[2024-02-02T16:09:53.624+0000] {processor.py:183} INFO - Processing /home/airflow/.local/lib/python3.8/site-packages/airflow/example_dags/tutorial.py took 0.052 seconds
[2024-02-02T16:10:24.293+0000] {processor.py:161} INFO - Started process (PID=212) to work on /home/airflow/.local/lib/python3.8/site-packages/airflow/example_dags/tutorial.py
[2024-02-02T16:10:24.294+0000] {processor.py:830} INFO - Processing file /home/airflow/.local/lib/python3.8/site-packages/airflow/example_dags/tutorial.py for tasks to queue
[2024-02-02T16:10:24.295+0000] {logging_mixin.py:188} INFO - [2024-02-02T16:10:24.295+0000] {dagbag.py:538} INFO - Filling up the DagBag from /home/airflow/.local/lib/python3.8/site-packages/airflow/example_dags/tutorial.py
[2024-02-02T16:10:24.297+0000] {processor.py:840} INFO - DAG(s) 'tutorial' retrieved from /home/airflow/.local/lib/python3.8/site-packages/airflow/example_dags/tutorial.py
[2024-02-02T16:10:24.318+0000] {logging_mixin.py:188} INFO - [2024-02-02T16:10:24.318+0000] {dag.py:3036} INFO - Sync 1 DAGs
[2024-02-02T16:10:24.333+0000] {logging_mixin.py:188} INFO - [2024-02-02T16:10:24.333+0000] {dag.py:3823} INFO - Setting next_dagrun for tutorial to 2024-02-01 00:00:00+00:00, run_after=2024-02-02 00:00:00+00:00
[2024-02-02T16:10:24.344+0000] {processor.py:183} INFO - Processing /home/airflow/.local/lib/python3.8/site-packages/airflow/example_dags/tutorial.py took 0.052 seconds
[2024-02-02T16:10:54.551+0000] {processor.py:161} INFO - Started process (PID=271) to work on /home/airflow/.local/lib/python3.8/site-packages/airflow/example_dags/tutorial.py
[2024-02-02T16:10:54.551+0000] {processor.py:830} INFO - Processing file /home/airflow/.local/lib/python3.8/site-packages/airflow/example_dags/tutorial.py for tasks to queue
[2024-02-02T16:10:54.552+0000] {logging_mixin.py:188} INFO - [2024-02-02T16:10:54.552+0000] {dagbag.py:538} INFO - Filling up the DagBag from /home/airflow/.local/lib/python3.8/site-packages/airflow/example_dags/tutorial.py
[2024-02-02T16:10:54.556+0000] {processor.py:840} INFO - DAG(s) 'tutorial' retrieved from /home/airflow/.local/lib/python3.8/site-packages/airflow/example_dags/tutorial.py
[2024-02-02T16:10:54.578+0000] {logging_mixin.py:188} INFO - [2024-02-02T16:10:54.577+0000] {dag.py:3036} INFO - Sync 1 DAGs
[2024-02-02T16:10:54.592+0000] {logging_mixin.py:188} INFO - [2024-02-02T16:10:54.592+0000] {dag.py:3823} INFO - Setting next_dagrun for tutorial to 2024-02-01 00:00:00+00:00, run_after=2024-02-02 00:00:00+00:00
[2024-02-02T16:10:54.604+0000] {processor.py:183} INFO - Processing /home/airflow/.local/lib/python3.8/site-packages/airflow/example_dags/tutorial.py took 0.055 seconds
[2024-02-02T16:12:00.800+0000] {processor.py:161} INFO - Started process (PID=96) to work on /home/airflow/.local/lib/python3.8/site-packages/airflow/example_dags/tutorial.py
[2024-02-02T16:12:00.801+0000] {processor.py:830} INFO - Processing file /home/airflow/.local/lib/python3.8/site-packages/airflow/example_dags/tutorial.py for tasks to queue
[2024-02-02T16:12:00.801+0000] {logging_mixin.py:188} INFO - [2024-02-02T16:12:00.801+0000] {dagbag.py:538} INFO - Filling up the DagBag from /home/airflow/.local/lib/python3.8/site-packages/airflow/example_dags/tutorial.py
[2024-02-02T16:12:00.805+0000] {processor.py:840} INFO - DAG(s) 'tutorial' retrieved from /home/airflow/.local/lib/python3.8/site-packages/airflow/example_dags/tutorial.py
[2024-02-02T16:12:00.826+0000] {logging_mixin.py:188} INFO - [2024-02-02T16:12:00.826+0000] {dag.py:3036} INFO - Sync 1 DAGs
[2024-02-02T16:12:00.841+0000] {logging_mixin.py:188} INFO - [2024-02-02T16:12:00.841+0000] {dag.py:3823} INFO - Setting next_dagrun for tutorial to 2024-02-01 00:00:00+00:00, run_after=2024-02-02 00:00:00+00:00
[2024-02-02T16:12:00.855+0000] {processor.py:183} INFO - Processing /home/airflow/.local/lib/python3.8/site-packages/airflow/example_dags/tutorial.py took 0.056 seconds
[2024-02-02T16:12:31.627+0000] {processor.py:161} INFO - Started process (PID=155) to work on /home/airflow/.local/lib/python3.8/site-packages/airflow/example_dags/tutorial.py
[2024-02-02T16:12:31.628+0000] {processor.py:830} INFO - Processing file /home/airflow/.local/lib/python3.8/site-packages/airflow/example_dags/tutorial.py for tasks to queue
[2024-02-02T16:12:31.629+0000] {logging_mixin.py:188} INFO - [2024-02-02T16:12:31.629+0000] {dagbag.py:538} INFO - Filling up the DagBag from /home/airflow/.local/lib/python3.8/site-packages/airflow/example_dags/tutorial.py
[2024-02-02T16:12:31.632+0000] {processor.py:840} INFO - DAG(s) 'tutorial' retrieved from /home/airflow/.local/lib/python3.8/site-packages/airflow/example_dags/tutorial.py
[2024-02-02T16:12:31.653+0000] {logging_mixin.py:188} INFO - [2024-02-02T16:12:31.653+0000] {dag.py:3036} INFO - Sync 1 DAGs
[2024-02-02T16:12:31.669+0000] {logging_mixin.py:188} INFO - [2024-02-02T16:12:31.669+0000] {dag.py:3823} INFO - Setting next_dagrun for tutorial to 2024-02-01 00:00:00+00:00, run_after=2024-02-02 00:00:00+00:00
[2024-02-02T16:12:31.681+0000] {processor.py:183} INFO - Processing /home/airflow/.local/lib/python3.8/site-packages/airflow/example_dags/tutorial.py took 0.056 seconds
[2024-02-02T16:13:02.290+0000] {processor.py:161} INFO - Started process (PID=212) to work on /home/airflow/.local/lib/python3.8/site-packages/airflow/example_dags/tutorial.py
[2024-02-02T16:13:02.291+0000] {processor.py:830} INFO - Processing file /home/airflow/.local/lib/python3.8/site-packages/airflow/example_dags/tutorial.py for tasks to queue
[2024-02-02T16:13:02.292+0000] {logging_mixin.py:188} INFO - [2024-02-02T16:13:02.292+0000] {dagbag.py:538} INFO - Filling up the DagBag from /home/airflow/.local/lib/python3.8/site-packages/airflow/example_dags/tutorial.py
[2024-02-02T16:13:02.295+0000] {processor.py:840} INFO - DAG(s) 'tutorial' retrieved from /home/airflow/.local/lib/python3.8/site-packages/airflow/example_dags/tutorial.py
[2024-02-02T16:13:02.315+0000] {logging_mixin.py:188} INFO - [2024-02-02T16:13:02.315+0000] {dag.py:3036} INFO - Sync 1 DAGs
[2024-02-02T16:13:02.329+0000] {logging_mixin.py:188} INFO - [2024-02-02T16:13:02.329+0000] {dag.py:3823} INFO - Setting next_dagrun for tutorial to 2024-02-01 00:00:00+00:00, run_after=2024-02-02 00:00:00+00:00
[2024-02-02T16:13:02.344+0000] {processor.py:183} INFO - Processing /home/airflow/.local/lib/python3.8/site-packages/airflow/example_dags/tutorial.py took 0.055 seconds
[2024-02-02T16:14:09.614+0000] {processor.py:161} INFO - Started process (PID=96) to work on /home/airflow/.local/lib/python3.8/site-packages/airflow/example_dags/tutorial.py
[2024-02-02T16:14:09.614+0000] {processor.py:830} INFO - Processing file /home/airflow/.local/lib/python3.8/site-packages/airflow/example_dags/tutorial.py for tasks to queue
[2024-02-02T16:14:09.615+0000] {logging_mixin.py:188} INFO - [2024-02-02T16:14:09.615+0000] {dagbag.py:538} INFO - Filling up the DagBag from /home/airflow/.local/lib/python3.8/site-packages/airflow/example_dags/tutorial.py
[2024-02-02T16:14:09.619+0000] {processor.py:840} INFO - DAG(s) 'tutorial' retrieved from /home/airflow/.local/lib/python3.8/site-packages/airflow/example_dags/tutorial.py
[2024-02-02T16:14:09.643+0000] {logging_mixin.py:188} INFO - [2024-02-02T16:14:09.642+0000] {dag.py:3036} INFO - Sync 1 DAGs
[2024-02-02T16:14:09.660+0000] {logging_mixin.py:188} INFO - [2024-02-02T16:14:09.660+0000] {dag.py:3823} INFO - Setting next_dagrun for tutorial to 2024-02-01 00:00:00+00:00, run_after=2024-02-02 00:00:00+00:00
[2024-02-02T16:14:09.678+0000] {processor.py:183} INFO - Processing /home/airflow/.local/lib/python3.8/site-packages/airflow/example_dags/tutorial.py took 0.066 seconds
[2024-02-02T16:14:40.170+0000] {processor.py:161} INFO - Started process (PID=155) to work on /home/airflow/.local/lib/python3.8/site-packages/airflow/example_dags/tutorial.py
[2024-02-02T16:14:40.170+0000] {processor.py:830} INFO - Processing file /home/airflow/.local/lib/python3.8/site-packages/airflow/example_dags/tutorial.py for tasks to queue
[2024-02-02T16:14:40.171+0000] {logging_mixin.py:188} INFO - [2024-02-02T16:14:40.171+0000] {dagbag.py:538} INFO - Filling up the DagBag from /home/airflow/.local/lib/python3.8/site-packages/airflow/example_dags/tutorial.py
[2024-02-02T16:14:40.173+0000] {processor.py:840} INFO - DAG(s) 'tutorial' retrieved from /home/airflow/.local/lib/python3.8/site-packages/airflow/example_dags/tutorial.py
[2024-02-02T16:14:40.195+0000] {logging_mixin.py:188} INFO - [2024-02-02T16:14:40.195+0000] {dag.py:3036} INFO - Sync 1 DAGs
[2024-02-02T16:14:40.209+0000] {logging_mixin.py:188} INFO - [2024-02-02T16:14:40.209+0000] {dag.py:3823} INFO - Setting next_dagrun for tutorial to 2024-02-01 00:00:00+00:00, run_after=2024-02-02 00:00:00+00:00
[2024-02-02T16:14:40.221+0000] {processor.py:183} INFO - Processing /home/airflow/.local/lib/python3.8/site-packages/airflow/example_dags/tutorial.py took 0.052 seconds
[2024-02-02T16:15:10.894+0000] {processor.py:161} INFO - Started process (PID=212) to work on /home/airflow/.local/lib/python3.8/site-packages/airflow/example_dags/tutorial.py
[2024-02-02T16:15:10.895+0000] {processor.py:830} INFO - Processing file /home/airflow/.local/lib/python3.8/site-packages/airflow/example_dags/tutorial.py for tasks to queue
[2024-02-02T16:15:10.896+0000] {logging_mixin.py:188} INFO - [2024-02-02T16:15:10.896+0000] {dagbag.py:538} INFO - Filling up the DagBag from /home/airflow/.local/lib/python3.8/site-packages/airflow/example_dags/tutorial.py
[2024-02-02T16:15:10.898+0000] {processor.py:840} INFO - DAG(s) 'tutorial' retrieved from /home/airflow/.local/lib/python3.8/site-packages/airflow/example_dags/tutorial.py
[2024-02-02T16:15:10.920+0000] {logging_mixin.py:188} INFO - [2024-02-02T16:15:10.920+0000] {dag.py:3036} INFO - Sync 1 DAGs
[2024-02-02T16:15:10.935+0000] {logging_mixin.py:188} INFO - [2024-02-02T16:15:10.935+0000] {dag.py:3823} INFO - Setting next_dagrun for tutorial to 2024-02-01 00:00:00+00:00, run_after=2024-02-02 00:00:00+00:00
[2024-02-02T16:15:10.950+0000] {processor.py:183} INFO - Processing /home/airflow/.local/lib/python3.8/site-packages/airflow/example_dags/tutorial.py took 0.057 seconds
[2024-02-02T16:15:41.178+0000] {processor.py:161} INFO - Started process (PID=271) to work on /home/airflow/.local/lib/python3.8/site-packages/airflow/example_dags/tutorial.py
[2024-02-02T16:15:41.178+0000] {processor.py:830} INFO - Processing file /home/airflow/.local/lib/python3.8/site-packages/airflow/example_dags/tutorial.py for tasks to queue
[2024-02-02T16:15:41.179+0000] {logging_mixin.py:188} INFO - [2024-02-02T16:15:41.179+0000] {dagbag.py:538} INFO - Filling up the DagBag from /home/airflow/.local/lib/python3.8/site-packages/airflow/example_dags/tutorial.py
[2024-02-02T16:15:41.182+0000] {processor.py:840} INFO - DAG(s) 'tutorial' retrieved from /home/airflow/.local/lib/python3.8/site-packages/airflow/example_dags/tutorial.py
[2024-02-02T16:15:41.202+0000] {logging_mixin.py:188} INFO - [2024-02-02T16:15:41.202+0000] {dag.py:3036} INFO - Sync 1 DAGs
[2024-02-02T16:15:41.216+0000] {logging_mixin.py:188} INFO - [2024-02-02T16:15:41.216+0000] {dag.py:3823} INFO - Setting next_dagrun for tutorial to 2024-02-01 00:00:00+00:00, run_after=2024-02-02 00:00:00+00:00
[2024-02-02T16:15:41.232+0000] {processor.py:183} INFO - Processing /home/airflow/.local/lib/python3.8/site-packages/airflow/example_dags/tutorial.py took 0.055 seconds
[2024-02-02T16:16:11.328+0000] {processor.py:161} INFO - Started process (PID=330) to work on /home/airflow/.local/lib/python3.8/site-packages/airflow/example_dags/tutorial.py
[2024-02-02T16:16:11.329+0000] {processor.py:830} INFO - Processing file /home/airflow/.local/lib/python3.8/site-packages/airflow/example_dags/tutorial.py for tasks to queue
[2024-02-02T16:16:11.330+0000] {logging_mixin.py:188} INFO - [2024-02-02T16:16:11.330+0000] {dagbag.py:538} INFO - Filling up the DagBag from /home/airflow/.local/lib/python3.8/site-packages/airflow/example_dags/tutorial.py
[2024-02-02T16:16:11.333+0000] {processor.py:840} INFO - DAG(s) 'tutorial' retrieved from /home/airflow/.local/lib/python3.8/site-packages/airflow/example_dags/tutorial.py
[2024-02-02T16:16:11.356+0000] {logging_mixin.py:188} INFO - [2024-02-02T16:16:11.356+0000] {dag.py:3036} INFO - Sync 1 DAGs
[2024-02-02T16:16:11.371+0000] {logging_mixin.py:188} INFO - [2024-02-02T16:16:11.371+0000] {dag.py:3823} INFO - Setting next_dagrun for tutorial to 2024-02-01 00:00:00+00:00, run_after=2024-02-02 00:00:00+00:00
[2024-02-02T16:16:11.387+0000] {processor.py:183} INFO - Processing /home/airflow/.local/lib/python3.8/site-packages/airflow/example_dags/tutorial.py took 0.061 seconds
[2024-02-02T16:16:48.785+0000] {processor.py:161} INFO - Started process (PID=96) to work on /home/airflow/.local/lib/python3.8/site-packages/airflow/example_dags/tutorial.py
[2024-02-02T16:16:48.786+0000] {processor.py:830} INFO - Processing file /home/airflow/.local/lib/python3.8/site-packages/airflow/example_dags/tutorial.py for tasks to queue
[2024-02-02T16:16:48.786+0000] {logging_mixin.py:188} INFO - [2024-02-02T16:16:48.786+0000] {dagbag.py:538} INFO - Filling up the DagBag from /home/airflow/.local/lib/python3.8/site-packages/airflow/example_dags/tutorial.py
[2024-02-02T16:16:48.790+0000] {processor.py:840} INFO - DAG(s) 'tutorial' retrieved from /home/airflow/.local/lib/python3.8/site-packages/airflow/example_dags/tutorial.py
[2024-02-02T16:16:48.814+0000] {logging_mixin.py:188} INFO - [2024-02-02T16:16:48.814+0000] {dag.py:3036} INFO - Sync 1 DAGs
[2024-02-02T16:16:48.831+0000] {logging_mixin.py:188} INFO - [2024-02-02T16:16:48.831+0000] {dag.py:3823} INFO - Setting next_dagrun for tutorial to 2024-02-01 00:00:00+00:00, run_after=2024-02-02 00:00:00+00:00
[2024-02-02T16:16:48.845+0000] {processor.py:183} INFO - Processing /home/airflow/.local/lib/python3.8/site-packages/airflow/example_dags/tutorial.py took 0.061 seconds
[2024-02-02T16:17:19.383+0000] {processor.py:161} INFO - Started process (PID=159) to work on /home/airflow/.local/lib/python3.8/site-packages/airflow/example_dags/tutorial.py
[2024-02-02T16:17:19.384+0000] {processor.py:830} INFO - Processing file /home/airflow/.local/lib/python3.8/site-packages/airflow/example_dags/tutorial.py for tasks to queue
[2024-02-02T16:17:19.384+0000] {logging_mixin.py:188} INFO - [2024-02-02T16:17:19.384+0000] {dagbag.py:538} INFO - Filling up the DagBag from /home/airflow/.local/lib/python3.8/site-packages/airflow/example_dags/tutorial.py
[2024-02-02T16:17:19.387+0000] {processor.py:840} INFO - DAG(s) 'tutorial' retrieved from /home/airflow/.local/lib/python3.8/site-packages/airflow/example_dags/tutorial.py
[2024-02-02T16:17:19.408+0000] {logging_mixin.py:188} INFO - [2024-02-02T16:17:19.407+0000] {dag.py:3036} INFO - Sync 1 DAGs
[2024-02-02T16:17:19.422+0000] {logging_mixin.py:188} INFO - [2024-02-02T16:17:19.421+0000] {dag.py:3823} INFO - Setting next_dagrun for tutorial to 2024-02-01 00:00:00+00:00, run_after=2024-02-02 00:00:00+00:00
[2024-02-02T16:17:19.433+0000] {processor.py:183} INFO - Processing /home/airflow/.local/lib/python3.8/site-packages/airflow/example_dags/tutorial.py took 0.051 seconds
[2024-02-02T16:17:50.330+0000] {processor.py:161} INFO - Started process (PID=220) to work on /home/airflow/.local/lib/python3.8/site-packages/airflow/example_dags/tutorial.py
[2024-02-02T16:17:50.331+0000] {processor.py:830} INFO - Processing file /home/airflow/.local/lib/python3.8/site-packages/airflow/example_dags/tutorial.py for tasks to queue
[2024-02-02T16:17:50.332+0000] {logging_mixin.py:188} INFO - [2024-02-02T16:17:50.331+0000] {dagbag.py:538} INFO - Filling up the DagBag from /home/airflow/.local/lib/python3.8/site-packages/airflow/example_dags/tutorial.py
[2024-02-02T16:17:50.334+0000] {processor.py:840} INFO - DAG(s) 'tutorial' retrieved from /home/airflow/.local/lib/python3.8/site-packages/airflow/example_dags/tutorial.py
[2024-02-02T16:17:50.356+0000] {logging_mixin.py:188} INFO - [2024-02-02T16:17:50.356+0000] {dag.py:3036} INFO - Sync 1 DAGs
[2024-02-02T16:17:50.370+0000] {logging_mixin.py:188} INFO - [2024-02-02T16:17:50.370+0000] {dag.py:3823} INFO - Setting next_dagrun for tutorial to 2024-02-01 00:00:00+00:00, run_after=2024-02-02 00:00:00+00:00
[2024-02-02T16:17:50.386+0000] {processor.py:183} INFO - Processing /home/airflow/.local/lib/python3.8/site-packages/airflow/example_dags/tutorial.py took 0.057 seconds
[2024-02-02T16:18:20.585+0000] {processor.py:161} INFO - Started process (PID=96) to work on /home/airflow/.local/lib/python3.8/site-packages/airflow/example_dags/tutorial.py
[2024-02-02T16:18:20.586+0000] {processor.py:830} INFO - Processing file /home/airflow/.local/lib/python3.8/site-packages/airflow/example_dags/tutorial.py for tasks to queue
[2024-02-02T16:18:20.587+0000] {logging_mixin.py:188} INFO - [2024-02-02T16:18:20.587+0000] {dagbag.py:538} INFO - Filling up the DagBag from /home/airflow/.local/lib/python3.8/site-packages/airflow/example_dags/tutorial.py
[2024-02-02T16:18:20.591+0000] {processor.py:840} INFO - DAG(s) 'tutorial' retrieved from /home/airflow/.local/lib/python3.8/site-packages/airflow/example_dags/tutorial.py
[2024-02-02T16:18:20.616+0000] {logging_mixin.py:188} INFO - [2024-02-02T16:18:20.616+0000] {dag.py:3036} INFO - Sync 1 DAGs
[2024-02-02T16:18:20.635+0000] {logging_mixin.py:188} INFO - [2024-02-02T16:18:20.635+0000] {dag.py:3823} INFO - Setting next_dagrun for tutorial to 2024-02-01 00:00:00+00:00, run_after=2024-02-02 00:00:00+00:00
[2024-02-02T16:18:20.648+0000] {processor.py:183} INFO - Processing /home/airflow/.local/lib/python3.8/site-packages/airflow/example_dags/tutorial.py took 0.065 seconds
[2024-02-02T16:18:51.395+0000] {processor.py:161} INFO - Started process (PID=153) to work on /home/airflow/.local/lib/python3.8/site-packages/airflow/example_dags/tutorial.py
[2024-02-02T16:18:51.395+0000] {processor.py:830} INFO - Processing file /home/airflow/.local/lib/python3.8/site-packages/airflow/example_dags/tutorial.py for tasks to queue
[2024-02-02T16:18:51.396+0000] {logging_mixin.py:188} INFO - [2024-02-02T16:18:51.396+0000] {dagbag.py:538} INFO - Filling up the DagBag from /home/airflow/.local/lib/python3.8/site-packages/airflow/example_dags/tutorial.py
[2024-02-02T16:18:51.399+0000] {processor.py:840} INFO - DAG(s) 'tutorial' retrieved from /home/airflow/.local/lib/python3.8/site-packages/airflow/example_dags/tutorial.py
[2024-02-02T16:18:51.421+0000] {logging_mixin.py:188} INFO - [2024-02-02T16:18:51.420+0000] {dag.py:3036} INFO - Sync 1 DAGs
[2024-02-02T16:18:51.436+0000] {logging_mixin.py:188} INFO - [2024-02-02T16:18:51.436+0000] {dag.py:3823} INFO - Setting next_dagrun for tutorial to 2024-02-01 00:00:00+00:00, run_after=2024-02-02 00:00:00+00:00
[2024-02-02T16:18:51.448+0000] {processor.py:183} INFO - Processing /home/airflow/.local/lib/python3.8/site-packages/airflow/example_dags/tutorial.py took 0.055 seconds
[2024-02-02T16:19:14.049+0000] {processor.py:161} INFO - Started process (PID=96) to work on /home/airflow/.local/lib/python3.8/site-packages/airflow/example_dags/tutorial.py
[2024-02-02T16:19:14.050+0000] {processor.py:830} INFO - Processing file /home/airflow/.local/lib/python3.8/site-packages/airflow/example_dags/tutorial.py for tasks to queue
[2024-02-02T16:19:14.051+0000] {logging_mixin.py:188} INFO - [2024-02-02T16:19:14.050+0000] {dagbag.py:538} INFO - Filling up the DagBag from /home/airflow/.local/lib/python3.8/site-packages/airflow/example_dags/tutorial.py
[2024-02-02T16:19:14.054+0000] {processor.py:840} INFO - DAG(s) 'tutorial' retrieved from /home/airflow/.local/lib/python3.8/site-packages/airflow/example_dags/tutorial.py
[2024-02-02T16:19:14.075+0000] {logging_mixin.py:188} INFO - [2024-02-02T16:19:14.075+0000] {dag.py:3036} INFO - Sync 1 DAGs
[2024-02-02T16:19:14.090+0000] {logging_mixin.py:188} INFO - [2024-02-02T16:19:14.090+0000] {dag.py:3823} INFO - Setting next_dagrun for tutorial to 2024-02-01 00:00:00+00:00, run_after=2024-02-02 00:00:00+00:00
[2024-02-02T16:19:14.103+0000] {processor.py:183} INFO - Processing /home/airflow/.local/lib/python3.8/site-packages/airflow/example_dags/tutorial.py took 0.055 seconds
[2024-02-02T16:19:44.755+0000] {processor.py:161} INFO - Started process (PID=155) to work on /home/airflow/.local/lib/python3.8/site-packages/airflow/example_dags/tutorial.py
[2024-02-02T16:19:44.755+0000] {processor.py:830} INFO - Processing file /home/airflow/.local/lib/python3.8/site-packages/airflow/example_dags/tutorial.py for tasks to queue
[2024-02-02T16:19:44.756+0000] {logging_mixin.py:188} INFO - [2024-02-02T16:19:44.756+0000] {dagbag.py:538} INFO - Filling up the DagBag from /home/airflow/.local/lib/python3.8/site-packages/airflow/example_dags/tutorial.py
[2024-02-02T16:19:44.759+0000] {processor.py:840} INFO - DAG(s) 'tutorial' retrieved from /home/airflow/.local/lib/python3.8/site-packages/airflow/example_dags/tutorial.py
[2024-02-02T16:19:44.780+0000] {logging_mixin.py:188} INFO - [2024-02-02T16:19:44.780+0000] {dag.py:3036} INFO - Sync 1 DAGs
[2024-02-02T16:19:44.797+0000] {logging_mixin.py:188} INFO - [2024-02-02T16:19:44.796+0000] {dag.py:3823} INFO - Setting next_dagrun for tutorial to 2024-02-01 00:00:00+00:00, run_after=2024-02-02 00:00:00+00:00
[2024-02-02T16:19:44.810+0000] {processor.py:183} INFO - Processing /home/airflow/.local/lib/python3.8/site-packages/airflow/example_dags/tutorial.py took 0.057 seconds
[2024-02-02T16:20:14.848+0000] {processor.py:161} INFO - Started process (PID=212) to work on /home/airflow/.local/lib/python3.8/site-packages/airflow/example_dags/tutorial.py
[2024-02-02T16:20:14.848+0000] {processor.py:830} INFO - Processing file /home/airflow/.local/lib/python3.8/site-packages/airflow/example_dags/tutorial.py for tasks to queue
[2024-02-02T16:20:14.849+0000] {logging_mixin.py:188} INFO - [2024-02-02T16:20:14.849+0000] {dagbag.py:538} INFO - Filling up the DagBag from /home/airflow/.local/lib/python3.8/site-packages/airflow/example_dags/tutorial.py
[2024-02-02T16:20:14.852+0000] {processor.py:840} INFO - DAG(s) 'tutorial' retrieved from /home/airflow/.local/lib/python3.8/site-packages/airflow/example_dags/tutorial.py
[2024-02-02T16:20:14.873+0000] {logging_mixin.py:188} INFO - [2024-02-02T16:20:14.873+0000] {dag.py:3036} INFO - Sync 1 DAGs
[2024-02-02T16:20:14.887+0000] {logging_mixin.py:188} INFO - [2024-02-02T16:20:14.887+0000] {dag.py:3823} INFO - Setting next_dagrun for tutorial to 2024-02-01 00:00:00+00:00, run_after=2024-02-02 00:00:00+00:00
[2024-02-02T16:20:14.899+0000] {processor.py:183} INFO - Processing /home/airflow/.local/lib/python3.8/site-packages/airflow/example_dags/tutorial.py took 0.053 seconds
[2024-02-02T16:20:44.949+0000] {processor.py:161} INFO - Started process (PID=271) to work on /home/airflow/.local/lib/python3.8/site-packages/airflow/example_dags/tutorial.py
[2024-02-02T16:20:44.949+0000] {processor.py:830} INFO - Processing file /home/airflow/.local/lib/python3.8/site-packages/airflow/example_dags/tutorial.py for tasks to queue
[2024-02-02T16:20:44.950+0000] {logging_mixin.py:188} INFO - [2024-02-02T16:20:44.950+0000] {dagbag.py:538} INFO - Filling up the DagBag from /home/airflow/.local/lib/python3.8/site-packages/airflow/example_dags/tutorial.py
[2024-02-02T16:20:44.953+0000] {processor.py:840} INFO - DAG(s) 'tutorial' retrieved from /home/airflow/.local/lib/python3.8/site-packages/airflow/example_dags/tutorial.py
[2024-02-02T16:20:44.975+0000] {logging_mixin.py:188} INFO - [2024-02-02T16:20:44.975+0000] {dag.py:3036} INFO - Sync 1 DAGs
[2024-02-02T16:20:44.989+0000] {logging_mixin.py:188} INFO - [2024-02-02T16:20:44.989+0000] {dag.py:3823} INFO - Setting next_dagrun for tutorial to 2024-02-01 00:00:00+00:00, run_after=2024-02-02 00:00:00+00:00
[2024-02-02T16:20:45.002+0000] {processor.py:183} INFO - Processing /home/airflow/.local/lib/python3.8/site-packages/airflow/example_dags/tutorial.py took 0.054 seconds
[2024-02-02T16:21:15.050+0000] {processor.py:161} INFO - Started process (PID=330) to work on /home/airflow/.local/lib/python3.8/site-packages/airflow/example_dags/tutorial.py
[2024-02-02T16:21:15.051+0000] {processor.py:830} INFO - Processing file /home/airflow/.local/lib/python3.8/site-packages/airflow/example_dags/tutorial.py for tasks to queue
[2024-02-02T16:21:15.051+0000] {logging_mixin.py:188} INFO - [2024-02-02T16:21:15.051+0000] {dagbag.py:538} INFO - Filling up the DagBag from /home/airflow/.local/lib/python3.8/site-packages/airflow/example_dags/tutorial.py
[2024-02-02T16:21:15.054+0000] {processor.py:840} INFO - DAG(s) 'tutorial' retrieved from /home/airflow/.local/lib/python3.8/site-packages/airflow/example_dags/tutorial.py
[2024-02-02T16:21:15.075+0000] {logging_mixin.py:188} INFO - [2024-02-02T16:21:15.075+0000] {dag.py:3036} INFO - Sync 1 DAGs
[2024-02-02T16:21:15.089+0000] {logging_mixin.py:188} INFO - [2024-02-02T16:21:15.088+0000] {dag.py:3823} INFO - Setting next_dagrun for tutorial to 2024-02-01 00:00:00+00:00, run_after=2024-02-02 00:00:00+00:00
[2024-02-02T16:21:15.100+0000] {processor.py:183} INFO - Processing /home/airflow/.local/lib/python3.8/site-packages/airflow/example_dags/tutorial.py took 0.051 seconds
[2024-02-02T16:21:45.403+0000] {processor.py:161} INFO - Started process (PID=389) to work on /home/airflow/.local/lib/python3.8/site-packages/airflow/example_dags/tutorial.py
[2024-02-02T16:21:45.404+0000] {processor.py:830} INFO - Processing file /home/airflow/.local/lib/python3.8/site-packages/airflow/example_dags/tutorial.py for tasks to queue
[2024-02-02T16:21:45.405+0000] {logging_mixin.py:188} INFO - [2024-02-02T16:21:45.405+0000] {dagbag.py:538} INFO - Filling up the DagBag from /home/airflow/.local/lib/python3.8/site-packages/airflow/example_dags/tutorial.py
[2024-02-02T16:21:45.408+0000] {processor.py:840} INFO - DAG(s) 'tutorial' retrieved from /home/airflow/.local/lib/python3.8/site-packages/airflow/example_dags/tutorial.py
[2024-02-02T16:21:45.432+0000] {logging_mixin.py:188} INFO - [2024-02-02T16:21:45.432+0000] {dag.py:3036} INFO - Sync 1 DAGs
[2024-02-02T16:21:45.448+0000] {logging_mixin.py:188} INFO - [2024-02-02T16:21:45.448+0000] {dag.py:3823} INFO - Setting next_dagrun for tutorial to 2024-02-01 00:00:00+00:00, run_after=2024-02-02 00:00:00+00:00
[2024-02-02T16:21:45.461+0000] {processor.py:183} INFO - Processing /home/airflow/.local/lib/python3.8/site-packages/airflow/example_dags/tutorial.py took 0.059 seconds
[2024-02-02T16:22:16.370+0000] {processor.py:161} INFO - Started process (PID=449) to work on /home/airflow/.local/lib/python3.8/site-packages/airflow/example_dags/tutorial.py
[2024-02-02T16:22:16.371+0000] {processor.py:830} INFO - Processing file /home/airflow/.local/lib/python3.8/site-packages/airflow/example_dags/tutorial.py for tasks to queue
[2024-02-02T16:22:16.372+0000] {logging_mixin.py:188} INFO - [2024-02-02T16:22:16.371+0000] {dagbag.py:538} INFO - Filling up the DagBag from /home/airflow/.local/lib/python3.8/site-packages/airflow/example_dags/tutorial.py
[2024-02-02T16:22:16.374+0000] {processor.py:840} INFO - DAG(s) 'tutorial' retrieved from /home/airflow/.local/lib/python3.8/site-packages/airflow/example_dags/tutorial.py
[2024-02-02T16:22:16.396+0000] {logging_mixin.py:188} INFO - [2024-02-02T16:22:16.395+0000] {dag.py:3036} INFO - Sync 1 DAGs
[2024-02-02T16:22:16.411+0000] {logging_mixin.py:188} INFO - [2024-02-02T16:22:16.411+0000] {dag.py:3823} INFO - Setting next_dagrun for tutorial to 2024-02-01 00:00:00+00:00, run_after=2024-02-02 00:00:00+00:00
[2024-02-02T16:22:16.423+0000] {processor.py:183} INFO - Processing /home/airflow/.local/lib/python3.8/site-packages/airflow/example_dags/tutorial.py took 0.055 seconds
[2024-02-02T16:22:48.879+0000] {processor.py:161} INFO - Started process (PID=96) to work on /home/airflow/.local/lib/python3.8/site-packages/airflow/example_dags/tutorial.py
[2024-02-02T16:22:48.880+0000] {processor.py:830} INFO - Processing file /home/airflow/.local/lib/python3.8/site-packages/airflow/example_dags/tutorial.py for tasks to queue
[2024-02-02T16:22:48.880+0000] {logging_mixin.py:188} INFO - [2024-02-02T16:22:48.880+0000] {dagbag.py:538} INFO - Filling up the DagBag from /home/airflow/.local/lib/python3.8/site-packages/airflow/example_dags/tutorial.py
[2024-02-02T16:22:48.884+0000] {processor.py:840} INFO - DAG(s) 'tutorial' retrieved from /home/airflow/.local/lib/python3.8/site-packages/airflow/example_dags/tutorial.py
[2024-02-02T16:22:48.908+0000] {logging_mixin.py:188} INFO - [2024-02-02T16:22:48.908+0000] {dag.py:3036} INFO - Sync 1 DAGs
[2024-02-02T16:22:48.927+0000] {logging_mixin.py:188} INFO - [2024-02-02T16:22:48.927+0000] {dag.py:3823} INFO - Setting next_dagrun for tutorial to 2024-02-01 00:00:00+00:00, run_after=2024-02-02 00:00:00+00:00
[2024-02-02T16:22:48.946+0000] {processor.py:183} INFO - Processing /home/airflow/.local/lib/python3.8/site-packages/airflow/example_dags/tutorial.py took 0.068 seconds
[2024-02-02T16:23:19.569+0000] {processor.py:161} INFO - Started process (PID=155) to work on /home/airflow/.local/lib/python3.8/site-packages/airflow/example_dags/tutorial.py
[2024-02-02T16:23:19.570+0000] {processor.py:830} INFO - Processing file /home/airflow/.local/lib/python3.8/site-packages/airflow/example_dags/tutorial.py for tasks to queue
[2024-02-02T16:23:19.571+0000] {logging_mixin.py:188} INFO - [2024-02-02T16:23:19.571+0000] {dagbag.py:538} INFO - Filling up the DagBag from /home/airflow/.local/lib/python3.8/site-packages/airflow/example_dags/tutorial.py
[2024-02-02T16:23:19.574+0000] {processor.py:840} INFO - DAG(s) 'tutorial' retrieved from /home/airflow/.local/lib/python3.8/site-packages/airflow/example_dags/tutorial.py
[2024-02-02T16:23:19.595+0000] {logging_mixin.py:188} INFO - [2024-02-02T16:23:19.594+0000] {dag.py:3036} INFO - Sync 1 DAGs
[2024-02-02T16:23:19.609+0000] {logging_mixin.py:188} INFO - [2024-02-02T16:23:19.609+0000] {dag.py:3823} INFO - Setting next_dagrun for tutorial to 2024-02-01 00:00:00+00:00, run_after=2024-02-02 00:00:00+00:00
[2024-02-02T16:23:19.621+0000] {processor.py:183} INFO - Processing /home/airflow/.local/lib/python3.8/site-packages/airflow/example_dags/tutorial.py took 0.053 seconds
[2024-02-02T16:23:50.547+0000] {processor.py:161} INFO - Started process (PID=212) to work on /home/airflow/.local/lib/python3.8/site-packages/airflow/example_dags/tutorial.py
[2024-02-02T16:23:50.548+0000] {processor.py:830} INFO - Processing file /home/airflow/.local/lib/python3.8/site-packages/airflow/example_dags/tutorial.py for tasks to queue
[2024-02-02T16:23:50.548+0000] {logging_mixin.py:188} INFO - [2024-02-02T16:23:50.548+0000] {dagbag.py:538} INFO - Filling up the DagBag from /home/airflow/.local/lib/python3.8/site-packages/airflow/example_dags/tutorial.py
[2024-02-02T16:23:50.551+0000] {processor.py:840} INFO - DAG(s) 'tutorial' retrieved from /home/airflow/.local/lib/python3.8/site-packages/airflow/example_dags/tutorial.py
[2024-02-02T16:23:50.572+0000] {logging_mixin.py:188} INFO - [2024-02-02T16:23:50.572+0000] {dag.py:3036} INFO - Sync 1 DAGs
[2024-02-02T16:23:50.588+0000] {logging_mixin.py:188} INFO - [2024-02-02T16:23:50.588+0000] {dag.py:3823} INFO - Setting next_dagrun for tutorial to 2024-02-01 00:00:00+00:00, run_after=2024-02-02 00:00:00+00:00
[2024-02-02T16:23:50.604+0000] {processor.py:183} INFO - Processing /home/airflow/.local/lib/python3.8/site-packages/airflow/example_dags/tutorial.py took 0.058 seconds
[2024-02-02T16:24:21.573+0000] {processor.py:161} INFO - Started process (PID=271) to work on /home/airflow/.local/lib/python3.8/site-packages/airflow/example_dags/tutorial.py
[2024-02-02T16:24:21.574+0000] {processor.py:830} INFO - Processing file /home/airflow/.local/lib/python3.8/site-packages/airflow/example_dags/tutorial.py for tasks to queue
[2024-02-02T16:24:21.575+0000] {logging_mixin.py:188} INFO - [2024-02-02T16:24:21.574+0000] {dagbag.py:538} INFO - Filling up the DagBag from /home/airflow/.local/lib/python3.8/site-packages/airflow/example_dags/tutorial.py
[2024-02-02T16:24:21.577+0000] {processor.py:840} INFO - DAG(s) 'tutorial' retrieved from /home/airflow/.local/lib/python3.8/site-packages/airflow/example_dags/tutorial.py
[2024-02-02T16:24:21.600+0000] {logging_mixin.py:188} INFO - [2024-02-02T16:24:21.600+0000] {dag.py:3036} INFO - Sync 1 DAGs
[2024-02-02T16:24:21.616+0000] {logging_mixin.py:188} INFO - [2024-02-02T16:24:21.616+0000] {dag.py:3823} INFO - Setting next_dagrun for tutorial to 2024-02-01 00:00:00+00:00, run_after=2024-02-02 00:00:00+00:00
[2024-02-02T16:24:21.628+0000] {processor.py:183} INFO - Processing /home/airflow/.local/lib/python3.8/site-packages/airflow/example_dags/tutorial.py took 0.056 seconds
[2024-02-02T16:24:51.986+0000] {processor.py:161} INFO - Started process (PID=330) to work on /home/airflow/.local/lib/python3.8/site-packages/airflow/example_dags/tutorial.py
[2024-02-02T16:24:51.987+0000] {processor.py:830} INFO - Processing file /home/airflow/.local/lib/python3.8/site-packages/airflow/example_dags/tutorial.py for tasks to queue
[2024-02-02T16:24:51.987+0000] {logging_mixin.py:188} INFO - [2024-02-02T16:24:51.987+0000] {dagbag.py:538} INFO - Filling up the DagBag from /home/airflow/.local/lib/python3.8/site-packages/airflow/example_dags/tutorial.py
[2024-02-02T16:24:51.990+0000] {processor.py:840} INFO - DAG(s) 'tutorial' retrieved from /home/airflow/.local/lib/python3.8/site-packages/airflow/example_dags/tutorial.py
[2024-02-02T16:24:52.012+0000] {logging_mixin.py:188} INFO - [2024-02-02T16:24:52.012+0000] {dag.py:3036} INFO - Sync 1 DAGs
[2024-02-02T16:24:52.029+0000] {logging_mixin.py:188} INFO - [2024-02-02T16:24:52.029+0000] {dag.py:3823} INFO - Setting next_dagrun for tutorial to 2024-02-01 00:00:00+00:00, run_after=2024-02-02 00:00:00+00:00
[2024-02-02T16:24:52.042+0000] {processor.py:183} INFO - Processing /home/airflow/.local/lib/python3.8/site-packages/airflow/example_dags/tutorial.py took 0.057 seconds
[2024-02-02T16:25:22.083+0000] {processor.py:161} INFO - Started process (PID=391) to work on /home/airflow/.local/lib/python3.8/site-packages/airflow/example_dags/tutorial.py
[2024-02-02T16:25:22.084+0000] {processor.py:830} INFO - Processing file /home/airflow/.local/lib/python3.8/site-packages/airflow/example_dags/tutorial.py for tasks to queue
[2024-02-02T16:25:22.085+0000] {logging_mixin.py:188} INFO - [2024-02-02T16:25:22.085+0000] {dagbag.py:538} INFO - Filling up the DagBag from /home/airflow/.local/lib/python3.8/site-packages/airflow/example_dags/tutorial.py
[2024-02-02T16:25:22.087+0000] {processor.py:840} INFO - DAG(s) 'tutorial' retrieved from /home/airflow/.local/lib/python3.8/site-packages/airflow/example_dags/tutorial.py
[2024-02-02T16:25:22.109+0000] {logging_mixin.py:188} INFO - [2024-02-02T16:25:22.109+0000] {dag.py:3036} INFO - Sync 1 DAGs
[2024-02-02T16:25:22.124+0000] {logging_mixin.py:188} INFO - [2024-02-02T16:25:22.124+0000] {dag.py:3823} INFO - Setting next_dagrun for tutorial to 2024-02-01 00:00:00+00:00, run_after=2024-02-02 00:00:00+00:00
[2024-02-02T16:25:22.136+0000] {processor.py:183} INFO - Processing /home/airflow/.local/lib/python3.8/site-packages/airflow/example_dags/tutorial.py took 0.054 seconds
[2024-02-02T16:25:41.275+0000] {processor.py:161} INFO - Started process (PID=96) to work on /home/airflow/.local/lib/python3.8/site-packages/airflow/example_dags/tutorial.py
[2024-02-02T16:25:41.276+0000] {processor.py:830} INFO - Processing file /home/airflow/.local/lib/python3.8/site-packages/airflow/example_dags/tutorial.py for tasks to queue
[2024-02-02T16:25:41.277+0000] {logging_mixin.py:188} INFO - [2024-02-02T16:25:41.277+0000] {dagbag.py:538} INFO - Filling up the DagBag from /home/airflow/.local/lib/python3.8/site-packages/airflow/example_dags/tutorial.py
[2024-02-02T16:25:41.280+0000] {processor.py:840} INFO - DAG(s) 'tutorial' retrieved from /home/airflow/.local/lib/python3.8/site-packages/airflow/example_dags/tutorial.py
[2024-02-02T16:25:41.304+0000] {logging_mixin.py:188} INFO - [2024-02-02T16:25:41.304+0000] {dag.py:3036} INFO - Sync 1 DAGs
[2024-02-02T16:25:41.323+0000] {logging_mixin.py:188} INFO - [2024-02-02T16:25:41.323+0000] {dag.py:3823} INFO - Setting next_dagrun for tutorial to 2024-02-01 00:00:00+00:00, run_after=2024-02-02 00:00:00+00:00
[2024-02-02T16:25:41.341+0000] {processor.py:183} INFO - Processing /home/airflow/.local/lib/python3.8/site-packages/airflow/example_dags/tutorial.py took 0.067 seconds
[2024-02-02T16:26:11.958+0000] {processor.py:161} INFO - Started process (PID=159) to work on /home/airflow/.local/lib/python3.8/site-packages/airflow/example_dags/tutorial.py
[2024-02-02T16:26:11.959+0000] {processor.py:830} INFO - Processing file /home/airflow/.local/lib/python3.8/site-packages/airflow/example_dags/tutorial.py for tasks to queue
[2024-02-02T16:26:11.959+0000] {logging_mixin.py:188} INFO - [2024-02-02T16:26:11.959+0000] {dagbag.py:538} INFO - Filling up the DagBag from /home/airflow/.local/lib/python3.8/site-packages/airflow/example_dags/tutorial.py
[2024-02-02T16:26:11.962+0000] {processor.py:840} INFO - DAG(s) 'tutorial' retrieved from /home/airflow/.local/lib/python3.8/site-packages/airflow/example_dags/tutorial.py
[2024-02-02T16:26:11.983+0000] {logging_mixin.py:188} INFO - [2024-02-02T16:26:11.983+0000] {dag.py:3036} INFO - Sync 1 DAGs
[2024-02-02T16:26:11.997+0000] {logging_mixin.py:188} INFO - [2024-02-02T16:26:11.997+0000] {dag.py:3823} INFO - Setting next_dagrun for tutorial to 2024-02-01 00:00:00+00:00, run_after=2024-02-02 00:00:00+00:00
[2024-02-02T16:26:12.010+0000] {processor.py:183} INFO - Processing /home/airflow/.local/lib/python3.8/site-packages/airflow/example_dags/tutorial.py took 0.053 seconds
[2024-02-02T16:26:42.102+0000] {processor.py:161} INFO - Started process (PID=216) to work on /home/airflow/.local/lib/python3.8/site-packages/airflow/example_dags/tutorial.py
[2024-02-02T16:26:42.102+0000] {processor.py:830} INFO - Processing file /home/airflow/.local/lib/python3.8/site-packages/airflow/example_dags/tutorial.py for tasks to queue
[2024-02-02T16:26:42.104+0000] {logging_mixin.py:188} INFO - [2024-02-02T16:26:42.103+0000] {dagbag.py:538} INFO - Filling up the DagBag from /home/airflow/.local/lib/python3.8/site-packages/airflow/example_dags/tutorial.py
[2024-02-02T16:26:42.106+0000] {processor.py:840} INFO - DAG(s) 'tutorial' retrieved from /home/airflow/.local/lib/python3.8/site-packages/airflow/example_dags/tutorial.py
[2024-02-02T16:26:42.127+0000] {logging_mixin.py:188} INFO - [2024-02-02T16:26:42.127+0000] {dag.py:3036} INFO - Sync 1 DAGs
[2024-02-02T16:26:42.141+0000] {logging_mixin.py:188} INFO - [2024-02-02T16:26:42.141+0000] {dag.py:3823} INFO - Setting next_dagrun for tutorial to 2024-02-01 00:00:00+00:00, run_after=2024-02-02 00:00:00+00:00
[2024-02-02T16:26:42.152+0000] {processor.py:183} INFO - Processing /home/airflow/.local/lib/python3.8/site-packages/airflow/example_dags/tutorial.py took 0.052 seconds
[2024-02-02T16:27:13.385+0000] {processor.py:161} INFO - Started process (PID=275) to work on /home/airflow/.local/lib/python3.8/site-packages/airflow/example_dags/tutorial.py
[2024-02-02T16:27:13.385+0000] {processor.py:830} INFO - Processing file /home/airflow/.local/lib/python3.8/site-packages/airflow/example_dags/tutorial.py for tasks to queue
[2024-02-02T16:27:13.386+0000] {logging_mixin.py:188} INFO - [2024-02-02T16:27:13.386+0000] {dagbag.py:538} INFO - Filling up the DagBag from /home/airflow/.local/lib/python3.8/site-packages/airflow/example_dags/tutorial.py
[2024-02-02T16:27:13.389+0000] {processor.py:840} INFO - DAG(s) 'tutorial' retrieved from /home/airflow/.local/lib/python3.8/site-packages/airflow/example_dags/tutorial.py
[2024-02-02T16:27:13.410+0000] {logging_mixin.py:188} INFO - [2024-02-02T16:27:13.410+0000] {dag.py:3036} INFO - Sync 1 DAGs
[2024-02-02T16:27:13.424+0000] {logging_mixin.py:188} INFO - [2024-02-02T16:27:13.423+0000] {dag.py:3823} INFO - Setting next_dagrun for tutorial to 2024-02-01 00:00:00+00:00, run_after=2024-02-02 00:00:00+00:00
[2024-02-02T16:27:13.435+0000] {processor.py:183} INFO - Processing /home/airflow/.local/lib/python3.8/site-packages/airflow/example_dags/tutorial.py took 0.052 seconds
[2024-02-02T16:27:43.518+0000] {processor.py:161} INFO - Started process (PID=332) to work on /home/airflow/.local/lib/python3.8/site-packages/airflow/example_dags/tutorial.py
[2024-02-02T16:27:43.518+0000] {processor.py:830} INFO - Processing file /home/airflow/.local/lib/python3.8/site-packages/airflow/example_dags/tutorial.py for tasks to queue
[2024-02-02T16:27:43.519+0000] {logging_mixin.py:188} INFO - [2024-02-02T16:27:43.519+0000] {dagbag.py:538} INFO - Filling up the DagBag from /home/airflow/.local/lib/python3.8/site-packages/airflow/example_dags/tutorial.py
[2024-02-02T16:27:43.522+0000] {processor.py:840} INFO - DAG(s) 'tutorial' retrieved from /home/airflow/.local/lib/python3.8/site-packages/airflow/example_dags/tutorial.py
[2024-02-02T16:27:43.543+0000] {logging_mixin.py:188} INFO - [2024-02-02T16:27:43.543+0000] {dag.py:3036} INFO - Sync 1 DAGs
[2024-02-02T16:27:43.559+0000] {logging_mixin.py:188} INFO - [2024-02-02T16:27:43.559+0000] {dag.py:3823} INFO - Setting next_dagrun for tutorial to 2024-02-01 00:00:00+00:00, run_after=2024-02-02 00:00:00+00:00
[2024-02-02T16:27:43.572+0000] {processor.py:183} INFO - Processing /home/airflow/.local/lib/python3.8/site-packages/airflow/example_dags/tutorial.py took 0.056 seconds
[2024-02-02T16:28:14.159+0000] {processor.py:161} INFO - Started process (PID=391) to work on /home/airflow/.local/lib/python3.8/site-packages/airflow/example_dags/tutorial.py
[2024-02-02T16:28:14.160+0000] {processor.py:830} INFO - Processing file /home/airflow/.local/lib/python3.8/site-packages/airflow/example_dags/tutorial.py for tasks to queue
[2024-02-02T16:28:14.161+0000] {logging_mixin.py:188} INFO - [2024-02-02T16:28:14.160+0000] {dagbag.py:538} INFO - Filling up the DagBag from /home/airflow/.local/lib/python3.8/site-packages/airflow/example_dags/tutorial.py
[2024-02-02T16:28:14.163+0000] {processor.py:840} INFO - DAG(s) 'tutorial' retrieved from /home/airflow/.local/lib/python3.8/site-packages/airflow/example_dags/tutorial.py
[2024-02-02T16:28:14.185+0000] {logging_mixin.py:188} INFO - [2024-02-02T16:28:14.185+0000] {dag.py:3036} INFO - Sync 1 DAGs
[2024-02-02T16:28:14.200+0000] {logging_mixin.py:188} INFO - [2024-02-02T16:28:14.200+0000] {dag.py:3823} INFO - Setting next_dagrun for tutorial to 2024-02-01 00:00:00+00:00, run_after=2024-02-02 00:00:00+00:00
[2024-02-02T16:28:14.216+0000] {processor.py:183} INFO - Processing /home/airflow/.local/lib/python3.8/site-packages/airflow/example_dags/tutorial.py took 0.058 seconds
[2024-02-02T16:28:44.328+0000] {processor.py:161} INFO - Started process (PID=450) to work on /home/airflow/.local/lib/python3.8/site-packages/airflow/example_dags/tutorial.py
[2024-02-02T16:28:44.328+0000] {processor.py:830} INFO - Processing file /home/airflow/.local/lib/python3.8/site-packages/airflow/example_dags/tutorial.py for tasks to queue
[2024-02-02T16:28:44.329+0000] {logging_mixin.py:188} INFO - [2024-02-02T16:28:44.329+0000] {dagbag.py:538} INFO - Filling up the DagBag from /home/airflow/.local/lib/python3.8/site-packages/airflow/example_dags/tutorial.py
[2024-02-02T16:28:44.332+0000] {processor.py:840} INFO - DAG(s) 'tutorial' retrieved from /home/airflow/.local/lib/python3.8/site-packages/airflow/example_dags/tutorial.py
[2024-02-02T16:28:44.352+0000] {logging_mixin.py:188} INFO - [2024-02-02T16:28:44.351+0000] {dag.py:3036} INFO - Sync 1 DAGs
[2024-02-02T16:28:44.366+0000] {logging_mixin.py:188} INFO - [2024-02-02T16:28:44.366+0000] {dag.py:3823} INFO - Setting next_dagrun for tutorial to 2024-02-01 00:00:00+00:00, run_after=2024-02-02 00:00:00+00:00
[2024-02-02T16:28:44.381+0000] {processor.py:183} INFO - Processing /home/airflow/.local/lib/python3.8/site-packages/airflow/example_dags/tutorial.py took 0.055 seconds
[2024-02-02T16:29:14.608+0000] {processor.py:161} INFO - Started process (PID=509) to work on /home/airflow/.local/lib/python3.8/site-packages/airflow/example_dags/tutorial.py
[2024-02-02T16:29:14.609+0000] {processor.py:830} INFO - Processing file /home/airflow/.local/lib/python3.8/site-packages/airflow/example_dags/tutorial.py for tasks to queue
[2024-02-02T16:29:14.610+0000] {logging_mixin.py:188} INFO - [2024-02-02T16:29:14.610+0000] {dagbag.py:538} INFO - Filling up the DagBag from /home/airflow/.local/lib/python3.8/site-packages/airflow/example_dags/tutorial.py
[2024-02-02T16:29:14.613+0000] {processor.py:840} INFO - DAG(s) 'tutorial' retrieved from /home/airflow/.local/lib/python3.8/site-packages/airflow/example_dags/tutorial.py
[2024-02-02T16:29:14.634+0000] {logging_mixin.py:188} INFO - [2024-02-02T16:29:14.634+0000] {dag.py:3036} INFO - Sync 1 DAGs
[2024-02-02T16:29:14.649+0000] {logging_mixin.py:188} INFO - [2024-02-02T16:29:14.649+0000] {dag.py:3823} INFO - Setting next_dagrun for tutorial to 2024-02-01 00:00:00+00:00, run_after=2024-02-02 00:00:00+00:00
[2024-02-02T16:29:14.666+0000] {processor.py:183} INFO - Processing /home/airflow/.local/lib/python3.8/site-packages/airflow/example_dags/tutorial.py took 0.060 seconds
[2024-02-02T16:29:44.793+0000] {processor.py:161} INFO - Started process (PID=568) to work on /home/airflow/.local/lib/python3.8/site-packages/airflow/example_dags/tutorial.py
[2024-02-02T16:29:44.793+0000] {processor.py:830} INFO - Processing file /home/airflow/.local/lib/python3.8/site-packages/airflow/example_dags/tutorial.py for tasks to queue
[2024-02-02T16:29:44.794+0000] {logging_mixin.py:188} INFO - [2024-02-02T16:29:44.794+0000] {dagbag.py:538} INFO - Filling up the DagBag from /home/airflow/.local/lib/python3.8/site-packages/airflow/example_dags/tutorial.py
[2024-02-02T16:29:44.797+0000] {processor.py:840} INFO - DAG(s) 'tutorial' retrieved from /home/airflow/.local/lib/python3.8/site-packages/airflow/example_dags/tutorial.py
[2024-02-02T16:29:44.821+0000] {logging_mixin.py:188} INFO - [2024-02-02T16:29:44.821+0000] {dag.py:3036} INFO - Sync 1 DAGs
[2024-02-02T16:29:44.837+0000] {logging_mixin.py:188} INFO - [2024-02-02T16:29:44.837+0000] {dag.py:3823} INFO - Setting next_dagrun for tutorial to 2024-02-01 00:00:00+00:00, run_after=2024-02-02 00:00:00+00:00
[2024-02-02T16:29:44.856+0000] {processor.py:183} INFO - Processing /home/airflow/.local/lib/python3.8/site-packages/airflow/example_dags/tutorial.py took 0.065 seconds
[2024-02-02T16:30:15.170+0000] {processor.py:161} INFO - Started process (PID=627) to work on /home/airflow/.local/lib/python3.8/site-packages/airflow/example_dags/tutorial.py
[2024-02-02T16:30:15.170+0000] {processor.py:830} INFO - Processing file /home/airflow/.local/lib/python3.8/site-packages/airflow/example_dags/tutorial.py for tasks to queue
[2024-02-02T16:30:15.171+0000] {logging_mixin.py:188} INFO - [2024-02-02T16:30:15.171+0000] {dagbag.py:538} INFO - Filling up the DagBag from /home/airflow/.local/lib/python3.8/site-packages/airflow/example_dags/tutorial.py
[2024-02-02T16:30:15.174+0000] {processor.py:840} INFO - DAG(s) 'tutorial' retrieved from /home/airflow/.local/lib/python3.8/site-packages/airflow/example_dags/tutorial.py
[2024-02-02T16:30:15.198+0000] {logging_mixin.py:188} INFO - [2024-02-02T16:30:15.198+0000] {dag.py:3036} INFO - Sync 1 DAGs
[2024-02-02T16:30:15.213+0000] {logging_mixin.py:188} INFO - [2024-02-02T16:30:15.213+0000] {dag.py:3823} INFO - Setting next_dagrun for tutorial to 2024-02-01 00:00:00+00:00, run_after=2024-02-02 00:00:00+00:00
[2024-02-02T16:30:15.231+0000] {processor.py:183} INFO - Processing /home/airflow/.local/lib/python3.8/site-packages/airflow/example_dags/tutorial.py took 0.063 seconds
[2024-02-02T16:30:45.551+0000] {processor.py:161} INFO - Started process (PID=686) to work on /home/airflow/.local/lib/python3.8/site-packages/airflow/example_dags/tutorial.py
[2024-02-02T16:30:45.552+0000] {processor.py:830} INFO - Processing file /home/airflow/.local/lib/python3.8/site-packages/airflow/example_dags/tutorial.py for tasks to queue
[2024-02-02T16:30:45.553+0000] {logging_mixin.py:188} INFO - [2024-02-02T16:30:45.552+0000] {dagbag.py:538} INFO - Filling up the DagBag from /home/airflow/.local/lib/python3.8/site-packages/airflow/example_dags/tutorial.py
[2024-02-02T16:30:45.555+0000] {processor.py:840} INFO - DAG(s) 'tutorial' retrieved from /home/airflow/.local/lib/python3.8/site-packages/airflow/example_dags/tutorial.py
[2024-02-02T16:30:45.577+0000] {logging_mixin.py:188} INFO - [2024-02-02T16:30:45.577+0000] {dag.py:3036} INFO - Sync 1 DAGs
[2024-02-02T16:30:45.592+0000] {logging_mixin.py:188} INFO - [2024-02-02T16:30:45.592+0000] {dag.py:3823} INFO - Setting next_dagrun for tutorial to 2024-02-01 00:00:00+00:00, run_after=2024-02-02 00:00:00+00:00
[2024-02-02T16:30:45.609+0000] {processor.py:183} INFO - Processing /home/airflow/.local/lib/python3.8/site-packages/airflow/example_dags/tutorial.py took 0.059 seconds
[2024-02-02T16:31:15.936+0000] {processor.py:161} INFO - Started process (PID=745) to work on /home/airflow/.local/lib/python3.8/site-packages/airflow/example_dags/tutorial.py
[2024-02-02T16:31:15.937+0000] {processor.py:830} INFO - Processing file /home/airflow/.local/lib/python3.8/site-packages/airflow/example_dags/tutorial.py for tasks to queue
[2024-02-02T16:31:15.938+0000] {logging_mixin.py:188} INFO - [2024-02-02T16:31:15.937+0000] {dagbag.py:538} INFO - Filling up the DagBag from /home/airflow/.local/lib/python3.8/site-packages/airflow/example_dags/tutorial.py
[2024-02-02T16:31:15.940+0000] {processor.py:840} INFO - DAG(s) 'tutorial' retrieved from /home/airflow/.local/lib/python3.8/site-packages/airflow/example_dags/tutorial.py
[2024-02-02T16:31:15.962+0000] {logging_mixin.py:188} INFO - [2024-02-02T16:31:15.962+0000] {dag.py:3036} INFO - Sync 1 DAGs
[2024-02-02T16:31:15.977+0000] {logging_mixin.py:188} INFO - [2024-02-02T16:31:15.977+0000] {dag.py:3823} INFO - Setting next_dagrun for tutorial to 2024-02-01 00:00:00+00:00, run_after=2024-02-02 00:00:00+00:00
[2024-02-02T16:31:15.994+0000] {processor.py:183} INFO - Processing /home/airflow/.local/lib/python3.8/site-packages/airflow/example_dags/tutorial.py took 0.059 seconds
[2024-02-02T16:31:46.329+0000] {processor.py:161} INFO - Started process (PID=804) to work on /home/airflow/.local/lib/python3.8/site-packages/airflow/example_dags/tutorial.py
[2024-02-02T16:31:46.330+0000] {processor.py:830} INFO - Processing file /home/airflow/.local/lib/python3.8/site-packages/airflow/example_dags/tutorial.py for tasks to queue
[2024-02-02T16:31:46.331+0000] {logging_mixin.py:188} INFO - [2024-02-02T16:31:46.331+0000] {dagbag.py:538} INFO - Filling up the DagBag from /home/airflow/.local/lib/python3.8/site-packages/airflow/example_dags/tutorial.py
[2024-02-02T16:31:46.333+0000] {processor.py:840} INFO - DAG(s) 'tutorial' retrieved from /home/airflow/.local/lib/python3.8/site-packages/airflow/example_dags/tutorial.py
[2024-02-02T16:31:46.354+0000] {logging_mixin.py:188} INFO - [2024-02-02T16:31:46.354+0000] {dag.py:3036} INFO - Sync 1 DAGs
[2024-02-02T16:31:46.368+0000] {logging_mixin.py:188} INFO - [2024-02-02T16:31:46.368+0000] {dag.py:3823} INFO - Setting next_dagrun for tutorial to 2024-02-01 00:00:00+00:00, run_after=2024-02-02 00:00:00+00:00
[2024-02-02T16:31:46.384+0000] {processor.py:183} INFO - Processing /home/airflow/.local/lib/python3.8/site-packages/airflow/example_dags/tutorial.py took 0.057 seconds
[2024-02-02T16:32:16.730+0000] {processor.py:161} INFO - Started process (PID=863) to work on /home/airflow/.local/lib/python3.8/site-packages/airflow/example_dags/tutorial.py
[2024-02-02T16:32:16.730+0000] {processor.py:830} INFO - Processing file /home/airflow/.local/lib/python3.8/site-packages/airflow/example_dags/tutorial.py for tasks to queue
[2024-02-02T16:32:16.731+0000] {logging_mixin.py:188} INFO - [2024-02-02T16:32:16.731+0000] {dagbag.py:538} INFO - Filling up the DagBag from /home/airflow/.local/lib/python3.8/site-packages/airflow/example_dags/tutorial.py
[2024-02-02T16:32:16.734+0000] {processor.py:840} INFO - DAG(s) 'tutorial' retrieved from /home/airflow/.local/lib/python3.8/site-packages/airflow/example_dags/tutorial.py
[2024-02-02T16:32:16.756+0000] {logging_mixin.py:188} INFO - [2024-02-02T16:32:16.756+0000] {dag.py:3036} INFO - Sync 1 DAGs
[2024-02-02T16:32:16.771+0000] {logging_mixin.py:188} INFO - [2024-02-02T16:32:16.771+0000] {dag.py:3823} INFO - Setting next_dagrun for tutorial to 2024-02-01 00:00:00+00:00, run_after=2024-02-02 00:00:00+00:00
[2024-02-02T16:32:16.783+0000] {processor.py:183} INFO - Processing /home/airflow/.local/lib/python3.8/site-packages/airflow/example_dags/tutorial.py took 0.055 seconds
[2024-02-02T16:32:47.139+0000] {processor.py:161} INFO - Started process (PID=922) to work on /home/airflow/.local/lib/python3.8/site-packages/airflow/example_dags/tutorial.py
[2024-02-02T16:32:47.140+0000] {processor.py:830} INFO - Processing file /home/airflow/.local/lib/python3.8/site-packages/airflow/example_dags/tutorial.py for tasks to queue
[2024-02-02T16:32:47.140+0000] {logging_mixin.py:188} INFO - [2024-02-02T16:32:47.140+0000] {dagbag.py:538} INFO - Filling up the DagBag from /home/airflow/.local/lib/python3.8/site-packages/airflow/example_dags/tutorial.py
[2024-02-02T16:32:47.143+0000] {processor.py:840} INFO - DAG(s) 'tutorial' retrieved from /home/airflow/.local/lib/python3.8/site-packages/airflow/example_dags/tutorial.py
[2024-02-02T16:32:47.164+0000] {logging_mixin.py:188} INFO - [2024-02-02T16:32:47.164+0000] {dag.py:3036} INFO - Sync 1 DAGs
[2024-02-02T16:32:47.178+0000] {logging_mixin.py:188} INFO - [2024-02-02T16:32:47.177+0000] {dag.py:3823} INFO - Setting next_dagrun for tutorial to 2024-02-01 00:00:00+00:00, run_after=2024-02-02 00:00:00+00:00
[2024-02-02T16:32:47.194+0000] {processor.py:183} INFO - Processing /home/airflow/.local/lib/python3.8/site-packages/airflow/example_dags/tutorial.py took 0.056 seconds
[2024-02-02T16:33:17.541+0000] {processor.py:161} INFO - Started process (PID=981) to work on /home/airflow/.local/lib/python3.8/site-packages/airflow/example_dags/tutorial.py
[2024-02-02T16:33:17.542+0000] {processor.py:830} INFO - Processing file /home/airflow/.local/lib/python3.8/site-packages/airflow/example_dags/tutorial.py for tasks to queue
[2024-02-02T16:33:17.543+0000] {logging_mixin.py:188} INFO - [2024-02-02T16:33:17.543+0000] {dagbag.py:538} INFO - Filling up the DagBag from /home/airflow/.local/lib/python3.8/site-packages/airflow/example_dags/tutorial.py
[2024-02-02T16:33:17.546+0000] {processor.py:840} INFO - DAG(s) 'tutorial' retrieved from /home/airflow/.local/lib/python3.8/site-packages/airflow/example_dags/tutorial.py
[2024-02-02T16:33:17.568+0000] {logging_mixin.py:188} INFO - [2024-02-02T16:33:17.568+0000] {dag.py:3036} INFO - Sync 1 DAGs
[2024-02-02T16:33:17.585+0000] {logging_mixin.py:188} INFO - [2024-02-02T16:33:17.585+0000] {dag.py:3823} INFO - Setting next_dagrun for tutorial to 2024-02-01 00:00:00+00:00, run_after=2024-02-02 00:00:00+00:00
[2024-02-02T16:33:17.602+0000] {processor.py:183} INFO - Processing /home/airflow/.local/lib/python3.8/site-packages/airflow/example_dags/tutorial.py took 0.062 seconds
