[2024-02-02T15:50:33.689+0000] {processor.py:161} INFO - Started process (PID=98) to work on /home/airflow/.local/lib/python3.8/site-packages/airflow/example_dags/tutorial_objectstorage.py
[2024-02-02T15:50:33.689+0000] {processor.py:830} INFO - Processing file /home/airflow/.local/lib/python3.8/site-packages/airflow/example_dags/tutorial_objectstorage.py for tasks to queue
[2024-02-02T15:50:33.690+0000] {logging_mixin.py:188} INFO - [2024-02-02T15:50:33.690+0000] {dagbag.py:538} INFO - Filling up the DagBag from /home/airflow/.local/lib/python3.8/site-packages/airflow/example_dags/tutorial_objectstorage.py
[2024-02-02T15:50:33.694+0000] {processor.py:840} INFO - DAG(s) 'tutorial_objectstorage' retrieved from /home/airflow/.local/lib/python3.8/site-packages/airflow/example_dags/tutorial_objectstorage.py
[2024-02-02T15:50:33.718+0000] {logging_mixin.py:188} INFO - [2024-02-02T15:50:33.718+0000] {dag.py:3036} INFO - Sync 1 DAGs
[2024-02-02T15:50:33.728+0000] {logging_mixin.py:188} INFO - [2024-02-02T15:50:33.728+0000] {dag.py:3823} INFO - Setting next_dagrun for tutorial_objectstorage to None, run_after=None
[2024-02-02T15:50:33.742+0000] {processor.py:183} INFO - Processing /home/airflow/.local/lib/python3.8/site-packages/airflow/example_dags/tutorial_objectstorage.py took 0.055 seconds
[2024-02-02T15:53:33.848+0000] {processor.py:161} INFO - Started process (PID=86) to work on /home/airflow/.local/lib/python3.8/site-packages/airflow/example_dags/tutorial_objectstorage.py
[2024-02-02T15:53:33.848+0000] {processor.py:830} INFO - Processing file /home/airflow/.local/lib/python3.8/site-packages/airflow/example_dags/tutorial_objectstorage.py for tasks to queue
[2024-02-02T15:53:33.849+0000] {logging_mixin.py:188} INFO - [2024-02-02T15:53:33.849+0000] {dagbag.py:538} INFO - Filling up the DagBag from /home/airflow/.local/lib/python3.8/site-packages/airflow/example_dags/tutorial_objectstorage.py
[2024-02-02T15:53:33.853+0000] {processor.py:840} INFO - DAG(s) 'tutorial_objectstorage' retrieved from /home/airflow/.local/lib/python3.8/site-packages/airflow/example_dags/tutorial_objectstorage.py
[2024-02-02T15:53:33.874+0000] {logging_mixin.py:188} INFO - [2024-02-02T15:53:33.874+0000] {dag.py:3036} INFO - Sync 1 DAGs
[2024-02-02T15:53:33.883+0000] {logging_mixin.py:188} INFO - [2024-02-02T15:53:33.883+0000] {dag.py:3823} INFO - Setting next_dagrun for tutorial_objectstorage to None, run_after=None
[2024-02-02T15:53:33.896+0000] {processor.py:183} INFO - Processing /home/airflow/.local/lib/python3.8/site-packages/airflow/example_dags/tutorial_objectstorage.py took 0.049 seconds
[2024-02-02T15:54:04.849+0000] {processor.py:161} INFO - Started process (PID=145) to work on /home/airflow/.local/lib/python3.8/site-packages/airflow/example_dags/tutorial_objectstorage.py
[2024-02-02T15:54:04.850+0000] {processor.py:830} INFO - Processing file /home/airflow/.local/lib/python3.8/site-packages/airflow/example_dags/tutorial_objectstorage.py for tasks to queue
[2024-02-02T15:54:04.851+0000] {logging_mixin.py:188} INFO - [2024-02-02T15:54:04.850+0000] {dagbag.py:538} INFO - Filling up the DagBag from /home/airflow/.local/lib/python3.8/site-packages/airflow/example_dags/tutorial_objectstorage.py
[2024-02-02T15:54:04.854+0000] {processor.py:840} INFO - DAG(s) 'tutorial_objectstorage' retrieved from /home/airflow/.local/lib/python3.8/site-packages/airflow/example_dags/tutorial_objectstorage.py
[2024-02-02T15:54:04.875+0000] {logging_mixin.py:188} INFO - [2024-02-02T15:54:04.875+0000] {dag.py:3036} INFO - Sync 1 DAGs
[2024-02-02T15:54:04.884+0000] {logging_mixin.py:188} INFO - [2024-02-02T15:54:04.884+0000] {dag.py:3823} INFO - Setting next_dagrun for tutorial_objectstorage to None, run_after=None
[2024-02-02T15:54:04.897+0000] {processor.py:183} INFO - Processing /home/airflow/.local/lib/python3.8/site-packages/airflow/example_dags/tutorial_objectstorage.py took 0.050 seconds
[2024-02-02T15:54:35.603+0000] {processor.py:161} INFO - Started process (PID=206) to work on /home/airflow/.local/lib/python3.8/site-packages/airflow/example_dags/tutorial_objectstorage.py
[2024-02-02T15:54:35.603+0000] {processor.py:830} INFO - Processing file /home/airflow/.local/lib/python3.8/site-packages/airflow/example_dags/tutorial_objectstorage.py for tasks to queue
[2024-02-02T15:54:35.604+0000] {logging_mixin.py:188} INFO - [2024-02-02T15:54:35.604+0000] {dagbag.py:538} INFO - Filling up the DagBag from /home/airflow/.local/lib/python3.8/site-packages/airflow/example_dags/tutorial_objectstorage.py
[2024-02-02T15:54:35.607+0000] {processor.py:840} INFO - DAG(s) 'tutorial_objectstorage' retrieved from /home/airflow/.local/lib/python3.8/site-packages/airflow/example_dags/tutorial_objectstorage.py
[2024-02-02T15:54:35.629+0000] {logging_mixin.py:188} INFO - [2024-02-02T15:54:35.629+0000] {dag.py:3036} INFO - Sync 1 DAGs
[2024-02-02T15:54:35.637+0000] {logging_mixin.py:188} INFO - [2024-02-02T15:54:35.637+0000] {dag.py:3823} INFO - Setting next_dagrun for tutorial_objectstorage to None, run_after=None
[2024-02-02T15:54:35.653+0000] {processor.py:183} INFO - Processing /home/airflow/.local/lib/python3.8/site-packages/airflow/example_dags/tutorial_objectstorage.py took 0.052 seconds
[2024-02-02T15:55:06.108+0000] {processor.py:161} INFO - Started process (PID=265) to work on /home/airflow/.local/lib/python3.8/site-packages/airflow/example_dags/tutorial_objectstorage.py
[2024-02-02T15:55:06.108+0000] {processor.py:830} INFO - Processing file /home/airflow/.local/lib/python3.8/site-packages/airflow/example_dags/tutorial_objectstorage.py for tasks to queue
[2024-02-02T15:55:06.109+0000] {logging_mixin.py:188} INFO - [2024-02-02T15:55:06.109+0000] {dagbag.py:538} INFO - Filling up the DagBag from /home/airflow/.local/lib/python3.8/site-packages/airflow/example_dags/tutorial_objectstorage.py
[2024-02-02T15:55:06.112+0000] {processor.py:840} INFO - DAG(s) 'tutorial_objectstorage' retrieved from /home/airflow/.local/lib/python3.8/site-packages/airflow/example_dags/tutorial_objectstorage.py
[2024-02-02T15:55:06.134+0000] {logging_mixin.py:188} INFO - [2024-02-02T15:55:06.134+0000] {dag.py:3036} INFO - Sync 1 DAGs
[2024-02-02T15:55:06.143+0000] {logging_mixin.py:188} INFO - [2024-02-02T15:55:06.143+0000] {dag.py:3823} INFO - Setting next_dagrun for tutorial_objectstorage to None, run_after=None
[2024-02-02T15:55:06.157+0000] {processor.py:183} INFO - Processing /home/airflow/.local/lib/python3.8/site-packages/airflow/example_dags/tutorial_objectstorage.py took 0.051 seconds
[2024-02-02T15:55:36.535+0000] {processor.py:161} INFO - Started process (PID=324) to work on /home/airflow/.local/lib/python3.8/site-packages/airflow/example_dags/tutorial_objectstorage.py
[2024-02-02T15:55:36.535+0000] {processor.py:830} INFO - Processing file /home/airflow/.local/lib/python3.8/site-packages/airflow/example_dags/tutorial_objectstorage.py for tasks to queue
[2024-02-02T15:55:36.536+0000] {logging_mixin.py:188} INFO - [2024-02-02T15:55:36.536+0000] {dagbag.py:538} INFO - Filling up the DagBag from /home/airflow/.local/lib/python3.8/site-packages/airflow/example_dags/tutorial_objectstorage.py
[2024-02-02T15:55:36.539+0000] {processor.py:840} INFO - DAG(s) 'tutorial_objectstorage' retrieved from /home/airflow/.local/lib/python3.8/site-packages/airflow/example_dags/tutorial_objectstorage.py
[2024-02-02T15:55:36.560+0000] {logging_mixin.py:188} INFO - [2024-02-02T15:55:36.560+0000] {dag.py:3036} INFO - Sync 1 DAGs
[2024-02-02T15:55:36.568+0000] {logging_mixin.py:188} INFO - [2024-02-02T15:55:36.568+0000] {dag.py:3823} INFO - Setting next_dagrun for tutorial_objectstorage to None, run_after=None
[2024-02-02T15:55:36.584+0000] {processor.py:183} INFO - Processing /home/airflow/.local/lib/python3.8/site-packages/airflow/example_dags/tutorial_objectstorage.py took 0.050 seconds
[2024-02-02T15:57:02.417+0000] {processor.py:161} INFO - Started process (PID=86) to work on /home/airflow/.local/lib/python3.8/site-packages/airflow/example_dags/tutorial_objectstorage.py
[2024-02-02T15:57:02.418+0000] {processor.py:830} INFO - Processing file /home/airflow/.local/lib/python3.8/site-packages/airflow/example_dags/tutorial_objectstorage.py for tasks to queue
[2024-02-02T15:57:02.419+0000] {logging_mixin.py:188} INFO - [2024-02-02T15:57:02.419+0000] {dagbag.py:538} INFO - Filling up the DagBag from /home/airflow/.local/lib/python3.8/site-packages/airflow/example_dags/tutorial_objectstorage.py
[2024-02-02T15:57:02.425+0000] {processor.py:840} INFO - DAG(s) 'tutorial_objectstorage' retrieved from /home/airflow/.local/lib/python3.8/site-packages/airflow/example_dags/tutorial_objectstorage.py
[2024-02-02T15:57:02.450+0000] {logging_mixin.py:188} INFO - [2024-02-02T15:57:02.450+0000] {dag.py:3036} INFO - Sync 1 DAGs
[2024-02-02T15:57:02.462+0000] {logging_mixin.py:188} INFO - [2024-02-02T15:57:02.462+0000] {dag.py:3823} INFO - Setting next_dagrun for tutorial_objectstorage to None, run_after=None
[2024-02-02T15:57:02.487+0000] {processor.py:183} INFO - Processing /home/airflow/.local/lib/python3.8/site-packages/airflow/example_dags/tutorial_objectstorage.py took 0.071 seconds
[2024-02-02T15:57:32.640+0000] {processor.py:161} INFO - Started process (PID=147) to work on /home/airflow/.local/lib/python3.8/site-packages/airflow/example_dags/tutorial_objectstorage.py
[2024-02-02T15:57:32.641+0000] {processor.py:830} INFO - Processing file /home/airflow/.local/lib/python3.8/site-packages/airflow/example_dags/tutorial_objectstorage.py for tasks to queue
[2024-02-02T15:57:32.641+0000] {logging_mixin.py:188} INFO - [2024-02-02T15:57:32.641+0000] {dagbag.py:538} INFO - Filling up the DagBag from /home/airflow/.local/lib/python3.8/site-packages/airflow/example_dags/tutorial_objectstorage.py
[2024-02-02T15:57:32.644+0000] {processor.py:840} INFO - DAG(s) 'tutorial_objectstorage' retrieved from /home/airflow/.local/lib/python3.8/site-packages/airflow/example_dags/tutorial_objectstorage.py
[2024-02-02T15:57:32.711+0000] {logging_mixin.py:188} INFO - [2024-02-02T15:57:32.711+0000] {dag.py:3036} INFO - Sync 1 DAGs
[2024-02-02T15:57:32.719+0000] {logging_mixin.py:188} INFO - [2024-02-02T15:57:32.719+0000] {dag.py:3823} INFO - Setting next_dagrun for tutorial_objectstorage to None, run_after=None
[2024-02-02T15:57:32.737+0000] {processor.py:183} INFO - Processing /home/airflow/.local/lib/python3.8/site-packages/airflow/example_dags/tutorial_objectstorage.py took 0.099 seconds
[2024-02-02T15:58:02.793+0000] {processor.py:161} INFO - Started process (PID=210) to work on /home/airflow/.local/lib/python3.8/site-packages/airflow/example_dags/tutorial_objectstorage.py
[2024-02-02T15:58:02.793+0000] {processor.py:830} INFO - Processing file /home/airflow/.local/lib/python3.8/site-packages/airflow/example_dags/tutorial_objectstorage.py for tasks to queue
[2024-02-02T15:58:02.794+0000] {logging_mixin.py:188} INFO - [2024-02-02T15:58:02.794+0000] {dagbag.py:538} INFO - Filling up the DagBag from /home/airflow/.local/lib/python3.8/site-packages/airflow/example_dags/tutorial_objectstorage.py
[2024-02-02T15:58:02.797+0000] {processor.py:840} INFO - DAG(s) 'tutorial_objectstorage' retrieved from /home/airflow/.local/lib/python3.8/site-packages/airflow/example_dags/tutorial_objectstorage.py
[2024-02-02T15:58:02.818+0000] {logging_mixin.py:188} INFO - [2024-02-02T15:58:02.818+0000] {dag.py:3036} INFO - Sync 1 DAGs
[2024-02-02T15:58:02.826+0000] {logging_mixin.py:188} INFO - [2024-02-02T15:58:02.826+0000] {dag.py:3823} INFO - Setting next_dagrun for tutorial_objectstorage to None, run_after=None
[2024-02-02T15:58:02.842+0000] {processor.py:183} INFO - Processing /home/airflow/.local/lib/python3.8/site-packages/airflow/example_dags/tutorial_objectstorage.py took 0.051 seconds
[2024-02-02T15:58:33.113+0000] {processor.py:161} INFO - Started process (PID=269) to work on /home/airflow/.local/lib/python3.8/site-packages/airflow/example_dags/tutorial_objectstorage.py
[2024-02-02T15:58:33.113+0000] {processor.py:830} INFO - Processing file /home/airflow/.local/lib/python3.8/site-packages/airflow/example_dags/tutorial_objectstorage.py for tasks to queue
[2024-02-02T15:58:33.114+0000] {logging_mixin.py:188} INFO - [2024-02-02T15:58:33.114+0000] {dagbag.py:538} INFO - Filling up the DagBag from /home/airflow/.local/lib/python3.8/site-packages/airflow/example_dags/tutorial_objectstorage.py
[2024-02-02T15:58:33.118+0000] {processor.py:840} INFO - DAG(s) 'tutorial_objectstorage' retrieved from /home/airflow/.local/lib/python3.8/site-packages/airflow/example_dags/tutorial_objectstorage.py
[2024-02-02T15:58:33.140+0000] {logging_mixin.py:188} INFO - [2024-02-02T15:58:33.140+0000] {dag.py:3036} INFO - Sync 1 DAGs
[2024-02-02T15:58:33.149+0000] {logging_mixin.py:188} INFO - [2024-02-02T15:58:33.149+0000] {dag.py:3823} INFO - Setting next_dagrun for tutorial_objectstorage to None, run_after=None
[2024-02-02T15:58:33.161+0000] {processor.py:183} INFO - Processing /home/airflow/.local/lib/python3.8/site-packages/airflow/example_dags/tutorial_objectstorage.py took 0.049 seconds
[2024-02-02T15:59:03.349+0000] {processor.py:161} INFO - Started process (PID=328) to work on /home/airflow/.local/lib/python3.8/site-packages/airflow/example_dags/tutorial_objectstorage.py
[2024-02-02T15:59:03.349+0000] {processor.py:830} INFO - Processing file /home/airflow/.local/lib/python3.8/site-packages/airflow/example_dags/tutorial_objectstorage.py for tasks to queue
[2024-02-02T15:59:03.350+0000] {logging_mixin.py:188} INFO - [2024-02-02T15:59:03.350+0000] {dagbag.py:538} INFO - Filling up the DagBag from /home/airflow/.local/lib/python3.8/site-packages/airflow/example_dags/tutorial_objectstorage.py
[2024-02-02T15:59:03.353+0000] {processor.py:840} INFO - DAG(s) 'tutorial_objectstorage' retrieved from /home/airflow/.local/lib/python3.8/site-packages/airflow/example_dags/tutorial_objectstorage.py
[2024-02-02T15:59:03.376+0000] {logging_mixin.py:188} INFO - [2024-02-02T15:59:03.376+0000] {dag.py:3036} INFO - Sync 1 DAGs
[2024-02-02T15:59:03.384+0000] {logging_mixin.py:188} INFO - [2024-02-02T15:59:03.384+0000] {dag.py:3823} INFO - Setting next_dagrun for tutorial_objectstorage to None, run_after=None
[2024-02-02T15:59:03.399+0000] {processor.py:183} INFO - Processing /home/airflow/.local/lib/python3.8/site-packages/airflow/example_dags/tutorial_objectstorage.py took 0.052 seconds
[2024-02-02T15:59:33.565+0000] {processor.py:161} INFO - Started process (PID=387) to work on /home/airflow/.local/lib/python3.8/site-packages/airflow/example_dags/tutorial_objectstorage.py
[2024-02-02T15:59:33.565+0000] {processor.py:830} INFO - Processing file /home/airflow/.local/lib/python3.8/site-packages/airflow/example_dags/tutorial_objectstorage.py for tasks to queue
[2024-02-02T15:59:33.566+0000] {logging_mixin.py:188} INFO - [2024-02-02T15:59:33.566+0000] {dagbag.py:538} INFO - Filling up the DagBag from /home/airflow/.local/lib/python3.8/site-packages/airflow/example_dags/tutorial_objectstorage.py
[2024-02-02T15:59:33.569+0000] {processor.py:840} INFO - DAG(s) 'tutorial_objectstorage' retrieved from /home/airflow/.local/lib/python3.8/site-packages/airflow/example_dags/tutorial_objectstorage.py
[2024-02-02T15:59:33.591+0000] {logging_mixin.py:188} INFO - [2024-02-02T15:59:33.591+0000] {dag.py:3036} INFO - Sync 1 DAGs
[2024-02-02T15:59:33.600+0000] {logging_mixin.py:188} INFO - [2024-02-02T15:59:33.600+0000] {dag.py:3823} INFO - Setting next_dagrun for tutorial_objectstorage to None, run_after=None
[2024-02-02T15:59:33.617+0000] {processor.py:183} INFO - Processing /home/airflow/.local/lib/python3.8/site-packages/airflow/example_dags/tutorial_objectstorage.py took 0.054 seconds
[2024-02-02T16:00:03.805+0000] {processor.py:161} INFO - Started process (PID=446) to work on /home/airflow/.local/lib/python3.8/site-packages/airflow/example_dags/tutorial_objectstorage.py
[2024-02-02T16:00:03.805+0000] {processor.py:830} INFO - Processing file /home/airflow/.local/lib/python3.8/site-packages/airflow/example_dags/tutorial_objectstorage.py for tasks to queue
[2024-02-02T16:00:03.806+0000] {logging_mixin.py:188} INFO - [2024-02-02T16:00:03.806+0000] {dagbag.py:538} INFO - Filling up the DagBag from /home/airflow/.local/lib/python3.8/site-packages/airflow/example_dags/tutorial_objectstorage.py
[2024-02-02T16:00:03.809+0000] {processor.py:840} INFO - DAG(s) 'tutorial_objectstorage' retrieved from /home/airflow/.local/lib/python3.8/site-packages/airflow/example_dags/tutorial_objectstorage.py
[2024-02-02T16:00:03.830+0000] {logging_mixin.py:188} INFO - [2024-02-02T16:00:03.830+0000] {dag.py:3036} INFO - Sync 1 DAGs
[2024-02-02T16:00:03.839+0000] {logging_mixin.py:188} INFO - [2024-02-02T16:00:03.838+0000] {dag.py:3823} INFO - Setting next_dagrun for tutorial_objectstorage to None, run_after=None
[2024-02-02T16:00:03.854+0000] {processor.py:183} INFO - Processing /home/airflow/.local/lib/python3.8/site-packages/airflow/example_dags/tutorial_objectstorage.py took 0.051 seconds
[2024-02-02T16:00:34.088+0000] {processor.py:161} INFO - Started process (PID=505) to work on /home/airflow/.local/lib/python3.8/site-packages/airflow/example_dags/tutorial_objectstorage.py
[2024-02-02T16:00:34.089+0000] {processor.py:830} INFO - Processing file /home/airflow/.local/lib/python3.8/site-packages/airflow/example_dags/tutorial_objectstorage.py for tasks to queue
[2024-02-02T16:00:34.090+0000] {logging_mixin.py:188} INFO - [2024-02-02T16:00:34.090+0000] {dagbag.py:538} INFO - Filling up the DagBag from /home/airflow/.local/lib/python3.8/site-packages/airflow/example_dags/tutorial_objectstorage.py
[2024-02-02T16:00:34.093+0000] {processor.py:840} INFO - DAG(s) 'tutorial_objectstorage' retrieved from /home/airflow/.local/lib/python3.8/site-packages/airflow/example_dags/tutorial_objectstorage.py
[2024-02-02T16:00:34.117+0000] {logging_mixin.py:188} INFO - [2024-02-02T16:00:34.117+0000] {dag.py:3036} INFO - Sync 1 DAGs
[2024-02-02T16:00:34.126+0000] {logging_mixin.py:188} INFO - [2024-02-02T16:00:34.126+0000] {dag.py:3823} INFO - Setting next_dagrun for tutorial_objectstorage to None, run_after=None
[2024-02-02T16:00:34.141+0000] {processor.py:183} INFO - Processing /home/airflow/.local/lib/python3.8/site-packages/airflow/example_dags/tutorial_objectstorage.py took 0.054 seconds
[2024-02-02T16:01:04.345+0000] {processor.py:161} INFO - Started process (PID=564) to work on /home/airflow/.local/lib/python3.8/site-packages/airflow/example_dags/tutorial_objectstorage.py
[2024-02-02T16:01:04.345+0000] {processor.py:830} INFO - Processing file /home/airflow/.local/lib/python3.8/site-packages/airflow/example_dags/tutorial_objectstorage.py for tasks to queue
[2024-02-02T16:01:04.346+0000] {logging_mixin.py:188} INFO - [2024-02-02T16:01:04.346+0000] {dagbag.py:538} INFO - Filling up the DagBag from /home/airflow/.local/lib/python3.8/site-packages/airflow/example_dags/tutorial_objectstorage.py
[2024-02-02T16:01:04.349+0000] {processor.py:840} INFO - DAG(s) 'tutorial_objectstorage' retrieved from /home/airflow/.local/lib/python3.8/site-packages/airflow/example_dags/tutorial_objectstorage.py
[2024-02-02T16:01:04.371+0000] {logging_mixin.py:188} INFO - [2024-02-02T16:01:04.371+0000] {dag.py:3036} INFO - Sync 1 DAGs
[2024-02-02T16:01:04.379+0000] {logging_mixin.py:188} INFO - [2024-02-02T16:01:04.379+0000] {dag.py:3823} INFO - Setting next_dagrun for tutorial_objectstorage to None, run_after=None
[2024-02-02T16:01:04.392+0000] {processor.py:183} INFO - Processing /home/airflow/.local/lib/python3.8/site-packages/airflow/example_dags/tutorial_objectstorage.py took 0.049 seconds
[2024-02-02T16:01:34.699+0000] {processor.py:161} INFO - Started process (PID=623) to work on /home/airflow/.local/lib/python3.8/site-packages/airflow/example_dags/tutorial_objectstorage.py
[2024-02-02T16:01:34.699+0000] {processor.py:830} INFO - Processing file /home/airflow/.local/lib/python3.8/site-packages/airflow/example_dags/tutorial_objectstorage.py for tasks to queue
[2024-02-02T16:01:34.700+0000] {logging_mixin.py:188} INFO - [2024-02-02T16:01:34.700+0000] {dagbag.py:538} INFO - Filling up the DagBag from /home/airflow/.local/lib/python3.8/site-packages/airflow/example_dags/tutorial_objectstorage.py
[2024-02-02T16:01:34.703+0000] {processor.py:840} INFO - DAG(s) 'tutorial_objectstorage' retrieved from /home/airflow/.local/lib/python3.8/site-packages/airflow/example_dags/tutorial_objectstorage.py
[2024-02-02T16:01:34.725+0000] {logging_mixin.py:188} INFO - [2024-02-02T16:01:34.725+0000] {dag.py:3036} INFO - Sync 1 DAGs
[2024-02-02T16:01:34.733+0000] {logging_mixin.py:188} INFO - [2024-02-02T16:01:34.733+0000] {dag.py:3823} INFO - Setting next_dagrun for tutorial_objectstorage to None, run_after=None
[2024-02-02T16:01:34.746+0000] {processor.py:183} INFO - Processing /home/airflow/.local/lib/python3.8/site-packages/airflow/example_dags/tutorial_objectstorage.py took 0.048 seconds
[2024-02-02T16:02:04.862+0000] {processor.py:161} INFO - Started process (PID=682) to work on /home/airflow/.local/lib/python3.8/site-packages/airflow/example_dags/tutorial_objectstorage.py
[2024-02-02T16:02:04.862+0000] {processor.py:830} INFO - Processing file /home/airflow/.local/lib/python3.8/site-packages/airflow/example_dags/tutorial_objectstorage.py for tasks to queue
[2024-02-02T16:02:04.863+0000] {logging_mixin.py:188} INFO - [2024-02-02T16:02:04.863+0000] {dagbag.py:538} INFO - Filling up the DagBag from /home/airflow/.local/lib/python3.8/site-packages/airflow/example_dags/tutorial_objectstorage.py
[2024-02-02T16:02:04.866+0000] {processor.py:840} INFO - DAG(s) 'tutorial_objectstorage' retrieved from /home/airflow/.local/lib/python3.8/site-packages/airflow/example_dags/tutorial_objectstorage.py
[2024-02-02T16:02:04.888+0000] {logging_mixin.py:188} INFO - [2024-02-02T16:02:04.888+0000] {dag.py:3036} INFO - Sync 1 DAGs
[2024-02-02T16:02:04.896+0000] {logging_mixin.py:188} INFO - [2024-02-02T16:02:04.896+0000] {dag.py:3823} INFO - Setting next_dagrun for tutorial_objectstorage to None, run_after=None
[2024-02-02T16:02:04.913+0000] {processor.py:183} INFO - Processing /home/airflow/.local/lib/python3.8/site-packages/airflow/example_dags/tutorial_objectstorage.py took 0.053 seconds
[2024-02-02T16:02:35.839+0000] {processor.py:161} INFO - Started process (PID=741) to work on /home/airflow/.local/lib/python3.8/site-packages/airflow/example_dags/tutorial_objectstorage.py
[2024-02-02T16:02:35.839+0000] {processor.py:830} INFO - Processing file /home/airflow/.local/lib/python3.8/site-packages/airflow/example_dags/tutorial_objectstorage.py for tasks to queue
[2024-02-02T16:02:35.840+0000] {logging_mixin.py:188} INFO - [2024-02-02T16:02:35.840+0000] {dagbag.py:538} INFO - Filling up the DagBag from /home/airflow/.local/lib/python3.8/site-packages/airflow/example_dags/tutorial_objectstorage.py
[2024-02-02T16:02:35.843+0000] {processor.py:840} INFO - DAG(s) 'tutorial_objectstorage' retrieved from /home/airflow/.local/lib/python3.8/site-packages/airflow/example_dags/tutorial_objectstorage.py
[2024-02-02T16:02:35.864+0000] {logging_mixin.py:188} INFO - [2024-02-02T16:02:35.864+0000] {dag.py:3036} INFO - Sync 1 DAGs
[2024-02-02T16:02:35.872+0000] {logging_mixin.py:188} INFO - [2024-02-02T16:02:35.872+0000] {dag.py:3823} INFO - Setting next_dagrun for tutorial_objectstorage to None, run_after=None
[2024-02-02T16:02:35.885+0000] {processor.py:183} INFO - Processing /home/airflow/.local/lib/python3.8/site-packages/airflow/example_dags/tutorial_objectstorage.py took 0.047 seconds
[2024-02-02T16:03:05.957+0000] {processor.py:161} INFO - Started process (PID=798) to work on /home/airflow/.local/lib/python3.8/site-packages/airflow/example_dags/tutorial_objectstorage.py
[2024-02-02T16:03:05.958+0000] {processor.py:830} INFO - Processing file /home/airflow/.local/lib/python3.8/site-packages/airflow/example_dags/tutorial_objectstorage.py for tasks to queue
[2024-02-02T16:03:05.958+0000] {logging_mixin.py:188} INFO - [2024-02-02T16:03:05.958+0000] {dagbag.py:538} INFO - Filling up the DagBag from /home/airflow/.local/lib/python3.8/site-packages/airflow/example_dags/tutorial_objectstorage.py
[2024-02-02T16:03:05.962+0000] {processor.py:840} INFO - DAG(s) 'tutorial_objectstorage' retrieved from /home/airflow/.local/lib/python3.8/site-packages/airflow/example_dags/tutorial_objectstorage.py
[2024-02-02T16:03:05.983+0000] {logging_mixin.py:188} INFO - [2024-02-02T16:03:05.982+0000] {dag.py:3036} INFO - Sync 1 DAGs
[2024-02-02T16:03:05.991+0000] {logging_mixin.py:188} INFO - [2024-02-02T16:03:05.991+0000] {dag.py:3823} INFO - Setting next_dagrun for tutorial_objectstorage to None, run_after=None
[2024-02-02T16:03:06.003+0000] {processor.py:183} INFO - Processing /home/airflow/.local/lib/python3.8/site-packages/airflow/example_dags/tutorial_objectstorage.py took 0.047 seconds
[2024-02-02T16:03:35.544+0000] {processor.py:161} INFO - Started process (PID=86) to work on /home/airflow/.local/lib/python3.8/site-packages/airflow/example_dags/tutorial_objectstorage.py
[2024-02-02T16:03:35.544+0000] {processor.py:830} INFO - Processing file /home/airflow/.local/lib/python3.8/site-packages/airflow/example_dags/tutorial_objectstorage.py for tasks to queue
[2024-02-02T16:03:35.545+0000] {logging_mixin.py:188} INFO - [2024-02-02T16:03:35.545+0000] {dagbag.py:538} INFO - Filling up the DagBag from /home/airflow/.local/lib/python3.8/site-packages/airflow/example_dags/tutorial_objectstorage.py
[2024-02-02T16:03:35.549+0000] {processor.py:840} INFO - DAG(s) 'tutorial_objectstorage' retrieved from /home/airflow/.local/lib/python3.8/site-packages/airflow/example_dags/tutorial_objectstorage.py
[2024-02-02T16:03:35.572+0000] {logging_mixin.py:188} INFO - [2024-02-02T16:03:35.572+0000] {dag.py:3036} INFO - Sync 1 DAGs
[2024-02-02T16:03:35.581+0000] {logging_mixin.py:188} INFO - [2024-02-02T16:03:35.581+0000] {dag.py:3823} INFO - Setting next_dagrun for tutorial_objectstorage to None, run_after=None
[2024-02-02T16:03:35.594+0000] {processor.py:183} INFO - Processing /home/airflow/.local/lib/python3.8/site-packages/airflow/example_dags/tutorial_objectstorage.py took 0.052 seconds
[2024-02-02T16:04:05.764+0000] {processor.py:161} INFO - Started process (PID=143) to work on /home/airflow/.local/lib/python3.8/site-packages/airflow/example_dags/tutorial_objectstorage.py
[2024-02-02T16:04:05.765+0000] {processor.py:830} INFO - Processing file /home/airflow/.local/lib/python3.8/site-packages/airflow/example_dags/tutorial_objectstorage.py for tasks to queue
[2024-02-02T16:04:05.766+0000] {logging_mixin.py:188} INFO - [2024-02-02T16:04:05.766+0000] {dagbag.py:538} INFO - Filling up the DagBag from /home/airflow/.local/lib/python3.8/site-packages/airflow/example_dags/tutorial_objectstorage.py
[2024-02-02T16:04:05.769+0000] {processor.py:840} INFO - DAG(s) 'tutorial_objectstorage' retrieved from /home/airflow/.local/lib/python3.8/site-packages/airflow/example_dags/tutorial_objectstorage.py
[2024-02-02T16:04:05.791+0000] {logging_mixin.py:188} INFO - [2024-02-02T16:04:05.791+0000] {dag.py:3036} INFO - Sync 1 DAGs
[2024-02-02T16:04:05.800+0000] {logging_mixin.py:188} INFO - [2024-02-02T16:04:05.800+0000] {dag.py:3823} INFO - Setting next_dagrun for tutorial_objectstorage to None, run_after=None
[2024-02-02T16:04:05.820+0000] {processor.py:183} INFO - Processing /home/airflow/.local/lib/python3.8/site-packages/airflow/example_dags/tutorial_objectstorage.py took 0.058 seconds
[2024-02-02T16:04:36.108+0000] {processor.py:161} INFO - Started process (PID=202) to work on /home/airflow/.local/lib/python3.8/site-packages/airflow/example_dags/tutorial_objectstorage.py
[2024-02-02T16:04:36.109+0000] {processor.py:830} INFO - Processing file /home/airflow/.local/lib/python3.8/site-packages/airflow/example_dags/tutorial_objectstorage.py for tasks to queue
[2024-02-02T16:04:36.109+0000] {logging_mixin.py:188} INFO - [2024-02-02T16:04:36.109+0000] {dagbag.py:538} INFO - Filling up the DagBag from /home/airflow/.local/lib/python3.8/site-packages/airflow/example_dags/tutorial_objectstorage.py
[2024-02-02T16:04:36.113+0000] {processor.py:840} INFO - DAG(s) 'tutorial_objectstorage' retrieved from /home/airflow/.local/lib/python3.8/site-packages/airflow/example_dags/tutorial_objectstorage.py
[2024-02-02T16:04:36.135+0000] {logging_mixin.py:188} INFO - [2024-02-02T16:04:36.134+0000] {dag.py:3036} INFO - Sync 1 DAGs
[2024-02-02T16:04:36.144+0000] {logging_mixin.py:188} INFO - [2024-02-02T16:04:36.144+0000] {dag.py:3823} INFO - Setting next_dagrun for tutorial_objectstorage to None, run_after=None
[2024-02-02T16:04:36.161+0000] {processor.py:183} INFO - Processing /home/airflow/.local/lib/python3.8/site-packages/airflow/example_dags/tutorial_objectstorage.py took 0.055 seconds
[2024-02-02T16:05:01.646+0000] {processor.py:161} INFO - Started process (PID=86) to work on /home/airflow/.local/lib/python3.8/site-packages/airflow/example_dags/tutorial_objectstorage.py
[2024-02-02T16:05:01.647+0000] {processor.py:830} INFO - Processing file /home/airflow/.local/lib/python3.8/site-packages/airflow/example_dags/tutorial_objectstorage.py for tasks to queue
[2024-02-02T16:05:01.648+0000] {logging_mixin.py:188} INFO - [2024-02-02T16:05:01.648+0000] {dagbag.py:538} INFO - Filling up the DagBag from /home/airflow/.local/lib/python3.8/site-packages/airflow/example_dags/tutorial_objectstorage.py
[2024-02-02T16:05:01.652+0000] {processor.py:840} INFO - DAG(s) 'tutorial_objectstorage' retrieved from /home/airflow/.local/lib/python3.8/site-packages/airflow/example_dags/tutorial_objectstorage.py
[2024-02-02T16:05:01.675+0000] {logging_mixin.py:188} INFO - [2024-02-02T16:05:01.675+0000] {dag.py:3036} INFO - Sync 1 DAGs
[2024-02-02T16:05:01.684+0000] {logging_mixin.py:188} INFO - [2024-02-02T16:05:01.684+0000] {dag.py:3823} INFO - Setting next_dagrun for tutorial_objectstorage to None, run_after=None
[2024-02-02T16:05:01.697+0000] {processor.py:183} INFO - Processing /home/airflow/.local/lib/python3.8/site-packages/airflow/example_dags/tutorial_objectstorage.py took 0.052 seconds
[2024-02-02T16:05:32.186+0000] {processor.py:161} INFO - Started process (PID=145) to work on /home/airflow/.local/lib/python3.8/site-packages/airflow/example_dags/tutorial_objectstorage.py
[2024-02-02T16:05:32.186+0000] {processor.py:830} INFO - Processing file /home/airflow/.local/lib/python3.8/site-packages/airflow/example_dags/tutorial_objectstorage.py for tasks to queue
[2024-02-02T16:05:32.187+0000] {logging_mixin.py:188} INFO - [2024-02-02T16:05:32.187+0000] {dagbag.py:538} INFO - Filling up the DagBag from /home/airflow/.local/lib/python3.8/site-packages/airflow/example_dags/tutorial_objectstorage.py
[2024-02-02T16:05:32.191+0000] {processor.py:840} INFO - DAG(s) 'tutorial_objectstorage' retrieved from /home/airflow/.local/lib/python3.8/site-packages/airflow/example_dags/tutorial_objectstorage.py
[2024-02-02T16:05:32.213+0000] {logging_mixin.py:188} INFO - [2024-02-02T16:05:32.213+0000] {dag.py:3036} INFO - Sync 1 DAGs
[2024-02-02T16:05:32.223+0000] {logging_mixin.py:188} INFO - [2024-02-02T16:05:32.223+0000] {dag.py:3823} INFO - Setting next_dagrun for tutorial_objectstorage to None, run_after=None
[2024-02-02T16:05:32.238+0000] {processor.py:183} INFO - Processing /home/airflow/.local/lib/python3.8/site-packages/airflow/example_dags/tutorial_objectstorage.py took 0.054 seconds
[2024-02-02T16:06:02.300+0000] {processor.py:161} INFO - Started process (PID=202) to work on /home/airflow/.local/lib/python3.8/site-packages/airflow/example_dags/tutorial_objectstorage.py
[2024-02-02T16:06:02.301+0000] {processor.py:830} INFO - Processing file /home/airflow/.local/lib/python3.8/site-packages/airflow/example_dags/tutorial_objectstorage.py for tasks to queue
[2024-02-02T16:06:02.301+0000] {logging_mixin.py:188} INFO - [2024-02-02T16:06:02.301+0000] {dagbag.py:538} INFO - Filling up the DagBag from /home/airflow/.local/lib/python3.8/site-packages/airflow/example_dags/tutorial_objectstorage.py
[2024-02-02T16:06:02.304+0000] {processor.py:840} INFO - DAG(s) 'tutorial_objectstorage' retrieved from /home/airflow/.local/lib/python3.8/site-packages/airflow/example_dags/tutorial_objectstorage.py
[2024-02-02T16:06:02.326+0000] {logging_mixin.py:188} INFO - [2024-02-02T16:06:02.326+0000] {dag.py:3036} INFO - Sync 1 DAGs
[2024-02-02T16:06:02.334+0000] {logging_mixin.py:188} INFO - [2024-02-02T16:06:02.333+0000] {dag.py:3823} INFO - Setting next_dagrun for tutorial_objectstorage to None, run_after=None
[2024-02-02T16:06:02.349+0000] {processor.py:183} INFO - Processing /home/airflow/.local/lib/python3.8/site-packages/airflow/example_dags/tutorial_objectstorage.py took 0.051 seconds
[2024-02-02T16:06:32.402+0000] {processor.py:161} INFO - Started process (PID=261) to work on /home/airflow/.local/lib/python3.8/site-packages/airflow/example_dags/tutorial_objectstorage.py
[2024-02-02T16:06:32.403+0000] {processor.py:830} INFO - Processing file /home/airflow/.local/lib/python3.8/site-packages/airflow/example_dags/tutorial_objectstorage.py for tasks to queue
[2024-02-02T16:06:32.404+0000] {logging_mixin.py:188} INFO - [2024-02-02T16:06:32.404+0000] {dagbag.py:538} INFO - Filling up the DagBag from /home/airflow/.local/lib/python3.8/site-packages/airflow/example_dags/tutorial_objectstorage.py
[2024-02-02T16:06:32.407+0000] {processor.py:840} INFO - DAG(s) 'tutorial_objectstorage' retrieved from /home/airflow/.local/lib/python3.8/site-packages/airflow/example_dags/tutorial_objectstorage.py
[2024-02-02T16:06:32.428+0000] {logging_mixin.py:188} INFO - [2024-02-02T16:06:32.428+0000] {dag.py:3036} INFO - Sync 1 DAGs
[2024-02-02T16:06:32.436+0000] {logging_mixin.py:188} INFO - [2024-02-02T16:06:32.436+0000] {dag.py:3823} INFO - Setting next_dagrun for tutorial_objectstorage to None, run_after=None
[2024-02-02T16:06:32.452+0000] {processor.py:183} INFO - Processing /home/airflow/.local/lib/python3.8/site-packages/airflow/example_dags/tutorial_objectstorage.py took 0.051 seconds
[2024-02-02T16:07:06.399+0000] {processor.py:161} INFO - Started process (PID=86) to work on /home/airflow/.local/lib/python3.8/site-packages/airflow/example_dags/tutorial_objectstorage.py
[2024-02-02T16:07:06.399+0000] {processor.py:830} INFO - Processing file /home/airflow/.local/lib/python3.8/site-packages/airflow/example_dags/tutorial_objectstorage.py for tasks to queue
[2024-02-02T16:07:06.400+0000] {logging_mixin.py:188} INFO - [2024-02-02T16:07:06.400+0000] {dagbag.py:538} INFO - Filling up the DagBag from /home/airflow/.local/lib/python3.8/site-packages/airflow/example_dags/tutorial_objectstorage.py
[2024-02-02T16:07:06.404+0000] {processor.py:840} INFO - DAG(s) 'tutorial_objectstorage' retrieved from /home/airflow/.local/lib/python3.8/site-packages/airflow/example_dags/tutorial_objectstorage.py
[2024-02-02T16:07:06.426+0000] {logging_mixin.py:188} INFO - [2024-02-02T16:07:06.426+0000] {dag.py:3036} INFO - Sync 1 DAGs
[2024-02-02T16:07:06.435+0000] {logging_mixin.py:188} INFO - [2024-02-02T16:07:06.435+0000] {dag.py:3823} INFO - Setting next_dagrun for tutorial_objectstorage to None, run_after=None
[2024-02-02T16:07:06.447+0000] {processor.py:183} INFO - Processing /home/airflow/.local/lib/python3.8/site-packages/airflow/example_dags/tutorial_objectstorage.py took 0.050 seconds
[2024-02-02T16:07:36.851+0000] {processor.py:161} INFO - Started process (PID=145) to work on /home/airflow/.local/lib/python3.8/site-packages/airflow/example_dags/tutorial_objectstorage.py
[2024-02-02T16:07:36.852+0000] {processor.py:830} INFO - Processing file /home/airflow/.local/lib/python3.8/site-packages/airflow/example_dags/tutorial_objectstorage.py for tasks to queue
[2024-02-02T16:07:36.853+0000] {logging_mixin.py:188} INFO - [2024-02-02T16:07:36.853+0000] {dagbag.py:538} INFO - Filling up the DagBag from /home/airflow/.local/lib/python3.8/site-packages/airflow/example_dags/tutorial_objectstorage.py
[2024-02-02T16:07:36.856+0000] {processor.py:840} INFO - DAG(s) 'tutorial_objectstorage' retrieved from /home/airflow/.local/lib/python3.8/site-packages/airflow/example_dags/tutorial_objectstorage.py
[2024-02-02T16:07:36.877+0000] {logging_mixin.py:188} INFO - [2024-02-02T16:07:36.876+0000] {dag.py:3036} INFO - Sync 1 DAGs
[2024-02-02T16:07:36.885+0000] {logging_mixin.py:188} INFO - [2024-02-02T16:07:36.885+0000] {dag.py:3823} INFO - Setting next_dagrun for tutorial_objectstorage to None, run_after=None
[2024-02-02T16:07:36.898+0000] {processor.py:183} INFO - Processing /home/airflow/.local/lib/python3.8/site-packages/airflow/example_dags/tutorial_objectstorage.py took 0.048 seconds
[2024-02-02T16:08:06.934+0000] {processor.py:161} INFO - Started process (PID=202) to work on /home/airflow/.local/lib/python3.8/site-packages/airflow/example_dags/tutorial_objectstorage.py
[2024-02-02T16:08:06.934+0000] {processor.py:830} INFO - Processing file /home/airflow/.local/lib/python3.8/site-packages/airflow/example_dags/tutorial_objectstorage.py for tasks to queue
[2024-02-02T16:08:06.935+0000] {logging_mixin.py:188} INFO - [2024-02-02T16:08:06.935+0000] {dagbag.py:538} INFO - Filling up the DagBag from /home/airflow/.local/lib/python3.8/site-packages/airflow/example_dags/tutorial_objectstorage.py
[2024-02-02T16:08:06.938+0000] {processor.py:840} INFO - DAG(s) 'tutorial_objectstorage' retrieved from /home/airflow/.local/lib/python3.8/site-packages/airflow/example_dags/tutorial_objectstorage.py
[2024-02-02T16:08:06.959+0000] {logging_mixin.py:188} INFO - [2024-02-02T16:08:06.958+0000] {dag.py:3036} INFO - Sync 1 DAGs
[2024-02-02T16:08:06.967+0000] {logging_mixin.py:188} INFO - [2024-02-02T16:08:06.967+0000] {dag.py:3823} INFO - Setting next_dagrun for tutorial_objectstorage to None, run_after=None
[2024-02-02T16:08:06.979+0000] {processor.py:183} INFO - Processing /home/airflow/.local/lib/python3.8/site-packages/airflow/example_dags/tutorial_objectstorage.py took 0.046 seconds
[2024-02-02T16:08:37.067+0000] {processor.py:161} INFO - Started process (PID=261) to work on /home/airflow/.local/lib/python3.8/site-packages/airflow/example_dags/tutorial_objectstorage.py
[2024-02-02T16:08:37.068+0000] {processor.py:830} INFO - Processing file /home/airflow/.local/lib/python3.8/site-packages/airflow/example_dags/tutorial_objectstorage.py for tasks to queue
[2024-02-02T16:08:37.068+0000] {logging_mixin.py:188} INFO - [2024-02-02T16:08:37.068+0000] {dagbag.py:538} INFO - Filling up the DagBag from /home/airflow/.local/lib/python3.8/site-packages/airflow/example_dags/tutorial_objectstorage.py
[2024-02-02T16:08:37.071+0000] {processor.py:840} INFO - DAG(s) 'tutorial_objectstorage' retrieved from /home/airflow/.local/lib/python3.8/site-packages/airflow/example_dags/tutorial_objectstorage.py
[2024-02-02T16:08:37.092+0000] {logging_mixin.py:188} INFO - [2024-02-02T16:08:37.092+0000] {dag.py:3036} INFO - Sync 1 DAGs
[2024-02-02T16:08:37.100+0000] {logging_mixin.py:188} INFO - [2024-02-02T16:08:37.100+0000] {dag.py:3823} INFO - Setting next_dagrun for tutorial_objectstorage to None, run_after=None
[2024-02-02T16:08:37.115+0000] {processor.py:183} INFO - Processing /home/airflow/.local/lib/python3.8/site-packages/airflow/example_dags/tutorial_objectstorage.py took 0.049 seconds
[2024-02-02T16:09:22.483+0000] {processor.py:161} INFO - Started process (PID=86) to work on /home/airflow/.local/lib/python3.8/site-packages/airflow/example_dags/tutorial_objectstorage.py
[2024-02-02T16:09:22.483+0000] {processor.py:830} INFO - Processing file /home/airflow/.local/lib/python3.8/site-packages/airflow/example_dags/tutorial_objectstorage.py for tasks to queue
[2024-02-02T16:09:22.484+0000] {logging_mixin.py:188} INFO - [2024-02-02T16:09:22.484+0000] {dagbag.py:538} INFO - Filling up the DagBag from /home/airflow/.local/lib/python3.8/site-packages/airflow/example_dags/tutorial_objectstorage.py
[2024-02-02T16:09:22.487+0000] {processor.py:840} INFO - DAG(s) 'tutorial_objectstorage' retrieved from /home/airflow/.local/lib/python3.8/site-packages/airflow/example_dags/tutorial_objectstorage.py
[2024-02-02T16:09:22.509+0000] {logging_mixin.py:188} INFO - [2024-02-02T16:09:22.508+0000] {dag.py:3036} INFO - Sync 1 DAGs
[2024-02-02T16:09:22.517+0000] {logging_mixin.py:188} INFO - [2024-02-02T16:09:22.517+0000] {dag.py:3823} INFO - Setting next_dagrun for tutorial_objectstorage to None, run_after=None
[2024-02-02T16:09:22.529+0000] {processor.py:183} INFO - Processing /home/airflow/.local/lib/python3.8/site-packages/airflow/example_dags/tutorial_objectstorage.py took 0.048 seconds
[2024-02-02T16:09:52.824+0000] {processor.py:161} INFO - Started process (PID=143) to work on /home/airflow/.local/lib/python3.8/site-packages/airflow/example_dags/tutorial_objectstorage.py
[2024-02-02T16:09:52.824+0000] {processor.py:830} INFO - Processing file /home/airflow/.local/lib/python3.8/site-packages/airflow/example_dags/tutorial_objectstorage.py for tasks to queue
[2024-02-02T16:09:52.825+0000] {logging_mixin.py:188} INFO - [2024-02-02T16:09:52.825+0000] {dagbag.py:538} INFO - Filling up the DagBag from /home/airflow/.local/lib/python3.8/site-packages/airflow/example_dags/tutorial_objectstorage.py
[2024-02-02T16:09:52.829+0000] {processor.py:840} INFO - DAG(s) 'tutorial_objectstorage' retrieved from /home/airflow/.local/lib/python3.8/site-packages/airflow/example_dags/tutorial_objectstorage.py
[2024-02-02T16:09:52.851+0000] {logging_mixin.py:188} INFO - [2024-02-02T16:09:52.851+0000] {dag.py:3036} INFO - Sync 1 DAGs
[2024-02-02T16:09:52.861+0000] {logging_mixin.py:188} INFO - [2024-02-02T16:09:52.861+0000] {dag.py:3823} INFO - Setting next_dagrun for tutorial_objectstorage to None, run_after=None
[2024-02-02T16:09:52.879+0000] {processor.py:183} INFO - Processing /home/airflow/.local/lib/python3.8/site-packages/airflow/example_dags/tutorial_objectstorage.py took 0.057 seconds
[2024-02-02T16:10:22.946+0000] {processor.py:161} INFO - Started process (PID=202) to work on /home/airflow/.local/lib/python3.8/site-packages/airflow/example_dags/tutorial_objectstorage.py
[2024-02-02T16:10:22.946+0000] {processor.py:830} INFO - Processing file /home/airflow/.local/lib/python3.8/site-packages/airflow/example_dags/tutorial_objectstorage.py for tasks to queue
[2024-02-02T16:10:22.947+0000] {logging_mixin.py:188} INFO - [2024-02-02T16:10:22.947+0000] {dagbag.py:538} INFO - Filling up the DagBag from /home/airflow/.local/lib/python3.8/site-packages/airflow/example_dags/tutorial_objectstorage.py
[2024-02-02T16:10:22.951+0000] {processor.py:840} INFO - DAG(s) 'tutorial_objectstorage' retrieved from /home/airflow/.local/lib/python3.8/site-packages/airflow/example_dags/tutorial_objectstorage.py
[2024-02-02T16:10:22.972+0000] {logging_mixin.py:188} INFO - [2024-02-02T16:10:22.972+0000] {dag.py:3036} INFO - Sync 1 DAGs
[2024-02-02T16:10:22.980+0000] {logging_mixin.py:188} INFO - [2024-02-02T16:10:22.980+0000] {dag.py:3823} INFO - Setting next_dagrun for tutorial_objectstorage to None, run_after=None
[2024-02-02T16:10:22.993+0000] {processor.py:183} INFO - Processing /home/airflow/.local/lib/python3.8/site-packages/airflow/example_dags/tutorial_objectstorage.py took 0.049 seconds
[2024-02-02T16:10:53.102+0000] {processor.py:161} INFO - Started process (PID=261) to work on /home/airflow/.local/lib/python3.8/site-packages/airflow/example_dags/tutorial_objectstorage.py
[2024-02-02T16:10:53.103+0000] {processor.py:830} INFO - Processing file /home/airflow/.local/lib/python3.8/site-packages/airflow/example_dags/tutorial_objectstorage.py for tasks to queue
[2024-02-02T16:10:53.103+0000] {logging_mixin.py:188} INFO - [2024-02-02T16:10:53.103+0000] {dagbag.py:538} INFO - Filling up the DagBag from /home/airflow/.local/lib/python3.8/site-packages/airflow/example_dags/tutorial_objectstorage.py
[2024-02-02T16:10:53.107+0000] {processor.py:840} INFO - DAG(s) 'tutorial_objectstorage' retrieved from /home/airflow/.local/lib/python3.8/site-packages/airflow/example_dags/tutorial_objectstorage.py
[2024-02-02T16:10:53.127+0000] {logging_mixin.py:188} INFO - [2024-02-02T16:10:53.127+0000] {dag.py:3036} INFO - Sync 1 DAGs
[2024-02-02T16:10:53.135+0000] {logging_mixin.py:188} INFO - [2024-02-02T16:10:53.135+0000] {dag.py:3823} INFO - Setting next_dagrun for tutorial_objectstorage to None, run_after=None
[2024-02-02T16:10:53.150+0000] {processor.py:183} INFO - Processing /home/airflow/.local/lib/python3.8/site-packages/airflow/example_dags/tutorial_objectstorage.py took 0.049 seconds
[2024-02-02T16:12:00.428+0000] {processor.py:161} INFO - Started process (PID=86) to work on /home/airflow/.local/lib/python3.8/site-packages/airflow/example_dags/tutorial_objectstorage.py
[2024-02-02T16:12:00.429+0000] {processor.py:830} INFO - Processing file /home/airflow/.local/lib/python3.8/site-packages/airflow/example_dags/tutorial_objectstorage.py for tasks to queue
[2024-02-02T16:12:00.430+0000] {logging_mixin.py:188} INFO - [2024-02-02T16:12:00.429+0000] {dagbag.py:538} INFO - Filling up the DagBag from /home/airflow/.local/lib/python3.8/site-packages/airflow/example_dags/tutorial_objectstorage.py
[2024-02-02T16:12:00.434+0000] {processor.py:840} INFO - DAG(s) 'tutorial_objectstorage' retrieved from /home/airflow/.local/lib/python3.8/site-packages/airflow/example_dags/tutorial_objectstorage.py
[2024-02-02T16:12:00.456+0000] {logging_mixin.py:188} INFO - [2024-02-02T16:12:00.456+0000] {dag.py:3036} INFO - Sync 1 DAGs
[2024-02-02T16:12:00.464+0000] {logging_mixin.py:188} INFO - [2024-02-02T16:12:00.464+0000] {dag.py:3823} INFO - Setting next_dagrun for tutorial_objectstorage to None, run_after=None
[2024-02-02T16:12:00.476+0000] {processor.py:183} INFO - Processing /home/airflow/.local/lib/python3.8/site-packages/airflow/example_dags/tutorial_objectstorage.py took 0.050 seconds
[2024-02-02T16:12:30.909+0000] {processor.py:161} INFO - Started process (PID=145) to work on /home/airflow/.local/lib/python3.8/site-packages/airflow/example_dags/tutorial_objectstorage.py
[2024-02-02T16:12:30.909+0000] {processor.py:830} INFO - Processing file /home/airflow/.local/lib/python3.8/site-packages/airflow/example_dags/tutorial_objectstorage.py for tasks to queue
[2024-02-02T16:12:30.910+0000] {logging_mixin.py:188} INFO - [2024-02-02T16:12:30.910+0000] {dagbag.py:538} INFO - Filling up the DagBag from /home/airflow/.local/lib/python3.8/site-packages/airflow/example_dags/tutorial_objectstorage.py
[2024-02-02T16:12:30.913+0000] {processor.py:840} INFO - DAG(s) 'tutorial_objectstorage' retrieved from /home/airflow/.local/lib/python3.8/site-packages/airflow/example_dags/tutorial_objectstorage.py
[2024-02-02T16:12:30.935+0000] {logging_mixin.py:188} INFO - [2024-02-02T16:12:30.934+0000] {dag.py:3036} INFO - Sync 1 DAGs
[2024-02-02T16:12:30.943+0000] {logging_mixin.py:188} INFO - [2024-02-02T16:12:30.943+0000] {dag.py:3823} INFO - Setting next_dagrun for tutorial_objectstorage to None, run_after=None
[2024-02-02T16:12:30.958+0000] {processor.py:183} INFO - Processing /home/airflow/.local/lib/python3.8/site-packages/airflow/example_dags/tutorial_objectstorage.py took 0.051 seconds
[2024-02-02T16:13:00.992+0000] {processor.py:161} INFO - Started process (PID=202) to work on /home/airflow/.local/lib/python3.8/site-packages/airflow/example_dags/tutorial_objectstorage.py
[2024-02-02T16:13:00.993+0000] {processor.py:830} INFO - Processing file /home/airflow/.local/lib/python3.8/site-packages/airflow/example_dags/tutorial_objectstorage.py for tasks to queue
[2024-02-02T16:13:00.994+0000] {logging_mixin.py:188} INFO - [2024-02-02T16:13:00.994+0000] {dagbag.py:538} INFO - Filling up the DagBag from /home/airflow/.local/lib/python3.8/site-packages/airflow/example_dags/tutorial_objectstorage.py
[2024-02-02T16:13:00.997+0000] {processor.py:840} INFO - DAG(s) 'tutorial_objectstorage' retrieved from /home/airflow/.local/lib/python3.8/site-packages/airflow/example_dags/tutorial_objectstorage.py
[2024-02-02T16:13:01.020+0000] {logging_mixin.py:188} INFO - [2024-02-02T16:13:01.020+0000] {dag.py:3036} INFO - Sync 1 DAGs
[2024-02-02T16:13:01.028+0000] {logging_mixin.py:188} INFO - [2024-02-02T16:13:01.028+0000] {dag.py:3823} INFO - Setting next_dagrun for tutorial_objectstorage to None, run_after=None
[2024-02-02T16:13:01.041+0000] {processor.py:183} INFO - Processing /home/airflow/.local/lib/python3.8/site-packages/airflow/example_dags/tutorial_objectstorage.py took 0.050 seconds
[2024-02-02T16:14:09.104+0000] {processor.py:161} INFO - Started process (PID=86) to work on /home/airflow/.local/lib/python3.8/site-packages/airflow/example_dags/tutorial_objectstorage.py
[2024-02-02T16:14:09.104+0000] {processor.py:830} INFO - Processing file /home/airflow/.local/lib/python3.8/site-packages/airflow/example_dags/tutorial_objectstorage.py for tasks to queue
[2024-02-02T16:14:09.105+0000] {logging_mixin.py:188} INFO - [2024-02-02T16:14:09.105+0000] {dagbag.py:538} INFO - Filling up the DagBag from /home/airflow/.local/lib/python3.8/site-packages/airflow/example_dags/tutorial_objectstorage.py
[2024-02-02T16:14:09.110+0000] {processor.py:840} INFO - DAG(s) 'tutorial_objectstorage' retrieved from /home/airflow/.local/lib/python3.8/site-packages/airflow/example_dags/tutorial_objectstorage.py
[2024-02-02T16:14:09.140+0000] {logging_mixin.py:188} INFO - [2024-02-02T16:14:09.140+0000] {dag.py:3036} INFO - Sync 1 DAGs
[2024-02-02T16:14:09.151+0000] {logging_mixin.py:188} INFO - [2024-02-02T16:14:09.151+0000] {dag.py:3823} INFO - Setting next_dagrun for tutorial_objectstorage to None, run_after=None
[2024-02-02T16:14:09.171+0000] {processor.py:183} INFO - Processing /home/airflow/.local/lib/python3.8/site-packages/airflow/example_dags/tutorial_objectstorage.py took 0.069 seconds
[2024-02-02T16:14:39.477+0000] {processor.py:161} INFO - Started process (PID=145) to work on /home/airflow/.local/lib/python3.8/site-packages/airflow/example_dags/tutorial_objectstorage.py
[2024-02-02T16:14:39.477+0000] {processor.py:830} INFO - Processing file /home/airflow/.local/lib/python3.8/site-packages/airflow/example_dags/tutorial_objectstorage.py for tasks to queue
[2024-02-02T16:14:39.478+0000] {logging_mixin.py:188} INFO - [2024-02-02T16:14:39.478+0000] {dagbag.py:538} INFO - Filling up the DagBag from /home/airflow/.local/lib/python3.8/site-packages/airflow/example_dags/tutorial_objectstorage.py
[2024-02-02T16:14:39.481+0000] {processor.py:840} INFO - DAG(s) 'tutorial_objectstorage' retrieved from /home/airflow/.local/lib/python3.8/site-packages/airflow/example_dags/tutorial_objectstorage.py
[2024-02-02T16:14:39.502+0000] {logging_mixin.py:188} INFO - [2024-02-02T16:14:39.502+0000] {dag.py:3036} INFO - Sync 1 DAGs
[2024-02-02T16:14:39.510+0000] {logging_mixin.py:188} INFO - [2024-02-02T16:14:39.510+0000] {dag.py:3823} INFO - Setting next_dagrun for tutorial_objectstorage to None, run_after=None
[2024-02-02T16:14:39.522+0000] {processor.py:183} INFO - Processing /home/airflow/.local/lib/python3.8/site-packages/airflow/example_dags/tutorial_objectstorage.py took 0.046 seconds
[2024-02-02T16:15:09.536+0000] {processor.py:161} INFO - Started process (PID=202) to work on /home/airflow/.local/lib/python3.8/site-packages/airflow/example_dags/tutorial_objectstorage.py
[2024-02-02T16:15:09.537+0000] {processor.py:830} INFO - Processing file /home/airflow/.local/lib/python3.8/site-packages/airflow/example_dags/tutorial_objectstorage.py for tasks to queue
[2024-02-02T16:15:09.538+0000] {logging_mixin.py:188} INFO - [2024-02-02T16:15:09.538+0000] {dagbag.py:538} INFO - Filling up the DagBag from /home/airflow/.local/lib/python3.8/site-packages/airflow/example_dags/tutorial_objectstorage.py
[2024-02-02T16:15:09.541+0000] {processor.py:840} INFO - DAG(s) 'tutorial_objectstorage' retrieved from /home/airflow/.local/lib/python3.8/site-packages/airflow/example_dags/tutorial_objectstorage.py
[2024-02-02T16:15:09.561+0000] {logging_mixin.py:188} INFO - [2024-02-02T16:15:09.561+0000] {dag.py:3036} INFO - Sync 1 DAGs
[2024-02-02T16:15:09.568+0000] {logging_mixin.py:188} INFO - [2024-02-02T16:15:09.568+0000] {dag.py:3823} INFO - Setting next_dagrun for tutorial_objectstorage to None, run_after=None
[2024-02-02T16:15:09.585+0000] {processor.py:183} INFO - Processing /home/airflow/.local/lib/python3.8/site-packages/airflow/example_dags/tutorial_objectstorage.py took 0.050 seconds
[2024-02-02T16:15:39.831+0000] {processor.py:161} INFO - Started process (PID=261) to work on /home/airflow/.local/lib/python3.8/site-packages/airflow/example_dags/tutorial_objectstorage.py
[2024-02-02T16:15:39.831+0000] {processor.py:830} INFO - Processing file /home/airflow/.local/lib/python3.8/site-packages/airflow/example_dags/tutorial_objectstorage.py for tasks to queue
[2024-02-02T16:15:39.832+0000] {logging_mixin.py:188} INFO - [2024-02-02T16:15:39.832+0000] {dagbag.py:538} INFO - Filling up the DagBag from /home/airflow/.local/lib/python3.8/site-packages/airflow/example_dags/tutorial_objectstorage.py
[2024-02-02T16:15:39.835+0000] {processor.py:840} INFO - DAG(s) 'tutorial_objectstorage' retrieved from /home/airflow/.local/lib/python3.8/site-packages/airflow/example_dags/tutorial_objectstorage.py
[2024-02-02T16:15:39.855+0000] {logging_mixin.py:188} INFO - [2024-02-02T16:15:39.855+0000] {dag.py:3036} INFO - Sync 1 DAGs
[2024-02-02T16:15:39.863+0000] {logging_mixin.py:188} INFO - [2024-02-02T16:15:39.863+0000] {dag.py:3823} INFO - Setting next_dagrun for tutorial_objectstorage to None, run_after=None
[2024-02-02T16:15:39.878+0000] {processor.py:183} INFO - Processing /home/airflow/.local/lib/python3.8/site-packages/airflow/example_dags/tutorial_objectstorage.py took 0.049 seconds
[2024-02-02T16:16:09.977+0000] {processor.py:161} INFO - Started process (PID=320) to work on /home/airflow/.local/lib/python3.8/site-packages/airflow/example_dags/tutorial_objectstorage.py
[2024-02-02T16:16:09.978+0000] {processor.py:830} INFO - Processing file /home/airflow/.local/lib/python3.8/site-packages/airflow/example_dags/tutorial_objectstorage.py for tasks to queue
[2024-02-02T16:16:09.979+0000] {logging_mixin.py:188} INFO - [2024-02-02T16:16:09.979+0000] {dagbag.py:538} INFO - Filling up the DagBag from /home/airflow/.local/lib/python3.8/site-packages/airflow/example_dags/tutorial_objectstorage.py
[2024-02-02T16:16:09.982+0000] {processor.py:840} INFO - DAG(s) 'tutorial_objectstorage' retrieved from /home/airflow/.local/lib/python3.8/site-packages/airflow/example_dags/tutorial_objectstorage.py
[2024-02-02T16:16:10.002+0000] {logging_mixin.py:188} INFO - [2024-02-02T16:16:10.002+0000] {dag.py:3036} INFO - Sync 1 DAGs
[2024-02-02T16:16:10.010+0000] {logging_mixin.py:188} INFO - [2024-02-02T16:16:10.010+0000] {dag.py:3823} INFO - Setting next_dagrun for tutorial_objectstorage to None, run_after=None
[2024-02-02T16:16:10.023+0000] {processor.py:183} INFO - Processing /home/airflow/.local/lib/python3.8/site-packages/airflow/example_dags/tutorial_objectstorage.py took 0.047 seconds
[2024-02-02T16:16:48.282+0000] {processor.py:161} INFO - Started process (PID=86) to work on /home/airflow/.local/lib/python3.8/site-packages/airflow/example_dags/tutorial_objectstorage.py
[2024-02-02T16:16:48.283+0000] {processor.py:830} INFO - Processing file /home/airflow/.local/lib/python3.8/site-packages/airflow/example_dags/tutorial_objectstorage.py for tasks to queue
[2024-02-02T16:16:48.283+0000] {logging_mixin.py:188} INFO - [2024-02-02T16:16:48.283+0000] {dagbag.py:538} INFO - Filling up the DagBag from /home/airflow/.local/lib/python3.8/site-packages/airflow/example_dags/tutorial_objectstorage.py
[2024-02-02T16:16:48.287+0000] {processor.py:840} INFO - DAG(s) 'tutorial_objectstorage' retrieved from /home/airflow/.local/lib/python3.8/site-packages/airflow/example_dags/tutorial_objectstorage.py
[2024-02-02T16:16:48.310+0000] {logging_mixin.py:188} INFO - [2024-02-02T16:16:48.310+0000] {dag.py:3036} INFO - Sync 1 DAGs
[2024-02-02T16:16:48.318+0000] {logging_mixin.py:188} INFO - [2024-02-02T16:16:48.318+0000] {dag.py:3823} INFO - Setting next_dagrun for tutorial_objectstorage to None, run_after=None
[2024-02-02T16:16:48.330+0000] {processor.py:183} INFO - Processing /home/airflow/.local/lib/python3.8/site-packages/airflow/example_dags/tutorial_objectstorage.py took 0.050 seconds
[2024-02-02T16:17:18.688+0000] {processor.py:161} INFO - Started process (PID=149) to work on /home/airflow/.local/lib/python3.8/site-packages/airflow/example_dags/tutorial_objectstorage.py
[2024-02-02T16:17:18.689+0000] {processor.py:830} INFO - Processing file /home/airflow/.local/lib/python3.8/site-packages/airflow/example_dags/tutorial_objectstorage.py for tasks to queue
[2024-02-02T16:17:18.690+0000] {logging_mixin.py:188} INFO - [2024-02-02T16:17:18.690+0000] {dagbag.py:538} INFO - Filling up the DagBag from /home/airflow/.local/lib/python3.8/site-packages/airflow/example_dags/tutorial_objectstorage.py
[2024-02-02T16:17:18.693+0000] {processor.py:840} INFO - DAG(s) 'tutorial_objectstorage' retrieved from /home/airflow/.local/lib/python3.8/site-packages/airflow/example_dags/tutorial_objectstorage.py
[2024-02-02T16:17:18.715+0000] {logging_mixin.py:188} INFO - [2024-02-02T16:17:18.715+0000] {dag.py:3036} INFO - Sync 1 DAGs
[2024-02-02T16:17:18.723+0000] {logging_mixin.py:188} INFO - [2024-02-02T16:17:18.723+0000] {dag.py:3823} INFO - Setting next_dagrun for tutorial_objectstorage to None, run_after=None
[2024-02-02T16:17:18.735+0000] {processor.py:183} INFO - Processing /home/airflow/.local/lib/python3.8/site-packages/airflow/example_dags/tutorial_objectstorage.py took 0.049 seconds
[2024-02-02T16:17:48.908+0000] {processor.py:161} INFO - Started process (PID=210) to work on /home/airflow/.local/lib/python3.8/site-packages/airflow/example_dags/tutorial_objectstorage.py
[2024-02-02T16:17:48.908+0000] {processor.py:830} INFO - Processing file /home/airflow/.local/lib/python3.8/site-packages/airflow/example_dags/tutorial_objectstorage.py for tasks to queue
[2024-02-02T16:17:48.909+0000] {logging_mixin.py:188} INFO - [2024-02-02T16:17:48.909+0000] {dagbag.py:538} INFO - Filling up the DagBag from /home/airflow/.local/lib/python3.8/site-packages/airflow/example_dags/tutorial_objectstorage.py
[2024-02-02T16:17:48.912+0000] {processor.py:840} INFO - DAG(s) 'tutorial_objectstorage' retrieved from /home/airflow/.local/lib/python3.8/site-packages/airflow/example_dags/tutorial_objectstorage.py
[2024-02-02T16:17:48.933+0000] {logging_mixin.py:188} INFO - [2024-02-02T16:17:48.933+0000] {dag.py:3036} INFO - Sync 1 DAGs
[2024-02-02T16:17:48.941+0000] {logging_mixin.py:188} INFO - [2024-02-02T16:17:48.941+0000] {dag.py:3823} INFO - Setting next_dagrun for tutorial_objectstorage to None, run_after=None
[2024-02-02T16:17:48.954+0000] {processor.py:183} INFO - Processing /home/airflow/.local/lib/python3.8/site-packages/airflow/example_dags/tutorial_objectstorage.py took 0.047 seconds
[2024-02-02T16:18:19.696+0000] {processor.py:161} INFO - Started process (PID=86) to work on /home/airflow/.local/lib/python3.8/site-packages/airflow/example_dags/tutorial_objectstorage.py
[2024-02-02T16:18:19.696+0000] {processor.py:830} INFO - Processing file /home/airflow/.local/lib/python3.8/site-packages/airflow/example_dags/tutorial_objectstorage.py for tasks to queue
[2024-02-02T16:18:19.697+0000] {logging_mixin.py:188} INFO - [2024-02-02T16:18:19.697+0000] {dagbag.py:538} INFO - Filling up the DagBag from /home/airflow/.local/lib/python3.8/site-packages/airflow/example_dags/tutorial_objectstorage.py
[2024-02-02T16:18:19.701+0000] {processor.py:840} INFO - DAG(s) 'tutorial_objectstorage' retrieved from /home/airflow/.local/lib/python3.8/site-packages/airflow/example_dags/tutorial_objectstorage.py
[2024-02-02T16:18:19.723+0000] {logging_mixin.py:188} INFO - [2024-02-02T16:18:19.723+0000] {dag.py:3036} INFO - Sync 1 DAGs
[2024-02-02T16:18:19.731+0000] {logging_mixin.py:188} INFO - [2024-02-02T16:18:19.731+0000] {dag.py:3823} INFO - Setting next_dagrun for tutorial_objectstorage to None, run_after=None
[2024-02-02T16:18:19.750+0000] {processor.py:183} INFO - Processing /home/airflow/.local/lib/python3.8/site-packages/airflow/example_dags/tutorial_objectstorage.py took 0.055 seconds
[2024-02-02T16:18:49.970+0000] {processor.py:161} INFO - Started process (PID=143) to work on /home/airflow/.local/lib/python3.8/site-packages/airflow/example_dags/tutorial_objectstorage.py
[2024-02-02T16:18:49.970+0000] {processor.py:830} INFO - Processing file /home/airflow/.local/lib/python3.8/site-packages/airflow/example_dags/tutorial_objectstorage.py for tasks to queue
[2024-02-02T16:18:49.971+0000] {logging_mixin.py:188} INFO - [2024-02-02T16:18:49.971+0000] {dagbag.py:538} INFO - Filling up the DagBag from /home/airflow/.local/lib/python3.8/site-packages/airflow/example_dags/tutorial_objectstorage.py
[2024-02-02T16:18:49.975+0000] {processor.py:840} INFO - DAG(s) 'tutorial_objectstorage' retrieved from /home/airflow/.local/lib/python3.8/site-packages/airflow/example_dags/tutorial_objectstorage.py
[2024-02-02T16:18:49.995+0000] {logging_mixin.py:188} INFO - [2024-02-02T16:18:49.995+0000] {dag.py:3036} INFO - Sync 1 DAGs
[2024-02-02T16:18:50.003+0000] {logging_mixin.py:188} INFO - [2024-02-02T16:18:50.003+0000] {dag.py:3823} INFO - Setting next_dagrun for tutorial_objectstorage to None, run_after=None
[2024-02-02T16:18:50.019+0000] {processor.py:183} INFO - Processing /home/airflow/.local/lib/python3.8/site-packages/airflow/example_dags/tutorial_objectstorage.py took 0.051 seconds
[2024-02-02T16:19:13.707+0000] {processor.py:161} INFO - Started process (PID=86) to work on /home/airflow/.local/lib/python3.8/site-packages/airflow/example_dags/tutorial_objectstorage.py
[2024-02-02T16:19:13.707+0000] {processor.py:830} INFO - Processing file /home/airflow/.local/lib/python3.8/site-packages/airflow/example_dags/tutorial_objectstorage.py for tasks to queue
[2024-02-02T16:19:13.708+0000] {logging_mixin.py:188} INFO - [2024-02-02T16:19:13.708+0000] {dagbag.py:538} INFO - Filling up the DagBag from /home/airflow/.local/lib/python3.8/site-packages/airflow/example_dags/tutorial_objectstorage.py
[2024-02-02T16:19:13.712+0000] {processor.py:840} INFO - DAG(s) 'tutorial_objectstorage' retrieved from /home/airflow/.local/lib/python3.8/site-packages/airflow/example_dags/tutorial_objectstorage.py
[2024-02-02T16:19:13.735+0000] {logging_mixin.py:188} INFO - [2024-02-02T16:19:13.734+0000] {dag.py:3036} INFO - Sync 1 DAGs
[2024-02-02T16:19:13.743+0000] {logging_mixin.py:188} INFO - [2024-02-02T16:19:13.743+0000] {dag.py:3823} INFO - Setting next_dagrun for tutorial_objectstorage to None, run_after=None
[2024-02-02T16:19:13.756+0000] {processor.py:183} INFO - Processing /home/airflow/.local/lib/python3.8/site-packages/airflow/example_dags/tutorial_objectstorage.py took 0.050 seconds
[2024-02-02T16:19:43.998+0000] {processor.py:161} INFO - Started process (PID=145) to work on /home/airflow/.local/lib/python3.8/site-packages/airflow/example_dags/tutorial_objectstorage.py
[2024-02-02T16:19:43.998+0000] {processor.py:830} INFO - Processing file /home/airflow/.local/lib/python3.8/site-packages/airflow/example_dags/tutorial_objectstorage.py for tasks to queue
[2024-02-02T16:19:44.000+0000] {logging_mixin.py:188} INFO - [2024-02-02T16:19:43.999+0000] {dagbag.py:538} INFO - Filling up the DagBag from /home/airflow/.local/lib/python3.8/site-packages/airflow/example_dags/tutorial_objectstorage.py
[2024-02-02T16:19:44.004+0000] {processor.py:840} INFO - DAG(s) 'tutorial_objectstorage' retrieved from /home/airflow/.local/lib/python3.8/site-packages/airflow/example_dags/tutorial_objectstorage.py
[2024-02-02T16:19:44.033+0000] {logging_mixin.py:188} INFO - [2024-02-02T16:19:44.032+0000] {dag.py:3036} INFO - Sync 1 DAGs
[2024-02-02T16:19:44.043+0000] {logging_mixin.py:188} INFO - [2024-02-02T16:19:44.043+0000] {dag.py:3823} INFO - Setting next_dagrun for tutorial_objectstorage to None, run_after=None
[2024-02-02T16:19:44.058+0000] {processor.py:183} INFO - Processing /home/airflow/.local/lib/python3.8/site-packages/airflow/example_dags/tutorial_objectstorage.py took 0.062 seconds
[2024-02-02T16:20:14.105+0000] {processor.py:161} INFO - Started process (PID=202) to work on /home/airflow/.local/lib/python3.8/site-packages/airflow/example_dags/tutorial_objectstorage.py
[2024-02-02T16:20:14.106+0000] {processor.py:830} INFO - Processing file /home/airflow/.local/lib/python3.8/site-packages/airflow/example_dags/tutorial_objectstorage.py for tasks to queue
[2024-02-02T16:20:14.106+0000] {logging_mixin.py:188} INFO - [2024-02-02T16:20:14.106+0000] {dagbag.py:538} INFO - Filling up the DagBag from /home/airflow/.local/lib/python3.8/site-packages/airflow/example_dags/tutorial_objectstorage.py
[2024-02-02T16:20:14.109+0000] {processor.py:840} INFO - DAG(s) 'tutorial_objectstorage' retrieved from /home/airflow/.local/lib/python3.8/site-packages/airflow/example_dags/tutorial_objectstorage.py
[2024-02-02T16:20:14.130+0000] {logging_mixin.py:188} INFO - [2024-02-02T16:20:14.130+0000] {dag.py:3036} INFO - Sync 1 DAGs
[2024-02-02T16:20:14.138+0000] {logging_mixin.py:188} INFO - [2024-02-02T16:20:14.137+0000] {dag.py:3823} INFO - Setting next_dagrun for tutorial_objectstorage to None, run_after=None
[2024-02-02T16:20:14.149+0000] {processor.py:183} INFO - Processing /home/airflow/.local/lib/python3.8/site-packages/airflow/example_dags/tutorial_objectstorage.py took 0.046 seconds
[2024-02-02T16:20:44.238+0000] {processor.py:161} INFO - Started process (PID=261) to work on /home/airflow/.local/lib/python3.8/site-packages/airflow/example_dags/tutorial_objectstorage.py
[2024-02-02T16:20:44.239+0000] {processor.py:830} INFO - Processing file /home/airflow/.local/lib/python3.8/site-packages/airflow/example_dags/tutorial_objectstorage.py for tasks to queue
[2024-02-02T16:20:44.240+0000] {logging_mixin.py:188} INFO - [2024-02-02T16:20:44.240+0000] {dagbag.py:538} INFO - Filling up the DagBag from /home/airflow/.local/lib/python3.8/site-packages/airflow/example_dags/tutorial_objectstorage.py
[2024-02-02T16:20:44.243+0000] {processor.py:840} INFO - DAG(s) 'tutorial_objectstorage' retrieved from /home/airflow/.local/lib/python3.8/site-packages/airflow/example_dags/tutorial_objectstorage.py
[2024-02-02T16:20:44.266+0000] {logging_mixin.py:188} INFO - [2024-02-02T16:20:44.266+0000] {dag.py:3036} INFO - Sync 1 DAGs
[2024-02-02T16:20:44.274+0000] {logging_mixin.py:188} INFO - [2024-02-02T16:20:44.274+0000] {dag.py:3823} INFO - Setting next_dagrun for tutorial_objectstorage to None, run_after=None
[2024-02-02T16:20:44.292+0000] {processor.py:183} INFO - Processing /home/airflow/.local/lib/python3.8/site-packages/airflow/example_dags/tutorial_objectstorage.py took 0.056 seconds
[2024-02-02T16:21:14.491+0000] {processor.py:161} INFO - Started process (PID=320) to work on /home/airflow/.local/lib/python3.8/site-packages/airflow/example_dags/tutorial_objectstorage.py
[2024-02-02T16:21:14.491+0000] {processor.py:830} INFO - Processing file /home/airflow/.local/lib/python3.8/site-packages/airflow/example_dags/tutorial_objectstorage.py for tasks to queue
[2024-02-02T16:21:14.492+0000] {logging_mixin.py:188} INFO - [2024-02-02T16:21:14.492+0000] {dagbag.py:538} INFO - Filling up the DagBag from /home/airflow/.local/lib/python3.8/site-packages/airflow/example_dags/tutorial_objectstorage.py
[2024-02-02T16:21:14.495+0000] {processor.py:840} INFO - DAG(s) 'tutorial_objectstorage' retrieved from /home/airflow/.local/lib/python3.8/site-packages/airflow/example_dags/tutorial_objectstorage.py
[2024-02-02T16:21:14.515+0000] {logging_mixin.py:188} INFO - [2024-02-02T16:21:14.515+0000] {dag.py:3036} INFO - Sync 1 DAGs
[2024-02-02T16:21:14.523+0000] {logging_mixin.py:188} INFO - [2024-02-02T16:21:14.523+0000] {dag.py:3823} INFO - Setting next_dagrun for tutorial_objectstorage to None, run_after=None
[2024-02-02T16:21:14.539+0000] {processor.py:183} INFO - Processing /home/airflow/.local/lib/python3.8/site-packages/airflow/example_dags/tutorial_objectstorage.py took 0.050 seconds
[2024-02-02T16:21:44.887+0000] {processor.py:161} INFO - Started process (PID=379) to work on /home/airflow/.local/lib/python3.8/site-packages/airflow/example_dags/tutorial_objectstorage.py
[2024-02-02T16:21:44.887+0000] {processor.py:830} INFO - Processing file /home/airflow/.local/lib/python3.8/site-packages/airflow/example_dags/tutorial_objectstorage.py for tasks to queue
[2024-02-02T16:21:44.888+0000] {logging_mixin.py:188} INFO - [2024-02-02T16:21:44.888+0000] {dagbag.py:538} INFO - Filling up the DagBag from /home/airflow/.local/lib/python3.8/site-packages/airflow/example_dags/tutorial_objectstorage.py
[2024-02-02T16:21:44.891+0000] {processor.py:840} INFO - DAG(s) 'tutorial_objectstorage' retrieved from /home/airflow/.local/lib/python3.8/site-packages/airflow/example_dags/tutorial_objectstorage.py
[2024-02-02T16:21:44.912+0000] {logging_mixin.py:188} INFO - [2024-02-02T16:21:44.912+0000] {dag.py:3036} INFO - Sync 1 DAGs
[2024-02-02T16:21:44.920+0000] {logging_mixin.py:188} INFO - [2024-02-02T16:21:44.920+0000] {dag.py:3823} INFO - Setting next_dagrun for tutorial_objectstorage to None, run_after=None
[2024-02-02T16:21:44.937+0000] {processor.py:183} INFO - Processing /home/airflow/.local/lib/python3.8/site-packages/airflow/example_dags/tutorial_objectstorage.py took 0.052 seconds
[2024-02-02T16:22:16.028+0000] {processor.py:161} INFO - Started process (PID=439) to work on /home/airflow/.local/lib/python3.8/site-packages/airflow/example_dags/tutorial_objectstorage.py
[2024-02-02T16:22:16.028+0000] {processor.py:830} INFO - Processing file /home/airflow/.local/lib/python3.8/site-packages/airflow/example_dags/tutorial_objectstorage.py for tasks to queue
[2024-02-02T16:22:16.029+0000] {logging_mixin.py:188} INFO - [2024-02-02T16:22:16.029+0000] {dagbag.py:538} INFO - Filling up the DagBag from /home/airflow/.local/lib/python3.8/site-packages/airflow/example_dags/tutorial_objectstorage.py
[2024-02-02T16:22:16.032+0000] {processor.py:840} INFO - DAG(s) 'tutorial_objectstorage' retrieved from /home/airflow/.local/lib/python3.8/site-packages/airflow/example_dags/tutorial_objectstorage.py
[2024-02-02T16:22:16.055+0000] {logging_mixin.py:188} INFO - [2024-02-02T16:22:16.055+0000] {dag.py:3036} INFO - Sync 1 DAGs
[2024-02-02T16:22:16.064+0000] {logging_mixin.py:188} INFO - [2024-02-02T16:22:16.064+0000] {dag.py:3823} INFO - Setting next_dagrun for tutorial_objectstorage to None, run_after=None
[2024-02-02T16:22:16.077+0000] {processor.py:183} INFO - Processing /home/airflow/.local/lib/python3.8/site-packages/airflow/example_dags/tutorial_objectstorage.py took 0.050 seconds
[2024-02-02T16:22:48.387+0000] {processor.py:161} INFO - Started process (PID=86) to work on /home/airflow/.local/lib/python3.8/site-packages/airflow/example_dags/tutorial_objectstorage.py
[2024-02-02T16:22:48.388+0000] {processor.py:830} INFO - Processing file /home/airflow/.local/lib/python3.8/site-packages/airflow/example_dags/tutorial_objectstorage.py for tasks to queue
[2024-02-02T16:22:48.389+0000] {logging_mixin.py:188} INFO - [2024-02-02T16:22:48.388+0000] {dagbag.py:538} INFO - Filling up the DagBag from /home/airflow/.local/lib/python3.8/site-packages/airflow/example_dags/tutorial_objectstorage.py
[2024-02-02T16:22:48.394+0000] {processor.py:840} INFO - DAG(s) 'tutorial_objectstorage' retrieved from /home/airflow/.local/lib/python3.8/site-packages/airflow/example_dags/tutorial_objectstorage.py
[2024-02-02T16:22:48.423+0000] {logging_mixin.py:188} INFO - [2024-02-02T16:22:48.422+0000] {dag.py:3036} INFO - Sync 1 DAGs
[2024-02-02T16:22:48.434+0000] {logging_mixin.py:188} INFO - [2024-02-02T16:22:48.434+0000] {dag.py:3823} INFO - Setting next_dagrun for tutorial_objectstorage to None, run_after=None
[2024-02-02T16:22:48.455+0000] {processor.py:183} INFO - Processing /home/airflow/.local/lib/python3.8/site-packages/airflow/example_dags/tutorial_objectstorage.py took 0.070 seconds
[2024-02-02T16:23:18.849+0000] {processor.py:161} INFO - Started process (PID=145) to work on /home/airflow/.local/lib/python3.8/site-packages/airflow/example_dags/tutorial_objectstorage.py
[2024-02-02T16:23:18.850+0000] {processor.py:830} INFO - Processing file /home/airflow/.local/lib/python3.8/site-packages/airflow/example_dags/tutorial_objectstorage.py for tasks to queue
[2024-02-02T16:23:18.851+0000] {logging_mixin.py:188} INFO - [2024-02-02T16:23:18.850+0000] {dagbag.py:538} INFO - Filling up the DagBag from /home/airflow/.local/lib/python3.8/site-packages/airflow/example_dags/tutorial_objectstorage.py
[2024-02-02T16:23:18.853+0000] {processor.py:840} INFO - DAG(s) 'tutorial_objectstorage' retrieved from /home/airflow/.local/lib/python3.8/site-packages/airflow/example_dags/tutorial_objectstorage.py
[2024-02-02T16:23:18.874+0000] {logging_mixin.py:188} INFO - [2024-02-02T16:23:18.874+0000] {dag.py:3036} INFO - Sync 1 DAGs
[2024-02-02T16:23:18.885+0000] {logging_mixin.py:188} INFO - [2024-02-02T16:23:18.885+0000] {dag.py:3823} INFO - Setting next_dagrun for tutorial_objectstorage to None, run_after=None
[2024-02-02T16:23:18.900+0000] {processor.py:183} INFO - Processing /home/airflow/.local/lib/python3.8/site-packages/airflow/example_dags/tutorial_objectstorage.py took 0.052 seconds
[2024-02-02T16:23:49.208+0000] {processor.py:161} INFO - Started process (PID=202) to work on /home/airflow/.local/lib/python3.8/site-packages/airflow/example_dags/tutorial_objectstorage.py
[2024-02-02T16:23:49.209+0000] {processor.py:830} INFO - Processing file /home/airflow/.local/lib/python3.8/site-packages/airflow/example_dags/tutorial_objectstorage.py for tasks to queue
[2024-02-02T16:23:49.210+0000] {logging_mixin.py:188} INFO - [2024-02-02T16:23:49.210+0000] {dagbag.py:538} INFO - Filling up the DagBag from /home/airflow/.local/lib/python3.8/site-packages/airflow/example_dags/tutorial_objectstorage.py
[2024-02-02T16:23:49.213+0000] {processor.py:840} INFO - DAG(s) 'tutorial_objectstorage' retrieved from /home/airflow/.local/lib/python3.8/site-packages/airflow/example_dags/tutorial_objectstorage.py
[2024-02-02T16:23:49.234+0000] {logging_mixin.py:188} INFO - [2024-02-02T16:23:49.234+0000] {dag.py:3036} INFO - Sync 1 DAGs
[2024-02-02T16:23:49.242+0000] {logging_mixin.py:188} INFO - [2024-02-02T16:23:49.242+0000] {dag.py:3823} INFO - Setting next_dagrun for tutorial_objectstorage to None, run_after=None
[2024-02-02T16:23:49.258+0000] {processor.py:183} INFO - Processing /home/airflow/.local/lib/python3.8/site-packages/airflow/example_dags/tutorial_objectstorage.py took 0.051 seconds
[2024-02-02T16:24:19.940+0000] {processor.py:161} INFO - Started process (PID=261) to work on /home/airflow/.local/lib/python3.8/site-packages/airflow/example_dags/tutorial_objectstorage.py
[2024-02-02T16:24:19.941+0000] {processor.py:830} INFO - Processing file /home/airflow/.local/lib/python3.8/site-packages/airflow/example_dags/tutorial_objectstorage.py for tasks to queue
[2024-02-02T16:24:19.942+0000] {logging_mixin.py:188} INFO - [2024-02-02T16:24:19.941+0000] {dagbag.py:538} INFO - Filling up the DagBag from /home/airflow/.local/lib/python3.8/site-packages/airflow/example_dags/tutorial_objectstorage.py
[2024-02-02T16:24:19.945+0000] {processor.py:840} INFO - DAG(s) 'tutorial_objectstorage' retrieved from /home/airflow/.local/lib/python3.8/site-packages/airflow/example_dags/tutorial_objectstorage.py
[2024-02-02T16:24:19.966+0000] {logging_mixin.py:188} INFO - [2024-02-02T16:24:19.966+0000] {dag.py:3036} INFO - Sync 1 DAGs
[2024-02-02T16:24:19.974+0000] {logging_mixin.py:188} INFO - [2024-02-02T16:24:19.974+0000] {dag.py:3823} INFO - Setting next_dagrun for tutorial_objectstorage to None, run_after=None
[2024-02-02T16:24:19.986+0000] {processor.py:183} INFO - Processing /home/airflow/.local/lib/python3.8/site-packages/airflow/example_dags/tutorial_objectstorage.py took 0.047 seconds
[2024-02-02T16:24:50.462+0000] {processor.py:161} INFO - Started process (PID=318) to work on /home/airflow/.local/lib/python3.8/site-packages/airflow/example_dags/tutorial_objectstorage.py
[2024-02-02T16:24:50.462+0000] {processor.py:830} INFO - Processing file /home/airflow/.local/lib/python3.8/site-packages/airflow/example_dags/tutorial_objectstorage.py for tasks to queue
[2024-02-02T16:24:50.463+0000] {logging_mixin.py:188} INFO - [2024-02-02T16:24:50.463+0000] {dagbag.py:538} INFO - Filling up the DagBag from /home/airflow/.local/lib/python3.8/site-packages/airflow/example_dags/tutorial_objectstorage.py
[2024-02-02T16:24:50.466+0000] {processor.py:840} INFO - DAG(s) 'tutorial_objectstorage' retrieved from /home/airflow/.local/lib/python3.8/site-packages/airflow/example_dags/tutorial_objectstorage.py
[2024-02-02T16:24:50.486+0000] {logging_mixin.py:188} INFO - [2024-02-02T16:24:50.485+0000] {dag.py:3036} INFO - Sync 1 DAGs
[2024-02-02T16:24:50.494+0000] {logging_mixin.py:188} INFO - [2024-02-02T16:24:50.494+0000] {dag.py:3823} INFO - Setting next_dagrun for tutorial_objectstorage to None, run_after=None
[2024-02-02T16:24:50.512+0000] {processor.py:183} INFO - Processing /home/airflow/.local/lib/python3.8/site-packages/airflow/example_dags/tutorial_objectstorage.py took 0.052 seconds
[2024-02-02T16:25:20.692+0000] {processor.py:161} INFO - Started process (PID=381) to work on /home/airflow/.local/lib/python3.8/site-packages/airflow/example_dags/tutorial_objectstorage.py
[2024-02-02T16:25:20.692+0000] {processor.py:830} INFO - Processing file /home/airflow/.local/lib/python3.8/site-packages/airflow/example_dags/tutorial_objectstorage.py for tasks to queue
[2024-02-02T16:25:20.693+0000] {logging_mixin.py:188} INFO - [2024-02-02T16:25:20.693+0000] {dagbag.py:538} INFO - Filling up the DagBag from /home/airflow/.local/lib/python3.8/site-packages/airflow/example_dags/tutorial_objectstorage.py
[2024-02-02T16:25:20.696+0000] {processor.py:840} INFO - DAG(s) 'tutorial_objectstorage' retrieved from /home/airflow/.local/lib/python3.8/site-packages/airflow/example_dags/tutorial_objectstorage.py
[2024-02-02T16:25:20.719+0000] {logging_mixin.py:188} INFO - [2024-02-02T16:25:20.719+0000] {dag.py:3036} INFO - Sync 1 DAGs
[2024-02-02T16:25:20.728+0000] {logging_mixin.py:188} INFO - [2024-02-02T16:25:20.728+0000] {dag.py:3823} INFO - Setting next_dagrun for tutorial_objectstorage to None, run_after=None
[2024-02-02T16:25:20.742+0000] {processor.py:183} INFO - Processing /home/airflow/.local/lib/python3.8/site-packages/airflow/example_dags/tutorial_objectstorage.py took 0.052 seconds
[2024-02-02T16:25:40.835+0000] {processor.py:161} INFO - Started process (PID=86) to work on /home/airflow/.local/lib/python3.8/site-packages/airflow/example_dags/tutorial_objectstorage.py
[2024-02-02T16:25:40.836+0000] {processor.py:830} INFO - Processing file /home/airflow/.local/lib/python3.8/site-packages/airflow/example_dags/tutorial_objectstorage.py for tasks to queue
[2024-02-02T16:25:40.837+0000] {logging_mixin.py:188} INFO - [2024-02-02T16:25:40.837+0000] {dagbag.py:538} INFO - Filling up the DagBag from /home/airflow/.local/lib/python3.8/site-packages/airflow/example_dags/tutorial_objectstorage.py
[2024-02-02T16:25:40.841+0000] {processor.py:840} INFO - DAG(s) 'tutorial_objectstorage' retrieved from /home/airflow/.local/lib/python3.8/site-packages/airflow/example_dags/tutorial_objectstorage.py
[2024-02-02T16:25:40.867+0000] {logging_mixin.py:188} INFO - [2024-02-02T16:25:40.867+0000] {dag.py:3036} INFO - Sync 1 DAGs
[2024-02-02T16:25:40.877+0000] {logging_mixin.py:188} INFO - [2024-02-02T16:25:40.877+0000] {dag.py:3823} INFO - Setting next_dagrun for tutorial_objectstorage to None, run_after=None
[2024-02-02T16:25:40.891+0000] {processor.py:183} INFO - Processing /home/airflow/.local/lib/python3.8/site-packages/airflow/example_dags/tutorial_objectstorage.py took 0.057 seconds
[2024-02-02T16:26:11.252+0000] {processor.py:161} INFO - Started process (PID=149) to work on /home/airflow/.local/lib/python3.8/site-packages/airflow/example_dags/tutorial_objectstorage.py
[2024-02-02T16:26:11.252+0000] {processor.py:830} INFO - Processing file /home/airflow/.local/lib/python3.8/site-packages/airflow/example_dags/tutorial_objectstorage.py for tasks to queue
[2024-02-02T16:26:11.253+0000] {logging_mixin.py:188} INFO - [2024-02-02T16:26:11.253+0000] {dagbag.py:538} INFO - Filling up the DagBag from /home/airflow/.local/lib/python3.8/site-packages/airflow/example_dags/tutorial_objectstorage.py
[2024-02-02T16:26:11.256+0000] {processor.py:840} INFO - DAG(s) 'tutorial_objectstorage' retrieved from /home/airflow/.local/lib/python3.8/site-packages/airflow/example_dags/tutorial_objectstorage.py
[2024-02-02T16:26:11.277+0000] {logging_mixin.py:188} INFO - [2024-02-02T16:26:11.277+0000] {dag.py:3036} INFO - Sync 1 DAGs
[2024-02-02T16:26:11.286+0000] {logging_mixin.py:188} INFO - [2024-02-02T16:26:11.286+0000] {dag.py:3823} INFO - Setting next_dagrun for tutorial_objectstorage to None, run_after=None
[2024-02-02T16:26:11.299+0000] {processor.py:183} INFO - Processing /home/airflow/.local/lib/python3.8/site-packages/airflow/example_dags/tutorial_objectstorage.py took 0.049 seconds
[2024-02-02T16:26:41.676+0000] {processor.py:161} INFO - Started process (PID=206) to work on /home/airflow/.local/lib/python3.8/site-packages/airflow/example_dags/tutorial_objectstorage.py
[2024-02-02T16:26:41.677+0000] {processor.py:830} INFO - Processing file /home/airflow/.local/lib/python3.8/site-packages/airflow/example_dags/tutorial_objectstorage.py for tasks to queue
[2024-02-02T16:26:41.678+0000] {logging_mixin.py:188} INFO - [2024-02-02T16:26:41.677+0000] {dagbag.py:538} INFO - Filling up the DagBag from /home/airflow/.local/lib/python3.8/site-packages/airflow/example_dags/tutorial_objectstorage.py
[2024-02-02T16:26:41.681+0000] {processor.py:840} INFO - DAG(s) 'tutorial_objectstorage' retrieved from /home/airflow/.local/lib/python3.8/site-packages/airflow/example_dags/tutorial_objectstorage.py
[2024-02-02T16:26:41.702+0000] {logging_mixin.py:188} INFO - [2024-02-02T16:26:41.701+0000] {dag.py:3036} INFO - Sync 1 DAGs
[2024-02-02T16:26:41.709+0000] {logging_mixin.py:188} INFO - [2024-02-02T16:26:41.709+0000] {dag.py:3823} INFO - Setting next_dagrun for tutorial_objectstorage to None, run_after=None
[2024-02-02T16:26:41.724+0000] {processor.py:183} INFO - Processing /home/airflow/.local/lib/python3.8/site-packages/airflow/example_dags/tutorial_objectstorage.py took 0.049 seconds
[2024-02-02T16:27:12.663+0000] {processor.py:161} INFO - Started process (PID=265) to work on /home/airflow/.local/lib/python3.8/site-packages/airflow/example_dags/tutorial_objectstorage.py
[2024-02-02T16:27:12.663+0000] {processor.py:830} INFO - Processing file /home/airflow/.local/lib/python3.8/site-packages/airflow/example_dags/tutorial_objectstorage.py for tasks to queue
[2024-02-02T16:27:12.664+0000] {logging_mixin.py:188} INFO - [2024-02-02T16:27:12.664+0000] {dagbag.py:538} INFO - Filling up the DagBag from /home/airflow/.local/lib/python3.8/site-packages/airflow/example_dags/tutorial_objectstorage.py
[2024-02-02T16:27:12.667+0000] {processor.py:840} INFO - DAG(s) 'tutorial_objectstorage' retrieved from /home/airflow/.local/lib/python3.8/site-packages/airflow/example_dags/tutorial_objectstorage.py
[2024-02-02T16:27:12.689+0000] {logging_mixin.py:188} INFO - [2024-02-02T16:27:12.688+0000] {dag.py:3036} INFO - Sync 1 DAGs
[2024-02-02T16:27:12.697+0000] {logging_mixin.py:188} INFO - [2024-02-02T16:27:12.697+0000] {dag.py:3823} INFO - Setting next_dagrun for tutorial_objectstorage to None, run_after=None
[2024-02-02T16:27:12.709+0000] {processor.py:183} INFO - Processing /home/airflow/.local/lib/python3.8/site-packages/airflow/example_dags/tutorial_objectstorage.py took 0.048 seconds
[2024-02-02T16:27:42.777+0000] {processor.py:161} INFO - Started process (PID=322) to work on /home/airflow/.local/lib/python3.8/site-packages/airflow/example_dags/tutorial_objectstorage.py
[2024-02-02T16:27:42.778+0000] {processor.py:830} INFO - Processing file /home/airflow/.local/lib/python3.8/site-packages/airflow/example_dags/tutorial_objectstorage.py for tasks to queue
[2024-02-02T16:27:42.779+0000] {logging_mixin.py:188} INFO - [2024-02-02T16:27:42.779+0000] {dagbag.py:538} INFO - Filling up the DagBag from /home/airflow/.local/lib/python3.8/site-packages/airflow/example_dags/tutorial_objectstorage.py
[2024-02-02T16:27:42.782+0000] {processor.py:840} INFO - DAG(s) 'tutorial_objectstorage' retrieved from /home/airflow/.local/lib/python3.8/site-packages/airflow/example_dags/tutorial_objectstorage.py
[2024-02-02T16:27:42.803+0000] {logging_mixin.py:188} INFO - [2024-02-02T16:27:42.803+0000] {dag.py:3036} INFO - Sync 1 DAGs
[2024-02-02T16:27:42.811+0000] {logging_mixin.py:188} INFO - [2024-02-02T16:27:42.811+0000] {dag.py:3823} INFO - Setting next_dagrun for tutorial_objectstorage to None, run_after=None
[2024-02-02T16:27:42.823+0000] {processor.py:183} INFO - Processing /home/airflow/.local/lib/python3.8/site-packages/airflow/example_dags/tutorial_objectstorage.py took 0.047 seconds
[2024-02-02T16:28:12.850+0000] {processor.py:161} INFO - Started process (PID=381) to work on /home/airflow/.local/lib/python3.8/site-packages/airflow/example_dags/tutorial_objectstorage.py
[2024-02-02T16:28:12.851+0000] {processor.py:830} INFO - Processing file /home/airflow/.local/lib/python3.8/site-packages/airflow/example_dags/tutorial_objectstorage.py for tasks to queue
[2024-02-02T16:28:12.851+0000] {logging_mixin.py:188} INFO - [2024-02-02T16:28:12.851+0000] {dagbag.py:538} INFO - Filling up the DagBag from /home/airflow/.local/lib/python3.8/site-packages/airflow/example_dags/tutorial_objectstorage.py
[2024-02-02T16:28:12.855+0000] {processor.py:840} INFO - DAG(s) 'tutorial_objectstorage' retrieved from /home/airflow/.local/lib/python3.8/site-packages/airflow/example_dags/tutorial_objectstorage.py
[2024-02-02T16:28:12.875+0000] {logging_mixin.py:188} INFO - [2024-02-02T16:28:12.875+0000] {dag.py:3036} INFO - Sync 1 DAGs
[2024-02-02T16:28:12.883+0000] {logging_mixin.py:188} INFO - [2024-02-02T16:28:12.883+0000] {dag.py:3823} INFO - Setting next_dagrun for tutorial_objectstorage to None, run_after=None
[2024-02-02T16:28:12.894+0000] {processor.py:183} INFO - Processing /home/airflow/.local/lib/python3.8/site-packages/airflow/example_dags/tutorial_objectstorage.py took 0.046 seconds
[2024-02-02T16:28:42.974+0000] {processor.py:161} INFO - Started process (PID=440) to work on /home/airflow/.local/lib/python3.8/site-packages/airflow/example_dags/tutorial_objectstorage.py
[2024-02-02T16:28:42.974+0000] {processor.py:830} INFO - Processing file /home/airflow/.local/lib/python3.8/site-packages/airflow/example_dags/tutorial_objectstorage.py for tasks to queue
[2024-02-02T16:28:42.975+0000] {logging_mixin.py:188} INFO - [2024-02-02T16:28:42.975+0000] {dagbag.py:538} INFO - Filling up the DagBag from /home/airflow/.local/lib/python3.8/site-packages/airflow/example_dags/tutorial_objectstorage.py
[2024-02-02T16:28:42.978+0000] {processor.py:840} INFO - DAG(s) 'tutorial_objectstorage' retrieved from /home/airflow/.local/lib/python3.8/site-packages/airflow/example_dags/tutorial_objectstorage.py
[2024-02-02T16:28:42.999+0000] {logging_mixin.py:188} INFO - [2024-02-02T16:28:42.999+0000] {dag.py:3036} INFO - Sync 1 DAGs
[2024-02-02T16:28:43.006+0000] {logging_mixin.py:188} INFO - [2024-02-02T16:28:43.006+0000] {dag.py:3823} INFO - Setting next_dagrun for tutorial_objectstorage to None, run_after=None
[2024-02-02T16:28:43.022+0000] {processor.py:183} INFO - Processing /home/airflow/.local/lib/python3.8/site-packages/airflow/example_dags/tutorial_objectstorage.py took 0.049 seconds
[2024-02-02T16:29:13.227+0000] {processor.py:161} INFO - Started process (PID=499) to work on /home/airflow/.local/lib/python3.8/site-packages/airflow/example_dags/tutorial_objectstorage.py
[2024-02-02T16:29:13.227+0000] {processor.py:830} INFO - Processing file /home/airflow/.local/lib/python3.8/site-packages/airflow/example_dags/tutorial_objectstorage.py for tasks to queue
[2024-02-02T16:29:13.228+0000] {logging_mixin.py:188} INFO - [2024-02-02T16:29:13.228+0000] {dagbag.py:538} INFO - Filling up the DagBag from /home/airflow/.local/lib/python3.8/site-packages/airflow/example_dags/tutorial_objectstorage.py
[2024-02-02T16:29:13.231+0000] {processor.py:840} INFO - DAG(s) 'tutorial_objectstorage' retrieved from /home/airflow/.local/lib/python3.8/site-packages/airflow/example_dags/tutorial_objectstorage.py
[2024-02-02T16:29:13.252+0000] {logging_mixin.py:188} INFO - [2024-02-02T16:29:13.252+0000] {dag.py:3036} INFO - Sync 1 DAGs
[2024-02-02T16:29:13.260+0000] {logging_mixin.py:188} INFO - [2024-02-02T16:29:13.260+0000] {dag.py:3823} INFO - Setting next_dagrun for tutorial_objectstorage to None, run_after=None
[2024-02-02T16:29:13.277+0000] {processor.py:183} INFO - Processing /home/airflow/.local/lib/python3.8/site-packages/airflow/example_dags/tutorial_objectstorage.py took 0.051 seconds
[2024-02-02T16:29:43.406+0000] {processor.py:161} INFO - Started process (PID=558) to work on /home/airflow/.local/lib/python3.8/site-packages/airflow/example_dags/tutorial_objectstorage.py
[2024-02-02T16:29:43.406+0000] {processor.py:830} INFO - Processing file /home/airflow/.local/lib/python3.8/site-packages/airflow/example_dags/tutorial_objectstorage.py for tasks to queue
[2024-02-02T16:29:43.407+0000] {logging_mixin.py:188} INFO - [2024-02-02T16:29:43.407+0000] {dagbag.py:538} INFO - Filling up the DagBag from /home/airflow/.local/lib/python3.8/site-packages/airflow/example_dags/tutorial_objectstorage.py
[2024-02-02T16:29:43.410+0000] {processor.py:840} INFO - DAG(s) 'tutorial_objectstorage' retrieved from /home/airflow/.local/lib/python3.8/site-packages/airflow/example_dags/tutorial_objectstorage.py
[2024-02-02T16:29:43.431+0000] {logging_mixin.py:188} INFO - [2024-02-02T16:29:43.431+0000] {dag.py:3036} INFO - Sync 1 DAGs
[2024-02-02T16:29:43.439+0000] {logging_mixin.py:188} INFO - [2024-02-02T16:29:43.439+0000] {dag.py:3823} INFO - Setting next_dagrun for tutorial_objectstorage to None, run_after=None
[2024-02-02T16:29:43.456+0000] {processor.py:183} INFO - Processing /home/airflow/.local/lib/python3.8/site-packages/airflow/example_dags/tutorial_objectstorage.py took 0.052 seconds
[2024-02-02T16:30:13.803+0000] {processor.py:161} INFO - Started process (PID=617) to work on /home/airflow/.local/lib/python3.8/site-packages/airflow/example_dags/tutorial_objectstorage.py
[2024-02-02T16:30:13.803+0000] {processor.py:830} INFO - Processing file /home/airflow/.local/lib/python3.8/site-packages/airflow/example_dags/tutorial_objectstorage.py for tasks to queue
[2024-02-02T16:30:13.804+0000] {logging_mixin.py:188} INFO - [2024-02-02T16:30:13.804+0000] {dagbag.py:538} INFO - Filling up the DagBag from /home/airflow/.local/lib/python3.8/site-packages/airflow/example_dags/tutorial_objectstorage.py
[2024-02-02T16:30:13.807+0000] {processor.py:840} INFO - DAG(s) 'tutorial_objectstorage' retrieved from /home/airflow/.local/lib/python3.8/site-packages/airflow/example_dags/tutorial_objectstorage.py
[2024-02-02T16:30:13.829+0000] {logging_mixin.py:188} INFO - [2024-02-02T16:30:13.828+0000] {dag.py:3036} INFO - Sync 1 DAGs
[2024-02-02T16:30:13.837+0000] {logging_mixin.py:188} INFO - [2024-02-02T16:30:13.837+0000] {dag.py:3823} INFO - Setting next_dagrun for tutorial_objectstorage to None, run_after=None
[2024-02-02T16:30:13.851+0000] {processor.py:183} INFO - Processing /home/airflow/.local/lib/python3.8/site-packages/airflow/example_dags/tutorial_objectstorage.py took 0.050 seconds
[2024-02-02T16:30:44.232+0000] {processor.py:161} INFO - Started process (PID=676) to work on /home/airflow/.local/lib/python3.8/site-packages/airflow/example_dags/tutorial_objectstorage.py
[2024-02-02T16:30:44.232+0000] {processor.py:830} INFO - Processing file /home/airflow/.local/lib/python3.8/site-packages/airflow/example_dags/tutorial_objectstorage.py for tasks to queue
[2024-02-02T16:30:44.233+0000] {logging_mixin.py:188} INFO - [2024-02-02T16:30:44.233+0000] {dagbag.py:538} INFO - Filling up the DagBag from /home/airflow/.local/lib/python3.8/site-packages/airflow/example_dags/tutorial_objectstorage.py
[2024-02-02T16:30:44.236+0000] {processor.py:840} INFO - DAG(s) 'tutorial_objectstorage' retrieved from /home/airflow/.local/lib/python3.8/site-packages/airflow/example_dags/tutorial_objectstorage.py
[2024-02-02T16:30:44.257+0000] {logging_mixin.py:188} INFO - [2024-02-02T16:30:44.257+0000] {dag.py:3036} INFO - Sync 1 DAGs
[2024-02-02T16:30:44.266+0000] {logging_mixin.py:188} INFO - [2024-02-02T16:30:44.266+0000] {dag.py:3823} INFO - Setting next_dagrun for tutorial_objectstorage to None, run_after=None
[2024-02-02T16:30:44.285+0000] {processor.py:183} INFO - Processing /home/airflow/.local/lib/python3.8/site-packages/airflow/example_dags/tutorial_objectstorage.py took 0.055 seconds
[2024-02-02T16:31:14.569+0000] {processor.py:161} INFO - Started process (PID=735) to work on /home/airflow/.local/lib/python3.8/site-packages/airflow/example_dags/tutorial_objectstorage.py
[2024-02-02T16:31:14.570+0000] {processor.py:830} INFO - Processing file /home/airflow/.local/lib/python3.8/site-packages/airflow/example_dags/tutorial_objectstorage.py for tasks to queue
[2024-02-02T16:31:14.571+0000] {logging_mixin.py:188} INFO - [2024-02-02T16:31:14.571+0000] {dagbag.py:538} INFO - Filling up the DagBag from /home/airflow/.local/lib/python3.8/site-packages/airflow/example_dags/tutorial_objectstorage.py
[2024-02-02T16:31:14.574+0000] {processor.py:840} INFO - DAG(s) 'tutorial_objectstorage' retrieved from /home/airflow/.local/lib/python3.8/site-packages/airflow/example_dags/tutorial_objectstorage.py
[2024-02-02T16:31:14.596+0000] {logging_mixin.py:188} INFO - [2024-02-02T16:31:14.596+0000] {dag.py:3036} INFO - Sync 1 DAGs
[2024-02-02T16:31:14.605+0000] {logging_mixin.py:188} INFO - [2024-02-02T16:31:14.605+0000] {dag.py:3823} INFO - Setting next_dagrun for tutorial_objectstorage to None, run_after=None
[2024-02-02T16:31:14.625+0000] {processor.py:183} INFO - Processing /home/airflow/.local/lib/python3.8/site-packages/airflow/example_dags/tutorial_objectstorage.py took 0.057 seconds
[2024-02-02T16:31:44.983+0000] {processor.py:161} INFO - Started process (PID=794) to work on /home/airflow/.local/lib/python3.8/site-packages/airflow/example_dags/tutorial_objectstorage.py
[2024-02-02T16:31:44.984+0000] {processor.py:830} INFO - Processing file /home/airflow/.local/lib/python3.8/site-packages/airflow/example_dags/tutorial_objectstorage.py for tasks to queue
[2024-02-02T16:31:44.985+0000] {logging_mixin.py:188} INFO - [2024-02-02T16:31:44.984+0000] {dagbag.py:538} INFO - Filling up the DagBag from /home/airflow/.local/lib/python3.8/site-packages/airflow/example_dags/tutorial_objectstorage.py
[2024-02-02T16:31:44.988+0000] {processor.py:840} INFO - DAG(s) 'tutorial_objectstorage' retrieved from /home/airflow/.local/lib/python3.8/site-packages/airflow/example_dags/tutorial_objectstorage.py
[2024-02-02T16:31:45.008+0000] {logging_mixin.py:188} INFO - [2024-02-02T16:31:45.008+0000] {dag.py:3036} INFO - Sync 1 DAGs
[2024-02-02T16:31:45.015+0000] {logging_mixin.py:188} INFO - [2024-02-02T16:31:45.015+0000] {dag.py:3823} INFO - Setting next_dagrun for tutorial_objectstorage to None, run_after=None
[2024-02-02T16:31:45.030+0000] {processor.py:183} INFO - Processing /home/airflow/.local/lib/python3.8/site-packages/airflow/example_dags/tutorial_objectstorage.py took 0.049 seconds
[2024-02-02T16:32:15.353+0000] {processor.py:161} INFO - Started process (PID=853) to work on /home/airflow/.local/lib/python3.8/site-packages/airflow/example_dags/tutorial_objectstorage.py
[2024-02-02T16:32:15.353+0000] {processor.py:830} INFO - Processing file /home/airflow/.local/lib/python3.8/site-packages/airflow/example_dags/tutorial_objectstorage.py for tasks to queue
[2024-02-02T16:32:15.354+0000] {logging_mixin.py:188} INFO - [2024-02-02T16:32:15.354+0000] {dagbag.py:538} INFO - Filling up the DagBag from /home/airflow/.local/lib/python3.8/site-packages/airflow/example_dags/tutorial_objectstorage.py
[2024-02-02T16:32:15.357+0000] {processor.py:840} INFO - DAG(s) 'tutorial_objectstorage' retrieved from /home/airflow/.local/lib/python3.8/site-packages/airflow/example_dags/tutorial_objectstorage.py
[2024-02-02T16:32:15.379+0000] {logging_mixin.py:188} INFO - [2024-02-02T16:32:15.378+0000] {dag.py:3036} INFO - Sync 1 DAGs
[2024-02-02T16:32:15.387+0000] {logging_mixin.py:188} INFO - [2024-02-02T16:32:15.387+0000] {dag.py:3823} INFO - Setting next_dagrun for tutorial_objectstorage to None, run_after=None
[2024-02-02T16:32:15.401+0000] {processor.py:183} INFO - Processing /home/airflow/.local/lib/python3.8/site-packages/airflow/example_dags/tutorial_objectstorage.py took 0.050 seconds
[2024-02-02T16:32:45.783+0000] {processor.py:161} INFO - Started process (PID=912) to work on /home/airflow/.local/lib/python3.8/site-packages/airflow/example_dags/tutorial_objectstorage.py
[2024-02-02T16:32:45.784+0000] {processor.py:830} INFO - Processing file /home/airflow/.local/lib/python3.8/site-packages/airflow/example_dags/tutorial_objectstorage.py for tasks to queue
[2024-02-02T16:32:45.785+0000] {logging_mixin.py:188} INFO - [2024-02-02T16:32:45.785+0000] {dagbag.py:538} INFO - Filling up the DagBag from /home/airflow/.local/lib/python3.8/site-packages/airflow/example_dags/tutorial_objectstorage.py
[2024-02-02T16:32:45.788+0000] {processor.py:840} INFO - DAG(s) 'tutorial_objectstorage' retrieved from /home/airflow/.local/lib/python3.8/site-packages/airflow/example_dags/tutorial_objectstorage.py
[2024-02-02T16:32:45.808+0000] {logging_mixin.py:188} INFO - [2024-02-02T16:32:45.808+0000] {dag.py:3036} INFO - Sync 1 DAGs
[2024-02-02T16:32:45.816+0000] {logging_mixin.py:188} INFO - [2024-02-02T16:32:45.816+0000] {dag.py:3823} INFO - Setting next_dagrun for tutorial_objectstorage to None, run_after=None
[2024-02-02T16:32:45.828+0000] {processor.py:183} INFO - Processing /home/airflow/.local/lib/python3.8/site-packages/airflow/example_dags/tutorial_objectstorage.py took 0.046 seconds
[2024-02-02T16:33:16.174+0000] {processor.py:161} INFO - Started process (PID=971) to work on /home/airflow/.local/lib/python3.8/site-packages/airflow/example_dags/tutorial_objectstorage.py
[2024-02-02T16:33:16.174+0000] {processor.py:830} INFO - Processing file /home/airflow/.local/lib/python3.8/site-packages/airflow/example_dags/tutorial_objectstorage.py for tasks to queue
[2024-02-02T16:33:16.175+0000] {logging_mixin.py:188} INFO - [2024-02-02T16:33:16.175+0000] {dagbag.py:538} INFO - Filling up the DagBag from /home/airflow/.local/lib/python3.8/site-packages/airflow/example_dags/tutorial_objectstorage.py
[2024-02-02T16:33:16.178+0000] {processor.py:840} INFO - DAG(s) 'tutorial_objectstorage' retrieved from /home/airflow/.local/lib/python3.8/site-packages/airflow/example_dags/tutorial_objectstorage.py
[2024-02-02T16:33:16.200+0000] {logging_mixin.py:188} INFO - [2024-02-02T16:33:16.199+0000] {dag.py:3036} INFO - Sync 1 DAGs
[2024-02-02T16:33:16.208+0000] {logging_mixin.py:188} INFO - [2024-02-02T16:33:16.208+0000] {dag.py:3823} INFO - Setting next_dagrun for tutorial_objectstorage to None, run_after=None
[2024-02-02T16:33:16.225+0000] {processor.py:183} INFO - Processing /home/airflow/.local/lib/python3.8/site-packages/airflow/example_dags/tutorial_objectstorage.py took 0.053 seconds
